<?xml version="1.0" encoding="UTF-8"?>
<!-- Generated by org.testng.reporters.JUnitReportReporter -->
<testsuite hostname="DESKTOP-TTB3E54" failures="0" tests="2" name="Testcases.NewTest" time="57.367" errors="0" timestamp="2021-07-27T23:37:56 EDT" skipped="0">
  <testcase classname="Testcases.NewTest" name="Validate_wrongemail" time="33.538"/>
  <system-out/>
  <testcase classname="Testcases.NewTest" name="login" time="23.829"/>
  <system-out/>
</testsuite> <!-- Testcases.NewTest -->
