<?xml version="1.0" encoding="UTF-8"?>
<!-- Generated by org.testng.reporters.JUnitReportReporter -->
<testsuite hostname="DESKTOP-TTB3E54" failures="0" tests="3" name="Testcases.NewTest" time="48.728" errors="0" timestamp="2021-07-25T19:21:58 EDT" skipped="0">
  <testcase classname="Testcases.NewTest" name="createaccount" time="17.666"/>
  <system-out/>
  <testcase classname="Testcases.NewTest" name="filldetails" time="15.210"/>
  <system-out/>
  <testcase classname="Testcases.NewTest" name="login" time="15.852"/>
  <system-out/>
</testsuite> <!-- Testcases.NewTest -->
