<?xml version="1.0" encoding="UTF-8"?>
<!-- Generated by org.testng.reporters.JUnitReportReporter -->
<testsuite hostname="DESKTOP-TTB3E54" failures="0" tests="3" name="Testcases.NewTest" time="106.951" errors="1" timestamp="2021-10-19T10:37:02 EDT" skipped="2">
  <testcase classname="Testcases.NewTest" name="Validate_wrongemail" time="0.000">
    <skipped/>
  </testcase> <!-- Validate_wrongemail -->
  <system-out/>
  <testcase classname="Testcases.NewTest" name="login" time="0.000">
    <skipped/>
  </testcase> <!-- login -->
  <system-out/>
  <testcase classname="Testcases.NewTest" name="beforeMethod" time="106.951">
    <error type="java.lang.StackOverflowError">
      <![CDATA[java.lang.StackOverflowError
at java.base/java.security.AccessController.doPrivileged(Native Method)
at java.base/java.util.ResourceBundle.getLoader(ResourceBundle.java:584)
at java.base/java.util.ResourceBundle.getBundleImpl(ResourceBundle.java:1581)
at java.base/java.util.ResourceBundle.getBundleImpl(ResourceBundle.java:1556)
at java.base/java.util.ResourceBundle.getBundle(ResourceBundle.java:932)
at java.xml/jdk.xml.internal.SecuritySupport.lambda$getResourceBundle$5(SecuritySupport.java:269)
at java.base/java.security.AccessController.doPrivileged(Native Method)
at java.xml/jdk.xml.internal.SecuritySupport.getResourceBundle(SecuritySupport.java:267)
at java.xml/com.sun.org.apache.xerces.internal.util.SAXMessageFormatter.formatMessage(SAXMessageFormatter.java:59)
at java.xml/com.sun.org.apache.xerces.internal.parsers.AbstractSAXParser.getProperty(AbstractSAXParser.java:2068)
at java.xml/com.sun.org.apache.xerces.internal.jaxp.SAXParserImpl$JAXPSAXParser.setProperty(SAXParserImpl.java:571)
at org.dom4j.io.SAXHelper.setParserProperty(SAXHelper.java:35)
at org.dom4j.io.SAXReader.configureReader(SAXReader.java:621)
at org.dom4j.io.SAXReader.read(SAXReader.java:321)
at org.dom4j.io.SAXReader.read(SAXReader.java:246)
at org.apache.poi.openxml4j.opc.PackageRelationshipCollection.parseRelationshipsPart(PackageRelationshipCollection.java:305)
at org.apache.poi.openxml4j.opc.PackageRelationshipCollection.<init>(PackageRelationshipCollection.java:156)
at org.apache.poi.openxml4j.opc.PackageRelationshipCollection.<init>(PackageRelationshipCollection.java:124)
at org.apache.poi.openxml4j.opc.PackagePart.loadRelationships(PackagePart.java:527)
at org.apache.poi.openxml4j.opc.PackagePart.<init>(PackagePart.java:112)
at org.apache.poi.openxml4j.opc.PackagePart.<init>(PackagePart.java:83)
at org.apache.poi.openxml4j.opc.PackagePart.<init>(PackagePart.java:128)
at org.apache.poi.openxml4j.opc.ZipPackagePart.<init>(ZipPackagePart.java:78)
at org.apache.poi.openxml4j.opc.ZipPackage.getPartsImpl(ZipPackage.java:187)
at org.apache.poi.openxml4j.opc.OPCPackage.getParts(OPCPackage.java:585)
at org.apache.poi.openxml4j.opc.OPCPackage.open(OPCPackage.java:201)
at org.apache.poi.openxml4j.opc.OPCPackage.open(OPCPackage.java:178)
at org.apache.poi.util.PackageHelper.open(PackageHelper.java:53)
at org.apache.poi.xssf.usermodel.XSSFWorkbook.<init>(XSSFWorkbook.java:176)
at Utilities.Xls_Reader.<init>(Xls_Reader.java:32)
at Base.TestBase.<init>(TestBase.java:32)
at Pages.ContactPage.<init>(ContactPage.java:37)
at Pages.ContactPage.<init>(ContactPage.java:14)
at Pages.ContactPage.<init>(ContactPage.java:14)
at Pages.ContactPage.<init>(ContactPage.java:14)
at Pages.ContactPage.<init>(ContactPage.java:14)
at Pages.ContactPage.<init>(ContactPage.java:14)
at Pages.ContactPage.<init>(ContactPage.java:14)
at Pages.ContactPage.<init>(ContactPage.java:14)
at Pages.ContactPage.<init>(ContactPage.java:14)
at Pages.ContactPage.<init>(ContactPage.java:14)
at Pages.ContactPage.<init>(ContactPage.java:14)
at Pages.ContactPage.<init>(ContactPage.java:14)
at Pages.ContactPage.<init>(ContactPage.java:14)
at Pages.ContactPage.<init>(ContactPage.java:14)
at Pages.ContactPage.<init>(ContactPage.java:14)
at Pages.ContactPage.<init>(ContactPage.java:14)
at Pages.ContactPage.<init>(ContactPage.java:14)
at Pages.ContactPage.<init>(ContactPage.java:14)
at Pages.ContactPage.<init>(ContactPage.java:14)
at Pages.ContactPage.<init>(ContactPage.java:14)
at Pages.ContactPage.<init>(ContactPage.java:14)
at Pages.ContactPage.<init>(ContactPage.java:14)
at Pages.ContactPage.<init>(ContactPage.java:14)
at Pages.ContactPage.<init>(ContactPage.java:14)
at Pages.ContactPage.<init>(ContactPage.java:14)
at Pages.ContactPage.<init>(ContactPage.java:14)
at Pages.ContactPage.<init>(ContactPage.java:14)
at Pages.ContactPage.<init>(ContactPage.java:14)
at Pages.ContactPage.<init>(ContactPage.java:14)
at Pages.ContactPage.<init>(ContactPage.java:14)
at Pages.ContactPage.<init>(ContactPage.java:14)
at Pages.ContactPage.<init>(ContactPage.java:14)
at Pages.ContactPage.<init>(ContactPage.java:14)
at Pages.ContactPage.<init>(ContactPage.java:14)
at Pages.ContactPage.<init>(ContactPage.java:14)
at Pages.ContactPage.<init>(ContactPage.java:14)
at Pages.ContactPage.<init>(ContactPage.java:14)
at Pages.ContactPage.<init>(ContactPage.java:14)
at Pages.ContactPage.<init>(ContactPage.java:14)
at Pages.ContactPage.<init>(ContactPage.java:14)
at Pages.ContactPage.<init>(ContactPage.java:14)
at Pages.ContactPage.<init>(ContactPage.java:14)
at Pages.ContactPage.<init>(ContactPage.java:14)
at Pages.ContactPage.<init>(ContactPage.java:14)
at Pages.ContactPage.<init>(ContactPage.java:14)
at Pages.ContactPage.<init>(ContactPage.java:14)
at Pages.ContactPage.<init>(ContactPage.java:14)
at Pages.ContactPage.<init>(ContactPage.java:14)
at Pages.ContactPage.<init>(ContactPage.java:14)
at Pages.ContactPage.<init>(ContactPage.java:14)
at Pages.ContactPage.<init>(ContactPage.java:14)
at Pages.ContactPage.<init>(ContactPage.java:14)
at Pages.ContactPage.<init>(ContactPage.java:14)
at Pages.ContactPage.<init>(ContactPage.java:14)
at Pages.ContactPage.<init>(ContactPage.java:14)
at Pages.ContactPage.<init>(ContactPage.java:14)
at Pages.ContactPage.<init>(ContactPage.java:14)
at Pages.ContactPage.<init>(ContactPage.java:14)
at Pages.ContactPage.<init>(ContactPage.java:14)
at Pages.ContactPage.<init>(ContactPage.java:14)
at Pages.ContactPage.<init>(ContactPage.java:14)
at Pages.ContactPage.<init>(ContactPage.java:14)
at Pages.ContactPage.<init>(ContactPage.java:14)
at Pages.ContactPage.<init>(ContactPage.java:14)
at Pages.ContactPage.<init>(ContactPage.java:14)
at Pages.ContactPage.<init>(ContactPage.java:14)
at Pages.ContactPage.<init>(ContactPage.java:14)
at Pages.ContactPage.<init>(ContactPage.java:14)
at Pages.ContactPage.<init>(ContactPage.java:14)
at Pages.ContactPage.<init>(ContactPage.java:14)
at Pages.ContactPage.<init>(ContactPage.java:14)
at Pages.ContactPage.<init>(ContactPage.java:14)
at Pages.ContactPage.<init>(ContactPage.java:14)
at Pages.ContactPage.<init>(ContactPage.java:14)
at Pages.ContactPage.<init>(ContactPage.java:14)
at Pages.ContactPage.<init>(ContactPage.java:14)
at Pages.ContactPage.<init>(ContactPage.java:14)
at Pages.ContactPage.<init>(ContactPage.java:14)
at Pages.ContactPage.<init>(ContactPage.java:14)
at Pages.ContactPage.<init>(ContactPage.java:14)
at Pages.ContactPage.<init>(ContactPage.java:14)
at Pages.ContactPage.<init>(ContactPage.java:14)
at Pages.ContactPage.<init>(ContactPage.java:14)
at Pages.ContactPage.<init>(ContactPage.java:14)
at Pages.ContactPage.<init>(ContactPage.java:14)
at Pages.ContactPage.<init>(ContactPage.java:14)
at Pages.ContactPage.<init>(ContactPage.java:14)
at Pages.ContactPage.<init>(ContactPage.java:14)
at Pages.ContactPage.<init>(ContactPage.java:14)
at Pages.ContactPage.<init>(ContactPage.java:14)
at Pages.ContactPage.<init>(ContactPage.java:14)
at Pages.ContactPage.<init>(ContactPage.java:14)
at Pages.ContactPage.<init>(ContactPage.java:14)
at Pages.ContactPage.<init>(ContactPage.java:14)
at Pages.ContactPage.<init>(ContactPage.java:14)
at Pages.ContactPage.<init>(ContactPage.java:14)
at Pages.ContactPage.<init>(ContactPage.java:14)
at Pages.ContactPage.<init>(ContactPage.java:14)
at Pages.ContactPage.<init>(ContactPage.java:14)
at Pages.ContactPage.<init>(ContactPage.java:14)
at Pages.ContactPage.<init>(ContactPage.java:14)
at Pages.ContactPage.<init>(ContactPage.java:14)
at Pages.ContactPage.<init>(ContactPage.java:14)
at Pages.ContactPage.<init>(ContactPage.java:14)
at Pages.ContactPage.<init>(ContactPage.java:14)
at Pages.ContactPage.<init>(ContactPage.java:14)
at Pages.ContactPage.<init>(ContactPage.java:14)
at Pages.ContactPage.<init>(ContactPage.java:14)
at Pages.ContactPage.<init>(ContactPage.java:14)
at Pages.ContactPage.<init>(ContactPage.java:14)
at Pages.ContactPage.<init>(ContactPage.java:14)
at Pages.ContactPage.<init>(ContactPage.java:14)
at Pages.ContactPage.<init>(ContactPage.java:14)
at Pages.ContactPage.<init>(ContactPage.java:14)
at Pages.ContactPage.<init>(ContactPage.java:14)
at Pages.ContactPage.<init>(ContactPage.java:14)
at Pages.ContactPage.<init>(ContactPage.java:14)
at Pages.ContactPage.<init>(ContactPage.java:14)
at Pages.ContactPage.<init>(ContactPage.java:14)
at Pages.ContactPage.<init>(ContactPage.java:14)
at Pages.ContactPage.<init>(ContactPage.java:14)
at Pages.ContactPage.<init>(ContactPage.java:14)
at Pages.ContactPage.<init>(ContactPage.java:14)
at Pages.ContactPage.<init>(ContactPage.java:14)
at Pages.ContactPage.<init>(ContactPage.java:14)
at Pages.ContactPage.<init>(ContactPage.java:14)
at Pages.ContactPage.<init>(ContactPage.java:14)
at Pages.ContactPage.<init>(ContactPage.java:14)
at Pages.ContactPage.<init>(ContactPage.java:14)
at Pages.ContactPage.<init>(ContactPage.java:14)
at Pages.ContactPage.<init>(ContactPage.java:14)
at Pages.ContactPage.<init>(ContactPage.java:14)
at Pages.ContactPage.<init>(ContactPage.java:14)
at Pages.ContactPage.<init>(ContactPage.java:14)
at Pages.ContactPage.<init>(ContactPage.java:14)
at Pages.ContactPage.<init>(ContactPage.java:14)
at Pages.ContactPage.<init>(ContactPage.java:14)
at Pages.ContactPage.<init>(ContactPage.java:14)
at Pages.ContactPage.<init>(ContactPage.java:14)
at Pages.ContactPage.<init>(ContactPage.java:14)
at Pages.ContactPage.<init>(ContactPage.java:14)
at Pages.ContactPage.<init>(ContactPage.java:14)
at Pages.ContactPage.<init>(ContactPage.java:14)
at Pages.ContactPage.<init>(ContactPage.java:14)
at Pages.ContactPage.<init>(ContactPage.java:14)
at Pages.ContactPage.<init>(ContactPage.java:14)
at Pages.ContactPage.<init>(ContactPage.java:14)
at Pages.ContactPage.<init>(ContactPage.java:14)
at Pages.ContactPage.<init>(ContactPage.java:14)
at Pages.ContactPage.<init>(ContactPage.java:14)
at Pages.ContactPage.<init>(ContactPage.java:14)
at Pages.ContactPage.<init>(ContactPage.java:14)
at Pages.ContactPage.<init>(ContactPage.java:14)
at Pages.ContactPage.<init>(ContactPage.java:14)
at Pages.ContactPage.<init>(ContactPage.java:14)
at Pages.ContactPage.<init>(ContactPage.java:14)
at Pages.ContactPage.<init>(ContactPage.java:14)
at Pages.ContactPage.<init>(ContactPage.java:14)
at Pages.ContactPage.<init>(ContactPage.java:14)
at Pages.ContactPage.<init>(ContactPage.java:14)
at Pages.ContactPage.<init>(ContactPage.java:14)
at Pages.ContactPage.<init>(ContactPage.java:14)
at Pages.ContactPage.<init>(ContactPage.java:14)
at Pages.ContactPage.<init>(ContactPage.java:14)
at Pages.ContactPage.<init>(ContactPage.java:14)
at Pages.ContactPage.<init>(ContactPage.java:14)
at Pages.ContactPage.<init>(ContactPage.java:14)
at Pages.ContactPage.<init>(ContactPage.java:14)
at Pages.ContactPage.<init>(ContactPage.java:14)
at Pages.ContactPage.<init>(ContactPage.java:14)
at Pages.ContactPage.<init>(ContactPage.java:14)
at Pages.ContactPage.<init>(ContactPage.java:14)
at Pages.ContactPage.<init>(ContactPage.java:14)
at Pages.ContactPage.<init>(ContactPage.java:14)
at Pages.ContactPage.<init>(ContactPage.java:14)
at Pages.ContactPage.<init>(ContactPage.java:14)
at Pages.ContactPage.<init>(ContactPage.java:14)
at Pages.ContactPage.<init>(ContactPage.java:14)
at Pages.ContactPage.<init>(ContactPage.java:14)
at Pages.ContactPage.<init>(ContactPage.java:14)
at Pages.ContactPage.<init>(ContactPage.java:14)
at Pages.ContactPage.<init>(ContactPage.java:14)
at Pages.ContactPage.<init>(ContactPage.java:14)
at Pages.ContactPage.<init>(ContactPage.java:14)
at Pages.ContactPage.<init>(ContactPage.java:14)
at Pages.ContactPage.<init>(ContactPage.java:14)
at Pages.ContactPage.<init>(ContactPage.java:14)
at Pages.ContactPage.<init>(ContactPage.java:14)
at Pages.ContactPage.<init>(ContactPage.java:14)
at Pages.ContactPage.<init>(ContactPage.java:14)
at Pages.ContactPage.<init>(ContactPage.java:14)
at Pages.ContactPage.<init>(ContactPage.java:14)
at Pages.ContactPage.<init>(ContactPage.java:14)
at Pages.ContactPage.<init>(ContactPage.java:14)
at Pages.ContactPage.<init>(ContactPage.java:14)
at Pages.ContactPage.<init>(ContactPage.java:14)
at Pages.ContactPage.<init>(ContactPage.java:14)
at Pages.ContactPage.<init>(ContactPage.java:14)
at Pages.ContactPage.<init>(ContactPage.java:14)
at Pages.ContactPage.<init>(ContactPage.java:14)
at Pages.ContactPage.<init>(ContactPage.java:14)
at Pages.ContactPage.<init>(ContactPage.java:14)
at Pages.ContactPage.<init>(ContactPage.java:14)
at Pages.ContactPage.<init>(ContactPage.java:14)
at Pages.ContactPage.<init>(ContactPage.java:14)
at Pages.ContactPage.<init>(ContactPage.java:14)
at Pages.ContactPage.<init>(ContactPage.java:14)
at Pages.ContactPage.<init>(ContactPage.java:14)
at Pages.ContactPage.<init>(ContactPage.java:14)
at Pages.ContactPage.<init>(ContactPage.java:14)
at Pages.ContactPage.<init>(ContactPage.java:14)
at Pages.ContactPage.<init>(ContactPage.java:14)
at Pages.ContactPage.<init>(ContactPage.java:14)
at Pages.ContactPage.<init>(ContactPage.java:14)
at Pages.ContactPage.<init>(ContactPage.java:14)
at Pages.ContactPage.<init>(ContactPage.java:14)
at Pages.ContactPage.<init>(ContactPage.java:14)
at Pages.ContactPage.<init>(ContactPage.java:14)
at Pages.ContactPage.<init>(ContactPage.java:14)
at Pages.ContactPage.<init>(ContactPage.java:14)
at Pages.ContactPage.<init>(ContactPage.java:14)
at Pages.ContactPage.<init>(ContactPage.java:14)
at Pages.ContactPage.<init>(ContactPage.java:14)
at Pages.ContactPage.<init>(ContactPage.java:14)
at Pages.ContactPage.<init>(ContactPage.java:14)
at Pages.ContactPage.<init>(ContactPage.java:14)
at Pages.ContactPage.<init>(ContactPage.java:14)
at Pages.ContactPage.<init>(ContactPage.java:14)
at Pages.ContactPage.<init>(ContactPage.java:14)
at Pages.ContactPage.<init>(ContactPage.java:14)
at Pages.ContactPage.<init>(ContactPage.java:14)
at Pages.ContactPage.<init>(ContactPage.java:14)
at Pages.ContactPage.<init>(ContactPage.java:14)
at Pages.ContactPage.<init>(ContactPage.java:14)
at Pages.ContactPage.<init>(ContactPage.java:14)
at Pages.ContactPage.<init>(ContactPage.java:14)
at Pages.ContactPage.<init>(ContactPage.java:14)
at Pages.ContactPage.<init>(ContactPage.java:14)
at Pages.ContactPage.<init>(ContactPage.java:14)
at Pages.ContactPage.<init>(ContactPage.java:14)
at Pages.ContactPage.<init>(ContactPage.java:14)
at Pages.ContactPage.<init>(ContactPage.java:14)
at Pages.ContactPage.<init>(ContactPage.java:14)
at Pages.ContactPage.<init>(ContactPage.java:14)
at Pages.ContactPage.<init>(ContactPage.java:14)
at Pages.ContactPage.<init>(ContactPage.java:14)
at Pages.ContactPage.<init>(ContactPage.java:14)
at Pages.ContactPage.<init>(ContactPage.java:14)
at Pages.ContactPage.<init>(ContactPage.java:14)
at Pages.ContactPage.<init>(ContactPage.java:14)
at Pages.ContactPage.<init>(ContactPage.java:14)
at Pages.ContactPage.<init>(ContactPage.java:14)
at Pages.ContactPage.<init>(ContactPage.java:14)
at Pages.ContactPage.<init>(ContactPage.java:14)
at Pages.ContactPage.<init>(ContactPage.java:14)
at Pages.ContactPage.<init>(ContactPage.java:14)
at Pages.ContactPage.<init>(ContactPage.java:14)
at Pages.ContactPage.<init>(ContactPage.java:14)
at Pages.ContactPage.<init>(ContactPage.java:14)
at Pages.ContactPage.<init>(ContactPage.java:14)
at Pages.ContactPage.<init>(ContactPage.java:14)
at Pages.ContactPage.<init>(ContactPage.java:14)
at Pages.ContactPage.<init>(ContactPage.java:14)
at Pages.ContactPage.<init>(ContactPage.java:14)
at Pages.ContactPage.<init>(ContactPage.java:14)
at Pages.ContactPage.<init>(ContactPage.java:14)
at Pages.ContactPage.<init>(ContactPage.java:14)
at Pages.ContactPage.<init>(ContactPage.java:14)
at Pages.ContactPage.<init>(ContactPage.java:14)
at Pages.ContactPage.<init>(ContactPage.java:14)
at Pages.ContactPage.<init>(ContactPage.java:14)
at Pages.ContactPage.<init>(ContactPage.java:14)
at Pages.ContactPage.<init>(ContactPage.java:14)
at Pages.ContactPage.<init>(ContactPage.java:14)
at Pages.ContactPage.<init>(ContactPage.java:14)
at Pages.ContactPage.<init>(ContactPage.java:14)
at Pages.ContactPage.<init>(ContactPage.java:14)
at Pages.ContactPage.<init>(ContactPage.java:14)
at Pages.ContactPage.<init>(ContactPage.java:14)
at Pages.ContactPage.<init>(ContactPage.java:14)
at Pages.ContactPage.<init>(ContactPage.java:14)
at Pages.ContactPage.<init>(ContactPage.java:14)
at Pages.ContactPage.<init>(ContactPage.java:14)
at Pages.ContactPage.<init>(ContactPage.java:14)
at Pages.ContactPage.<init>(ContactPage.java:14)
at Pages.ContactPage.<init>(ContactPage.java:14)
at Pages.ContactPage.<init>(ContactPage.java:14)
at Pages.ContactPage.<init>(ContactPage.java:14)
at Pages.ContactPage.<init>(ContactPage.java:14)
at Pages.ContactPage.<init>(ContactPage.java:14)
at Pages.ContactPage.<init>(ContactPage.java:14)
at Pages.ContactPage.<init>(ContactPage.java:14)
at Pages.ContactPage.<init>(ContactPage.java:14)
at Pages.ContactPage.<init>(ContactPage.java:14)
at Pages.ContactPage.<init>(ContactPage.java:14)
at Pages.ContactPage.<init>(ContactPage.java:14)
at Pages.ContactPage.<init>(ContactPage.java:14)
at Pages.ContactPage.<init>(ContactPage.java:14)
at Pages.ContactPage.<init>(ContactPage.java:14)
at Pages.ContactPage.<init>(ContactPage.java:14)
at Pages.ContactPage.<init>(ContactPage.java:14)
at Pages.ContactPage.<init>(ContactPage.java:14)
at Pages.ContactPage.<init>(ContactPage.java:14)
at Pages.ContactPage.<init>(ContactPage.java:14)
at Pages.ContactPage.<init>(ContactPage.java:14)
at Pages.ContactPage.<init>(ContactPage.java:14)
at Pages.ContactPage.<init>(ContactPage.java:14)
at Pages.ContactPage.<init>(ContactPage.java:14)
at Pages.ContactPage.<init>(ContactPage.java:14)
at Pages.ContactPage.<init>(ContactPage.java:14)
at Pages.ContactPage.<init>(ContactPage.java:14)
at Pages.ContactPage.<init>(ContactPage.java:14)
at Pages.ContactPage.<init>(ContactPage.java:14)
at Pages.ContactPage.<init>(ContactPage.java:14)
at Pages.ContactPage.<init>(ContactPage.java:14)
at Pages.ContactPage.<init>(ContactPage.java:14)
at Pages.ContactPage.<init>(ContactPage.java:14)
at Pages.ContactPage.<init>(ContactPage.java:14)
at Pages.ContactPage.<init>(ContactPage.java:14)
at Pages.ContactPage.<init>(ContactPage.java:14)
at Pages.ContactPage.<init>(ContactPage.java:14)
at Pages.ContactPage.<init>(ContactPage.java:14)
at Pages.ContactPage.<init>(ContactPage.java:14)
at Pages.ContactPage.<init>(ContactPage.java:14)
at Pages.ContactPage.<init>(ContactPage.java:14)
at Pages.ContactPage.<init>(ContactPage.java:14)
at Pages.ContactPage.<init>(ContactPage.java:14)
at Pages.ContactPage.<init>(ContactPage.java:14)
at Pages.ContactPage.<init>(ContactPage.java:14)
at Pages.ContactPage.<init>(ContactPage.java:14)
at Pages.ContactPage.<init>(ContactPage.java:14)
at Pages.ContactPage.<init>(ContactPage.java:14)
at Pages.ContactPage.<init>(ContactPage.java:14)
at Pages.ContactPage.<init>(ContactPage.java:14)
at Pages.ContactPage.<init>(ContactPage.java:14)
at Pages.ContactPage.<init>(ContactPage.java:14)
at Pages.ContactPage.<init>(ContactPage.java:14)
at Pages.ContactPage.<init>(ContactPage.java:14)
at Pages.ContactPage.<init>(ContactPage.java:14)
at Pages.ContactPage.<init>(ContactPage.java:14)
at Pages.ContactPage.<init>(ContactPage.java:14)
at Pages.ContactPage.<init>(ContactPage.java:14)
at Pages.ContactPage.<init>(ContactPage.java:14)
at Pages.ContactPage.<init>(ContactPage.java:14)
at Pages.ContactPage.<init>(ContactPage.java:14)
at Pages.ContactPage.<init>(ContactPage.java:14)
at Pages.ContactPage.<init>(ContactPage.java:14)
at Pages.ContactPage.<init>(ContactPage.java:14)
at Pages.ContactPage.<init>(ContactPage.java:14)
at Pages.ContactPage.<init>(ContactPage.java:14)
at Pages.ContactPage.<init>(ContactPage.java:14)
at Pages.ContactPage.<init>(ContactPage.java:14)
at Pages.ContactPage.<init>(ContactPage.java:14)
at Pages.ContactPage.<init>(ContactPage.java:14)
at Pages.ContactPage.<init>(ContactPage.java:14)
at Pages.ContactPage.<init>(ContactPage.java:14)
at Pages.ContactPage.<init>(ContactPage.java:14)
at Pages.ContactPage.<init>(ContactPage.java:14)
at Pages.ContactPage.<init>(ContactPage.java:14)
at Pages.ContactPage.<init>(ContactPage.java:14)
at Pages.ContactPage.<init>(ContactPage.java:14)
at Pages.ContactPage.<init>(ContactPage.java:14)
at Pages.ContactPage.<init>(ContactPage.java:14)
at Pages.ContactPage.<init>(ContactPage.java:14)
at Pages.ContactPage.<init>(ContactPage.java:14)
at Pages.ContactPage.<init>(ContactPage.java:14)
at Pages.ContactPage.<init>(ContactPage.java:14)
at Pages.ContactPage.<init>(ContactPage.java:14)
at Pages.ContactPage.<init>(ContactPage.java:14)
at Pages.ContactPage.<init>(ContactPage.java:14)
at Pages.ContactPage.<init>(ContactPage.java:14)
at Pages.ContactPage.<init>(ContactPage.java:14)
at Pages.ContactPage.<init>(ContactPage.java:14)
at Pages.ContactPage.<init>(ContactPage.java:14)
at Pages.ContactPage.<init>(ContactPage.java:14)
at Pages.ContactPage.<init>(ContactPage.java:14)
at Pages.ContactPage.<init>(ContactPage.java:14)
at Pages.ContactPage.<init>(ContactPage.java:14)
at Pages.ContactPage.<init>(ContactPage.java:14)
at Pages.ContactPage.<init>(ContactPage.java:14)
at Pages.ContactPage.<init>(ContactPage.java:14)
at Pages.ContactPage.<init>(ContactPage.java:14)
at Pages.ContactPage.<init>(ContactPage.java:14)
at Pages.ContactPage.<init>(ContactPage.java:14)
at Pages.ContactPage.<init>(ContactPage.java:14)
at Pages.ContactPage.<init>(ContactPage.java:14)
at Pages.ContactPage.<init>(ContactPage.java:14)
at Pages.ContactPage.<init>(ContactPage.java:14)
at Pages.ContactPage.<init>(ContactPage.java:14)
at Pages.ContactPage.<init>(ContactPage.java:14)
at Pages.ContactPage.<init>(ContactPage.java:14)
at Pages.ContactPage.<init>(ContactPage.java:14)
at Pages.ContactPage.<init>(ContactPage.java:14)
at Pages.ContactPage.<init>(ContactPage.java:14)
at Pages.ContactPage.<init>(ContactPage.java:14)
at Pages.ContactPage.<init>(ContactPage.java:14)
at Pages.ContactPage.<init>(ContactPage.java:14)
at Pages.ContactPage.<init>(ContactPage.java:14)
at Pages.ContactPage.<init>(ContactPage.java:14)
at Pages.ContactPage.<init>(ContactPage.java:14)
at Pages.ContactPage.<init>(ContactPage.java:14)
at Pages.ContactPage.<init>(ContactPage.java:14)
at Pages.ContactPage.<init>(ContactPage.java:14)
at Pages.ContactPage.<init>(ContactPage.java:14)
at Pages.ContactPage.<init>(ContactPage.java:14)
at Pages.ContactPage.<init>(ContactPage.java:14)
at Pages.ContactPage.<init>(ContactPage.java:14)
at Pages.ContactPage.<init>(ContactPage.java:14)
at Pages.ContactPage.<init>(ContactPage.java:14)
at Pages.ContactPage.<init>(ContactPage.java:14)
at Pages.ContactPage.<init>(ContactPage.java:14)
at Pages.ContactPage.<init>(ContactPage.java:14)
at Pages.ContactPage.<init>(ContactPage.java:14)
at Pages.ContactPage.<init>(ContactPage.java:14)
at Pages.ContactPage.<init>(ContactPage.java:14)
at Pages.ContactPage.<init>(ContactPage.java:14)
at Pages.ContactPage.<init>(ContactPage.java:14)
at Pages.ContactPage.<init>(ContactPage.java:14)
at Pages.ContactPage.<init>(ContactPage.java:14)
at Pages.ContactPage.<init>(ContactPage.java:14)
at Pages.ContactPage.<init>(ContactPage.java:14)
at Pages.ContactPage.<init>(ContactPage.java:14)
at Pages.ContactPage.<init>(ContactPage.java:14)
at Pages.ContactPage.<init>(ContactPage.java:14)
at Pages.ContactPage.<init>(ContactPage.java:14)
at Pages.ContactPage.<init>(ContactPage.java:14)
at Pages.ContactPage.<init>(ContactPage.java:14)
at Pages.ContactPage.<init>(ContactPage.java:14)
at Pages.ContactPage.<init>(ContactPage.java:14)
at Pages.ContactPage.<init>(ContactPage.java:14)
at Pages.ContactPage.<init>(ContactPage.java:14)
at Pages.ContactPage.<init>(ContactPage.java:14)
at Pages.ContactPage.<init>(ContactPage.java:14)
at Pages.ContactPage.<init>(ContactPage.java:14)
at Pages.ContactPage.<init>(ContactPage.java:14)
at Pages.ContactPage.<init>(ContactPage.java:14)
at Pages.ContactPage.<init>(ContactPage.java:14)
at Pages.ContactPage.<init>(ContactPage.java:14)
at Pages.ContactPage.<init>(ContactPage.java:14)
at Pages.ContactPage.<init>(ContactPage.java:14)
at Pages.ContactPage.<init>(ContactPage.java:14)
at Pages.ContactPage.<init>(ContactPage.java:14)
at Pages.ContactPage.<init>(ContactPage.java:14)
at Pages.ContactPage.<init>(ContactPage.java:14)
at Pages.ContactPage.<init>(ContactPage.java:14)
at Pages.ContactPage.<init>(ContactPage.java:14)
at Pages.ContactPage.<init>(ContactPage.java:14)
at Pages.ContactPage.<init>(ContactPage.java:14)
at Pages.ContactPage.<init>(ContactPage.java:14)
at Pages.ContactPage.<init>(ContactPage.java:14)
at Pages.ContactPage.<init>(ContactPage.java:14)
at Pages.ContactPage.<init>(ContactPage.java:14)
at Pages.ContactPage.<init>(ContactPage.java:14)
at Pages.ContactPage.<init>(ContactPage.java:14)
at Pages.ContactPage.<init>(ContactPage.java:14)
at Pages.ContactPage.<init>(ContactPage.java:14)
at Pages.ContactPage.<init>(ContactPage.java:14)
at Pages.ContactPage.<init>(ContactPage.java:14)
at Pages.ContactPage.<init>(ContactPage.java:14)
at Pages.ContactPage.<init>(ContactPage.java:14)
at Pages.ContactPage.<init>(ContactPage.java:14)
at Pages.ContactPage.<init>(ContactPage.java:14)
at Pages.ContactPage.<init>(ContactPage.java:14)
at Pages.ContactPage.<init>(ContactPage.java:14)
at Pages.ContactPage.<init>(ContactPage.java:14)
at Pages.ContactPage.<init>(ContactPage.java:14)
at Pages.ContactPage.<init>(ContactPage.java:14)
at Pages.ContactPage.<init>(ContactPage.java:14)
at Pages.ContactPage.<init>(ContactPage.java:14)
at Pages.ContactPage.<init>(ContactPage.java:14)
at Pages.ContactPage.<init>(ContactPage.java:14)
at Pages.ContactPage.<init>(ContactPage.java:14)
at Pages.ContactPage.<init>(ContactPage.java:14)
at Pages.ContactPage.<init>(ContactPage.java:14)
at Pages.ContactPage.<init>(ContactPage.java:14)
at Pages.ContactPage.<init>(ContactPage.java:14)
at Pages.ContactPage.<init>(ContactPage.java:14)
at Pages.ContactPage.<init>(ContactPage.java:14)
at Pages.ContactPage.<init>(ContactPage.java:14)
at Pages.ContactPage.<init>(ContactPage.java:14)
at Pages.ContactPage.<init>(ContactPage.java:14)
at Pages.ContactPage.<init>(ContactPage.java:14)
at Pages.ContactPage.<init>(ContactPage.java:14)
at Pages.ContactPage.<init>(ContactPage.java:14)
at Pages.ContactPage.<init>(ContactPage.java:14)
at Pages.ContactPage.<init>(ContactPage.java:14)
at Pages.ContactPage.<init>(ContactPage.java:14)
at Pages.ContactPage.<init>(ContactPage.java:14)
at Pages.ContactPage.<init>(ContactPage.java:14)
at Pages.ContactPage.<init>(ContactPage.java:14)
at Pages.ContactPage.<init>(ContactPage.java:14)
at Pages.ContactPage.<init>(ContactPage.java:14)
at Pages.ContactPage.<init>(ContactPage.java:14)
at Pages.ContactPage.<init>(ContactPage.java:14)
at Pages.ContactPage.<init>(ContactPage.java:14)
at Pages.ContactPage.<init>(ContactPage.java:14)
at Pages.ContactPage.<init>(ContactPage.java:14)
at Pages.ContactPage.<init>(ContactPage.java:14)
at Pages.ContactPage.<init>(ContactPage.java:14)
at Pages.ContactPage.<init>(ContactPage.java:14)
at Pages.ContactPage.<init>(ContactPage.java:14)
at Pages.ContactPage.<init>(ContactPage.java:14)
at Pages.ContactPage.<init>(ContactPage.java:14)
at Pages.ContactPage.<init>(ContactPage.java:14)
at Pages.ContactPage.<init>(ContactPage.java:14)
at Pages.ContactPage.<init>(ContactPage.java:14)
at Pages.ContactPage.<init>(ContactPage.java:14)
at Pages.ContactPage.<init>(ContactPage.java:14)
at Pages.ContactPage.<init>(ContactPage.java:14)
at Pages.ContactPage.<init>(ContactPage.java:14)
at Pages.ContactPage.<init>(ContactPage.java:14)
at Pages.ContactPage.<init>(ContactPage.java:14)
at Pages.ContactPage.<init>(ContactPage.java:14)
at Pages.ContactPage.<init>(ContactPage.java:14)
at Pages.ContactPage.<init>(ContactPage.java:14)
at Pages.ContactPage.<init>(ContactPage.java:14)
at Pages.ContactPage.<init>(ContactPage.java:14)
at Pages.ContactPage.<init>(ContactPage.java:14)
at Pages.ContactPage.<init>(ContactPage.java:14)
at Pages.ContactPage.<init>(ContactPage.java:14)
at Pages.ContactPage.<init>(ContactPage.java:14)
at Pages.ContactPage.<init>(ContactPage.java:14)
at Pages.ContactPage.<init>(ContactPage.java:14)
at Pages.ContactPage.<init>(ContactPage.java:14)
at Pages.ContactPage.<init>(ContactPage.java:14)
at Pages.ContactPage.<init>(ContactPage.java:14)
at Pages.ContactPage.<init>(ContactPage.java:14)
at Pages.ContactPage.<init>(ContactPage.java:14)
at Pages.ContactPage.<init>(ContactPage.java:14)
at Pages.ContactPage.<init>(ContactPage.java:14)
at Pages.ContactPage.<init>(ContactPage.java:14)
at Pages.ContactPage.<init>(ContactPage.java:14)
at Pages.ContactPage.<init>(ContactPage.java:14)
at Pages.ContactPage.<init>(ContactPage.java:14)
at Pages.ContactPage.<init>(ContactPage.java:14)
at Pages.ContactPage.<init>(ContactPage.java:14)
at Pages.ContactPage.<init>(ContactPage.java:14)
at Pages.ContactPage.<init>(ContactPage.java:14)
at Pages.ContactPage.<init>(ContactPage.java:14)
at Pages.ContactPage.<init>(ContactPage.java:14)
at Pages.ContactPage.<init>(ContactPage.java:14)
at Pages.ContactPage.<init>(ContactPage.java:14)
at Pages.ContactPage.<init>(ContactPage.java:14)
at Pages.ContactPage.<init>(ContactPage.java:14)
at Pages.ContactPage.<init>(ContactPage.java:14)
at Pages.ContactPage.<init>(ContactPage.java:14)
at Pages.ContactPage.<init>(ContactPage.java:14)
at Pages.ContactPage.<init>(ContactPage.java:14)
at Pages.ContactPage.<init>(ContactPage.java:14)
at Pages.ContactPage.<init>(ContactPage.java:14)
at Pages.ContactPage.<init>(ContactPage.java:14)
at Pages.ContactPage.<init>(ContactPage.java:14)
at Pages.ContactPage.<init>(ContactPage.java:14)
at Pages.ContactPage.<init>(ContactPage.java:14)
at Pages.ContactPage.<init>(ContactPage.java:14)
at Pages.ContactPage.<init>(ContactPage.java:14)
at Pages.ContactPage.<init>(ContactPage.java:14)
at Pages.ContactPage.<init>(ContactPage.java:14)
at Pages.ContactPage.<init>(ContactPage.java:14)
at Pages.ContactPage.<init>(ContactPage.java:14)
at Pages.ContactPage.<init>(ContactPage.java:14)
at Pages.ContactPage.<init>(ContactPage.java:14)
at Pages.ContactPage.<init>(ContactPage.java:14)
at Pages.ContactPage.<init>(ContactPage.java:14)
at Pages.ContactPage.<init>(ContactPage.java:14)
at Pages.ContactPage.<init>(ContactPage.java:14)
at Pages.ContactPage.<init>(ContactPage.java:14)
at Pages.ContactPage.<init>(ContactPage.java:14)
at Pages.ContactPage.<init>(ContactPage.java:14)
at Pages.ContactPage.<init>(ContactPage.java:14)
at Pages.ContactPage.<init>(ContactPage.java:14)
at Pages.ContactPage.<init>(ContactPage.java:14)
at Pages.ContactPage.<init>(ContactPage.java:14)
at Pages.ContactPage.<init>(ContactPage.java:14)
at Pages.ContactPage.<init>(ContactPage.java:14)
at Pages.ContactPage.<init>(ContactPage.java:14)
at Pages.ContactPage.<init>(ContactPage.java:14)
at Pages.ContactPage.<init>(ContactPage.java:14)
at Pages.ContactPage.<init>(ContactPage.java:14)
at Pages.ContactPage.<init>(ContactPage.java:14)
at Pages.ContactPage.<init>(ContactPage.java:14)
at Pages.ContactPage.<init>(ContactPage.java:14)
at Pages.ContactPage.<init>(ContactPage.java:14)
at Pages.ContactPage.<init>(ContactPage.java:14)
at Pages.ContactPage.<init>(ContactPage.java:14)
at Pages.ContactPage.<init>(ContactPage.java:14)
at Pages.ContactPage.<init>(ContactPage.java:14)
at Pages.ContactPage.<init>(ContactPage.java:14)
at Pages.ContactPage.<init>(ContactPage.java:14)
at Pages.ContactPage.<init>(ContactPage.java:14)
at Pages.ContactPage.<init>(ContactPage.java:14)
at Pages.ContactPage.<init>(ContactPage.java:14)
at Pages.ContactPage.<init>(ContactPage.java:14)
at Pages.ContactPage.<init>(ContactPage.java:14)
at Pages.ContactPage.<init>(ContactPage.java:14)
at Pages.ContactPage.<init>(ContactPage.java:14)
at Pages.ContactPage.<init>(ContactPage.java:14)
at Pages.ContactPage.<init>(ContactPage.java:14)
at Pages.ContactPage.<init>(ContactPage.java:14)
at Pages.ContactPage.<init>(ContactPage.java:14)
at Pages.ContactPage.<init>(ContactPage.java:14)
at Pages.ContactPage.<init>(ContactPage.java:14)
at Pages.ContactPage.<init>(ContactPage.java:14)
at Pages.ContactPage.<init>(ContactPage.java:14)
at Pages.ContactPage.<init>(ContactPage.java:14)
at Pages.ContactPage.<init>(ContactPage.java:14)
at Pages.ContactPage.<init>(ContactPage.java:14)
at Pages.ContactPage.<init>(ContactPage.java:14)
at Pages.ContactPage.<init>(ContactPage.java:14)
at Pages.ContactPage.<init>(ContactPage.java:14)
at Pages.ContactPage.<init>(ContactPage.java:14)
at Pages.ContactPage.<init>(ContactPage.java:14)
at Pages.ContactPage.<init>(ContactPage.java:14)
at Pages.ContactPage.<init>(ContactPage.java:14)
at Pages.ContactPage.<init>(ContactPage.java:14)
at Pages.ContactPage.<init>(ContactPage.java:14)
at Pages.ContactPage.<init>(ContactPage.java:14)
at Pages.ContactPage.<init>(ContactPage.java:14)
at Pages.ContactPage.<init>(ContactPage.java:14)
at Pages.ContactPage.<init>(ContactPage.java:14)
at Pages.ContactPage.<init>(ContactPage.java:14)
at Pages.ContactPage.<init>(ContactPage.java:14)
at Pages.ContactPage.<init>(ContactPage.java:14)
at Pages.ContactPage.<init>(ContactPage.java:14)
at Pages.ContactPage.<init>(ContactPage.java:14)
at Pages.ContactPage.<init>(ContactPage.java:14)
at Pages.ContactPage.<init>(ContactPage.java:14)
at Pages.ContactPage.<init>(ContactPage.java:14)
at Pages.ContactPage.<init>(ContactPage.java:14)
at Pages.ContactPage.<init>(ContactPage.java:14)
at Pages.ContactPage.<init>(ContactPage.java:14)
at Pages.ContactPage.<init>(ContactPage.java:14)
at Pages.ContactPage.<init>(ContactPage.java:14)
at Pages.ContactPage.<init>(ContactPage.java:14)
at Pages.ContactPage.<init>(ContactPage.java:14)
at Pages.ContactPage.<init>(ContactPage.java:14)
at Pages.ContactPage.<init>(ContactPage.java:14)
at Pages.ContactPage.<init>(ContactPage.java:14)
at Pages.ContactPage.<init>(ContactPage.java:14)
at Pages.ContactPage.<init>(ContactPage.java:14)
at Pages.ContactPage.<init>(ContactPage.java:14)
at Pages.ContactPage.<init>(ContactPage.java:14)
at Pages.ContactPage.<init>(ContactPage.java:14)
at Pages.ContactPage.<init>(ContactPage.java:14)
at Pages.ContactPage.<init>(ContactPage.java:14)
at Pages.ContactPage.<init>(ContactPage.java:14)
at Pages.ContactPage.<init>(ContactPage.java:14)
at Pages.ContactPage.<init>(ContactPage.java:14)
at Pages.ContactPage.<init>(ContactPage.java:14)
at Pages.ContactPage.<init>(ContactPage.java:14)
at Pages.ContactPage.<init>(ContactPage.java:14)
at Pages.ContactPage.<init>(ContactPage.java:14)
at Pages.ContactPage.<init>(ContactPage.java:14)
at Pages.ContactPage.<init>(ContactPage.java:14)
at Pages.ContactPage.<init>(ContactPage.java:14)
at Pages.ContactPage.<init>(ContactPage.java:14)
at Pages.ContactPage.<init>(ContactPage.java:14)
at Pages.ContactPage.<init>(ContactPage.java:14)
at Pages.ContactPage.<init>(ContactPage.java:14)
at Pages.ContactPage.<init>(ContactPage.java:14)
at Pages.ContactPage.<init>(ContactPage.java:14)
at Pages.ContactPage.<init>(ContactPage.java:14)
at Pages.ContactPage.<init>(ContactPage.java:14)
at Pages.ContactPage.<init>(ContactPage.java:14)
at Pages.ContactPage.<init>(ContactPage.java:14)
at Pages.ContactPage.<init>(ContactPage.java:14)
at Pages.ContactPage.<init>(ContactPage.java:14)
at Pages.ContactPage.<init>(ContactPage.java:14)
at Pages.ContactPage.<init>(ContactPage.java:14)
at Pages.ContactPage.<init>(ContactPage.java:14)
at Pages.ContactPage.<init>(ContactPage.java:14)
at Pages.ContactPage.<init>(ContactPage.java:14)
at Pages.ContactPage.<init>(ContactPage.java:14)
at Pages.ContactPage.<init>(ContactPage.java:14)
at Pages.ContactPage.<init>(ContactPage.java:14)
at Pages.ContactPage.<init>(ContactPage.java:14)
at Pages.ContactPage.<init>(ContactPage.java:14)
at Pages.ContactPage.<init>(ContactPage.java:14)
at Pages.ContactPage.<init>(ContactPage.java:14)
at Pages.ContactPage.<init>(ContactPage.java:14)
at Pages.ContactPage.<init>(ContactPage.java:14)
at Pages.ContactPage.<init>(ContactPage.java:14)
at Pages.ContactPage.<init>(ContactPage.java:14)
at Pages.ContactPage.<init>(ContactPage.java:14)
at Pages.ContactPage.<init>(ContactPage.java:14)
at Pages.ContactPage.<init>(ContactPage.java:14)
at Pages.ContactPage.<init>(ContactPage.java:14)
at Pages.ContactPage.<init>(ContactPage.java:14)
at Pages.ContactPage.<init>(ContactPage.java:14)
at Pages.ContactPage.<init>(ContactPage.java:14)
at Pages.ContactPage.<init>(ContactPage.java:14)
at Pages.ContactPage.<init>(ContactPage.java:14)
at Pages.ContactPage.<init>(ContactPage.java:14)
at Pages.ContactPage.<init>(ContactPage.java:14)
at Pages.ContactPage.<init>(ContactPage.java:14)
at Pages.ContactPage.<init>(ContactPage.java:14)
at Pages.ContactPage.<init>(ContactPage.java:14)
at Pages.ContactPage.<init>(ContactPage.java:14)
at Pages.ContactPage.<init>(ContactPage.java:14)
at Pages.ContactPage.<init>(ContactPage.java:14)
at Pages.ContactPage.<init>(ContactPage.java:14)
at Pages.ContactPage.<init>(ContactPage.java:14)
at Pages.ContactPage.<init>(ContactPage.java:14)
at Pages.ContactPage.<init>(ContactPage.java:14)
at Pages.ContactPage.<init>(ContactPage.java:14)
at Pages.ContactPage.<init>(ContactPage.java:14)
at Pages.ContactPage.<init>(ContactPage.java:14)
at Pages.ContactPage.<init>(ContactPage.java:14)
at Pages.ContactPage.<init>(ContactPage.java:14)
at Pages.ContactPage.<init>(ContactPage.java:14)
at Pages.ContactPage.<init>(ContactPage.java:14)
at Pages.ContactPage.<init>(ContactPage.java:14)
at Pages.ContactPage.<init>(ContactPage.java:14)
at Pages.ContactPage.<init>(ContactPage.java:14)
at Pages.ContactPage.<init>(ContactPage.java:14)
at Pages.ContactPage.<init>(ContactPage.java:14)
at Pages.ContactPage.<init>(ContactPage.java:14)
at Pages.ContactPage.<init>(ContactPage.java:14)
at Pages.ContactPage.<init>(ContactPage.java:14)
at Pages.ContactPage.<init>(ContactPage.java:14)
at Pages.ContactPage.<init>(ContactPage.java:14)
at Pages.ContactPage.<init>(ContactPage.java:14)
at Pages.ContactPage.<init>(ContactPage.java:14)
at Pages.ContactPage.<init>(ContactPage.java:14)
at Pages.ContactPage.<init>(ContactPage.java:14)
at Pages.ContactPage.<init>(ContactPage.java:14)
at Pages.ContactPage.<init>(ContactPage.java:14)
at Pages.ContactPage.<init>(ContactPage.java:14)
at Pages.ContactPage.<init>(ContactPage.java:14)
at Pages.ContactPage.<init>(ContactPage.java:14)
at Pages.ContactPage.<init>(ContactPage.java:14)
at Pages.ContactPage.<init>(ContactPage.java:14)
at Pages.ContactPage.<init>(ContactPage.java:14)
at Pages.ContactPage.<init>(ContactPage.java:14)
at Pages.ContactPage.<init>(ContactPage.java:14)
at Pages.ContactPage.<init>(ContactPage.java:14)
at Pages.ContactPage.<init>(ContactPage.java:14)
at Pages.ContactPage.<init>(ContactPage.java:14)
at Pages.ContactPage.<init>(ContactPage.java:14)
at Pages.ContactPage.<init>(ContactPage.java:14)
at Pages.ContactPage.<init>(ContactPage.java:14)
at Pages.ContactPage.<init>(ContactPage.java:14)
at Pages.ContactPage.<init>(ContactPage.java:14)
at Pages.ContactPage.<init>(ContactPage.java:14)
at Pages.ContactPage.<init>(ContactPage.java:14)
at Pages.ContactPage.<init>(ContactPage.java:14)
at Pages.ContactPage.<init>(ContactPage.java:14)
at Pages.ContactPage.<init>(ContactPage.java:14)
at Pages.ContactPage.<init>(ContactPage.java:14)
at Pages.ContactPage.<init>(ContactPage.java:14)
at Pages.ContactPage.<init>(ContactPage.java:14)
at Pages.ContactPage.<init>(ContactPage.java:14)
at Pages.ContactPage.<init>(ContactPage.java:14)
at Pages.ContactPage.<init>(ContactPage.java:14)
at Pages.ContactPage.<init>(ContactPage.java:14)
at Pages.ContactPage.<init>(ContactPage.java:14)
at Pages.ContactPage.<init>(ContactPage.java:14)
at Pages.ContactPage.<init>(ContactPage.java:14)
at Pages.ContactPage.<init>(ContactPage.java:14)
at Pages.ContactPage.<init>(ContactPage.java:14)
at Pages.ContactPage.<init>(ContactPage.java:14)
at Pages.ContactPage.<init>(ContactPage.java:14)
at Pages.ContactPage.<init>(ContactPage.java:14)
at Pages.ContactPage.<init>(ContactPage.java:14)
at Pages.ContactPage.<init>(ContactPage.java:14)
at Pages.ContactPage.<init>(ContactPage.java:14)
at Pages.ContactPage.<init>(ContactPage.java:14)
at Pages.ContactPage.<init>(ContactPage.java:14)
at Pages.ContactPage.<init>(ContactPage.java:14)
at Pages.ContactPage.<init>(ContactPage.java:14)
at Pages.ContactPage.<init>(ContactPage.java:14)
at Pages.ContactPage.<init>(ContactPage.java:14)
at Pages.ContactPage.<init>(ContactPage.java:14)
at Pages.ContactPage.<init>(ContactPage.java:14)
at Pages.ContactPage.<init>(ContactPage.java:14)
at Pages.ContactPage.<init>(ContactPage.java:14)
at Pages.ContactPage.<init>(ContactPage.java:14)
at Pages.ContactPage.<init>(ContactPage.java:14)
at Pages.ContactPage.<init>(ContactPage.java:14)
at Pages.ContactPage.<init>(ContactPage.java:14)
at Pages.ContactPage.<init>(ContactPage.java:14)
at Pages.ContactPage.<init>(ContactPage.java:14)
at Pages.ContactPage.<init>(ContactPage.java:14)
at Pages.ContactPage.<init>(ContactPage.java:14)
at Pages.ContactPage.<init>(ContactPage.java:14)
at Pages.ContactPage.<init>(ContactPage.java:14)
at Pages.ContactPage.<init>(ContactPage.java:14)
at Pages.ContactPage.<init>(ContactPage.java:14)
at Pages.ContactPage.<init>(ContactPage.java:14)
at Pages.ContactPage.<init>(ContactPage.java:14)
at Pages.ContactPage.<init>(ContactPage.java:14)
at Pages.ContactPage.<init>(ContactPage.java:14)
at Pages.ContactPage.<init>(ContactPage.java:14)
at Pages.ContactPage.<init>(ContactPage.java:14)
at Pages.ContactPage.<init>(ContactPage.java:14)
at Pages.ContactPage.<init>(ContactPage.java:14)
at Pages.ContactPage.<init>(ContactPage.java:14)
at Pages.ContactPage.<init>(ContactPage.java:14)
at Pages.ContactPage.<init>(ContactPage.java:14)
at Pages.ContactPage.<init>(ContactPage.java:14)
at Pages.ContactPage.<init>(ContactPage.java:14)
at Pages.ContactPage.<init>(ContactPage.java:14)
at Pages.ContactPage.<init>(ContactPage.java:14)
at Pages.ContactPage.<init>(ContactPage.java:14)
at Pages.ContactPage.<init>(ContactPage.java:14)
at Pages.ContactPage.<init>(ContactPage.java:14)
at Pages.ContactPage.<init>(ContactPage.java:14)
at Pages.ContactPage.<init>(ContactPage.java:14)
at Pages.ContactPage.<init>(ContactPage.java:14)
at Pages.ContactPage.<init>(ContactPage.java:14)
at Pages.ContactPage.<init>(ContactPage.java:14)
at Pages.ContactPage.<init>(ContactPage.java:14)
at Pages.ContactPage.<init>(ContactPage.java:14)
at Pages.ContactPage.<init>(ContactPage.java:14)
at Pages.ContactPage.<init>(ContactPage.java:14)
at Pages.ContactPage.<init>(ContactPage.java:14)
at Pages.ContactPage.<init>(ContactPage.java:14)
at Pages.ContactPage.<init>(ContactPage.java:14)
at Pages.ContactPage.<init>(ContactPage.java:14)
at Pages.ContactPage.<init>(ContactPage.java:14)
at Pages.ContactPage.<init>(ContactPage.java:14)
at Pages.ContactPage.<init>(ContactPage.java:14)
at Pages.ContactPage.<init>(ContactPage.java:14)
at Pages.ContactPage.<init>(ContactPage.java:14)
at Pages.ContactPage.<init>(ContactPage.java:14)
at Pages.ContactPage.<init>(ContactPage.java:14)
at Pages.ContactPage.<init>(ContactPage.java:14)
at Pages.ContactPage.<init>(ContactPage.java:14)
at Pages.ContactPage.<init>(ContactPage.java:14)
at Pages.ContactPage.<init>(ContactPage.java:14)
at Pages.ContactPage.<init>(ContactPage.java:14)
at Pages.ContactPage.<init>(ContactPage.java:14)
at Pages.ContactPage.<init>(ContactPage.java:14)
at Pages.ContactPage.<init>(ContactPage.java:14)
at Pages.ContactPage.<init>(ContactPage.java:14)
at Pages.ContactPage.<init>(ContactPage.java:14)
at Pages.ContactPage.<init>(ContactPage.java:14)
at Pages.ContactPage.<init>(ContactPage.java:14)
at Pages.ContactPage.<init>(ContactPage.java:14)
at Pages.ContactPage.<init>(ContactPage.java:14)
at Pages.ContactPage.<init>(ContactPage.java:14)
at Pages.ContactPage.<init>(ContactPage.java:14)
at Pages.ContactPage.<init>(ContactPage.java:14)
at Pages.ContactPage.<init>(ContactPage.java:14)
at Pages.ContactPage.<init>(ContactPage.java:14)
at Pages.ContactPage.<init>(ContactPage.java:14)
at Pages.ContactPage.<init>(ContactPage.java:14)
at Pages.ContactPage.<init>(ContactPage.java:14)
at Pages.ContactPage.<init>(ContactPage.java:14)
at Pages.ContactPage.<init>(ContactPage.java:14)
at Pages.ContactPage.<init>(ContactPage.java:14)
at Pages.ContactPage.<init>(ContactPage.java:14)
at Pages.ContactPage.<init>(ContactPage.java:14)
at Pages.ContactPage.<init>(ContactPage.java:14)
at Pages.ContactPage.<init>(ContactPage.java:14)
at Pages.ContactPage.<init>(ContactPage.java:14)
at Pages.ContactPage.<init>(ContactPage.java:14)
at Pages.ContactPage.<init>(ContactPage.java:14)
at Pages.ContactPage.<init>(ContactPage.java:14)
at Pages.ContactPage.<init>(ContactPage.java:14)
at Pages.ContactPage.<init>(ContactPage.java:14)
at Pages.ContactPage.<init>(ContactPage.java:14)
at Pages.ContactPage.<init>(ContactPage.java:14)
at Pages.ContactPage.<init>(ContactPage.java:14)
at Pages.ContactPage.<init>(ContactPage.java:14)
at Pages.ContactPage.<init>(ContactPage.java:14)
at Pages.ContactPage.<init>(ContactPage.java:14)
at Pages.ContactPage.<init>(ContactPage.java:14)
at Pages.ContactPage.<init>(ContactPage.java:14)
at Pages.ContactPage.<init>(ContactPage.java:14)
at Pages.ContactPage.<init>(ContactPage.java:14)
at Pages.ContactPage.<init>(ContactPage.java:14)
at Pages.ContactPage.<init>(ContactPage.java:14)
at Pages.ContactPage.<init>(ContactPage.java:14)
at Pages.ContactPage.<init>(ContactPage.java:14)
at Pages.ContactPage.<init>(ContactPage.java:14)
at Pages.ContactPage.<init>(ContactPage.java:14)
at Pages.ContactPage.<init>(ContactPage.java:14)
at Pages.ContactPage.<init>(ContactPage.java:14)
at Pages.ContactPage.<init>(ContactPage.java:14)
at Pages.ContactPage.<init>(ContactPage.java:14)
at Pages.ContactPage.<init>(ContactPage.java:14)
at Pages.ContactPage.<init>(ContactPage.java:14)
at Pages.ContactPage.<init>(ContactPage.java:14)
at Pages.ContactPage.<init>(ContactPage.java:14)
at Pages.ContactPage.<init>(ContactPage.java:14)
at Pages.ContactPage.<init>(ContactPage.java:14)
at Pages.ContactPage.<init>(ContactPage.java:14)
at Pages.ContactPage.<init>(ContactPage.java:14)
at Pages.ContactPage.<init>(ContactPage.java:14)
at Pages.ContactPage.<init>(ContactPage.java:14)
at Pages.ContactPage.<init>(ContactPage.java:14)
at Pages.ContactPage.<init>(ContactPage.java:14)
at Pages.ContactPage.<init>(ContactPage.java:14)
at Pages.ContactPage.<init>(ContactPage.java:14)
at Pages.ContactPage.<init>(ContactPage.java:14)
at Pages.ContactPage.<init>(ContactPage.java:14)
at Pages.ContactPage.<init>(ContactPage.java:14)
at Pages.ContactPage.<init>(ContactPage.java:14)
at Pages.ContactPage.<init>(ContactPage.java:14)
at Pages.ContactPage.<init>(ContactPage.java:14)
at Pages.ContactPage.<init>(ContactPage.java:14)
at Pages.ContactPage.<init>(ContactPage.java:14)
at Pages.ContactPage.<init>(ContactPage.java:14)
at Pages.ContactPage.<init>(ContactPage.java:14)
at Pages.ContactPage.<init>(ContactPage.java:14)
at Pages.ContactPage.<init>(ContactPage.java:14)
at Pages.ContactPage.<init>(ContactPage.java:14)
at Pages.ContactPage.<init>(ContactPage.java:14)
at Pages.ContactPage.<init>(ContactPage.java:14)
at Pages.ContactPage.<init>(ContactPage.java:14)
at Pages.ContactPage.<init>(ContactPage.java:14)
at Pages.ContactPage.<init>(ContactPage.java:14)
at Pages.ContactPage.<init>(ContactPage.java:14)
at Pages.ContactPage.<init>(ContactPage.java:14)
at Pages.ContactPage.<init>(ContactPage.java:14)
at Pages.ContactPage.<init>(ContactPage.java:14)
at Pages.ContactPage.<init>(ContactPage.java:14)
at Pages.ContactPage.<init>(ContactPage.java:14)
at Pages.ContactPage.<init>(ContactPage.java:14)
at Pages.ContactPage.<init>(ContactPage.java:14)
at Pages.ContactPage.<init>(ContactPage.java:14)
at Pages.ContactPage.<init>(ContactPage.java:14)
at Pages.ContactPage.<init>(ContactPage.java:14)
at Pages.ContactPage.<init>(ContactPage.java:14)
at Pages.ContactPage.<init>(ContactPage.java:14)
at Pages.ContactPage.<init>(ContactPage.java:14)
at Pages.ContactPage.<init>(ContactPage.java:14)
at Pages.ContactPage.<init>(ContactPage.java:14)
at Pages.ContactPage.<init>(ContactPage.java:14)
at Pages.ContactPage.<init>(ContactPage.java:14)
at Pages.ContactPage.<init>(ContactPage.java:14)
at Pages.ContactPage.<init>(ContactPage.java:14)
at Pages.ContactPage.<init>(ContactPage.java:14)
at Pages.ContactPage.<init>(ContactPage.java:14)
at Pages.ContactPage.<init>(ContactPage.java:14)
at Pages.ContactPage.<init>(ContactPage.java:14)
at Pages.ContactPage.<init>(ContactPage.java:14)
at Pages.ContactPage.<init>(ContactPage.java:14)
at Pages.ContactPage.<init>(ContactPage.java:14)
at Pages.ContactPage.<init>(ContactPage.java:14)
at Pages.ContactPage.<init>(ContactPage.java:14)
at Pages.ContactPage.<init>(ContactPage.java:14)
at Pages.ContactPage.<init>(ContactPage.java:14)
at Pages.ContactPage.<init>(ContactPage.java:14)
at Pages.ContactPage.<init>(ContactPage.java:14)
at Pages.ContactPage.<init>(ContactPage.java:14)
at Pages.ContactPage.<init>(ContactPage.java:14)
at Pages.ContactPage.<init>(ContactPage.java:14)
at Pages.ContactPage.<init>(ContactPage.java:14)
at Pages.ContactPage.<init>(ContactPage.java:14)
at Pages.ContactPage.<init>(ContactPage.java:14)
at Pages.ContactPage.<init>(ContactPage.java:14)
at Pages.ContactPage.<init>(ContactPage.java:14)
at Pages.ContactPage.<init>(ContactPage.java:14)
at Pages.ContactPage.<init>(ContactPage.java:14)
at Pages.ContactPage.<init>(ContactPage.java:14)
at Pages.ContactPage.<init>(ContactPage.java:14)
at Pages.ContactPage.<init>(ContactPage.java:14)
at Pages.ContactPage.<init>(ContactPage.java:14)
at Pages.ContactPage.<init>(ContactPage.java:14)
at Pages.ContactPage.<init>(ContactPage.java:14)
at Pages.ContactPage.<init>(ContactPage.java:14)
at Pages.ContactPage.<init>(ContactPage.java:14)
at Pages.ContactPage.<init>(ContactPage.java:14)
at Pages.ContactPage.<init>(ContactPage.java:14)
at Pages.ContactPage.<init>(ContactPage.java:14)
at Pages.ContactPage.<init>(ContactPage.java:14)
at Pages.ContactPage.<init>(ContactPage.java:14)
at Pages.ContactPage.<init>(ContactPage.java:14)
at Pages.ContactPage.<init>(ContactPage.java:14)
at Pages.ContactPage.<init>(ContactPage.java:14)
at Pages.ContactPage.<init>(ContactPage.java:14)
at Pages.ContactPage.<init>(ContactPage.java:14)
at Pages.ContactPage.<init>(ContactPage.java:14)
at Pages.ContactPage.<init>(ContactPage.java:14)
at Pages.ContactPage.<init>(ContactPage.java:14)
at Pages.ContactPage.<init>(ContactPage.java:14)
at Pages.ContactPage.<init>(ContactPage.java:14)
at Pages.ContactPage.<init>(ContactPage.java:14)
at Pages.ContactPage.<init>(ContactPage.java:14)
at Pages.ContactPage.<init>(ContactPage.java:14)
at Pages.ContactPage.<init>(ContactPage.java:14)
at Pages.ContactPage.<init>(ContactPage.java:14)
at Pages.ContactPage.<init>(ContactPage.java:14)
at Pages.ContactPage.<init>(ContactPage.java:14)
at Pages.ContactPage.<init>(ContactPage.java:14)
at Pages.ContactPage.<init>(ContactPage.java:14)
at Pages.ContactPage.<init>(ContactPage.java:14)
at Pages.ContactPage.<init>(ContactPage.java:14)
at Pages.ContactPage.<init>(ContactPage.java:14)
at Pages.ContactPage.<init>(ContactPage.java:14)
at Pages.ContactPage.<init>(ContactPage.java:14)
]]>
    </error>
  </testcase> <!-- beforeMethod -->
  <system-out/>
</testsuite> <!-- Testcases.NewTest -->
