<?xml version="1.0" encoding="UTF-8"?>
<!-- Generated by org.testng.reporters.JUnitReportReporter -->
<testsuite hostname="DESKTOP-TTB3E54" failures="0" tests="9" name="Testcases.New_ContactTest" time="1487.241" errors="7" timestamp="2021-10-19T10:37:03 EDT" skipped="2">
  <testcase classname="Testcases.New_ContactTest" name="fillalldetails" time="309.218">
    <error type="java.lang.StackOverflowError">
      <![CDATA[java.lang.StackOverflowError
at java.base/java.security.AccessController.doPrivileged(Native Method)
at java.base/java.util.ResourceBundle.getLoader(ResourceBundle.java:584)
at java.base/java.util.ResourceBundle.getBundleImpl(ResourceBundle.java:1581)
at java.base/java.util.ResourceBundle.getBundleImpl(ResourceBundle.java:1556)
at java.base/java.util.ResourceBundle.getBundle(ResourceBundle.java:932)
at java.xml/jdk.xml.internal.SecuritySupport.lambda$getResourceBundle$5(SecuritySupport.java:269)
at java.base/java.security.AccessController.doPrivileged(Native Method)
at java.xml/jdk.xml.internal.SecuritySupport.getResourceBundle(SecuritySupport.java:267)
at java.xml/com.sun.org.apache.xerces.internal.util.SAXMessageFormatter.formatMessage(SAXMessageFormatter.java:59)
at java.xml/com.sun.org.apache.xerces.internal.parsers.AbstractSAXParser.getProperty(AbstractSAXParser.java:2068)
at java.xml/com.sun.org.apache.xerces.internal.jaxp.SAXParserImpl$JAXPSAXParser.setProperty(SAXParserImpl.java:571)
at org.dom4j.io.SAXHelper.setParserProperty(SAXHelper.java:35)
at org.dom4j.io.SAXReader.configureReader(SAXReader.java:621)
at org.dom4j.io.SAXReader.read(SAXReader.java:321)
at org.dom4j.io.SAXReader.read(SAXReader.java:246)
at org.apache.poi.openxml4j.opc.PackageRelationshipCollection.parseRelationshipsPart(PackageRelationshipCollection.java:305)
at org.apache.poi.openxml4j.opc.PackageRelationshipCollection.<init>(PackageRelationshipCollection.java:156)
at org.apache.poi.openxml4j.opc.PackageRelationshipCollection.<init>(PackageRelationshipCollection.java:124)
at org.apache.poi.openxml4j.opc.PackagePart.loadRelationships(PackagePart.java:527)
at org.apache.poi.openxml4j.opc.PackagePart.<init>(PackagePart.java:112)
at org.apache.poi.openxml4j.opc.PackagePart.<init>(PackagePart.java:83)
at org.apache.poi.openxml4j.opc.PackagePart.<init>(PackagePart.java:128)
at org.apache.poi.openxml4j.opc.ZipPackagePart.<init>(ZipPackagePart.java:78)
at org.apache.poi.openxml4j.opc.ZipPackage.getPartsImpl(ZipPackage.java:187)
at org.apache.poi.openxml4j.opc.OPCPackage.getParts(OPCPackage.java:585)
at org.apache.poi.openxml4j.opc.OPCPackage.open(OPCPackage.java:201)
at org.apache.poi.openxml4j.opc.OPCPackage.open(OPCPackage.java:178)
at org.apache.poi.util.PackageHelper.open(PackageHelper.java:53)
at org.apache.poi.xssf.usermodel.XSSFWorkbook.<init>(XSSFWorkbook.java:176)
at Utilities.Xls_Reader.<init>(Xls_Reader.java:32)
at Base.TestBase.<init>(TestBase.java:32)
at Pages.ContactPage.<init>(ContactPage.java:37)
at Pages.ContactPage.<init>(ContactPage.java:14)
at Pages.ContactPage.<init>(ContactPage.java:14)
at Pages.ContactPage.<init>(ContactPage.java:14)
at Pages.ContactPage.<init>(ContactPage.java:14)
at Pages.ContactPage.<init>(ContactPage.java:14)
at Pages.ContactPage.<init>(ContactPage.java:14)
at Pages.ContactPage.<init>(ContactPage.java:14)
at Pages.ContactPage.<init>(ContactPage.java:14)
at Pages.ContactPage.<init>(ContactPage.java:14)
at Pages.ContactPage.<init>(ContactPage.java:14)
at Pages.ContactPage.<init>(ContactPage.java:14)
at Pages.ContactPage.<init>(ContactPage.java:14)
at Pages.ContactPage.<init>(ContactPage.java:14)
at Pages.ContactPage.<init>(ContactPage.java:14)
at Pages.ContactPage.<init>(ContactPage.java:14)
at Pages.ContactPage.<init>(ContactPage.java:14)
at Pages.ContactPage.<init>(ContactPage.java:14)
at Pages.ContactPage.<init>(ContactPage.java:14)
at Pages.ContactPage.<init>(ContactPage.java:14)
at Pages.ContactPage.<init>(ContactPage.java:14)
at Pages.ContactPage.<init>(ContactPage.java:14)
at Pages.ContactPage.<init>(ContactPage.java:14)
at Pages.ContactPage.<init>(ContactPage.java:14)
at Pages.ContactPage.<init>(ContactPage.java:14)
at Pages.ContactPage.<init>(ContactPage.java:14)
at Pages.ContactPage.<init>(ContactPage.java:14)
at Pages.ContactPage.<init>(ContactPage.java:14)
at Pages.ContactPage.<init>(ContactPage.java:14)
at Pages.ContactPage.<init>(ContactPage.java:14)
at Pages.ContactPage.<init>(ContactPage.java:14)
at Pages.ContactPage.<init>(ContactPage.java:14)
at Pages.ContactPage.<init>(ContactPage.java:14)
at Pages.ContactPage.<init>(ContactPage.java:14)
at Pages.ContactPage.<init>(ContactPage.java:14)
at Pages.ContactPage.<init>(ContactPage.java:14)
at Pages.ContactPage.<init>(ContactPage.java:14)
at Pages.ContactPage.<init>(ContactPage.java:14)
at Pages.ContactPage.<init>(ContactPage.java:14)
at Pages.ContactPage.<init>(ContactPage.java:14)
at Pages.ContactPage.<init>(ContactPage.java:14)
at Pages.ContactPage.<init>(ContactPage.java:14)
at Pages.ContactPage.<init>(ContactPage.java:14)
at Pages.ContactPage.<init>(ContactPage.java:14)
at Pages.ContactPage.<init>(ContactPage.java:14)
at Pages.ContactPage.<init>(ContactPage.java:14)
at Pages.ContactPage.<init>(ContactPage.java:14)
at Pages.ContactPage.<init>(ContactPage.java:14)
at Pages.ContactPage.<init>(ContactPage.java:14)
at Pages.ContactPage.<init>(ContactPage.java:14)
at Pages.ContactPage.<init>(ContactPage.java:14)
at Pages.ContactPage.<init>(ContactPage.java:14)
at Pages.ContactPage.<init>(ContactPage.java:14)
at Pages.ContactPage.<init>(ContactPage.java:14)
at Pages.ContactPage.<init>(ContactPage.java:14)
at Pages.ContactPage.<init>(ContactPage.java:14)
at Pages.ContactPage.<init>(ContactPage.java:14)
at Pages.ContactPage.<init>(ContactPage.java:14)
at Pages.ContactPage.<init>(ContactPage.java:14)
at Pages.ContactPage.<init>(ContactPage.java:14)
at Pages.ContactPage.<init>(ContactPage.java:14)
at Pages.ContactPage.<init>(ContactPage.java:14)
at Pages.ContactPage.<init>(ContactPage.java:14)
at Pages.ContactPage.<init>(ContactPage.java:14)
at Pages.ContactPage.<init>(ContactPage.java:14)
at Pages.ContactPage.<init>(ContactPage.java:14)
at Pages.ContactPage.<init>(ContactPage.java:14)
at Pages.ContactPage.<init>(ContactPage.java:14)
at Pages.ContactPage.<init>(ContactPage.java:14)
at Pages.ContactPage.<init>(ContactPage.java:14)
at Pages.ContactPage.<init>(ContactPage.java:14)
at Pages.ContactPage.<init>(ContactPage.java:14)
at Pages.ContactPage.<init>(ContactPage.java:14)
at Pages.ContactPage.<init>(ContactPage.java:14)
at Pages.ContactPage.<init>(ContactPage.java:14)
at Pages.ContactPage.<init>(ContactPage.java:14)
at Pages.ContactPage.<init>(ContactPage.java:14)
at Pages.ContactPage.<init>(ContactPage.java:14)
at Pages.ContactPage.<init>(ContactPage.java:14)
at Pages.ContactPage.<init>(ContactPage.java:14)
at Pages.ContactPage.<init>(ContactPage.java:14)
at Pages.ContactPage.<init>(ContactPage.java:14)
at Pages.ContactPage.<init>(ContactPage.java:14)
at Pages.ContactPage.<init>(ContactPage.java:14)
at Pages.ContactPage.<init>(ContactPage.java:14)
at Pages.ContactPage.<init>(ContactPage.java:14)
at Pages.ContactPage.<init>(ContactPage.java:14)
at Pages.ContactPage.<init>(ContactPage.java:14)
at Pages.ContactPage.<init>(ContactPage.java:14)
at Pages.ContactPage.<init>(ContactPage.java:14)
at Pages.ContactPage.<init>(ContactPage.java:14)
at Pages.ContactPage.<init>(ContactPage.java:14)
at Pages.ContactPage.<init>(ContactPage.java:14)
at Pages.ContactPage.<init>(ContactPage.java:14)
at Pages.ContactPage.<init>(ContactPage.java:14)
at Pages.ContactPage.<init>(ContactPage.java:14)
at Pages.ContactPage.<init>(ContactPage.java:14)
at Pages.ContactPage.<init>(ContactPage.java:14)
at Pages.ContactPage.<init>(ContactPage.java:14)
at Pages.ContactPage.<init>(ContactPage.java:14)
at Pages.ContactPage.<init>(ContactPage.java:14)
at Pages.ContactPage.<init>(ContactPage.java:14)
at Pages.ContactPage.<init>(ContactPage.java:14)
at Pages.ContactPage.<init>(ContactPage.java:14)
at Pages.ContactPage.<init>(ContactPage.java:14)
at Pages.ContactPage.<init>(ContactPage.java:14)
at Pages.ContactPage.<init>(ContactPage.java:14)
at Pages.ContactPage.<init>(ContactPage.java:14)
at Pages.ContactPage.<init>(ContactPage.java:14)
at Pages.ContactPage.<init>(ContactPage.java:14)
at Pages.ContactPage.<init>(ContactPage.java:14)
at Pages.ContactPage.<init>(ContactPage.java:14)
at Pages.ContactPage.<init>(ContactPage.java:14)
at Pages.ContactPage.<init>(ContactPage.java:14)
at Pages.ContactPage.<init>(ContactPage.java:14)
at Pages.ContactPage.<init>(ContactPage.java:14)
at Pages.ContactPage.<init>(ContactPage.java:14)
at Pages.ContactPage.<init>(ContactPage.java:14)
at Pages.ContactPage.<init>(ContactPage.java:14)
at Pages.ContactPage.<init>(ContactPage.java:14)
at Pages.ContactPage.<init>(ContactPage.java:14)
at Pages.ContactPage.<init>(ContactPage.java:14)
at Pages.ContactPage.<init>(ContactPage.java:14)
at Pages.ContactPage.<init>(ContactPage.java:14)
at Pages.ContactPage.<init>(ContactPage.java:14)
at Pages.ContactPage.<init>(ContactPage.java:14)
at Pages.ContactPage.<init>(ContactPage.java:14)
at Pages.ContactPage.<init>(ContactPage.java:14)
at Pages.ContactPage.<init>(ContactPage.java:14)
at Pages.ContactPage.<init>(ContactPage.java:14)
at Pages.ContactPage.<init>(ContactPage.java:14)
at Pages.ContactPage.<init>(ContactPage.java:14)
at Pages.ContactPage.<init>(ContactPage.java:14)
at Pages.ContactPage.<init>(ContactPage.java:14)
at Pages.ContactPage.<init>(ContactPage.java:14)
at Pages.ContactPage.<init>(ContactPage.java:14)
at Pages.ContactPage.<init>(ContactPage.java:14)
at Pages.ContactPage.<init>(ContactPage.java:14)
at Pages.ContactPage.<init>(ContactPage.java:14)
at Pages.ContactPage.<init>(ContactPage.java:14)
at Pages.ContactPage.<init>(ContactPage.java:14)
at Pages.ContactPage.<init>(ContactPage.java:14)
at Pages.ContactPage.<init>(ContactPage.java:14)
at Pages.ContactPage.<init>(ContactPage.java:14)
at Pages.ContactPage.<init>(ContactPage.java:14)
at Pages.ContactPage.<init>(ContactPage.java:14)
at Pages.ContactPage.<init>(ContactPage.java:14)
at Pages.ContactPage.<init>(ContactPage.java:14)
at Pages.ContactPage.<init>(ContactPage.java:14)
at Pages.ContactPage.<init>(ContactPage.java:14)
at Pages.ContactPage.<init>(ContactPage.java:14)
at Pages.ContactPage.<init>(ContactPage.java:14)
at Pages.ContactPage.<init>(ContactPage.java:14)
at Pages.ContactPage.<init>(ContactPage.java:14)
at Pages.ContactPage.<init>(ContactPage.java:14)
at Pages.ContactPage.<init>(ContactPage.java:14)
at Pages.ContactPage.<init>(ContactPage.java:14)
at Pages.ContactPage.<init>(ContactPage.java:14)
at Pages.ContactPage.<init>(ContactPage.java:14)
at Pages.ContactPage.<init>(ContactPage.java:14)
at Pages.ContactPage.<init>(ContactPage.java:14)
at Pages.ContactPage.<init>(ContactPage.java:14)
at Pages.ContactPage.<init>(ContactPage.java:14)
at Pages.ContactPage.<init>(ContactPage.java:14)
at Pages.ContactPage.<init>(ContactPage.java:14)
at Pages.ContactPage.<init>(ContactPage.java:14)
at Pages.ContactPage.<init>(ContactPage.java:14)
at Pages.ContactPage.<init>(ContactPage.java:14)
at Pages.ContactPage.<init>(ContactPage.java:14)
at Pages.ContactPage.<init>(ContactPage.java:14)
at Pages.ContactPage.<init>(ContactPage.java:14)
at Pages.ContactPage.<init>(ContactPage.java:14)
at Pages.ContactPage.<init>(ContactPage.java:14)
at Pages.ContactPage.<init>(ContactPage.java:14)
at Pages.ContactPage.<init>(ContactPage.java:14)
at Pages.ContactPage.<init>(ContactPage.java:14)
at Pages.ContactPage.<init>(ContactPage.java:14)
at Pages.ContactPage.<init>(ContactPage.java:14)
at Pages.ContactPage.<init>(ContactPage.java:14)
at Pages.ContactPage.<init>(ContactPage.java:14)
at Pages.ContactPage.<init>(ContactPage.java:14)
at Pages.ContactPage.<init>(ContactPage.java:14)
at Pages.ContactPage.<init>(ContactPage.java:14)
at Pages.ContactPage.<init>(ContactPage.java:14)
at Pages.ContactPage.<init>(ContactPage.java:14)
at Pages.ContactPage.<init>(ContactPage.java:14)
at Pages.ContactPage.<init>(ContactPage.java:14)
at Pages.ContactPage.<init>(ContactPage.java:14)
at Pages.ContactPage.<init>(ContactPage.java:14)
at Pages.ContactPage.<init>(ContactPage.java:14)
at Pages.ContactPage.<init>(ContactPage.java:14)
at Pages.ContactPage.<init>(ContactPage.java:14)
at Pages.ContactPage.<init>(ContactPage.java:14)
at Pages.ContactPage.<init>(ContactPage.java:14)
at Pages.ContactPage.<init>(ContactPage.java:14)
at Pages.ContactPage.<init>(ContactPage.java:14)
at Pages.ContactPage.<init>(ContactPage.java:14)
at Pages.ContactPage.<init>(ContactPage.java:14)
at Pages.ContactPage.<init>(ContactPage.java:14)
at Pages.ContactPage.<init>(ContactPage.java:14)
at Pages.ContactPage.<init>(ContactPage.java:14)
at Pages.ContactPage.<init>(ContactPage.java:14)
at Pages.ContactPage.<init>(ContactPage.java:14)
at Pages.ContactPage.<init>(ContactPage.java:14)
at Pages.ContactPage.<init>(ContactPage.java:14)
at Pages.ContactPage.<init>(ContactPage.java:14)
at Pages.ContactPage.<init>(ContactPage.java:14)
at Pages.ContactPage.<init>(ContactPage.java:14)
at Pages.ContactPage.<init>(ContactPage.java:14)
at Pages.ContactPage.<init>(ContactPage.java:14)
at Pages.ContactPage.<init>(ContactPage.java:14)
at Pages.ContactPage.<init>(ContactPage.java:14)
at Pages.ContactPage.<init>(ContactPage.java:14)
at Pages.ContactPage.<init>(ContactPage.java:14)
at Pages.ContactPage.<init>(ContactPage.java:14)
at Pages.ContactPage.<init>(ContactPage.java:14)
at Pages.ContactPage.<init>(ContactPage.java:14)
at Pages.ContactPage.<init>(ContactPage.java:14)
at Pages.ContactPage.<init>(ContactPage.java:14)
at Pages.ContactPage.<init>(ContactPage.java:14)
at Pages.ContactPage.<init>(ContactPage.java:14)
at Pages.ContactPage.<init>(ContactPage.java:14)
at Pages.ContactPage.<init>(ContactPage.java:14)
at Pages.ContactPage.<init>(ContactPage.java:14)
at Pages.ContactPage.<init>(ContactPage.java:14)
at Pages.ContactPage.<init>(ContactPage.java:14)
at Pages.ContactPage.<init>(ContactPage.java:14)
at Pages.ContactPage.<init>(ContactPage.java:14)
at Pages.ContactPage.<init>(ContactPage.java:14)
at Pages.ContactPage.<init>(ContactPage.java:14)
at Pages.ContactPage.<init>(ContactPage.java:14)
at Pages.ContactPage.<init>(ContactPage.java:14)
at Pages.ContactPage.<init>(ContactPage.java:14)
at Pages.ContactPage.<init>(ContactPage.java:14)
at Pages.ContactPage.<init>(ContactPage.java:14)
at Pages.ContactPage.<init>(ContactPage.java:14)
at Pages.ContactPage.<init>(ContactPage.java:14)
at Pages.ContactPage.<init>(ContactPage.java:14)
at Pages.ContactPage.<init>(ContactPage.java:14)
at Pages.ContactPage.<init>(ContactPage.java:14)
at Pages.ContactPage.<init>(ContactPage.java:14)
at Pages.ContactPage.<init>(ContactPage.java:14)
at Pages.ContactPage.<init>(ContactPage.java:14)
at Pages.ContactPage.<init>(ContactPage.java:14)
at Pages.ContactPage.<init>(ContactPage.java:14)
at Pages.ContactPage.<init>(ContactPage.java:14)
at Pages.ContactPage.<init>(ContactPage.java:14)
at Pages.ContactPage.<init>(ContactPage.java:14)
at Pages.ContactPage.<init>(ContactPage.java:14)
at Pages.ContactPage.<init>(ContactPage.java:14)
at Pages.ContactPage.<init>(ContactPage.java:14)
at Pages.ContactPage.<init>(ContactPage.java:14)
at Pages.ContactPage.<init>(ContactPage.java:14)
at Pages.ContactPage.<init>(ContactPage.java:14)
at Pages.ContactPage.<init>(ContactPage.java:14)
at Pages.ContactPage.<init>(ContactPage.java:14)
at Pages.ContactPage.<init>(ContactPage.java:14)
at Pages.ContactPage.<init>(ContactPage.java:14)
at Pages.ContactPage.<init>(ContactPage.java:14)
at Pages.ContactPage.<init>(ContactPage.java:14)
at Pages.ContactPage.<init>(ContactPage.java:14)
at Pages.ContactPage.<init>(ContactPage.java:14)
at Pages.ContactPage.<init>(ContactPage.java:14)
at Pages.ContactPage.<init>(ContactPage.java:14)
at Pages.ContactPage.<init>(ContactPage.java:14)
at Pages.ContactPage.<init>(ContactPage.java:14)
at Pages.ContactPage.<init>(ContactPage.java:14)
at Pages.ContactPage.<init>(ContactPage.java:14)
at Pages.ContactPage.<init>(ContactPage.java:14)
at Pages.ContactPage.<init>(ContactPage.java:14)
at Pages.ContactPage.<init>(ContactPage.java:14)
at Pages.ContactPage.<init>(ContactPage.java:14)
at Pages.ContactPage.<init>(ContactPage.java:14)
at Pages.ContactPage.<init>(ContactPage.java:14)
at Pages.ContactPage.<init>(ContactPage.java:14)
at Pages.ContactPage.<init>(ContactPage.java:14)
at Pages.ContactPage.<init>(ContactPage.java:14)
at Pages.ContactPage.<init>(ContactPage.java:14)
at Pages.ContactPage.<init>(ContactPage.java:14)
at Pages.ContactPage.<init>(ContactPage.java:14)
at Pages.ContactPage.<init>(ContactPage.java:14)
at Pages.ContactPage.<init>(ContactPage.java:14)
at Pages.ContactPage.<init>(ContactPage.java:14)
at Pages.ContactPage.<init>(ContactPage.java:14)
at Pages.ContactPage.<init>(ContactPage.java:14)
at Pages.ContactPage.<init>(ContactPage.java:14)
at Pages.ContactPage.<init>(ContactPage.java:14)
at Pages.ContactPage.<init>(ContactPage.java:14)
at Pages.ContactPage.<init>(ContactPage.java:14)
at Pages.ContactPage.<init>(ContactPage.java:14)
at Pages.ContactPage.<init>(ContactPage.java:14)
at Pages.ContactPage.<init>(ContactPage.java:14)
at Pages.ContactPage.<init>(ContactPage.java:14)
at Pages.ContactPage.<init>(ContactPage.java:14)
at Pages.ContactPage.<init>(ContactPage.java:14)
at Pages.ContactPage.<init>(ContactPage.java:14)
at Pages.ContactPage.<init>(ContactPage.java:14)
at Pages.ContactPage.<init>(ContactPage.java:14)
at Pages.ContactPage.<init>(ContactPage.java:14)
at Pages.ContactPage.<init>(ContactPage.java:14)
at Pages.ContactPage.<init>(ContactPage.java:14)
at Pages.ContactPage.<init>(ContactPage.java:14)
at Pages.ContactPage.<init>(ContactPage.java:14)
at Pages.ContactPage.<init>(ContactPage.java:14)
at Pages.ContactPage.<init>(ContactPage.java:14)
at Pages.ContactPage.<init>(ContactPage.java:14)
at Pages.ContactPage.<init>(ContactPage.java:14)
at Pages.ContactPage.<init>(ContactPage.java:14)
at Pages.ContactPage.<init>(ContactPage.java:14)
at Pages.ContactPage.<init>(ContactPage.java:14)
at Pages.ContactPage.<init>(ContactPage.java:14)
at Pages.ContactPage.<init>(ContactPage.java:14)
at Pages.ContactPage.<init>(ContactPage.java:14)
at Pages.ContactPage.<init>(ContactPage.java:14)
at Pages.ContactPage.<init>(ContactPage.java:14)
at Pages.ContactPage.<init>(ContactPage.java:14)
at Pages.ContactPage.<init>(ContactPage.java:14)
at Pages.ContactPage.<init>(ContactPage.java:14)
at Pages.ContactPage.<init>(ContactPage.java:14)
at Pages.ContactPage.<init>(ContactPage.java:14)
at Pages.ContactPage.<init>(ContactPage.java:14)
at Pages.ContactPage.<init>(ContactPage.java:14)
at Pages.ContactPage.<init>(ContactPage.java:14)
at Pages.ContactPage.<init>(ContactPage.java:14)
at Pages.ContactPage.<init>(ContactPage.java:14)
at Pages.ContactPage.<init>(ContactPage.java:14)
at Pages.ContactPage.<init>(ContactPage.java:14)
at Pages.ContactPage.<init>(ContactPage.java:14)
at Pages.ContactPage.<init>(ContactPage.java:14)
at Pages.ContactPage.<init>(ContactPage.java:14)
at Pages.ContactPage.<init>(ContactPage.java:14)
at Pages.ContactPage.<init>(ContactPage.java:14)
at Pages.ContactPage.<init>(ContactPage.java:14)
at Pages.ContactPage.<init>(ContactPage.java:14)
at Pages.ContactPage.<init>(ContactPage.java:14)
at Pages.ContactPage.<init>(ContactPage.java:14)
at Pages.ContactPage.<init>(ContactPage.java:14)
at Pages.ContactPage.<init>(ContactPage.java:14)
at Pages.ContactPage.<init>(ContactPage.java:14)
at Pages.ContactPage.<init>(ContactPage.java:14)
at Pages.ContactPage.<init>(ContactPage.java:14)
at Pages.ContactPage.<init>(ContactPage.java:14)
at Pages.ContactPage.<init>(ContactPage.java:14)
at Pages.ContactPage.<init>(ContactPage.java:14)
at Pages.ContactPage.<init>(ContactPage.java:14)
at Pages.ContactPage.<init>(ContactPage.java:14)
at Pages.ContactPage.<init>(ContactPage.java:14)
at Pages.ContactPage.<init>(ContactPage.java:14)
at Pages.ContactPage.<init>(ContactPage.java:14)
at Pages.ContactPage.<init>(ContactPage.java:14)
at Pages.ContactPage.<init>(ContactPage.java:14)
at Pages.ContactPage.<init>(ContactPage.java:14)
at Pages.ContactPage.<init>(ContactPage.java:14)
at Pages.ContactPage.<init>(ContactPage.java:14)
at Pages.ContactPage.<init>(ContactPage.java:14)
at Pages.ContactPage.<init>(ContactPage.java:14)
at Pages.ContactPage.<init>(ContactPage.java:14)
at Pages.ContactPage.<init>(ContactPage.java:14)
at Pages.ContactPage.<init>(ContactPage.java:14)
at Pages.ContactPage.<init>(ContactPage.java:14)
at Pages.ContactPage.<init>(ContactPage.java:14)
at Pages.ContactPage.<init>(ContactPage.java:14)
at Pages.ContactPage.<init>(ContactPage.java:14)
at Pages.ContactPage.<init>(ContactPage.java:14)
at Pages.ContactPage.<init>(ContactPage.java:14)
at Pages.ContactPage.<init>(ContactPage.java:14)
at Pages.ContactPage.<init>(ContactPage.java:14)
at Pages.ContactPage.<init>(ContactPage.java:14)
at Pages.ContactPage.<init>(ContactPage.java:14)
at Pages.ContactPage.<init>(ContactPage.java:14)
at Pages.ContactPage.<init>(ContactPage.java:14)
at Pages.ContactPage.<init>(ContactPage.java:14)
at Pages.ContactPage.<init>(ContactPage.java:14)
at Pages.ContactPage.<init>(ContactPage.java:14)
at Pages.ContactPage.<init>(ContactPage.java:14)
at Pages.ContactPage.<init>(ContactPage.java:14)
at Pages.ContactPage.<init>(ContactPage.java:14)
at Pages.ContactPage.<init>(ContactPage.java:14)
at Pages.ContactPage.<init>(ContactPage.java:14)
at Pages.ContactPage.<init>(ContactPage.java:14)
at Pages.ContactPage.<init>(ContactPage.java:14)
at Pages.ContactPage.<init>(ContactPage.java:14)
at Pages.ContactPage.<init>(ContactPage.java:14)
at Pages.ContactPage.<init>(ContactPage.java:14)
at Pages.ContactPage.<init>(ContactPage.java:14)
at Pages.ContactPage.<init>(ContactPage.java:14)
at Pages.ContactPage.<init>(ContactPage.java:14)
at Pages.ContactPage.<init>(ContactPage.java:14)
at Pages.ContactPage.<init>(ContactPage.java:14)
at Pages.ContactPage.<init>(ContactPage.java:14)
at Pages.ContactPage.<init>(ContactPage.java:14)
at Pages.ContactPage.<init>(ContactPage.java:14)
at Pages.ContactPage.<init>(ContactPage.java:14)
at Pages.ContactPage.<init>(ContactPage.java:14)
at Pages.ContactPage.<init>(ContactPage.java:14)
at Pages.ContactPage.<init>(ContactPage.java:14)
at Pages.ContactPage.<init>(ContactPage.java:14)
at Pages.ContactPage.<init>(ContactPage.java:14)
at Pages.ContactPage.<init>(ContactPage.java:14)
at Pages.ContactPage.<init>(ContactPage.java:14)
at Pages.ContactPage.<init>(ContactPage.java:14)
at Pages.ContactPage.<init>(ContactPage.java:14)
at Pages.ContactPage.<init>(ContactPage.java:14)
at Pages.ContactPage.<init>(ContactPage.java:14)
at Pages.ContactPage.<init>(ContactPage.java:14)
at Pages.ContactPage.<init>(ContactPage.java:14)
at Pages.ContactPage.<init>(ContactPage.java:14)
at Pages.ContactPage.<init>(ContactPage.java:14)
at Pages.ContactPage.<init>(ContactPage.java:14)
at Pages.ContactPage.<init>(ContactPage.java:14)
at Pages.ContactPage.<init>(ContactPage.java:14)
at Pages.ContactPage.<init>(ContactPage.java:14)
at Pages.ContactPage.<init>(ContactPage.java:14)
at Pages.ContactPage.<init>(ContactPage.java:14)
at Pages.ContactPage.<init>(ContactPage.java:14)
at Pages.ContactPage.<init>(ContactPage.java:14)
at Pages.ContactPage.<init>(ContactPage.java:14)
at Pages.ContactPage.<init>(ContactPage.java:14)
at Pages.ContactPage.<init>(ContactPage.java:14)
at Pages.ContactPage.<init>(ContactPage.java:14)
at Pages.ContactPage.<init>(ContactPage.java:14)
at Pages.ContactPage.<init>(ContactPage.java:14)
at Pages.ContactPage.<init>(ContactPage.java:14)
at Pages.ContactPage.<init>(ContactPage.java:14)
at Pages.ContactPage.<init>(ContactPage.java:14)
at Pages.ContactPage.<init>(ContactPage.java:14)
at Pages.ContactPage.<init>(ContactPage.java:14)
at Pages.ContactPage.<init>(ContactPage.java:14)
at Pages.ContactPage.<init>(ContactPage.java:14)
at Pages.ContactPage.<init>(ContactPage.java:14)
at Pages.ContactPage.<init>(ContactPage.java:14)
at Pages.ContactPage.<init>(ContactPage.java:14)
at Pages.ContactPage.<init>(ContactPage.java:14)
at Pages.ContactPage.<init>(ContactPage.java:14)
at Pages.ContactPage.<init>(ContactPage.java:14)
at Pages.ContactPage.<init>(ContactPage.java:14)
at Pages.ContactPage.<init>(ContactPage.java:14)
at Pages.ContactPage.<init>(ContactPage.java:14)
at Pages.ContactPage.<init>(ContactPage.java:14)
at Pages.ContactPage.<init>(ContactPage.java:14)
at Pages.ContactPage.<init>(ContactPage.java:14)
at Pages.ContactPage.<init>(ContactPage.java:14)
at Pages.ContactPage.<init>(ContactPage.java:14)
at Pages.ContactPage.<init>(ContactPage.java:14)
at Pages.ContactPage.<init>(ContactPage.java:14)
at Pages.ContactPage.<init>(ContactPage.java:14)
at Pages.ContactPage.<init>(ContactPage.java:14)
at Pages.ContactPage.<init>(ContactPage.java:14)
at Pages.ContactPage.<init>(ContactPage.java:14)
at Pages.ContactPage.<init>(ContactPage.java:14)
at Pages.ContactPage.<init>(ContactPage.java:14)
at Pages.ContactPage.<init>(ContactPage.java:14)
at Pages.ContactPage.<init>(ContactPage.java:14)
at Pages.ContactPage.<init>(ContactPage.java:14)
at Pages.ContactPage.<init>(ContactPage.java:14)
at Pages.ContactPage.<init>(ContactPage.java:14)
at Pages.ContactPage.<init>(ContactPage.java:14)
at Pages.ContactPage.<init>(ContactPage.java:14)
at Pages.ContactPage.<init>(ContactPage.java:14)
at Pages.ContactPage.<init>(ContactPage.java:14)
at Pages.ContactPage.<init>(ContactPage.java:14)
at Pages.ContactPage.<init>(ContactPage.java:14)
at Pages.ContactPage.<init>(ContactPage.java:14)
at Pages.ContactPage.<init>(ContactPage.java:14)
at Pages.ContactPage.<init>(ContactPage.java:14)
at Pages.ContactPage.<init>(ContactPage.java:14)
at Pages.ContactPage.<init>(ContactPage.java:14)
at Pages.ContactPage.<init>(ContactPage.java:14)
at Pages.ContactPage.<init>(ContactPage.java:14)
at Pages.ContactPage.<init>(ContactPage.java:14)
at Pages.ContactPage.<init>(ContactPage.java:14)
at Pages.ContactPage.<init>(ContactPage.java:14)
at Pages.ContactPage.<init>(ContactPage.java:14)
at Pages.ContactPage.<init>(ContactPage.java:14)
at Pages.ContactPage.<init>(ContactPage.java:14)
at Pages.ContactPage.<init>(ContactPage.java:14)
at Pages.ContactPage.<init>(ContactPage.java:14)
at Pages.ContactPage.<init>(ContactPage.java:14)
at Pages.ContactPage.<init>(ContactPage.java:14)
at Pages.ContactPage.<init>(ContactPage.java:14)
at Pages.ContactPage.<init>(ContactPage.java:14)
at Pages.ContactPage.<init>(ContactPage.java:14)
at Pages.ContactPage.<init>(ContactPage.java:14)
at Pages.ContactPage.<init>(ContactPage.java:14)
at Pages.ContactPage.<init>(ContactPage.java:14)
at Pages.ContactPage.<init>(ContactPage.java:14)
at Pages.ContactPage.<init>(ContactPage.java:14)
at Pages.ContactPage.<init>(ContactPage.java:14)
at Pages.ContactPage.<init>(ContactPage.java:14)
at Pages.ContactPage.<init>(ContactPage.java:14)
at Pages.ContactPage.<init>(ContactPage.java:14)
at Pages.ContactPage.<init>(ContactPage.java:14)
at Pages.ContactPage.<init>(ContactPage.java:14)
at Pages.ContactPage.<init>(ContactPage.java:14)
at Pages.ContactPage.<init>(ContactPage.java:14)
at Pages.ContactPage.<init>(ContactPage.java:14)
at Pages.ContactPage.<init>(ContactPage.java:14)
at Pages.ContactPage.<init>(ContactPage.java:14)
at Pages.ContactPage.<init>(ContactPage.java:14)
at Pages.ContactPage.<init>(ContactPage.java:14)
at Pages.ContactPage.<init>(ContactPage.java:14)
at Pages.ContactPage.<init>(ContactPage.java:14)
at Pages.ContactPage.<init>(ContactPage.java:14)
at Pages.ContactPage.<init>(ContactPage.java:14)
at Pages.ContactPage.<init>(ContactPage.java:14)
at Pages.ContactPage.<init>(ContactPage.java:14)
at Pages.ContactPage.<init>(ContactPage.java:14)
at Pages.ContactPage.<init>(ContactPage.java:14)
at Pages.ContactPage.<init>(ContactPage.java:14)
at Pages.ContactPage.<init>(ContactPage.java:14)
at Pages.ContactPage.<init>(ContactPage.java:14)
at Pages.ContactPage.<init>(ContactPage.java:14)
at Pages.ContactPage.<init>(ContactPage.java:14)
at Pages.ContactPage.<init>(ContactPage.java:14)
at Pages.ContactPage.<init>(ContactPage.java:14)
at Pages.ContactPage.<init>(ContactPage.java:14)
at Pages.ContactPage.<init>(ContactPage.java:14)
at Pages.ContactPage.<init>(ContactPage.java:14)
at Pages.ContactPage.<init>(ContactPage.java:14)
at Pages.ContactPage.<init>(ContactPage.java:14)
at Pages.ContactPage.<init>(ContactPage.java:14)
at Pages.ContactPage.<init>(ContactPage.java:14)
at Pages.ContactPage.<init>(ContactPage.java:14)
at Pages.ContactPage.<init>(ContactPage.java:14)
at Pages.ContactPage.<init>(ContactPage.java:14)
at Pages.ContactPage.<init>(ContactPage.java:14)
at Pages.ContactPage.<init>(ContactPage.java:14)
at Pages.ContactPage.<init>(ContactPage.java:14)
at Pages.ContactPage.<init>(ContactPage.java:14)
at Pages.ContactPage.<init>(ContactPage.java:14)
at Pages.ContactPage.<init>(ContactPage.java:14)
at Pages.ContactPage.<init>(ContactPage.java:14)
at Pages.ContactPage.<init>(ContactPage.java:14)
at Pages.ContactPage.<init>(ContactPage.java:14)
at Pages.ContactPage.<init>(ContactPage.java:14)
at Pages.ContactPage.<init>(ContactPage.java:14)
at Pages.ContactPage.<init>(ContactPage.java:14)
at Pages.ContactPage.<init>(ContactPage.java:14)
at Pages.ContactPage.<init>(ContactPage.java:14)
at Pages.ContactPage.<init>(ContactPage.java:14)
at Pages.ContactPage.<init>(ContactPage.java:14)
at Pages.ContactPage.<init>(ContactPage.java:14)
at Pages.ContactPage.<init>(ContactPage.java:14)
at Pages.ContactPage.<init>(ContactPage.java:14)
at Pages.ContactPage.<init>(ContactPage.java:14)
at Pages.ContactPage.<init>(ContactPage.java:14)
at Pages.ContactPage.<init>(ContactPage.java:14)
at Pages.ContactPage.<init>(ContactPage.java:14)
at Pages.ContactPage.<init>(ContactPage.java:14)
at Pages.ContactPage.<init>(ContactPage.java:14)
at Pages.ContactPage.<init>(ContactPage.java:14)
at Pages.ContactPage.<init>(ContactPage.java:14)
at Pages.ContactPage.<init>(ContactPage.java:14)
at Pages.ContactPage.<init>(ContactPage.java:14)
at Pages.ContactPage.<init>(ContactPage.java:14)
at Pages.ContactPage.<init>(ContactPage.java:14)
at Pages.ContactPage.<init>(ContactPage.java:14)
at Pages.ContactPage.<init>(ContactPage.java:14)
at Pages.ContactPage.<init>(ContactPage.java:14)
at Pages.ContactPage.<init>(ContactPage.java:14)
at Pages.ContactPage.<init>(ContactPage.java:14)
at Pages.ContactPage.<init>(ContactPage.java:14)
at Pages.ContactPage.<init>(ContactPage.java:14)
at Pages.ContactPage.<init>(ContactPage.java:14)
at Pages.ContactPage.<init>(ContactPage.java:14)
at Pages.ContactPage.<init>(ContactPage.java:14)
at Pages.ContactPage.<init>(ContactPage.java:14)
at Pages.ContactPage.<init>(ContactPage.java:14)
at Pages.ContactPage.<init>(ContactPage.java:14)
at Pages.ContactPage.<init>(ContactPage.java:14)
at Pages.ContactPage.<init>(ContactPage.java:14)
at Pages.ContactPage.<init>(ContactPage.java:14)
at Pages.ContactPage.<init>(ContactPage.java:14)
at Pages.ContactPage.<init>(ContactPage.java:14)
at Pages.ContactPage.<init>(ContactPage.java:14)
at Pages.ContactPage.<init>(ContactPage.java:14)
at Pages.ContactPage.<init>(ContactPage.java:14)
at Pages.ContactPage.<init>(ContactPage.java:14)
at Pages.ContactPage.<init>(ContactPage.java:14)
at Pages.ContactPage.<init>(ContactPage.java:14)
at Pages.ContactPage.<init>(ContactPage.java:14)
at Pages.ContactPage.<init>(ContactPage.java:14)
at Pages.ContactPage.<init>(ContactPage.java:14)
at Pages.ContactPage.<init>(ContactPage.java:14)
at Pages.ContactPage.<init>(ContactPage.java:14)
at Pages.ContactPage.<init>(ContactPage.java:14)
at Pages.ContactPage.<init>(ContactPage.java:14)
at Pages.ContactPage.<init>(ContactPage.java:14)
at Pages.ContactPage.<init>(ContactPage.java:14)
at Pages.ContactPage.<init>(ContactPage.java:14)
at Pages.ContactPage.<init>(ContactPage.java:14)
at Pages.ContactPage.<init>(ContactPage.java:14)
at Pages.ContactPage.<init>(ContactPage.java:14)
at Pages.ContactPage.<init>(ContactPage.java:14)
at Pages.ContactPage.<init>(ContactPage.java:14)
at Pages.ContactPage.<init>(ContactPage.java:14)
at Pages.ContactPage.<init>(ContactPage.java:14)
at Pages.ContactPage.<init>(ContactPage.java:14)
at Pages.ContactPage.<init>(ContactPage.java:14)
at Pages.ContactPage.<init>(ContactPage.java:14)
at Pages.ContactPage.<init>(ContactPage.java:14)
at Pages.ContactPage.<init>(ContactPage.java:14)
at Pages.ContactPage.<init>(ContactPage.java:14)
at Pages.ContactPage.<init>(ContactPage.java:14)
at Pages.ContactPage.<init>(ContactPage.java:14)
at Pages.ContactPage.<init>(ContactPage.java:14)
at Pages.ContactPage.<init>(ContactPage.java:14)
at Pages.ContactPage.<init>(ContactPage.java:14)
at Pages.ContactPage.<init>(ContactPage.java:14)
at Pages.ContactPage.<init>(ContactPage.java:14)
at Pages.ContactPage.<init>(ContactPage.java:14)
at Pages.ContactPage.<init>(ContactPage.java:14)
at Pages.ContactPage.<init>(ContactPage.java:14)
at Pages.ContactPage.<init>(ContactPage.java:14)
at Pages.ContactPage.<init>(ContactPage.java:14)
at Pages.ContactPage.<init>(ContactPage.java:14)
at Pages.ContactPage.<init>(ContactPage.java:14)
at Pages.ContactPage.<init>(ContactPage.java:14)
at Pages.ContactPage.<init>(ContactPage.java:14)
at Pages.ContactPage.<init>(ContactPage.java:14)
at Pages.ContactPage.<init>(ContactPage.java:14)
at Pages.ContactPage.<init>(ContactPage.java:14)
at Pages.ContactPage.<init>(ContactPage.java:14)
at Pages.ContactPage.<init>(ContactPage.java:14)
at Pages.ContactPage.<init>(ContactPage.java:14)
at Pages.ContactPage.<init>(ContactPage.java:14)
at Pages.ContactPage.<init>(ContactPage.java:14)
at Pages.ContactPage.<init>(ContactPage.java:14)
at Pages.ContactPage.<init>(ContactPage.java:14)
at Pages.ContactPage.<init>(ContactPage.java:14)
at Pages.ContactPage.<init>(ContactPage.java:14)
at Pages.ContactPage.<init>(ContactPage.java:14)
at Pages.ContactPage.<init>(ContactPage.java:14)
at Pages.ContactPage.<init>(ContactPage.java:14)
at Pages.ContactPage.<init>(ContactPage.java:14)
at Pages.ContactPage.<init>(ContactPage.java:14)
at Pages.ContactPage.<init>(ContactPage.java:14)
at Pages.ContactPage.<init>(ContactPage.java:14)
at Pages.ContactPage.<init>(ContactPage.java:14)
at Pages.ContactPage.<init>(ContactPage.java:14)
at Pages.ContactPage.<init>(ContactPage.java:14)
at Pages.ContactPage.<init>(ContactPage.java:14)
at Pages.ContactPage.<init>(ContactPage.java:14)
at Pages.ContactPage.<init>(ContactPage.java:14)
at Pages.ContactPage.<init>(ContactPage.java:14)
at Pages.ContactPage.<init>(ContactPage.java:14)
at Pages.ContactPage.<init>(ContactPage.java:14)
at Pages.ContactPage.<init>(ContactPage.java:14)
at Pages.ContactPage.<init>(ContactPage.java:14)
at Pages.ContactPage.<init>(ContactPage.java:14)
at Pages.ContactPage.<init>(ContactPage.java:14)
at Pages.ContactPage.<init>(ContactPage.java:14)
at Pages.ContactPage.<init>(ContactPage.java:14)
at Pages.ContactPage.<init>(ContactPage.java:14)
at Pages.ContactPage.<init>(ContactPage.java:14)
at Pages.ContactPage.<init>(ContactPage.java:14)
at Pages.ContactPage.<init>(ContactPage.java:14)
at Pages.ContactPage.<init>(ContactPage.java:14)
at Pages.ContactPage.<init>(ContactPage.java:14)
at Pages.ContactPage.<init>(ContactPage.java:14)
at Pages.ContactPage.<init>(ContactPage.java:14)
at Pages.ContactPage.<init>(ContactPage.java:14)
at Pages.ContactPage.<init>(ContactPage.java:14)
at Pages.ContactPage.<init>(ContactPage.java:14)
at Pages.ContactPage.<init>(ContactPage.java:14)
at Pages.ContactPage.<init>(ContactPage.java:14)
at Pages.ContactPage.<init>(ContactPage.java:14)
at Pages.ContactPage.<init>(ContactPage.java:14)
at Pages.ContactPage.<init>(ContactPage.java:14)
at Pages.ContactPage.<init>(ContactPage.java:14)
at Pages.ContactPage.<init>(ContactPage.java:14)
at Pages.ContactPage.<init>(ContactPage.java:14)
at Pages.ContactPage.<init>(ContactPage.java:14)
at Pages.ContactPage.<init>(ContactPage.java:14)
at Pages.ContactPage.<init>(ContactPage.java:14)
at Pages.ContactPage.<init>(ContactPage.java:14)
at Pages.ContactPage.<init>(ContactPage.java:14)
at Pages.ContactPage.<init>(ContactPage.java:14)
at Pages.ContactPage.<init>(ContactPage.java:14)
at Pages.ContactPage.<init>(ContactPage.java:14)
at Pages.ContactPage.<init>(ContactPage.java:14)
at Pages.ContactPage.<init>(ContactPage.java:14)
at Pages.ContactPage.<init>(ContactPage.java:14)
at Pages.ContactPage.<init>(ContactPage.java:14)
at Pages.ContactPage.<init>(ContactPage.java:14)
at Pages.ContactPage.<init>(ContactPage.java:14)
at Pages.ContactPage.<init>(ContactPage.java:14)
at Pages.ContactPage.<init>(ContactPage.java:14)
at Pages.ContactPage.<init>(ContactPage.java:14)
at Pages.ContactPage.<init>(ContactPage.java:14)
at Pages.ContactPage.<init>(ContactPage.java:14)
at Pages.ContactPage.<init>(ContactPage.java:14)
at Pages.ContactPage.<init>(ContactPage.java:14)
at Pages.ContactPage.<init>(ContactPage.java:14)
at Pages.ContactPage.<init>(ContactPage.java:14)
at Pages.ContactPage.<init>(ContactPage.java:14)
at Pages.ContactPage.<init>(ContactPage.java:14)
at Pages.ContactPage.<init>(ContactPage.java:14)
at Pages.ContactPage.<init>(ContactPage.java:14)
at Pages.ContactPage.<init>(ContactPage.java:14)
at Pages.ContactPage.<init>(ContactPage.java:14)
at Pages.ContactPage.<init>(ContactPage.java:14)
at Pages.ContactPage.<init>(ContactPage.java:14)
at Pages.ContactPage.<init>(ContactPage.java:14)
at Pages.ContactPage.<init>(ContactPage.java:14)
at Pages.ContactPage.<init>(ContactPage.java:14)
at Pages.ContactPage.<init>(ContactPage.java:14)
at Pages.ContactPage.<init>(ContactPage.java:14)
at Pages.ContactPage.<init>(ContactPage.java:14)
at Pages.ContactPage.<init>(ContactPage.java:14)
at Pages.ContactPage.<init>(ContactPage.java:14)
at Pages.ContactPage.<init>(ContactPage.java:14)
at Pages.ContactPage.<init>(ContactPage.java:14)
at Pages.ContactPage.<init>(ContactPage.java:14)
at Pages.ContactPage.<init>(ContactPage.java:14)
at Pages.ContactPage.<init>(ContactPage.java:14)
at Pages.ContactPage.<init>(ContactPage.java:14)
at Pages.ContactPage.<init>(ContactPage.java:14)
at Pages.ContactPage.<init>(ContactPage.java:14)
at Pages.ContactPage.<init>(ContactPage.java:14)
at Pages.ContactPage.<init>(ContactPage.java:14)
at Pages.ContactPage.<init>(ContactPage.java:14)
at Pages.ContactPage.<init>(ContactPage.java:14)
at Pages.ContactPage.<init>(ContactPage.java:14)
at Pages.ContactPage.<init>(ContactPage.java:14)
at Pages.ContactPage.<init>(ContactPage.java:14)
at Pages.ContactPage.<init>(ContactPage.java:14)
at Pages.ContactPage.<init>(ContactPage.java:14)
at Pages.ContactPage.<init>(ContactPage.java:14)
at Pages.ContactPage.<init>(ContactPage.java:14)
at Pages.ContactPage.<init>(ContactPage.java:14)
at Pages.ContactPage.<init>(ContactPage.java:14)
at Pages.ContactPage.<init>(ContactPage.java:14)
at Pages.ContactPage.<init>(ContactPage.java:14)
at Pages.ContactPage.<init>(ContactPage.java:14)
at Pages.ContactPage.<init>(ContactPage.java:14)
at Pages.ContactPage.<init>(ContactPage.java:14)
at Pages.ContactPage.<init>(ContactPage.java:14)
at Pages.ContactPage.<init>(ContactPage.java:14)
at Pages.ContactPage.<init>(ContactPage.java:14)
at Pages.ContactPage.<init>(ContactPage.java:14)
at Pages.ContactPage.<init>(ContactPage.java:14)
at Pages.ContactPage.<init>(ContactPage.java:14)
at Pages.ContactPage.<init>(ContactPage.java:14)
at Pages.ContactPage.<init>(ContactPage.java:14)
at Pages.ContactPage.<init>(ContactPage.java:14)
at Pages.ContactPage.<init>(ContactPage.java:14)
at Pages.ContactPage.<init>(ContactPage.java:14)
at Pages.ContactPage.<init>(ContactPage.java:14)
at Pages.ContactPage.<init>(ContactPage.java:14)
at Pages.ContactPage.<init>(ContactPage.java:14)
at Pages.ContactPage.<init>(ContactPage.java:14)
at Pages.ContactPage.<init>(ContactPage.java:14)
at Pages.ContactPage.<init>(ContactPage.java:14)
at Pages.ContactPage.<init>(ContactPage.java:14)
at Pages.ContactPage.<init>(ContactPage.java:14)
at Pages.ContactPage.<init>(ContactPage.java:14)
at Pages.ContactPage.<init>(ContactPage.java:14)
at Pages.ContactPage.<init>(ContactPage.java:14)
at Pages.ContactPage.<init>(ContactPage.java:14)
at Pages.ContactPage.<init>(ContactPage.java:14)
at Pages.ContactPage.<init>(ContactPage.java:14)
at Pages.ContactPage.<init>(ContactPage.java:14)
at Pages.ContactPage.<init>(ContactPage.java:14)
at Pages.ContactPage.<init>(ContactPage.java:14)
at Pages.ContactPage.<init>(ContactPage.java:14)
at Pages.ContactPage.<init>(ContactPage.java:14)
at Pages.ContactPage.<init>(ContactPage.java:14)
at Pages.ContactPage.<init>(ContactPage.java:14)
at Pages.ContactPage.<init>(ContactPage.java:14)
at Pages.ContactPage.<init>(ContactPage.java:14)
at Pages.ContactPage.<init>(ContactPage.java:14)
at Pages.ContactPage.<init>(ContactPage.java:14)
at Pages.ContactPage.<init>(ContactPage.java:14)
at Pages.ContactPage.<init>(ContactPage.java:14)
at Pages.ContactPage.<init>(ContactPage.java:14)
at Pages.ContactPage.<init>(ContactPage.java:14)
at Pages.ContactPage.<init>(ContactPage.java:14)
at Pages.ContactPage.<init>(ContactPage.java:14)
at Pages.ContactPage.<init>(ContactPage.java:14)
at Pages.ContactPage.<init>(ContactPage.java:14)
at Pages.ContactPage.<init>(ContactPage.java:14)
at Pages.ContactPage.<init>(ContactPage.java:14)
at Pages.ContactPage.<init>(ContactPage.java:14)
at Pages.ContactPage.<init>(ContactPage.java:14)
at Pages.ContactPage.<init>(ContactPage.java:14)
at Pages.ContactPage.<init>(ContactPage.java:14)
at Pages.ContactPage.<init>(ContactPage.java:14)
at Pages.ContactPage.<init>(ContactPage.java:14)
at Pages.ContactPage.<init>(ContactPage.java:14)
at Pages.ContactPage.<init>(ContactPage.java:14)
at Pages.ContactPage.<init>(ContactPage.java:14)
at Pages.ContactPage.<init>(ContactPage.java:14)
at Pages.ContactPage.<init>(ContactPage.java:14)
at Pages.ContactPage.<init>(ContactPage.java:14)
at Pages.ContactPage.<init>(ContactPage.java:14)
at Pages.ContactPage.<init>(ContactPage.java:14)
at Pages.ContactPage.<init>(ContactPage.java:14)
at Pages.ContactPage.<init>(ContactPage.java:14)
at Pages.ContactPage.<init>(ContactPage.java:14)
at Pages.ContactPage.<init>(ContactPage.java:14)
at Pages.ContactPage.<init>(ContactPage.java:14)
at Pages.ContactPage.<init>(ContactPage.java:14)
at Pages.ContactPage.<init>(ContactPage.java:14)
at Pages.ContactPage.<init>(ContactPage.java:14)
at Pages.ContactPage.<init>(ContactPage.java:14)
at Pages.ContactPage.<init>(ContactPage.java:14)
at Pages.ContactPage.<init>(ContactPage.java:14)
at Pages.ContactPage.<init>(ContactPage.java:14)
at Pages.ContactPage.<init>(ContactPage.java:14)
at Pages.ContactPage.<init>(ContactPage.java:14)
at Pages.ContactPage.<init>(ContactPage.java:14)
at Pages.ContactPage.<init>(ContactPage.java:14)
at Pages.ContactPage.<init>(ContactPage.java:14)
at Pages.ContactPage.<init>(ContactPage.java:14)
at Pages.ContactPage.<init>(ContactPage.java:14)
at Pages.ContactPage.<init>(ContactPage.java:14)
at Pages.ContactPage.<init>(ContactPage.java:14)
at Pages.ContactPage.<init>(ContactPage.java:14)
at Pages.ContactPage.<init>(ContactPage.java:14)
at Pages.ContactPage.<init>(ContactPage.java:14)
at Pages.ContactPage.<init>(ContactPage.java:14)
at Pages.ContactPage.<init>(ContactPage.java:14)
at Pages.ContactPage.<init>(ContactPage.java:14)
at Pages.ContactPage.<init>(ContactPage.java:14)
at Pages.ContactPage.<init>(ContactPage.java:14)
at Pages.ContactPage.<init>(ContactPage.java:14)
at Pages.ContactPage.<init>(ContactPage.java:14)
at Pages.ContactPage.<init>(ContactPage.java:14)
at Pages.ContactPage.<init>(ContactPage.java:14)
at Pages.ContactPage.<init>(ContactPage.java:14)
at Pages.ContactPage.<init>(ContactPage.java:14)
at Pages.ContactPage.<init>(ContactPage.java:14)
at Pages.ContactPage.<init>(ContactPage.java:14)
at Pages.ContactPage.<init>(ContactPage.java:14)
at Pages.ContactPage.<init>(ContactPage.java:14)
at Pages.ContactPage.<init>(ContactPage.java:14)
at Pages.ContactPage.<init>(ContactPage.java:14)
at Pages.ContactPage.<init>(ContactPage.java:14)
at Pages.ContactPage.<init>(ContactPage.java:14)
at Pages.ContactPage.<init>(ContactPage.java:14)
at Pages.ContactPage.<init>(ContactPage.java:14)
at Pages.ContactPage.<init>(ContactPage.java:14)
at Pages.ContactPage.<init>(ContactPage.java:14)
at Pages.ContactPage.<init>(ContactPage.java:14)
at Pages.ContactPage.<init>(ContactPage.java:14)
at Pages.ContactPage.<init>(ContactPage.java:14)
at Pages.ContactPage.<init>(ContactPage.java:14)
at Pages.ContactPage.<init>(ContactPage.java:14)
at Pages.ContactPage.<init>(ContactPage.java:14)
at Pages.ContactPage.<init>(ContactPage.java:14)
at Pages.ContactPage.<init>(ContactPage.java:14)
at Pages.ContactPage.<init>(ContactPage.java:14)
at Pages.ContactPage.<init>(ContactPage.java:14)
at Pages.ContactPage.<init>(ContactPage.java:14)
at Pages.ContactPage.<init>(ContactPage.java:14)
at Pages.ContactPage.<init>(ContactPage.java:14)
at Pages.ContactPage.<init>(ContactPage.java:14)
at Pages.ContactPage.<init>(ContactPage.java:14)
at Pages.ContactPage.<init>(ContactPage.java:14)
at Pages.ContactPage.<init>(ContactPage.java:14)
at Pages.ContactPage.<init>(ContactPage.java:14)
at Pages.ContactPage.<init>(ContactPage.java:14)
at Pages.ContactPage.<init>(ContactPage.java:14)
at Pages.ContactPage.<init>(ContactPage.java:14)
at Pages.ContactPage.<init>(ContactPage.java:14)
at Pages.ContactPage.<init>(ContactPage.java:14)
at Pages.ContactPage.<init>(ContactPage.java:14)
at Pages.ContactPage.<init>(ContactPage.java:14)
at Pages.ContactPage.<init>(ContactPage.java:14)
at Pages.ContactPage.<init>(ContactPage.java:14)
at Pages.ContactPage.<init>(ContactPage.java:14)
at Pages.ContactPage.<init>(ContactPage.java:14)
at Pages.ContactPage.<init>(ContactPage.java:14)
at Pages.ContactPage.<init>(ContactPage.java:14)
at Pages.ContactPage.<init>(ContactPage.java:14)
at Pages.ContactPage.<init>(ContactPage.java:14)
at Pages.ContactPage.<init>(ContactPage.java:14)
at Pages.ContactPage.<init>(ContactPage.java:14)
at Pages.ContactPage.<init>(ContactPage.java:14)
at Pages.ContactPage.<init>(ContactPage.java:14)
at Pages.ContactPage.<init>(ContactPage.java:14)
at Pages.ContactPage.<init>(ContactPage.java:14)
at Pages.ContactPage.<init>(ContactPage.java:14)
at Pages.ContactPage.<init>(ContactPage.java:14)
at Pages.ContactPage.<init>(ContactPage.java:14)
at Pages.ContactPage.<init>(ContactPage.java:14)
at Pages.ContactPage.<init>(ContactPage.java:14)
at Pages.ContactPage.<init>(ContactPage.java:14)
at Pages.ContactPage.<init>(ContactPage.java:14)
at Pages.ContactPage.<init>(ContactPage.java:14)
at Pages.ContactPage.<init>(ContactPage.java:14)
at Pages.ContactPage.<init>(ContactPage.java:14)
at Pages.ContactPage.<init>(ContactPage.java:14)
at Pages.ContactPage.<init>(ContactPage.java:14)
at Pages.ContactPage.<init>(ContactPage.java:14)
at Pages.ContactPage.<init>(ContactPage.java:14)
at Pages.ContactPage.<init>(ContactPage.java:14)
at Pages.ContactPage.<init>(ContactPage.java:14)
at Pages.ContactPage.<init>(ContactPage.java:14)
at Pages.ContactPage.<init>(ContactPage.java:14)
at Pages.ContactPage.<init>(ContactPage.java:14)
at Pages.ContactPage.<init>(ContactPage.java:14)
at Pages.ContactPage.<init>(ContactPage.java:14)
at Pages.ContactPage.<init>(ContactPage.java:14)
at Pages.ContactPage.<init>(ContactPage.java:14)
at Pages.ContactPage.<init>(ContactPage.java:14)
at Pages.ContactPage.<init>(ContactPage.java:14)
at Pages.ContactPage.<init>(ContactPage.java:14)
at Pages.ContactPage.<init>(ContactPage.java:14)
at Pages.ContactPage.<init>(ContactPage.java:14)
at Pages.ContactPage.<init>(ContactPage.java:14)
at Pages.ContactPage.<init>(ContactPage.java:14)
at Pages.ContactPage.<init>(ContactPage.java:14)
at Pages.ContactPage.<init>(ContactPage.java:14)
at Pages.ContactPage.<init>(ContactPage.java:14)
at Pages.ContactPage.<init>(ContactPage.java:14)
at Pages.ContactPage.<init>(ContactPage.java:14)
at Pages.ContactPage.<init>(ContactPage.java:14)
at Pages.ContactPage.<init>(ContactPage.java:14)
at Pages.ContactPage.<init>(ContactPage.java:14)
at Pages.ContactPage.<init>(ContactPage.java:14)
at Pages.ContactPage.<init>(ContactPage.java:14)
at Pages.ContactPage.<init>(ContactPage.java:14)
at Pages.ContactPage.<init>(ContactPage.java:14)
at Pages.ContactPage.<init>(ContactPage.java:14)
at Pages.ContactPage.<init>(ContactPage.java:14)
at Pages.ContactPage.<init>(ContactPage.java:14)
at Pages.ContactPage.<init>(ContactPage.java:14)
at Pages.ContactPage.<init>(ContactPage.java:14)
at Pages.ContactPage.<init>(ContactPage.java:14)
at Pages.ContactPage.<init>(ContactPage.java:14)
at Pages.ContactPage.<init>(ContactPage.java:14)
at Pages.ContactPage.<init>(ContactPage.java:14)
at Pages.ContactPage.<init>(ContactPage.java:14)
at Pages.ContactPage.<init>(ContactPage.java:14)
at Pages.ContactPage.<init>(ContactPage.java:14)
at Pages.ContactPage.<init>(ContactPage.java:14)
at Pages.ContactPage.<init>(ContactPage.java:14)
at Pages.ContactPage.<init>(ContactPage.java:14)
at Pages.ContactPage.<init>(ContactPage.java:14)
at Pages.ContactPage.<init>(ContactPage.java:14)
at Pages.ContactPage.<init>(ContactPage.java:14)
at Pages.ContactPage.<init>(ContactPage.java:14)
at Pages.ContactPage.<init>(ContactPage.java:14)
at Pages.ContactPage.<init>(ContactPage.java:14)
at Pages.ContactPage.<init>(ContactPage.java:14)
at Pages.ContactPage.<init>(ContactPage.java:14)
at Pages.ContactPage.<init>(ContactPage.java:14)
at Pages.ContactPage.<init>(ContactPage.java:14)
at Pages.ContactPage.<init>(ContactPage.java:14)
at Pages.ContactPage.<init>(ContactPage.java:14)
at Pages.ContactPage.<init>(ContactPage.java:14)
at Pages.ContactPage.<init>(ContactPage.java:14)
at Pages.ContactPage.<init>(ContactPage.java:14)
at Pages.ContactPage.<init>(ContactPage.java:14)
at Pages.ContactPage.<init>(ContactPage.java:14)
at Pages.ContactPage.<init>(ContactPage.java:14)
at Pages.ContactPage.<init>(ContactPage.java:14)
at Pages.ContactPage.<init>(ContactPage.java:14)
at Pages.ContactPage.<init>(ContactPage.java:14)
at Pages.ContactPage.<init>(ContactPage.java:14)
at Pages.ContactPage.<init>(ContactPage.java:14)
at Pages.ContactPage.<init>(ContactPage.java:14)
at Pages.ContactPage.<init>(ContactPage.java:14)
at Pages.ContactPage.<init>(ContactPage.java:14)
at Pages.ContactPage.<init>(ContactPage.java:14)
at Pages.ContactPage.<init>(ContactPage.java:14)
at Pages.ContactPage.<init>(ContactPage.java:14)
at Pages.ContactPage.<init>(ContactPage.java:14)
at Pages.ContactPage.<init>(ContactPage.java:14)
at Pages.ContactPage.<init>(ContactPage.java:14)
at Pages.ContactPage.<init>(ContactPage.java:14)
at Pages.ContactPage.<init>(ContactPage.java:14)
at Pages.ContactPage.<init>(ContactPage.java:14)
at Pages.ContactPage.<init>(ContactPage.java:14)
at Pages.ContactPage.<init>(ContactPage.java:14)
at Pages.ContactPage.<init>(ContactPage.java:14)
at Pages.ContactPage.<init>(ContactPage.java:14)
at Pages.ContactPage.<init>(ContactPage.java:14)
at Pages.ContactPage.<init>(ContactPage.java:14)
at Pages.ContactPage.<init>(ContactPage.java:14)
at Pages.ContactPage.<init>(ContactPage.java:14)
at Pages.ContactPage.<init>(ContactPage.java:14)
at Pages.ContactPage.<init>(ContactPage.java:14)
at Pages.ContactPage.<init>(ContactPage.java:14)
at Pages.ContactPage.<init>(ContactPage.java:14)
at Pages.ContactPage.<init>(ContactPage.java:14)
at Pages.ContactPage.<init>(ContactPage.java:14)
at Pages.ContactPage.<init>(ContactPage.java:14)
at Pages.ContactPage.<init>(ContactPage.java:14)
at Pages.ContactPage.<init>(ContactPage.java:14)
at Pages.ContactPage.<init>(ContactPage.java:14)
]]>
    </error>
  </testcase> <!-- fillalldetails -->
  <system-out/>
  <testcase classname="Testcases.New_ContactTest" name="filldetails" time="18.337">
    <skipped/>
  </testcase> <!-- filldetails -->
  <system-out/>
  <testcase classname="Testcases.New_ContactTest" name="beforemethod" time="66.224">
    <error message="TimedPromise timed out after 20000 ms
Build info: version: &#039;3.141.59&#039;, revision: &#039;e82be7d358&#039;, time: &#039;2018-11-14T08:17:03&#039;
System info: host: &#039;DESKTOP-TTB3E54&#039;, ip: &#039;192.168.186.1&#039;, os.name: &#039;Windows 10&#039;, os.arch: &#039;amd64&#039;, os.version: &#039;10.0&#039;, java.version: &#039;11.0.12&#039;
Driver info: org.openqa.selenium.firefox.FirefoxDriver
Capabilities {acceptInsecureCerts: true, browserName: firefox, browserVersion: 93.0, javascriptEnabled: true, moz:accessibilityChecks: false, moz:buildID: 20210927210923, moz:geckodriverVersion: 0.29.1, moz:headless: false, moz:processID: 1300, moz:profile: C:\Users\SHIV\AppData\Local..., moz:shutdownTimeout: 60000, moz:useNonSpecCompliantPointerOrigin: false, moz:webdriverClick: true, pageLoadStrategy: normal, platform: WINDOWS, platformName: WINDOWS, platformVersion: 10.0, proxy: Proxy(), setWindowRect: true, strictFileInteractability: false, timeouts: {implicit: 0, pageLoad: 300000, script: 30000}, unhandledPromptBehavior: dismiss and notify}
Session ID: 55022b38-6963-4c56-9040-e7e63039d199" type="org.openqa.selenium.TimeoutException">
      <![CDATA[org.openqa.selenium.TimeoutException: TimedPromise timed out after 20000 ms
Build info: version: '3.141.59', revision: 'e82be7d358', time: '2018-11-14T08:17:03'
System info: host: 'DESKTOP-TTB3E54', ip: '192.168.186.1', os.name: 'Windows 10', os.arch: 'amd64', os.version: '10.0', java.version: '11.0.12'
Driver info: org.openqa.selenium.firefox.FirefoxDriver
Capabilities {acceptInsecureCerts: true, browserName: firefox, browserVersion: 93.0, javascriptEnabled: true, moz:accessibilityChecks: false, moz:buildID: 20210927210923, moz:geckodriverVersion: 0.29.1, moz:headless: false, moz:processID: 1300, moz:profile: C:\Users\SHIV\AppData\Local..., moz:shutdownTimeout: 60000, moz:useNonSpecCompliantPointerOrigin: false, moz:webdriverClick: true, pageLoadStrategy: normal, platform: WINDOWS, platformName: WINDOWS, platformVersion: 10.0, proxy: Proxy(), setWindowRect: true, strictFileInteractability: false, timeouts: {implicit: 0, pageLoad: 300000, script: 30000}, unhandledPromptBehavior: dismiss and notify}
Session ID: 55022b38-6963-4c56-9040-e7e63039d199
at java.base/jdk.internal.reflect.NativeConstructorAccessorImpl.newInstance0(Native Method)
at java.base/jdk.internal.reflect.NativeConstructorAccessorImpl.newInstance(NativeConstructorAccessorImpl.java:62)
at java.base/jdk.internal.reflect.DelegatingConstructorAccessorImpl.newInstance(DelegatingConstructorAccessorImpl.java:45)
at java.base/java.lang.reflect.Constructor.newInstance(Constructor.java:490)
at org.openqa.selenium.remote.http.W3CHttpResponseCodec.createException(W3CHttpResponseCodec.java:187)
at org.openqa.selenium.remote.http.W3CHttpResponseCodec.decode(W3CHttpResponseCodec.java:122)
at org.openqa.selenium.remote.http.W3CHttpResponseCodec.decode(W3CHttpResponseCodec.java:49)
at org.openqa.selenium.remote.HttpCommandExecutor.execute(HttpCommandExecutor.java:158)
at org.openqa.selenium.remote.service.DriverCommandExecutor.execute(DriverCommandExecutor.java:83)
at org.openqa.selenium.remote.RemoteWebDriver.execute(RemoteWebDriver.java:552)
at org.openqa.selenium.remote.RemoteWebDriver.get(RemoteWebDriver.java:277)
at Base.TestBase.browserinitialize(TestBase.java:62)
at Testcases.New_ContactTest.beforemethod(New_ContactTest.java:54)
at java.base/jdk.internal.reflect.NativeMethodAccessorImpl.invoke0(Native Method)
at java.base/jdk.internal.reflect.NativeMethodAccessorImpl.invoke(NativeMethodAccessorImpl.java:62)
at java.base/jdk.internal.reflect.DelegatingMethodAccessorImpl.invoke(DelegatingMethodAccessorImpl.java:43)
at java.base/java.lang.reflect.Method.invoke(Method.java:566)
at org.testng.internal.MethodInvocationHelper.invokeMethod(MethodInvocationHelper.java:133)
at org.testng.internal.MethodInvocationHelper.invokeMethodConsideringTimeout(MethodInvocationHelper.java:62)
at org.testng.internal.ConfigInvoker.invokeConfigurationMethod(ConfigInvoker.java:385)
at org.testng.internal.ConfigInvoker.invokeConfigurations(ConfigInvoker.java:321)
at org.testng.internal.TestInvoker.runConfigMethods(TestInvoker.java:700)
at org.testng.internal.TestInvoker.invokeMethod(TestInvoker.java:527)
at org.testng.internal.TestInvoker.invokeTestMethod(TestInvoker.java:173)
at org.testng.internal.MethodRunner.runInSequence(MethodRunner.java:46)
at org.testng.internal.TestInvoker$MethodInvocationAgent.invoke(TestInvoker.java:824)
at org.testng.internal.TestInvoker.invokeTestMethods(TestInvoker.java:146)
at org.testng.internal.TestMethodWorker.invokeTestMethods(TestMethodWorker.java:146)
at org.testng.internal.TestMethodWorker.run(TestMethodWorker.java:128)
at java.base/java.util.ArrayList.forEach(ArrayList.java:1541)
at org.testng.TestRunner.privateRun(TestRunner.java:794)
at org.testng.TestRunner.run(TestRunner.java:596)
at org.testng.SuiteRunner.runTest(SuiteRunner.java:377)
at org.testng.SuiteRunner.runSequentially(SuiteRunner.java:371)
at org.testng.SuiteRunner.privateRun(SuiteRunner.java:332)
at org.testng.SuiteRunner.run(SuiteRunner.java:276)
at org.testng.SuiteRunnerWorker.runSuite(SuiteRunnerWorker.java:53)
at org.testng.SuiteRunnerWorker.run(SuiteRunnerWorker.java:96)
at org.testng.TestNG.runSuitesSequentially(TestNG.java:1212)
at org.testng.TestNG.runSuitesLocally(TestNG.java:1134)
at org.testng.TestNG.runSuites(TestNG.java:1063)
at org.testng.TestNG.run(TestNG.java:1031)
at org.testng.remote.AbstractRemoteTestNG.run(AbstractRemoteTestNG.java:115)
at org.testng.remote.RemoteTestNG.initAndRun(RemoteTestNG.java:251)
at org.testng.remote.RemoteTestNG.main(RemoteTestNG.java:77)
]]>
    </error>
  </testcase> <!-- beforemethod -->
  <system-out/>
  <testcase classname="Testcases.New_ContactTest" name="fillalldetails" time="190.202">
    <error type="java.lang.StackOverflowError">
      <![CDATA[java.lang.StackOverflowError
at java.base/java.security.AccessController.doPrivileged(Native Method)
at java.base/java.util.ResourceBundle.getLoader(ResourceBundle.java:584)
at java.base/java.util.ResourceBundle.getBundleImpl(ResourceBundle.java:1581)
at java.base/java.util.ResourceBundle.getBundleImpl(ResourceBundle.java:1556)
at java.base/java.util.ResourceBundle.getBundle(ResourceBundle.java:932)
at java.xml/jdk.xml.internal.SecuritySupport.lambda$getResourceBundle$5(SecuritySupport.java:269)
at java.base/java.security.AccessController.doPrivileged(Native Method)
at java.xml/jdk.xml.internal.SecuritySupport.getResourceBundle(SecuritySupport.java:267)
at java.xml/com.sun.org.apache.xerces.internal.util.SAXMessageFormatter.formatMessage(SAXMessageFormatter.java:59)
at java.xml/com.sun.org.apache.xerces.internal.parsers.AbstractSAXParser.getProperty(AbstractSAXParser.java:2068)
at java.xml/com.sun.org.apache.xerces.internal.jaxp.SAXParserImpl$JAXPSAXParser.setProperty(SAXParserImpl.java:571)
at org.dom4j.io.SAXHelper.setParserProperty(SAXHelper.java:35)
at org.dom4j.io.SAXReader.configureReader(SAXReader.java:621)
at org.dom4j.io.SAXReader.read(SAXReader.java:321)
at org.dom4j.io.SAXReader.read(SAXReader.java:246)
at org.apache.poi.openxml4j.opc.PackageRelationshipCollection.parseRelationshipsPart(PackageRelationshipCollection.java:305)
at org.apache.poi.openxml4j.opc.PackageRelationshipCollection.<init>(PackageRelationshipCollection.java:156)
at org.apache.poi.openxml4j.opc.PackageRelationshipCollection.<init>(PackageRelationshipCollection.java:124)
at org.apache.poi.openxml4j.opc.PackagePart.loadRelationships(PackagePart.java:527)
at org.apache.poi.openxml4j.opc.PackagePart.<init>(PackagePart.java:112)
at org.apache.poi.openxml4j.opc.PackagePart.<init>(PackagePart.java:83)
at org.apache.poi.openxml4j.opc.PackagePart.<init>(PackagePart.java:128)
at org.apache.poi.openxml4j.opc.ZipPackagePart.<init>(ZipPackagePart.java:78)
at org.apache.poi.openxml4j.opc.ZipPackage.getPartsImpl(ZipPackage.java:187)
at org.apache.poi.openxml4j.opc.OPCPackage.getParts(OPCPackage.java:585)
at org.apache.poi.openxml4j.opc.OPCPackage.open(OPCPackage.java:201)
at org.apache.poi.openxml4j.opc.OPCPackage.open(OPCPackage.java:178)
at org.apache.poi.util.PackageHelper.open(PackageHelper.java:53)
at org.apache.poi.xssf.usermodel.XSSFWorkbook.<init>(XSSFWorkbook.java:176)
at Utilities.Xls_Reader.<init>(Xls_Reader.java:32)
at Base.TestBase.<init>(TestBase.java:32)
at Pages.ContactPage.<init>(ContactPage.java:37)
at Pages.ContactPage.<init>(ContactPage.java:14)
at Pages.ContactPage.<init>(ContactPage.java:14)
at Pages.ContactPage.<init>(ContactPage.java:14)
at Pages.ContactPage.<init>(ContactPage.java:14)
at Pages.ContactPage.<init>(ContactPage.java:14)
at Pages.ContactPage.<init>(ContactPage.java:14)
at Pages.ContactPage.<init>(ContactPage.java:14)
at Pages.ContactPage.<init>(ContactPage.java:14)
at Pages.ContactPage.<init>(ContactPage.java:14)
at Pages.ContactPage.<init>(ContactPage.java:14)
at Pages.ContactPage.<init>(ContactPage.java:14)
at Pages.ContactPage.<init>(ContactPage.java:14)
at Pages.ContactPage.<init>(ContactPage.java:14)
at Pages.ContactPage.<init>(ContactPage.java:14)
at Pages.ContactPage.<init>(ContactPage.java:14)
at Pages.ContactPage.<init>(ContactPage.java:14)
at Pages.ContactPage.<init>(ContactPage.java:14)
at Pages.ContactPage.<init>(ContactPage.java:14)
at Pages.ContactPage.<init>(ContactPage.java:14)
at Pages.ContactPage.<init>(ContactPage.java:14)
at Pages.ContactPage.<init>(ContactPage.java:14)
at Pages.ContactPage.<init>(ContactPage.java:14)
at Pages.ContactPage.<init>(ContactPage.java:14)
at Pages.ContactPage.<init>(ContactPage.java:14)
at Pages.ContactPage.<init>(ContactPage.java:14)
at Pages.ContactPage.<init>(ContactPage.java:14)
at Pages.ContactPage.<init>(ContactPage.java:14)
at Pages.ContactPage.<init>(ContactPage.java:14)
at Pages.ContactPage.<init>(ContactPage.java:14)
at Pages.ContactPage.<init>(ContactPage.java:14)
at Pages.ContactPage.<init>(ContactPage.java:14)
at Pages.ContactPage.<init>(ContactPage.java:14)
at Pages.ContactPage.<init>(ContactPage.java:14)
at Pages.ContactPage.<init>(ContactPage.java:14)
at Pages.ContactPage.<init>(ContactPage.java:14)
at Pages.ContactPage.<init>(ContactPage.java:14)
at Pages.ContactPage.<init>(ContactPage.java:14)
at Pages.ContactPage.<init>(ContactPage.java:14)
at Pages.ContactPage.<init>(ContactPage.java:14)
at Pages.ContactPage.<init>(ContactPage.java:14)
at Pages.ContactPage.<init>(ContactPage.java:14)
at Pages.ContactPage.<init>(ContactPage.java:14)
at Pages.ContactPage.<init>(ContactPage.java:14)
at Pages.ContactPage.<init>(ContactPage.java:14)
at Pages.ContactPage.<init>(ContactPage.java:14)
at Pages.ContactPage.<init>(ContactPage.java:14)
at Pages.ContactPage.<init>(ContactPage.java:14)
at Pages.ContactPage.<init>(ContactPage.java:14)
at Pages.ContactPage.<init>(ContactPage.java:14)
at Pages.ContactPage.<init>(ContactPage.java:14)
at Pages.ContactPage.<init>(ContactPage.java:14)
at Pages.ContactPage.<init>(ContactPage.java:14)
at Pages.ContactPage.<init>(ContactPage.java:14)
at Pages.ContactPage.<init>(ContactPage.java:14)
at Pages.ContactPage.<init>(ContactPage.java:14)
at Pages.ContactPage.<init>(ContactPage.java:14)
at Pages.ContactPage.<init>(ContactPage.java:14)
at Pages.ContactPage.<init>(ContactPage.java:14)
at Pages.ContactPage.<init>(ContactPage.java:14)
at Pages.ContactPage.<init>(ContactPage.java:14)
at Pages.ContactPage.<init>(ContactPage.java:14)
at Pages.ContactPage.<init>(ContactPage.java:14)
at Pages.ContactPage.<init>(ContactPage.java:14)
at Pages.ContactPage.<init>(ContactPage.java:14)
at Pages.ContactPage.<init>(ContactPage.java:14)
at Pages.ContactPage.<init>(ContactPage.java:14)
at Pages.ContactPage.<init>(ContactPage.java:14)
at Pages.ContactPage.<init>(ContactPage.java:14)
at Pages.ContactPage.<init>(ContactPage.java:14)
at Pages.ContactPage.<init>(ContactPage.java:14)
at Pages.ContactPage.<init>(ContactPage.java:14)
at Pages.ContactPage.<init>(ContactPage.java:14)
at Pages.ContactPage.<init>(ContactPage.java:14)
at Pages.ContactPage.<init>(ContactPage.java:14)
at Pages.ContactPage.<init>(ContactPage.java:14)
at Pages.ContactPage.<init>(ContactPage.java:14)
at Pages.ContactPage.<init>(ContactPage.java:14)
at Pages.ContactPage.<init>(ContactPage.java:14)
at Pages.ContactPage.<init>(ContactPage.java:14)
at Pages.ContactPage.<init>(ContactPage.java:14)
at Pages.ContactPage.<init>(ContactPage.java:14)
at Pages.ContactPage.<init>(ContactPage.java:14)
at Pages.ContactPage.<init>(ContactPage.java:14)
at Pages.ContactPage.<init>(ContactPage.java:14)
at Pages.ContactPage.<init>(ContactPage.java:14)
at Pages.ContactPage.<init>(ContactPage.java:14)
at Pages.ContactPage.<init>(ContactPage.java:14)
at Pages.ContactPage.<init>(ContactPage.java:14)
at Pages.ContactPage.<init>(ContactPage.java:14)
at Pages.ContactPage.<init>(ContactPage.java:14)
at Pages.ContactPage.<init>(ContactPage.java:14)
at Pages.ContactPage.<init>(ContactPage.java:14)
at Pages.ContactPage.<init>(ContactPage.java:14)
at Pages.ContactPage.<init>(ContactPage.java:14)
at Pages.ContactPage.<init>(ContactPage.java:14)
at Pages.ContactPage.<init>(ContactPage.java:14)
at Pages.ContactPage.<init>(ContactPage.java:14)
at Pages.ContactPage.<init>(ContactPage.java:14)
at Pages.ContactPage.<init>(ContactPage.java:14)
at Pages.ContactPage.<init>(ContactPage.java:14)
at Pages.ContactPage.<init>(ContactPage.java:14)
at Pages.ContactPage.<init>(ContactPage.java:14)
at Pages.ContactPage.<init>(ContactPage.java:14)
at Pages.ContactPage.<init>(ContactPage.java:14)
at Pages.ContactPage.<init>(ContactPage.java:14)
at Pages.ContactPage.<init>(ContactPage.java:14)
at Pages.ContactPage.<init>(ContactPage.java:14)
at Pages.ContactPage.<init>(ContactPage.java:14)
at Pages.ContactPage.<init>(ContactPage.java:14)
at Pages.ContactPage.<init>(ContactPage.java:14)
at Pages.ContactPage.<init>(ContactPage.java:14)
at Pages.ContactPage.<init>(ContactPage.java:14)
at Pages.ContactPage.<init>(ContactPage.java:14)
at Pages.ContactPage.<init>(ContactPage.java:14)
at Pages.ContactPage.<init>(ContactPage.java:14)
at Pages.ContactPage.<init>(ContactPage.java:14)
at Pages.ContactPage.<init>(ContactPage.java:14)
at Pages.ContactPage.<init>(ContactPage.java:14)
at Pages.ContactPage.<init>(ContactPage.java:14)
at Pages.ContactPage.<init>(ContactPage.java:14)
at Pages.ContactPage.<init>(ContactPage.java:14)
at Pages.ContactPage.<init>(ContactPage.java:14)
at Pages.ContactPage.<init>(ContactPage.java:14)
at Pages.ContactPage.<init>(ContactPage.java:14)
at Pages.ContactPage.<init>(ContactPage.java:14)
at Pages.ContactPage.<init>(ContactPage.java:14)
at Pages.ContactPage.<init>(ContactPage.java:14)
at Pages.ContactPage.<init>(ContactPage.java:14)
at Pages.ContactPage.<init>(ContactPage.java:14)
at Pages.ContactPage.<init>(ContactPage.java:14)
at Pages.ContactPage.<init>(ContactPage.java:14)
at Pages.ContactPage.<init>(ContactPage.java:14)
at Pages.ContactPage.<init>(ContactPage.java:14)
at Pages.ContactPage.<init>(ContactPage.java:14)
at Pages.ContactPage.<init>(ContactPage.java:14)
at Pages.ContactPage.<init>(ContactPage.java:14)
at Pages.ContactPage.<init>(ContactPage.java:14)
at Pages.ContactPage.<init>(ContactPage.java:14)
at Pages.ContactPage.<init>(ContactPage.java:14)
at Pages.ContactPage.<init>(ContactPage.java:14)
at Pages.ContactPage.<init>(ContactPage.java:14)
at Pages.ContactPage.<init>(ContactPage.java:14)
at Pages.ContactPage.<init>(ContactPage.java:14)
at Pages.ContactPage.<init>(ContactPage.java:14)
at Pages.ContactPage.<init>(ContactPage.java:14)
at Pages.ContactPage.<init>(ContactPage.java:14)
at Pages.ContactPage.<init>(ContactPage.java:14)
at Pages.ContactPage.<init>(ContactPage.java:14)
at Pages.ContactPage.<init>(ContactPage.java:14)
at Pages.ContactPage.<init>(ContactPage.java:14)
at Pages.ContactPage.<init>(ContactPage.java:14)
at Pages.ContactPage.<init>(ContactPage.java:14)
at Pages.ContactPage.<init>(ContactPage.java:14)
at Pages.ContactPage.<init>(ContactPage.java:14)
at Pages.ContactPage.<init>(ContactPage.java:14)
at Pages.ContactPage.<init>(ContactPage.java:14)
at Pages.ContactPage.<init>(ContactPage.java:14)
at Pages.ContactPage.<init>(ContactPage.java:14)
at Pages.ContactPage.<init>(ContactPage.java:14)
at Pages.ContactPage.<init>(ContactPage.java:14)
at Pages.ContactPage.<init>(ContactPage.java:14)
at Pages.ContactPage.<init>(ContactPage.java:14)
at Pages.ContactPage.<init>(ContactPage.java:14)
at Pages.ContactPage.<init>(ContactPage.java:14)
at Pages.ContactPage.<init>(ContactPage.java:14)
at Pages.ContactPage.<init>(ContactPage.java:14)
at Pages.ContactPage.<init>(ContactPage.java:14)
at Pages.ContactPage.<init>(ContactPage.java:14)
at Pages.ContactPage.<init>(ContactPage.java:14)
at Pages.ContactPage.<init>(ContactPage.java:14)
at Pages.ContactPage.<init>(ContactPage.java:14)
at Pages.ContactPage.<init>(ContactPage.java:14)
at Pages.ContactPage.<init>(ContactPage.java:14)
at Pages.ContactPage.<init>(ContactPage.java:14)
at Pages.ContactPage.<init>(ContactPage.java:14)
at Pages.ContactPage.<init>(ContactPage.java:14)
at Pages.ContactPage.<init>(ContactPage.java:14)
at Pages.ContactPage.<init>(ContactPage.java:14)
at Pages.ContactPage.<init>(ContactPage.java:14)
at Pages.ContactPage.<init>(ContactPage.java:14)
at Pages.ContactPage.<init>(ContactPage.java:14)
at Pages.ContactPage.<init>(ContactPage.java:14)
at Pages.ContactPage.<init>(ContactPage.java:14)
at Pages.ContactPage.<init>(ContactPage.java:14)
at Pages.ContactPage.<init>(ContactPage.java:14)
at Pages.ContactPage.<init>(ContactPage.java:14)
at Pages.ContactPage.<init>(ContactPage.java:14)
at Pages.ContactPage.<init>(ContactPage.java:14)
at Pages.ContactPage.<init>(ContactPage.java:14)
at Pages.ContactPage.<init>(ContactPage.java:14)
at Pages.ContactPage.<init>(ContactPage.java:14)
at Pages.ContactPage.<init>(ContactPage.java:14)
at Pages.ContactPage.<init>(ContactPage.java:14)
at Pages.ContactPage.<init>(ContactPage.java:14)
at Pages.ContactPage.<init>(ContactPage.java:14)
at Pages.ContactPage.<init>(ContactPage.java:14)
at Pages.ContactPage.<init>(ContactPage.java:14)
at Pages.ContactPage.<init>(ContactPage.java:14)
at Pages.ContactPage.<init>(ContactPage.java:14)
at Pages.ContactPage.<init>(ContactPage.java:14)
at Pages.ContactPage.<init>(ContactPage.java:14)
at Pages.ContactPage.<init>(ContactPage.java:14)
at Pages.ContactPage.<init>(ContactPage.java:14)
at Pages.ContactPage.<init>(ContactPage.java:14)
at Pages.ContactPage.<init>(ContactPage.java:14)
at Pages.ContactPage.<init>(ContactPage.java:14)
at Pages.ContactPage.<init>(ContactPage.java:14)
at Pages.ContactPage.<init>(ContactPage.java:14)
at Pages.ContactPage.<init>(ContactPage.java:14)
at Pages.ContactPage.<init>(ContactPage.java:14)
at Pages.ContactPage.<init>(ContactPage.java:14)
at Pages.ContactPage.<init>(ContactPage.java:14)
at Pages.ContactPage.<init>(ContactPage.java:14)
at Pages.ContactPage.<init>(ContactPage.java:14)
at Pages.ContactPage.<init>(ContactPage.java:14)
at Pages.ContactPage.<init>(ContactPage.java:14)
at Pages.ContactPage.<init>(ContactPage.java:14)
at Pages.ContactPage.<init>(ContactPage.java:14)
at Pages.ContactPage.<init>(ContactPage.java:14)
at Pages.ContactPage.<init>(ContactPage.java:14)
at Pages.ContactPage.<init>(ContactPage.java:14)
at Pages.ContactPage.<init>(ContactPage.java:14)
at Pages.ContactPage.<init>(ContactPage.java:14)
at Pages.ContactPage.<init>(ContactPage.java:14)
at Pages.ContactPage.<init>(ContactPage.java:14)
at Pages.ContactPage.<init>(ContactPage.java:14)
at Pages.ContactPage.<init>(ContactPage.java:14)
at Pages.ContactPage.<init>(ContactPage.java:14)
at Pages.ContactPage.<init>(ContactPage.java:14)
at Pages.ContactPage.<init>(ContactPage.java:14)
at Pages.ContactPage.<init>(ContactPage.java:14)
at Pages.ContactPage.<init>(ContactPage.java:14)
at Pages.ContactPage.<init>(ContactPage.java:14)
at Pages.ContactPage.<init>(ContactPage.java:14)
at Pages.ContactPage.<init>(ContactPage.java:14)
at Pages.ContactPage.<init>(ContactPage.java:14)
at Pages.ContactPage.<init>(ContactPage.java:14)
at Pages.ContactPage.<init>(ContactPage.java:14)
at Pages.ContactPage.<init>(ContactPage.java:14)
at Pages.ContactPage.<init>(ContactPage.java:14)
at Pages.ContactPage.<init>(ContactPage.java:14)
at Pages.ContactPage.<init>(ContactPage.java:14)
at Pages.ContactPage.<init>(ContactPage.java:14)
at Pages.ContactPage.<init>(ContactPage.java:14)
at Pages.ContactPage.<init>(ContactPage.java:14)
at Pages.ContactPage.<init>(ContactPage.java:14)
at Pages.ContactPage.<init>(ContactPage.java:14)
at Pages.ContactPage.<init>(ContactPage.java:14)
at Pages.ContactPage.<init>(ContactPage.java:14)
at Pages.ContactPage.<init>(ContactPage.java:14)
at Pages.ContactPage.<init>(ContactPage.java:14)
at Pages.ContactPage.<init>(ContactPage.java:14)
at Pages.ContactPage.<init>(ContactPage.java:14)
at Pages.ContactPage.<init>(ContactPage.java:14)
at Pages.ContactPage.<init>(ContactPage.java:14)
at Pages.ContactPage.<init>(ContactPage.java:14)
at Pages.ContactPage.<init>(ContactPage.java:14)
at Pages.ContactPage.<init>(ContactPage.java:14)
at Pages.ContactPage.<init>(ContactPage.java:14)
at Pages.ContactPage.<init>(ContactPage.java:14)
at Pages.ContactPage.<init>(ContactPage.java:14)
at Pages.ContactPage.<init>(ContactPage.java:14)
at Pages.ContactPage.<init>(ContactPage.java:14)
at Pages.ContactPage.<init>(ContactPage.java:14)
at Pages.ContactPage.<init>(ContactPage.java:14)
at Pages.ContactPage.<init>(ContactPage.java:14)
at Pages.ContactPage.<init>(ContactPage.java:14)
at Pages.ContactPage.<init>(ContactPage.java:14)
at Pages.ContactPage.<init>(ContactPage.java:14)
at Pages.ContactPage.<init>(ContactPage.java:14)
at Pages.ContactPage.<init>(ContactPage.java:14)
at Pages.ContactPage.<init>(ContactPage.java:14)
at Pages.ContactPage.<init>(ContactPage.java:14)
at Pages.ContactPage.<init>(ContactPage.java:14)
at Pages.ContactPage.<init>(ContactPage.java:14)
at Pages.ContactPage.<init>(ContactPage.java:14)
at Pages.ContactPage.<init>(ContactPage.java:14)
at Pages.ContactPage.<init>(ContactPage.java:14)
at Pages.ContactPage.<init>(ContactPage.java:14)
at Pages.ContactPage.<init>(ContactPage.java:14)
at Pages.ContactPage.<init>(ContactPage.java:14)
at Pages.ContactPage.<init>(ContactPage.java:14)
at Pages.ContactPage.<init>(ContactPage.java:14)
at Pages.ContactPage.<init>(ContactPage.java:14)
at Pages.ContactPage.<init>(ContactPage.java:14)
at Pages.ContactPage.<init>(ContactPage.java:14)
at Pages.ContactPage.<init>(ContactPage.java:14)
at Pages.ContactPage.<init>(ContactPage.java:14)
at Pages.ContactPage.<init>(ContactPage.java:14)
at Pages.ContactPage.<init>(ContactPage.java:14)
at Pages.ContactPage.<init>(ContactPage.java:14)
at Pages.ContactPage.<init>(ContactPage.java:14)
at Pages.ContactPage.<init>(ContactPage.java:14)
at Pages.ContactPage.<init>(ContactPage.java:14)
at Pages.ContactPage.<init>(ContactPage.java:14)
at Pages.ContactPage.<init>(ContactPage.java:14)
at Pages.ContactPage.<init>(ContactPage.java:14)
at Pages.ContactPage.<init>(ContactPage.java:14)
at Pages.ContactPage.<init>(ContactPage.java:14)
at Pages.ContactPage.<init>(ContactPage.java:14)
at Pages.ContactPage.<init>(ContactPage.java:14)
at Pages.ContactPage.<init>(ContactPage.java:14)
at Pages.ContactPage.<init>(ContactPage.java:14)
at Pages.ContactPage.<init>(ContactPage.java:14)
at Pages.ContactPage.<init>(ContactPage.java:14)
at Pages.ContactPage.<init>(ContactPage.java:14)
at Pages.ContactPage.<init>(ContactPage.java:14)
at Pages.ContactPage.<init>(ContactPage.java:14)
at Pages.ContactPage.<init>(ContactPage.java:14)
at Pages.ContactPage.<init>(ContactPage.java:14)
at Pages.ContactPage.<init>(ContactPage.java:14)
at Pages.ContactPage.<init>(ContactPage.java:14)
at Pages.ContactPage.<init>(ContactPage.java:14)
at Pages.ContactPage.<init>(ContactPage.java:14)
at Pages.ContactPage.<init>(ContactPage.java:14)
at Pages.ContactPage.<init>(ContactPage.java:14)
at Pages.ContactPage.<init>(ContactPage.java:14)
at Pages.ContactPage.<init>(ContactPage.java:14)
at Pages.ContactPage.<init>(ContactPage.java:14)
at Pages.ContactPage.<init>(ContactPage.java:14)
at Pages.ContactPage.<init>(ContactPage.java:14)
at Pages.ContactPage.<init>(ContactPage.java:14)
at Pages.ContactPage.<init>(ContactPage.java:14)
at Pages.ContactPage.<init>(ContactPage.java:14)
at Pages.ContactPage.<init>(ContactPage.java:14)
at Pages.ContactPage.<init>(ContactPage.java:14)
at Pages.ContactPage.<init>(ContactPage.java:14)
at Pages.ContactPage.<init>(ContactPage.java:14)
at Pages.ContactPage.<init>(ContactPage.java:14)
at Pages.ContactPage.<init>(ContactPage.java:14)
at Pages.ContactPage.<init>(ContactPage.java:14)
at Pages.ContactPage.<init>(ContactPage.java:14)
at Pages.ContactPage.<init>(ContactPage.java:14)
at Pages.ContactPage.<init>(ContactPage.java:14)
at Pages.ContactPage.<init>(ContactPage.java:14)
at Pages.ContactPage.<init>(ContactPage.java:14)
at Pages.ContactPage.<init>(ContactPage.java:14)
at Pages.ContactPage.<init>(ContactPage.java:14)
at Pages.ContactPage.<init>(ContactPage.java:14)
at Pages.ContactPage.<init>(ContactPage.java:14)
at Pages.ContactPage.<init>(ContactPage.java:14)
at Pages.ContactPage.<init>(ContactPage.java:14)
at Pages.ContactPage.<init>(ContactPage.java:14)
at Pages.ContactPage.<init>(ContactPage.java:14)
at Pages.ContactPage.<init>(ContactPage.java:14)
at Pages.ContactPage.<init>(ContactPage.java:14)
at Pages.ContactPage.<init>(ContactPage.java:14)
at Pages.ContactPage.<init>(ContactPage.java:14)
at Pages.ContactPage.<init>(ContactPage.java:14)
at Pages.ContactPage.<init>(ContactPage.java:14)
at Pages.ContactPage.<init>(ContactPage.java:14)
at Pages.ContactPage.<init>(ContactPage.java:14)
at Pages.ContactPage.<init>(ContactPage.java:14)
at Pages.ContactPage.<init>(ContactPage.java:14)
at Pages.ContactPage.<init>(ContactPage.java:14)
at Pages.ContactPage.<init>(ContactPage.java:14)
at Pages.ContactPage.<init>(ContactPage.java:14)
at Pages.ContactPage.<init>(ContactPage.java:14)
at Pages.ContactPage.<init>(ContactPage.java:14)
at Pages.ContactPage.<init>(ContactPage.java:14)
at Pages.ContactPage.<init>(ContactPage.java:14)
at Pages.ContactPage.<init>(ContactPage.java:14)
at Pages.ContactPage.<init>(ContactPage.java:14)
at Pages.ContactPage.<init>(ContactPage.java:14)
at Pages.ContactPage.<init>(ContactPage.java:14)
at Pages.ContactPage.<init>(ContactPage.java:14)
at Pages.ContactPage.<init>(ContactPage.java:14)
at Pages.ContactPage.<init>(ContactPage.java:14)
at Pages.ContactPage.<init>(ContactPage.java:14)
at Pages.ContactPage.<init>(ContactPage.java:14)
at Pages.ContactPage.<init>(ContactPage.java:14)
at Pages.ContactPage.<init>(ContactPage.java:14)
at Pages.ContactPage.<init>(ContactPage.java:14)
at Pages.ContactPage.<init>(ContactPage.java:14)
at Pages.ContactPage.<init>(ContactPage.java:14)
at Pages.ContactPage.<init>(ContactPage.java:14)
at Pages.ContactPage.<init>(ContactPage.java:14)
at Pages.ContactPage.<init>(ContactPage.java:14)
at Pages.ContactPage.<init>(ContactPage.java:14)
at Pages.ContactPage.<init>(ContactPage.java:14)
at Pages.ContactPage.<init>(ContactPage.java:14)
at Pages.ContactPage.<init>(ContactPage.java:14)
at Pages.ContactPage.<init>(ContactPage.java:14)
at Pages.ContactPage.<init>(ContactPage.java:14)
at Pages.ContactPage.<init>(ContactPage.java:14)
at Pages.ContactPage.<init>(ContactPage.java:14)
at Pages.ContactPage.<init>(ContactPage.java:14)
at Pages.ContactPage.<init>(ContactPage.java:14)
at Pages.ContactPage.<init>(ContactPage.java:14)
at Pages.ContactPage.<init>(ContactPage.java:14)
at Pages.ContactPage.<init>(ContactPage.java:14)
at Pages.ContactPage.<init>(ContactPage.java:14)
at Pages.ContactPage.<init>(ContactPage.java:14)
at Pages.ContactPage.<init>(ContactPage.java:14)
at Pages.ContactPage.<init>(ContactPage.java:14)
at Pages.ContactPage.<init>(ContactPage.java:14)
at Pages.ContactPage.<init>(ContactPage.java:14)
at Pages.ContactPage.<init>(ContactPage.java:14)
at Pages.ContactPage.<init>(ContactPage.java:14)
at Pages.ContactPage.<init>(ContactPage.java:14)
at Pages.ContactPage.<init>(ContactPage.java:14)
at Pages.ContactPage.<init>(ContactPage.java:14)
at Pages.ContactPage.<init>(ContactPage.java:14)
at Pages.ContactPage.<init>(ContactPage.java:14)
at Pages.ContactPage.<init>(ContactPage.java:14)
at Pages.ContactPage.<init>(ContactPage.java:14)
at Pages.ContactPage.<init>(ContactPage.java:14)
at Pages.ContactPage.<init>(ContactPage.java:14)
at Pages.ContactPage.<init>(ContactPage.java:14)
at Pages.ContactPage.<init>(ContactPage.java:14)
at Pages.ContactPage.<init>(ContactPage.java:14)
at Pages.ContactPage.<init>(ContactPage.java:14)
at Pages.ContactPage.<init>(ContactPage.java:14)
at Pages.ContactPage.<init>(ContactPage.java:14)
at Pages.ContactPage.<init>(ContactPage.java:14)
at Pages.ContactPage.<init>(ContactPage.java:14)
at Pages.ContactPage.<init>(ContactPage.java:14)
at Pages.ContactPage.<init>(ContactPage.java:14)
at Pages.ContactPage.<init>(ContactPage.java:14)
at Pages.ContactPage.<init>(ContactPage.java:14)
at Pages.ContactPage.<init>(ContactPage.java:14)
at Pages.ContactPage.<init>(ContactPage.java:14)
at Pages.ContactPage.<init>(ContactPage.java:14)
at Pages.ContactPage.<init>(ContactPage.java:14)
at Pages.ContactPage.<init>(ContactPage.java:14)
at Pages.ContactPage.<init>(ContactPage.java:14)
at Pages.ContactPage.<init>(ContactPage.java:14)
at Pages.ContactPage.<init>(ContactPage.java:14)
at Pages.ContactPage.<init>(ContactPage.java:14)
at Pages.ContactPage.<init>(ContactPage.java:14)
at Pages.ContactPage.<init>(ContactPage.java:14)
at Pages.ContactPage.<init>(ContactPage.java:14)
at Pages.ContactPage.<init>(ContactPage.java:14)
at Pages.ContactPage.<init>(ContactPage.java:14)
at Pages.ContactPage.<init>(ContactPage.java:14)
at Pages.ContactPage.<init>(ContactPage.java:14)
at Pages.ContactPage.<init>(ContactPage.java:14)
at Pages.ContactPage.<init>(ContactPage.java:14)
at Pages.ContactPage.<init>(ContactPage.java:14)
at Pages.ContactPage.<init>(ContactPage.java:14)
at Pages.ContactPage.<init>(ContactPage.java:14)
at Pages.ContactPage.<init>(ContactPage.java:14)
at Pages.ContactPage.<init>(ContactPage.java:14)
at Pages.ContactPage.<init>(ContactPage.java:14)
at Pages.ContactPage.<init>(ContactPage.java:14)
at Pages.ContactPage.<init>(ContactPage.java:14)
at Pages.ContactPage.<init>(ContactPage.java:14)
at Pages.ContactPage.<init>(ContactPage.java:14)
at Pages.ContactPage.<init>(ContactPage.java:14)
at Pages.ContactPage.<init>(ContactPage.java:14)
at Pages.ContactPage.<init>(ContactPage.java:14)
at Pages.ContactPage.<init>(ContactPage.java:14)
at Pages.ContactPage.<init>(ContactPage.java:14)
at Pages.ContactPage.<init>(ContactPage.java:14)
at Pages.ContactPage.<init>(ContactPage.java:14)
at Pages.ContactPage.<init>(ContactPage.java:14)
at Pages.ContactPage.<init>(ContactPage.java:14)
at Pages.ContactPage.<init>(ContactPage.java:14)
at Pages.ContactPage.<init>(ContactPage.java:14)
at Pages.ContactPage.<init>(ContactPage.java:14)
at Pages.ContactPage.<init>(ContactPage.java:14)
at Pages.ContactPage.<init>(ContactPage.java:14)
at Pages.ContactPage.<init>(ContactPage.java:14)
at Pages.ContactPage.<init>(ContactPage.java:14)
at Pages.ContactPage.<init>(ContactPage.java:14)
at Pages.ContactPage.<init>(ContactPage.java:14)
at Pages.ContactPage.<init>(ContactPage.java:14)
at Pages.ContactPage.<init>(ContactPage.java:14)
at Pages.ContactPage.<init>(ContactPage.java:14)
at Pages.ContactPage.<init>(ContactPage.java:14)
at Pages.ContactPage.<init>(ContactPage.java:14)
at Pages.ContactPage.<init>(ContactPage.java:14)
at Pages.ContactPage.<init>(ContactPage.java:14)
at Pages.ContactPage.<init>(ContactPage.java:14)
at Pages.ContactPage.<init>(ContactPage.java:14)
at Pages.ContactPage.<init>(ContactPage.java:14)
at Pages.ContactPage.<init>(ContactPage.java:14)
at Pages.ContactPage.<init>(ContactPage.java:14)
at Pages.ContactPage.<init>(ContactPage.java:14)
at Pages.ContactPage.<init>(ContactPage.java:14)
at Pages.ContactPage.<init>(ContactPage.java:14)
at Pages.ContactPage.<init>(ContactPage.java:14)
at Pages.ContactPage.<init>(ContactPage.java:14)
at Pages.ContactPage.<init>(ContactPage.java:14)
at Pages.ContactPage.<init>(ContactPage.java:14)
at Pages.ContactPage.<init>(ContactPage.java:14)
at Pages.ContactPage.<init>(ContactPage.java:14)
at Pages.ContactPage.<init>(ContactPage.java:14)
at Pages.ContactPage.<init>(ContactPage.java:14)
at Pages.ContactPage.<init>(ContactPage.java:14)
at Pages.ContactPage.<init>(ContactPage.java:14)
at Pages.ContactPage.<init>(ContactPage.java:14)
at Pages.ContactPage.<init>(ContactPage.java:14)
at Pages.ContactPage.<init>(ContactPage.java:14)
at Pages.ContactPage.<init>(ContactPage.java:14)
at Pages.ContactPage.<init>(ContactPage.java:14)
at Pages.ContactPage.<init>(ContactPage.java:14)
at Pages.ContactPage.<init>(ContactPage.java:14)
at Pages.ContactPage.<init>(ContactPage.java:14)
at Pages.ContactPage.<init>(ContactPage.java:14)
at Pages.ContactPage.<init>(ContactPage.java:14)
at Pages.ContactPage.<init>(ContactPage.java:14)
at Pages.ContactPage.<init>(ContactPage.java:14)
at Pages.ContactPage.<init>(ContactPage.java:14)
at Pages.ContactPage.<init>(ContactPage.java:14)
at Pages.ContactPage.<init>(ContactPage.java:14)
at Pages.ContactPage.<init>(ContactPage.java:14)
at Pages.ContactPage.<init>(ContactPage.java:14)
at Pages.ContactPage.<init>(ContactPage.java:14)
at Pages.ContactPage.<init>(ContactPage.java:14)
at Pages.ContactPage.<init>(ContactPage.java:14)
at Pages.ContactPage.<init>(ContactPage.java:14)
at Pages.ContactPage.<init>(ContactPage.java:14)
at Pages.ContactPage.<init>(ContactPage.java:14)
at Pages.ContactPage.<init>(ContactPage.java:14)
at Pages.ContactPage.<init>(ContactPage.java:14)
at Pages.ContactPage.<init>(ContactPage.java:14)
at Pages.ContactPage.<init>(ContactPage.java:14)
at Pages.ContactPage.<init>(ContactPage.java:14)
at Pages.ContactPage.<init>(ContactPage.java:14)
at Pages.ContactPage.<init>(ContactPage.java:14)
at Pages.ContactPage.<init>(ContactPage.java:14)
at Pages.ContactPage.<init>(ContactPage.java:14)
at Pages.ContactPage.<init>(ContactPage.java:14)
at Pages.ContactPage.<init>(ContactPage.java:14)
at Pages.ContactPage.<init>(ContactPage.java:14)
at Pages.ContactPage.<init>(ContactPage.java:14)
at Pages.ContactPage.<init>(ContactPage.java:14)
at Pages.ContactPage.<init>(ContactPage.java:14)
at Pages.ContactPage.<init>(ContactPage.java:14)
at Pages.ContactPage.<init>(ContactPage.java:14)
at Pages.ContactPage.<init>(ContactPage.java:14)
at Pages.ContactPage.<init>(ContactPage.java:14)
at Pages.ContactPage.<init>(ContactPage.java:14)
at Pages.ContactPage.<init>(ContactPage.java:14)
at Pages.ContactPage.<init>(ContactPage.java:14)
at Pages.ContactPage.<init>(ContactPage.java:14)
at Pages.ContactPage.<init>(ContactPage.java:14)
at Pages.ContactPage.<init>(ContactPage.java:14)
at Pages.ContactPage.<init>(ContactPage.java:14)
at Pages.ContactPage.<init>(ContactPage.java:14)
at Pages.ContactPage.<init>(ContactPage.java:14)
at Pages.ContactPage.<init>(ContactPage.java:14)
at Pages.ContactPage.<init>(ContactPage.java:14)
at Pages.ContactPage.<init>(ContactPage.java:14)
at Pages.ContactPage.<init>(ContactPage.java:14)
at Pages.ContactPage.<init>(ContactPage.java:14)
at Pages.ContactPage.<init>(ContactPage.java:14)
at Pages.ContactPage.<init>(ContactPage.java:14)
at Pages.ContactPage.<init>(ContactPage.java:14)
at Pages.ContactPage.<init>(ContactPage.java:14)
at Pages.ContactPage.<init>(ContactPage.java:14)
at Pages.ContactPage.<init>(ContactPage.java:14)
at Pages.ContactPage.<init>(ContactPage.java:14)
at Pages.ContactPage.<init>(ContactPage.java:14)
at Pages.ContactPage.<init>(ContactPage.java:14)
at Pages.ContactPage.<init>(ContactPage.java:14)
at Pages.ContactPage.<init>(ContactPage.java:14)
at Pages.ContactPage.<init>(ContactPage.java:14)
at Pages.ContactPage.<init>(ContactPage.java:14)
at Pages.ContactPage.<init>(ContactPage.java:14)
at Pages.ContactPage.<init>(ContactPage.java:14)
at Pages.ContactPage.<init>(ContactPage.java:14)
at Pages.ContactPage.<init>(ContactPage.java:14)
at Pages.ContactPage.<init>(ContactPage.java:14)
at Pages.ContactPage.<init>(ContactPage.java:14)
at Pages.ContactPage.<init>(ContactPage.java:14)
at Pages.ContactPage.<init>(ContactPage.java:14)
at Pages.ContactPage.<init>(ContactPage.java:14)
at Pages.ContactPage.<init>(ContactPage.java:14)
at Pages.ContactPage.<init>(ContactPage.java:14)
at Pages.ContactPage.<init>(ContactPage.java:14)
at Pages.ContactPage.<init>(ContactPage.java:14)
at Pages.ContactPage.<init>(ContactPage.java:14)
at Pages.ContactPage.<init>(ContactPage.java:14)
at Pages.ContactPage.<init>(ContactPage.java:14)
at Pages.ContactPage.<init>(ContactPage.java:14)
at Pages.ContactPage.<init>(ContactPage.java:14)
at Pages.ContactPage.<init>(ContactPage.java:14)
at Pages.ContactPage.<init>(ContactPage.java:14)
at Pages.ContactPage.<init>(ContactPage.java:14)
at Pages.ContactPage.<init>(ContactPage.java:14)
at Pages.ContactPage.<init>(ContactPage.java:14)
at Pages.ContactPage.<init>(ContactPage.java:14)
at Pages.ContactPage.<init>(ContactPage.java:14)
at Pages.ContactPage.<init>(ContactPage.java:14)
at Pages.ContactPage.<init>(ContactPage.java:14)
at Pages.ContactPage.<init>(ContactPage.java:14)
at Pages.ContactPage.<init>(ContactPage.java:14)
at Pages.ContactPage.<init>(ContactPage.java:14)
at Pages.ContactPage.<init>(ContactPage.java:14)
at Pages.ContactPage.<init>(ContactPage.java:14)
at Pages.ContactPage.<init>(ContactPage.java:14)
at Pages.ContactPage.<init>(ContactPage.java:14)
at Pages.ContactPage.<init>(ContactPage.java:14)
at Pages.ContactPage.<init>(ContactPage.java:14)
at Pages.ContactPage.<init>(ContactPage.java:14)
at Pages.ContactPage.<init>(ContactPage.java:14)
at Pages.ContactPage.<init>(ContactPage.java:14)
at Pages.ContactPage.<init>(ContactPage.java:14)
at Pages.ContactPage.<init>(ContactPage.java:14)
at Pages.ContactPage.<init>(ContactPage.java:14)
at Pages.ContactPage.<init>(ContactPage.java:14)
at Pages.ContactPage.<init>(ContactPage.java:14)
at Pages.ContactPage.<init>(ContactPage.java:14)
at Pages.ContactPage.<init>(ContactPage.java:14)
at Pages.ContactPage.<init>(ContactPage.java:14)
at Pages.ContactPage.<init>(ContactPage.java:14)
at Pages.ContactPage.<init>(ContactPage.java:14)
at Pages.ContactPage.<init>(ContactPage.java:14)
at Pages.ContactPage.<init>(ContactPage.java:14)
at Pages.ContactPage.<init>(ContactPage.java:14)
at Pages.ContactPage.<init>(ContactPage.java:14)
at Pages.ContactPage.<init>(ContactPage.java:14)
at Pages.ContactPage.<init>(ContactPage.java:14)
at Pages.ContactPage.<init>(ContactPage.java:14)
at Pages.ContactPage.<init>(ContactPage.java:14)
at Pages.ContactPage.<init>(ContactPage.java:14)
at Pages.ContactPage.<init>(ContactPage.java:14)
at Pages.ContactPage.<init>(ContactPage.java:14)
at Pages.ContactPage.<init>(ContactPage.java:14)
at Pages.ContactPage.<init>(ContactPage.java:14)
at Pages.ContactPage.<init>(ContactPage.java:14)
at Pages.ContactPage.<init>(ContactPage.java:14)
at Pages.ContactPage.<init>(ContactPage.java:14)
at Pages.ContactPage.<init>(ContactPage.java:14)
at Pages.ContactPage.<init>(ContactPage.java:14)
at Pages.ContactPage.<init>(ContactPage.java:14)
at Pages.ContactPage.<init>(ContactPage.java:14)
at Pages.ContactPage.<init>(ContactPage.java:14)
at Pages.ContactPage.<init>(ContactPage.java:14)
at Pages.ContactPage.<init>(ContactPage.java:14)
at Pages.ContactPage.<init>(ContactPage.java:14)
at Pages.ContactPage.<init>(ContactPage.java:14)
at Pages.ContactPage.<init>(ContactPage.java:14)
at Pages.ContactPage.<init>(ContactPage.java:14)
at Pages.ContactPage.<init>(ContactPage.java:14)
at Pages.ContactPage.<init>(ContactPage.java:14)
at Pages.ContactPage.<init>(ContactPage.java:14)
at Pages.ContactPage.<init>(ContactPage.java:14)
at Pages.ContactPage.<init>(ContactPage.java:14)
at Pages.ContactPage.<init>(ContactPage.java:14)
at Pages.ContactPage.<init>(ContactPage.java:14)
at Pages.ContactPage.<init>(ContactPage.java:14)
at Pages.ContactPage.<init>(ContactPage.java:14)
at Pages.ContactPage.<init>(ContactPage.java:14)
at Pages.ContactPage.<init>(ContactPage.java:14)
at Pages.ContactPage.<init>(ContactPage.java:14)
at Pages.ContactPage.<init>(ContactPage.java:14)
at Pages.ContactPage.<init>(ContactPage.java:14)
at Pages.ContactPage.<init>(ContactPage.java:14)
at Pages.ContactPage.<init>(ContactPage.java:14)
at Pages.ContactPage.<init>(ContactPage.java:14)
at Pages.ContactPage.<init>(ContactPage.java:14)
at Pages.ContactPage.<init>(ContactPage.java:14)
at Pages.ContactPage.<init>(ContactPage.java:14)
at Pages.ContactPage.<init>(ContactPage.java:14)
at Pages.ContactPage.<init>(ContactPage.java:14)
at Pages.ContactPage.<init>(ContactPage.java:14)
at Pages.ContactPage.<init>(ContactPage.java:14)
at Pages.ContactPage.<init>(ContactPage.java:14)
at Pages.ContactPage.<init>(ContactPage.java:14)
at Pages.ContactPage.<init>(ContactPage.java:14)
at Pages.ContactPage.<init>(ContactPage.java:14)
at Pages.ContactPage.<init>(ContactPage.java:14)
at Pages.ContactPage.<init>(ContactPage.java:14)
at Pages.ContactPage.<init>(ContactPage.java:14)
at Pages.ContactPage.<init>(ContactPage.java:14)
at Pages.ContactPage.<init>(ContactPage.java:14)
at Pages.ContactPage.<init>(ContactPage.java:14)
at Pages.ContactPage.<init>(ContactPage.java:14)
at Pages.ContactPage.<init>(ContactPage.java:14)
at Pages.ContactPage.<init>(ContactPage.java:14)
at Pages.ContactPage.<init>(ContactPage.java:14)
at Pages.ContactPage.<init>(ContactPage.java:14)
at Pages.ContactPage.<init>(ContactPage.java:14)
at Pages.ContactPage.<init>(ContactPage.java:14)
at Pages.ContactPage.<init>(ContactPage.java:14)
at Pages.ContactPage.<init>(ContactPage.java:14)
at Pages.ContactPage.<init>(ContactPage.java:14)
at Pages.ContactPage.<init>(ContactPage.java:14)
at Pages.ContactPage.<init>(ContactPage.java:14)
at Pages.ContactPage.<init>(ContactPage.java:14)
at Pages.ContactPage.<init>(ContactPage.java:14)
at Pages.ContactPage.<init>(ContactPage.java:14)
at Pages.ContactPage.<init>(ContactPage.java:14)
at Pages.ContactPage.<init>(ContactPage.java:14)
at Pages.ContactPage.<init>(ContactPage.java:14)
at Pages.ContactPage.<init>(ContactPage.java:14)
at Pages.ContactPage.<init>(ContactPage.java:14)
at Pages.ContactPage.<init>(ContactPage.java:14)
at Pages.ContactPage.<init>(ContactPage.java:14)
at Pages.ContactPage.<init>(ContactPage.java:14)
at Pages.ContactPage.<init>(ContactPage.java:14)
at Pages.ContactPage.<init>(ContactPage.java:14)
at Pages.ContactPage.<init>(ContactPage.java:14)
at Pages.ContactPage.<init>(ContactPage.java:14)
at Pages.ContactPage.<init>(ContactPage.java:14)
at Pages.ContactPage.<init>(ContactPage.java:14)
at Pages.ContactPage.<init>(ContactPage.java:14)
at Pages.ContactPage.<init>(ContactPage.java:14)
at Pages.ContactPage.<init>(ContactPage.java:14)
at Pages.ContactPage.<init>(ContactPage.java:14)
at Pages.ContactPage.<init>(ContactPage.java:14)
at Pages.ContactPage.<init>(ContactPage.java:14)
at Pages.ContactPage.<init>(ContactPage.java:14)
at Pages.ContactPage.<init>(ContactPage.java:14)
at Pages.ContactPage.<init>(ContactPage.java:14)
at Pages.ContactPage.<init>(ContactPage.java:14)
at Pages.ContactPage.<init>(ContactPage.java:14)
at Pages.ContactPage.<init>(ContactPage.java:14)
at Pages.ContactPage.<init>(ContactPage.java:14)
at Pages.ContactPage.<init>(ContactPage.java:14)
at Pages.ContactPage.<init>(ContactPage.java:14)
at Pages.ContactPage.<init>(ContactPage.java:14)
at Pages.ContactPage.<init>(ContactPage.java:14)
at Pages.ContactPage.<init>(ContactPage.java:14)
at Pages.ContactPage.<init>(ContactPage.java:14)
at Pages.ContactPage.<init>(ContactPage.java:14)
at Pages.ContactPage.<init>(ContactPage.java:14)
at Pages.ContactPage.<init>(ContactPage.java:14)
at Pages.ContactPage.<init>(ContactPage.java:14)
at Pages.ContactPage.<init>(ContactPage.java:14)
at Pages.ContactPage.<init>(ContactPage.java:14)
at Pages.ContactPage.<init>(ContactPage.java:14)
at Pages.ContactPage.<init>(ContactPage.java:14)
at Pages.ContactPage.<init>(ContactPage.java:14)
at Pages.ContactPage.<init>(ContactPage.java:14)
at Pages.ContactPage.<init>(ContactPage.java:14)
at Pages.ContactPage.<init>(ContactPage.java:14)
at Pages.ContactPage.<init>(ContactPage.java:14)
at Pages.ContactPage.<init>(ContactPage.java:14)
at Pages.ContactPage.<init>(ContactPage.java:14)
at Pages.ContactPage.<init>(ContactPage.java:14)
at Pages.ContactPage.<init>(ContactPage.java:14)
at Pages.ContactPage.<init>(ContactPage.java:14)
at Pages.ContactPage.<init>(ContactPage.java:14)
at Pages.ContactPage.<init>(ContactPage.java:14)
at Pages.ContactPage.<init>(ContactPage.java:14)
at Pages.ContactPage.<init>(ContactPage.java:14)
at Pages.ContactPage.<init>(ContactPage.java:14)
at Pages.ContactPage.<init>(ContactPage.java:14)
at Pages.ContactPage.<init>(ContactPage.java:14)
at Pages.ContactPage.<init>(ContactPage.java:14)
at Pages.ContactPage.<init>(ContactPage.java:14)
at Pages.ContactPage.<init>(ContactPage.java:14)
at Pages.ContactPage.<init>(ContactPage.java:14)
at Pages.ContactPage.<init>(ContactPage.java:14)
at Pages.ContactPage.<init>(ContactPage.java:14)
at Pages.ContactPage.<init>(ContactPage.java:14)
at Pages.ContactPage.<init>(ContactPage.java:14)
at Pages.ContactPage.<init>(ContactPage.java:14)
at Pages.ContactPage.<init>(ContactPage.java:14)
at Pages.ContactPage.<init>(ContactPage.java:14)
at Pages.ContactPage.<init>(ContactPage.java:14)
at Pages.ContactPage.<init>(ContactPage.java:14)
at Pages.ContactPage.<init>(ContactPage.java:14)
at Pages.ContactPage.<init>(ContactPage.java:14)
at Pages.ContactPage.<init>(ContactPage.java:14)
at Pages.ContactPage.<init>(ContactPage.java:14)
at Pages.ContactPage.<init>(ContactPage.java:14)
at Pages.ContactPage.<init>(ContactPage.java:14)
at Pages.ContactPage.<init>(ContactPage.java:14)
at Pages.ContactPage.<init>(ContactPage.java:14)
at Pages.ContactPage.<init>(ContactPage.java:14)
at Pages.ContactPage.<init>(ContactPage.java:14)
at Pages.ContactPage.<init>(ContactPage.java:14)
at Pages.ContactPage.<init>(ContactPage.java:14)
at Pages.ContactPage.<init>(ContactPage.java:14)
at Pages.ContactPage.<init>(ContactPage.java:14)
at Pages.ContactPage.<init>(ContactPage.java:14)
at Pages.ContactPage.<init>(ContactPage.java:14)
at Pages.ContactPage.<init>(ContactPage.java:14)
at Pages.ContactPage.<init>(ContactPage.java:14)
at Pages.ContactPage.<init>(ContactPage.java:14)
at Pages.ContactPage.<init>(ContactPage.java:14)
at Pages.ContactPage.<init>(ContactPage.java:14)
at Pages.ContactPage.<init>(ContactPage.java:14)
at Pages.ContactPage.<init>(ContactPage.java:14)
at Pages.ContactPage.<init>(ContactPage.java:14)
at Pages.ContactPage.<init>(ContactPage.java:14)
at Pages.ContactPage.<init>(ContactPage.java:14)
at Pages.ContactPage.<init>(ContactPage.java:14)
at Pages.ContactPage.<init>(ContactPage.java:14)
at Pages.ContactPage.<init>(ContactPage.java:14)
at Pages.ContactPage.<init>(ContactPage.java:14)
at Pages.ContactPage.<init>(ContactPage.java:14)
at Pages.ContactPage.<init>(ContactPage.java:14)
at Pages.ContactPage.<init>(ContactPage.java:14)
at Pages.ContactPage.<init>(ContactPage.java:14)
at Pages.ContactPage.<init>(ContactPage.java:14)
at Pages.ContactPage.<init>(ContactPage.java:14)
at Pages.ContactPage.<init>(ContactPage.java:14)
at Pages.ContactPage.<init>(ContactPage.java:14)
at Pages.ContactPage.<init>(ContactPage.java:14)
at Pages.ContactPage.<init>(ContactPage.java:14)
at Pages.ContactPage.<init>(ContactPage.java:14)
at Pages.ContactPage.<init>(ContactPage.java:14)
at Pages.ContactPage.<init>(ContactPage.java:14)
at Pages.ContactPage.<init>(ContactPage.java:14)
at Pages.ContactPage.<init>(ContactPage.java:14)
at Pages.ContactPage.<init>(ContactPage.java:14)
at Pages.ContactPage.<init>(ContactPage.java:14)
at Pages.ContactPage.<init>(ContactPage.java:14)
at Pages.ContactPage.<init>(ContactPage.java:14)
at Pages.ContactPage.<init>(ContactPage.java:14)
at Pages.ContactPage.<init>(ContactPage.java:14)
at Pages.ContactPage.<init>(ContactPage.java:14)
at Pages.ContactPage.<init>(ContactPage.java:14)
at Pages.ContactPage.<init>(ContactPage.java:14)
at Pages.ContactPage.<init>(ContactPage.java:14)
at Pages.ContactPage.<init>(ContactPage.java:14)
at Pages.ContactPage.<init>(ContactPage.java:14)
at Pages.ContactPage.<init>(ContactPage.java:14)
at Pages.ContactPage.<init>(ContactPage.java:14)
at Pages.ContactPage.<init>(ContactPage.java:14)
at Pages.ContactPage.<init>(ContactPage.java:14)
at Pages.ContactPage.<init>(ContactPage.java:14)
at Pages.ContactPage.<init>(ContactPage.java:14)
at Pages.ContactPage.<init>(ContactPage.java:14)
at Pages.ContactPage.<init>(ContactPage.java:14)
at Pages.ContactPage.<init>(ContactPage.java:14)
at Pages.ContactPage.<init>(ContactPage.java:14)
at Pages.ContactPage.<init>(ContactPage.java:14)
at Pages.ContactPage.<init>(ContactPage.java:14)
at Pages.ContactPage.<init>(ContactPage.java:14)
at Pages.ContactPage.<init>(ContactPage.java:14)
at Pages.ContactPage.<init>(ContactPage.java:14)
at Pages.ContactPage.<init>(ContactPage.java:14)
at Pages.ContactPage.<init>(ContactPage.java:14)
at Pages.ContactPage.<init>(ContactPage.java:14)
at Pages.ContactPage.<init>(ContactPage.java:14)
at Pages.ContactPage.<init>(ContactPage.java:14)
at Pages.ContactPage.<init>(ContactPage.java:14)
at Pages.ContactPage.<init>(ContactPage.java:14)
at Pages.ContactPage.<init>(ContactPage.java:14)
at Pages.ContactPage.<init>(ContactPage.java:14)
at Pages.ContactPage.<init>(ContactPage.java:14)
at Pages.ContactPage.<init>(ContactPage.java:14)
at Pages.ContactPage.<init>(ContactPage.java:14)
at Pages.ContactPage.<init>(ContactPage.java:14)
at Pages.ContactPage.<init>(ContactPage.java:14)
at Pages.ContactPage.<init>(ContactPage.java:14)
at Pages.ContactPage.<init>(ContactPage.java:14)
at Pages.ContactPage.<init>(ContactPage.java:14)
at Pages.ContactPage.<init>(ContactPage.java:14)
at Pages.ContactPage.<init>(ContactPage.java:14)
at Pages.ContactPage.<init>(ContactPage.java:14)
at Pages.ContactPage.<init>(ContactPage.java:14)
at Pages.ContactPage.<init>(ContactPage.java:14)
at Pages.ContactPage.<init>(ContactPage.java:14)
at Pages.ContactPage.<init>(ContactPage.java:14)
at Pages.ContactPage.<init>(ContactPage.java:14)
at Pages.ContactPage.<init>(ContactPage.java:14)
at Pages.ContactPage.<init>(ContactPage.java:14)
at Pages.ContactPage.<init>(ContactPage.java:14)
at Pages.ContactPage.<init>(ContactPage.java:14)
at Pages.ContactPage.<init>(ContactPage.java:14)
at Pages.ContactPage.<init>(ContactPage.java:14)
at Pages.ContactPage.<init>(ContactPage.java:14)
at Pages.ContactPage.<init>(ContactPage.java:14)
at Pages.ContactPage.<init>(ContactPage.java:14)
at Pages.ContactPage.<init>(ContactPage.java:14)
at Pages.ContactPage.<init>(ContactPage.java:14)
at Pages.ContactPage.<init>(ContactPage.java:14)
at Pages.ContactPage.<init>(ContactPage.java:14)
at Pages.ContactPage.<init>(ContactPage.java:14)
at Pages.ContactPage.<init>(ContactPage.java:14)
at Pages.ContactPage.<init>(ContactPage.java:14)
at Pages.ContactPage.<init>(ContactPage.java:14)
at Pages.ContactPage.<init>(ContactPage.java:14)
at Pages.ContactPage.<init>(ContactPage.java:14)
at Pages.ContactPage.<init>(ContactPage.java:14)
at Pages.ContactPage.<init>(ContactPage.java:14)
at Pages.ContactPage.<init>(ContactPage.java:14)
at Pages.ContactPage.<init>(ContactPage.java:14)
at Pages.ContactPage.<init>(ContactPage.java:14)
at Pages.ContactPage.<init>(ContactPage.java:14)
at Pages.ContactPage.<init>(ContactPage.java:14)
at Pages.ContactPage.<init>(ContactPage.java:14)
at Pages.ContactPage.<init>(ContactPage.java:14)
at Pages.ContactPage.<init>(ContactPage.java:14)
at Pages.ContactPage.<init>(ContactPage.java:14)
at Pages.ContactPage.<init>(ContactPage.java:14)
at Pages.ContactPage.<init>(ContactPage.java:14)
at Pages.ContactPage.<init>(ContactPage.java:14)
at Pages.ContactPage.<init>(ContactPage.java:14)
at Pages.ContactPage.<init>(ContactPage.java:14)
at Pages.ContactPage.<init>(ContactPage.java:14)
at Pages.ContactPage.<init>(ContactPage.java:14)
at Pages.ContactPage.<init>(ContactPage.java:14)
at Pages.ContactPage.<init>(ContactPage.java:14)
at Pages.ContactPage.<init>(ContactPage.java:14)
at Pages.ContactPage.<init>(ContactPage.java:14)
at Pages.ContactPage.<init>(ContactPage.java:14)
at Pages.ContactPage.<init>(ContactPage.java:14)
at Pages.ContactPage.<init>(ContactPage.java:14)
at Pages.ContactPage.<init>(ContactPage.java:14)
at Pages.ContactPage.<init>(ContactPage.java:14)
at Pages.ContactPage.<init>(ContactPage.java:14)
at Pages.ContactPage.<init>(ContactPage.java:14)
at Pages.ContactPage.<init>(ContactPage.java:14)
at Pages.ContactPage.<init>(ContactPage.java:14)
at Pages.ContactPage.<init>(ContactPage.java:14)
at Pages.ContactPage.<init>(ContactPage.java:14)
at Pages.ContactPage.<init>(ContactPage.java:14)
at Pages.ContactPage.<init>(ContactPage.java:14)
at Pages.ContactPage.<init>(ContactPage.java:14)
at Pages.ContactPage.<init>(ContactPage.java:14)
at Pages.ContactPage.<init>(ContactPage.java:14)
at Pages.ContactPage.<init>(ContactPage.java:14)
at Pages.ContactPage.<init>(ContactPage.java:14)
at Pages.ContactPage.<init>(ContactPage.java:14)
at Pages.ContactPage.<init>(ContactPage.java:14)
at Pages.ContactPage.<init>(ContactPage.java:14)
at Pages.ContactPage.<init>(ContactPage.java:14)
at Pages.ContactPage.<init>(ContactPage.java:14)
at Pages.ContactPage.<init>(ContactPage.java:14)
at Pages.ContactPage.<init>(ContactPage.java:14)
at Pages.ContactPage.<init>(ContactPage.java:14)
at Pages.ContactPage.<init>(ContactPage.java:14)
at Pages.ContactPage.<init>(ContactPage.java:14)
at Pages.ContactPage.<init>(ContactPage.java:14)
at Pages.ContactPage.<init>(ContactPage.java:14)
at Pages.ContactPage.<init>(ContactPage.java:14)
at Pages.ContactPage.<init>(ContactPage.java:14)
at Pages.ContactPage.<init>(ContactPage.java:14)
at Pages.ContactPage.<init>(ContactPage.java:14)
at Pages.ContactPage.<init>(ContactPage.java:14)
at Pages.ContactPage.<init>(ContactPage.java:14)
at Pages.ContactPage.<init>(ContactPage.java:14)
at Pages.ContactPage.<init>(ContactPage.java:14)
at Pages.ContactPage.<init>(ContactPage.java:14)
at Pages.ContactPage.<init>(ContactPage.java:14)
at Pages.ContactPage.<init>(ContactPage.java:14)
at Pages.ContactPage.<init>(ContactPage.java:14)
at Pages.ContactPage.<init>(ContactPage.java:14)
at Pages.ContactPage.<init>(ContactPage.java:14)
at Pages.ContactPage.<init>(ContactPage.java:14)
at Pages.ContactPage.<init>(ContactPage.java:14)
at Pages.ContactPage.<init>(ContactPage.java:14)
at Pages.ContactPage.<init>(ContactPage.java:14)
at Pages.ContactPage.<init>(ContactPage.java:14)
at Pages.ContactPage.<init>(ContactPage.java:14)
at Pages.ContactPage.<init>(ContactPage.java:14)
at Pages.ContactPage.<init>(ContactPage.java:14)
at Pages.ContactPage.<init>(ContactPage.java:14)
at Pages.ContactPage.<init>(ContactPage.java:14)
at Pages.ContactPage.<init>(ContactPage.java:14)
at Pages.ContactPage.<init>(ContactPage.java:14)
at Pages.ContactPage.<init>(ContactPage.java:14)
at Pages.ContactPage.<init>(ContactPage.java:14)
at Pages.ContactPage.<init>(ContactPage.java:14)
at Pages.ContactPage.<init>(ContactPage.java:14)
at Pages.ContactPage.<init>(ContactPage.java:14)
at Pages.ContactPage.<init>(ContactPage.java:14)
at Pages.ContactPage.<init>(ContactPage.java:14)
at Pages.ContactPage.<init>(ContactPage.java:14)
at Pages.ContactPage.<init>(ContactPage.java:14)
at Pages.ContactPage.<init>(ContactPage.java:14)
at Pages.ContactPage.<init>(ContactPage.java:14)
at Pages.ContactPage.<init>(ContactPage.java:14)
at Pages.ContactPage.<init>(ContactPage.java:14)
at Pages.ContactPage.<init>(ContactPage.java:14)
at Pages.ContactPage.<init>(ContactPage.java:14)
at Pages.ContactPage.<init>(ContactPage.java:14)
at Pages.ContactPage.<init>(ContactPage.java:14)
at Pages.ContactPage.<init>(ContactPage.java:14)
at Pages.ContactPage.<init>(ContactPage.java:14)
at Pages.ContactPage.<init>(ContactPage.java:14)
at Pages.ContactPage.<init>(ContactPage.java:14)
at Pages.ContactPage.<init>(ContactPage.java:14)
at Pages.ContactPage.<init>(ContactPage.java:14)
at Pages.ContactPage.<init>(ContactPage.java:14)
at Pages.ContactPage.<init>(ContactPage.java:14)
at Pages.ContactPage.<init>(ContactPage.java:14)
at Pages.ContactPage.<init>(ContactPage.java:14)
at Pages.ContactPage.<init>(ContactPage.java:14)
at Pages.ContactPage.<init>(ContactPage.java:14)
at Pages.ContactPage.<init>(ContactPage.java:14)
at Pages.ContactPage.<init>(ContactPage.java:14)
at Pages.ContactPage.<init>(ContactPage.java:14)
at Pages.ContactPage.<init>(ContactPage.java:14)
at Pages.ContactPage.<init>(ContactPage.java:14)
at Pages.ContactPage.<init>(ContactPage.java:14)
at Pages.ContactPage.<init>(ContactPage.java:14)
at Pages.ContactPage.<init>(ContactPage.java:14)
at Pages.ContactPage.<init>(ContactPage.java:14)
at Pages.ContactPage.<init>(ContactPage.java:14)
at Pages.ContactPage.<init>(ContactPage.java:14)
at Pages.ContactPage.<init>(ContactPage.java:14)
at Pages.ContactPage.<init>(ContactPage.java:14)
]]>
    </error>
  </testcase> <!-- fillalldetails -->
  <system-out/>
  <testcase classname="Testcases.New_ContactTest" name="fillalldetails" time="187.760">
    <error type="java.lang.StackOverflowError">
      <![CDATA[java.lang.StackOverflowError
at java.base/java.security.AccessController.doPrivileged(Native Method)
at java.base/java.util.ResourceBundle.getLoader(ResourceBundle.java:584)
at java.base/java.util.ResourceBundle.getBundleImpl(ResourceBundle.java:1581)
at java.base/java.util.ResourceBundle.getBundleImpl(ResourceBundle.java:1556)
at java.base/java.util.ResourceBundle.getBundle(ResourceBundle.java:932)
at java.xml/jdk.xml.internal.SecuritySupport.lambda$getResourceBundle$5(SecuritySupport.java:269)
at java.base/java.security.AccessController.doPrivileged(Native Method)
at java.xml/jdk.xml.internal.SecuritySupport.getResourceBundle(SecuritySupport.java:267)
at java.xml/com.sun.org.apache.xerces.internal.util.SAXMessageFormatter.formatMessage(SAXMessageFormatter.java:59)
at java.xml/com.sun.org.apache.xerces.internal.parsers.AbstractSAXParser.getProperty(AbstractSAXParser.java:2068)
at java.xml/com.sun.org.apache.xerces.internal.jaxp.SAXParserImpl$JAXPSAXParser.setProperty(SAXParserImpl.java:571)
at org.dom4j.io.SAXHelper.setParserProperty(SAXHelper.java:35)
at org.dom4j.io.SAXReader.configureReader(SAXReader.java:621)
at org.dom4j.io.SAXReader.read(SAXReader.java:321)
at org.dom4j.io.SAXReader.read(SAXReader.java:246)
at org.apache.poi.openxml4j.opc.PackageRelationshipCollection.parseRelationshipsPart(PackageRelationshipCollection.java:305)
at org.apache.poi.openxml4j.opc.PackageRelationshipCollection.<init>(PackageRelationshipCollection.java:156)
at org.apache.poi.openxml4j.opc.PackageRelationshipCollection.<init>(PackageRelationshipCollection.java:124)
at org.apache.poi.openxml4j.opc.PackagePart.loadRelationships(PackagePart.java:527)
at org.apache.poi.openxml4j.opc.PackagePart.<init>(PackagePart.java:112)
at org.apache.poi.openxml4j.opc.PackagePart.<init>(PackagePart.java:83)
at org.apache.poi.openxml4j.opc.PackagePart.<init>(PackagePart.java:128)
at org.apache.poi.openxml4j.opc.ZipPackagePart.<init>(ZipPackagePart.java:78)
at org.apache.poi.openxml4j.opc.ZipPackage.getPartsImpl(ZipPackage.java:187)
at org.apache.poi.openxml4j.opc.OPCPackage.getParts(OPCPackage.java:585)
at org.apache.poi.openxml4j.opc.OPCPackage.open(OPCPackage.java:201)
at org.apache.poi.openxml4j.opc.OPCPackage.open(OPCPackage.java:178)
at org.apache.poi.util.PackageHelper.open(PackageHelper.java:53)
at org.apache.poi.xssf.usermodel.XSSFWorkbook.<init>(XSSFWorkbook.java:176)
at Utilities.Xls_Reader.<init>(Xls_Reader.java:32)
at Base.TestBase.<init>(TestBase.java:32)
at Pages.ContactPage.<init>(ContactPage.java:37)
at Pages.ContactPage.<init>(ContactPage.java:14)
at Pages.ContactPage.<init>(ContactPage.java:14)
at Pages.ContactPage.<init>(ContactPage.java:14)
at Pages.ContactPage.<init>(ContactPage.java:14)
at Pages.ContactPage.<init>(ContactPage.java:14)
at Pages.ContactPage.<init>(ContactPage.java:14)
at Pages.ContactPage.<init>(ContactPage.java:14)
at Pages.ContactPage.<init>(ContactPage.java:14)
at Pages.ContactPage.<init>(ContactPage.java:14)
at Pages.ContactPage.<init>(ContactPage.java:14)
at Pages.ContactPage.<init>(ContactPage.java:14)
at Pages.ContactPage.<init>(ContactPage.java:14)
at Pages.ContactPage.<init>(ContactPage.java:14)
at Pages.ContactPage.<init>(ContactPage.java:14)
at Pages.ContactPage.<init>(ContactPage.java:14)
at Pages.ContactPage.<init>(ContactPage.java:14)
at Pages.ContactPage.<init>(ContactPage.java:14)
at Pages.ContactPage.<init>(ContactPage.java:14)
at Pages.ContactPage.<init>(ContactPage.java:14)
at Pages.ContactPage.<init>(ContactPage.java:14)
at Pages.ContactPage.<init>(ContactPage.java:14)
at Pages.ContactPage.<init>(ContactPage.java:14)
at Pages.ContactPage.<init>(ContactPage.java:14)
at Pages.ContactPage.<init>(ContactPage.java:14)
at Pages.ContactPage.<init>(ContactPage.java:14)
at Pages.ContactPage.<init>(ContactPage.java:14)
at Pages.ContactPage.<init>(ContactPage.java:14)
at Pages.ContactPage.<init>(ContactPage.java:14)
at Pages.ContactPage.<init>(ContactPage.java:14)
at Pages.ContactPage.<init>(ContactPage.java:14)
at Pages.ContactPage.<init>(ContactPage.java:14)
at Pages.ContactPage.<init>(ContactPage.java:14)
at Pages.ContactPage.<init>(ContactPage.java:14)
at Pages.ContactPage.<init>(ContactPage.java:14)
at Pages.ContactPage.<init>(ContactPage.java:14)
at Pages.ContactPage.<init>(ContactPage.java:14)
at Pages.ContactPage.<init>(ContactPage.java:14)
at Pages.ContactPage.<init>(ContactPage.java:14)
at Pages.ContactPage.<init>(ContactPage.java:14)
at Pages.ContactPage.<init>(ContactPage.java:14)
at Pages.ContactPage.<init>(ContactPage.java:14)
at Pages.ContactPage.<init>(ContactPage.java:14)
at Pages.ContactPage.<init>(ContactPage.java:14)
at Pages.ContactPage.<init>(ContactPage.java:14)
at Pages.ContactPage.<init>(ContactPage.java:14)
at Pages.ContactPage.<init>(ContactPage.java:14)
at Pages.ContactPage.<init>(ContactPage.java:14)
at Pages.ContactPage.<init>(ContactPage.java:14)
at Pages.ContactPage.<init>(ContactPage.java:14)
at Pages.ContactPage.<init>(ContactPage.java:14)
at Pages.ContactPage.<init>(ContactPage.java:14)
at Pages.ContactPage.<init>(ContactPage.java:14)
at Pages.ContactPage.<init>(ContactPage.java:14)
at Pages.ContactPage.<init>(ContactPage.java:14)
at Pages.ContactPage.<init>(ContactPage.java:14)
at Pages.ContactPage.<init>(ContactPage.java:14)
at Pages.ContactPage.<init>(ContactPage.java:14)
at Pages.ContactPage.<init>(ContactPage.java:14)
at Pages.ContactPage.<init>(ContactPage.java:14)
at Pages.ContactPage.<init>(ContactPage.java:14)
at Pages.ContactPage.<init>(ContactPage.java:14)
at Pages.ContactPage.<init>(ContactPage.java:14)
at Pages.ContactPage.<init>(ContactPage.java:14)
at Pages.ContactPage.<init>(ContactPage.java:14)
at Pages.ContactPage.<init>(ContactPage.java:14)
at Pages.ContactPage.<init>(ContactPage.java:14)
at Pages.ContactPage.<init>(ContactPage.java:14)
at Pages.ContactPage.<init>(ContactPage.java:14)
at Pages.ContactPage.<init>(ContactPage.java:14)
at Pages.ContactPage.<init>(ContactPage.java:14)
at Pages.ContactPage.<init>(ContactPage.java:14)
at Pages.ContactPage.<init>(ContactPage.java:14)
at Pages.ContactPage.<init>(ContactPage.java:14)
at Pages.ContactPage.<init>(ContactPage.java:14)
at Pages.ContactPage.<init>(ContactPage.java:14)
at Pages.ContactPage.<init>(ContactPage.java:14)
at Pages.ContactPage.<init>(ContactPage.java:14)
at Pages.ContactPage.<init>(ContactPage.java:14)
at Pages.ContactPage.<init>(ContactPage.java:14)
at Pages.ContactPage.<init>(ContactPage.java:14)
at Pages.ContactPage.<init>(ContactPage.java:14)
at Pages.ContactPage.<init>(ContactPage.java:14)
at Pages.ContactPage.<init>(ContactPage.java:14)
at Pages.ContactPage.<init>(ContactPage.java:14)
at Pages.ContactPage.<init>(ContactPage.java:14)
at Pages.ContactPage.<init>(ContactPage.java:14)
at Pages.ContactPage.<init>(ContactPage.java:14)
at Pages.ContactPage.<init>(ContactPage.java:14)
at Pages.ContactPage.<init>(ContactPage.java:14)
at Pages.ContactPage.<init>(ContactPage.java:14)
at Pages.ContactPage.<init>(ContactPage.java:14)
at Pages.ContactPage.<init>(ContactPage.java:14)
at Pages.ContactPage.<init>(ContactPage.java:14)
at Pages.ContactPage.<init>(ContactPage.java:14)
at Pages.ContactPage.<init>(ContactPage.java:14)
at Pages.ContactPage.<init>(ContactPage.java:14)
at Pages.ContactPage.<init>(ContactPage.java:14)
at Pages.ContactPage.<init>(ContactPage.java:14)
at Pages.ContactPage.<init>(ContactPage.java:14)
at Pages.ContactPage.<init>(ContactPage.java:14)
at Pages.ContactPage.<init>(ContactPage.java:14)
at Pages.ContactPage.<init>(ContactPage.java:14)
at Pages.ContactPage.<init>(ContactPage.java:14)
at Pages.ContactPage.<init>(ContactPage.java:14)
at Pages.ContactPage.<init>(ContactPage.java:14)
at Pages.ContactPage.<init>(ContactPage.java:14)
at Pages.ContactPage.<init>(ContactPage.java:14)
at Pages.ContactPage.<init>(ContactPage.java:14)
at Pages.ContactPage.<init>(ContactPage.java:14)
at Pages.ContactPage.<init>(ContactPage.java:14)
at Pages.ContactPage.<init>(ContactPage.java:14)
at Pages.ContactPage.<init>(ContactPage.java:14)
at Pages.ContactPage.<init>(ContactPage.java:14)
at Pages.ContactPage.<init>(ContactPage.java:14)
at Pages.ContactPage.<init>(ContactPage.java:14)
at Pages.ContactPage.<init>(ContactPage.java:14)
at Pages.ContactPage.<init>(ContactPage.java:14)
at Pages.ContactPage.<init>(ContactPage.java:14)
at Pages.ContactPage.<init>(ContactPage.java:14)
at Pages.ContactPage.<init>(ContactPage.java:14)
at Pages.ContactPage.<init>(ContactPage.java:14)
at Pages.ContactPage.<init>(ContactPage.java:14)
at Pages.ContactPage.<init>(ContactPage.java:14)
at Pages.ContactPage.<init>(ContactPage.java:14)
at Pages.ContactPage.<init>(ContactPage.java:14)
at Pages.ContactPage.<init>(ContactPage.java:14)
at Pages.ContactPage.<init>(ContactPage.java:14)
at Pages.ContactPage.<init>(ContactPage.java:14)
at Pages.ContactPage.<init>(ContactPage.java:14)
at Pages.ContactPage.<init>(ContactPage.java:14)
at Pages.ContactPage.<init>(ContactPage.java:14)
at Pages.ContactPage.<init>(ContactPage.java:14)
at Pages.ContactPage.<init>(ContactPage.java:14)
at Pages.ContactPage.<init>(ContactPage.java:14)
at Pages.ContactPage.<init>(ContactPage.java:14)
at Pages.ContactPage.<init>(ContactPage.java:14)
at Pages.ContactPage.<init>(ContactPage.java:14)
at Pages.ContactPage.<init>(ContactPage.java:14)
at Pages.ContactPage.<init>(ContactPage.java:14)
at Pages.ContactPage.<init>(ContactPage.java:14)
at Pages.ContactPage.<init>(ContactPage.java:14)
at Pages.ContactPage.<init>(ContactPage.java:14)
at Pages.ContactPage.<init>(ContactPage.java:14)
at Pages.ContactPage.<init>(ContactPage.java:14)
at Pages.ContactPage.<init>(ContactPage.java:14)
at Pages.ContactPage.<init>(ContactPage.java:14)
at Pages.ContactPage.<init>(ContactPage.java:14)
at Pages.ContactPage.<init>(ContactPage.java:14)
at Pages.ContactPage.<init>(ContactPage.java:14)
at Pages.ContactPage.<init>(ContactPage.java:14)
at Pages.ContactPage.<init>(ContactPage.java:14)
at Pages.ContactPage.<init>(ContactPage.java:14)
at Pages.ContactPage.<init>(ContactPage.java:14)
at Pages.ContactPage.<init>(ContactPage.java:14)
at Pages.ContactPage.<init>(ContactPage.java:14)
at Pages.ContactPage.<init>(ContactPage.java:14)
at Pages.ContactPage.<init>(ContactPage.java:14)
at Pages.ContactPage.<init>(ContactPage.java:14)
at Pages.ContactPage.<init>(ContactPage.java:14)
at Pages.ContactPage.<init>(ContactPage.java:14)
at Pages.ContactPage.<init>(ContactPage.java:14)
at Pages.ContactPage.<init>(ContactPage.java:14)
at Pages.ContactPage.<init>(ContactPage.java:14)
at Pages.ContactPage.<init>(ContactPage.java:14)
at Pages.ContactPage.<init>(ContactPage.java:14)
at Pages.ContactPage.<init>(ContactPage.java:14)
at Pages.ContactPage.<init>(ContactPage.java:14)
at Pages.ContactPage.<init>(ContactPage.java:14)
at Pages.ContactPage.<init>(ContactPage.java:14)
at Pages.ContactPage.<init>(ContactPage.java:14)
at Pages.ContactPage.<init>(ContactPage.java:14)
at Pages.ContactPage.<init>(ContactPage.java:14)
at Pages.ContactPage.<init>(ContactPage.java:14)
at Pages.ContactPage.<init>(ContactPage.java:14)
at Pages.ContactPage.<init>(ContactPage.java:14)
at Pages.ContactPage.<init>(ContactPage.java:14)
at Pages.ContactPage.<init>(ContactPage.java:14)
at Pages.ContactPage.<init>(ContactPage.java:14)
at Pages.ContactPage.<init>(ContactPage.java:14)
at Pages.ContactPage.<init>(ContactPage.java:14)
at Pages.ContactPage.<init>(ContactPage.java:14)
at Pages.ContactPage.<init>(ContactPage.java:14)
at Pages.ContactPage.<init>(ContactPage.java:14)
at Pages.ContactPage.<init>(ContactPage.java:14)
at Pages.ContactPage.<init>(ContactPage.java:14)
at Pages.ContactPage.<init>(ContactPage.java:14)
at Pages.ContactPage.<init>(ContactPage.java:14)
at Pages.ContactPage.<init>(ContactPage.java:14)
at Pages.ContactPage.<init>(ContactPage.java:14)
at Pages.ContactPage.<init>(ContactPage.java:14)
at Pages.ContactPage.<init>(ContactPage.java:14)
at Pages.ContactPage.<init>(ContactPage.java:14)
at Pages.ContactPage.<init>(ContactPage.java:14)
at Pages.ContactPage.<init>(ContactPage.java:14)
at Pages.ContactPage.<init>(ContactPage.java:14)
at Pages.ContactPage.<init>(ContactPage.java:14)
at Pages.ContactPage.<init>(ContactPage.java:14)
at Pages.ContactPage.<init>(ContactPage.java:14)
at Pages.ContactPage.<init>(ContactPage.java:14)
at Pages.ContactPage.<init>(ContactPage.java:14)
at Pages.ContactPage.<init>(ContactPage.java:14)
at Pages.ContactPage.<init>(ContactPage.java:14)
at Pages.ContactPage.<init>(ContactPage.java:14)
at Pages.ContactPage.<init>(ContactPage.java:14)
at Pages.ContactPage.<init>(ContactPage.java:14)
at Pages.ContactPage.<init>(ContactPage.java:14)
at Pages.ContactPage.<init>(ContactPage.java:14)
at Pages.ContactPage.<init>(ContactPage.java:14)
at Pages.ContactPage.<init>(ContactPage.java:14)
at Pages.ContactPage.<init>(ContactPage.java:14)
at Pages.ContactPage.<init>(ContactPage.java:14)
at Pages.ContactPage.<init>(ContactPage.java:14)
at Pages.ContactPage.<init>(ContactPage.java:14)
at Pages.ContactPage.<init>(ContactPage.java:14)
at Pages.ContactPage.<init>(ContactPage.java:14)
at Pages.ContactPage.<init>(ContactPage.java:14)
at Pages.ContactPage.<init>(ContactPage.java:14)
at Pages.ContactPage.<init>(ContactPage.java:14)
at Pages.ContactPage.<init>(ContactPage.java:14)
at Pages.ContactPage.<init>(ContactPage.java:14)
at Pages.ContactPage.<init>(ContactPage.java:14)
at Pages.ContactPage.<init>(ContactPage.java:14)
at Pages.ContactPage.<init>(ContactPage.java:14)
at Pages.ContactPage.<init>(ContactPage.java:14)
at Pages.ContactPage.<init>(ContactPage.java:14)
at Pages.ContactPage.<init>(ContactPage.java:14)
at Pages.ContactPage.<init>(ContactPage.java:14)
at Pages.ContactPage.<init>(ContactPage.java:14)
at Pages.ContactPage.<init>(ContactPage.java:14)
at Pages.ContactPage.<init>(ContactPage.java:14)
at Pages.ContactPage.<init>(ContactPage.java:14)
at Pages.ContactPage.<init>(ContactPage.java:14)
at Pages.ContactPage.<init>(ContactPage.java:14)
at Pages.ContactPage.<init>(ContactPage.java:14)
at Pages.ContactPage.<init>(ContactPage.java:14)
at Pages.ContactPage.<init>(ContactPage.java:14)
at Pages.ContactPage.<init>(ContactPage.java:14)
at Pages.ContactPage.<init>(ContactPage.java:14)
at Pages.ContactPage.<init>(ContactPage.java:14)
at Pages.ContactPage.<init>(ContactPage.java:14)
at Pages.ContactPage.<init>(ContactPage.java:14)
at Pages.ContactPage.<init>(ContactPage.java:14)
at Pages.ContactPage.<init>(ContactPage.java:14)
at Pages.ContactPage.<init>(ContactPage.java:14)
at Pages.ContactPage.<init>(ContactPage.java:14)
at Pages.ContactPage.<init>(ContactPage.java:14)
at Pages.ContactPage.<init>(ContactPage.java:14)
at Pages.ContactPage.<init>(ContactPage.java:14)
at Pages.ContactPage.<init>(ContactPage.java:14)
at Pages.ContactPage.<init>(ContactPage.java:14)
at Pages.ContactPage.<init>(ContactPage.java:14)
at Pages.ContactPage.<init>(ContactPage.java:14)
at Pages.ContactPage.<init>(ContactPage.java:14)
at Pages.ContactPage.<init>(ContactPage.java:14)
at Pages.ContactPage.<init>(ContactPage.java:14)
at Pages.ContactPage.<init>(ContactPage.java:14)
at Pages.ContactPage.<init>(ContactPage.java:14)
at Pages.ContactPage.<init>(ContactPage.java:14)
at Pages.ContactPage.<init>(ContactPage.java:14)
at Pages.ContactPage.<init>(ContactPage.java:14)
at Pages.ContactPage.<init>(ContactPage.java:14)
at Pages.ContactPage.<init>(ContactPage.java:14)
at Pages.ContactPage.<init>(ContactPage.java:14)
at Pages.ContactPage.<init>(ContactPage.java:14)
at Pages.ContactPage.<init>(ContactPage.java:14)
at Pages.ContactPage.<init>(ContactPage.java:14)
at Pages.ContactPage.<init>(ContactPage.java:14)
at Pages.ContactPage.<init>(ContactPage.java:14)
at Pages.ContactPage.<init>(ContactPage.java:14)
at Pages.ContactPage.<init>(ContactPage.java:14)
at Pages.ContactPage.<init>(ContactPage.java:14)
at Pages.ContactPage.<init>(ContactPage.java:14)
at Pages.ContactPage.<init>(ContactPage.java:14)
at Pages.ContactPage.<init>(ContactPage.java:14)
at Pages.ContactPage.<init>(ContactPage.java:14)
at Pages.ContactPage.<init>(ContactPage.java:14)
at Pages.ContactPage.<init>(ContactPage.java:14)
at Pages.ContactPage.<init>(ContactPage.java:14)
at Pages.ContactPage.<init>(ContactPage.java:14)
at Pages.ContactPage.<init>(ContactPage.java:14)
at Pages.ContactPage.<init>(ContactPage.java:14)
at Pages.ContactPage.<init>(ContactPage.java:14)
at Pages.ContactPage.<init>(ContactPage.java:14)
at Pages.ContactPage.<init>(ContactPage.java:14)
at Pages.ContactPage.<init>(ContactPage.java:14)
at Pages.ContactPage.<init>(ContactPage.java:14)
at Pages.ContactPage.<init>(ContactPage.java:14)
at Pages.ContactPage.<init>(ContactPage.java:14)
at Pages.ContactPage.<init>(ContactPage.java:14)
at Pages.ContactPage.<init>(ContactPage.java:14)
at Pages.ContactPage.<init>(ContactPage.java:14)
at Pages.ContactPage.<init>(ContactPage.java:14)
at Pages.ContactPage.<init>(ContactPage.java:14)
at Pages.ContactPage.<init>(ContactPage.java:14)
at Pages.ContactPage.<init>(ContactPage.java:14)
at Pages.ContactPage.<init>(ContactPage.java:14)
at Pages.ContactPage.<init>(ContactPage.java:14)
at Pages.ContactPage.<init>(ContactPage.java:14)
at Pages.ContactPage.<init>(ContactPage.java:14)
at Pages.ContactPage.<init>(ContactPage.java:14)
at Pages.ContactPage.<init>(ContactPage.java:14)
at Pages.ContactPage.<init>(ContactPage.java:14)
at Pages.ContactPage.<init>(ContactPage.java:14)
at Pages.ContactPage.<init>(ContactPage.java:14)
at Pages.ContactPage.<init>(ContactPage.java:14)
at Pages.ContactPage.<init>(ContactPage.java:14)
at Pages.ContactPage.<init>(ContactPage.java:14)
at Pages.ContactPage.<init>(ContactPage.java:14)
at Pages.ContactPage.<init>(ContactPage.java:14)
at Pages.ContactPage.<init>(ContactPage.java:14)
at Pages.ContactPage.<init>(ContactPage.java:14)
at Pages.ContactPage.<init>(ContactPage.java:14)
at Pages.ContactPage.<init>(ContactPage.java:14)
at Pages.ContactPage.<init>(ContactPage.java:14)
at Pages.ContactPage.<init>(ContactPage.java:14)
at Pages.ContactPage.<init>(ContactPage.java:14)
at Pages.ContactPage.<init>(ContactPage.java:14)
at Pages.ContactPage.<init>(ContactPage.java:14)
at Pages.ContactPage.<init>(ContactPage.java:14)
at Pages.ContactPage.<init>(ContactPage.java:14)
at Pages.ContactPage.<init>(ContactPage.java:14)
at Pages.ContactPage.<init>(ContactPage.java:14)
at Pages.ContactPage.<init>(ContactPage.java:14)
at Pages.ContactPage.<init>(ContactPage.java:14)
at Pages.ContactPage.<init>(ContactPage.java:14)
at Pages.ContactPage.<init>(ContactPage.java:14)
at Pages.ContactPage.<init>(ContactPage.java:14)
at Pages.ContactPage.<init>(ContactPage.java:14)
at Pages.ContactPage.<init>(ContactPage.java:14)
at Pages.ContactPage.<init>(ContactPage.java:14)
at Pages.ContactPage.<init>(ContactPage.java:14)
at Pages.ContactPage.<init>(ContactPage.java:14)
at Pages.ContactPage.<init>(ContactPage.java:14)
at Pages.ContactPage.<init>(ContactPage.java:14)
at Pages.ContactPage.<init>(ContactPage.java:14)
at Pages.ContactPage.<init>(ContactPage.java:14)
at Pages.ContactPage.<init>(ContactPage.java:14)
at Pages.ContactPage.<init>(ContactPage.java:14)
at Pages.ContactPage.<init>(ContactPage.java:14)
at Pages.ContactPage.<init>(ContactPage.java:14)
at Pages.ContactPage.<init>(ContactPage.java:14)
at Pages.ContactPage.<init>(ContactPage.java:14)
at Pages.ContactPage.<init>(ContactPage.java:14)
at Pages.ContactPage.<init>(ContactPage.java:14)
at Pages.ContactPage.<init>(ContactPage.java:14)
at Pages.ContactPage.<init>(ContactPage.java:14)
at Pages.ContactPage.<init>(ContactPage.java:14)
at Pages.ContactPage.<init>(ContactPage.java:14)
at Pages.ContactPage.<init>(ContactPage.java:14)
at Pages.ContactPage.<init>(ContactPage.java:14)
at Pages.ContactPage.<init>(ContactPage.java:14)
at Pages.ContactPage.<init>(ContactPage.java:14)
at Pages.ContactPage.<init>(ContactPage.java:14)
at Pages.ContactPage.<init>(ContactPage.java:14)
at Pages.ContactPage.<init>(ContactPage.java:14)
at Pages.ContactPage.<init>(ContactPage.java:14)
at Pages.ContactPage.<init>(ContactPage.java:14)
at Pages.ContactPage.<init>(ContactPage.java:14)
at Pages.ContactPage.<init>(ContactPage.java:14)
at Pages.ContactPage.<init>(ContactPage.java:14)
at Pages.ContactPage.<init>(ContactPage.java:14)
at Pages.ContactPage.<init>(ContactPage.java:14)
at Pages.ContactPage.<init>(ContactPage.java:14)
at Pages.ContactPage.<init>(ContactPage.java:14)
at Pages.ContactPage.<init>(ContactPage.java:14)
at Pages.ContactPage.<init>(ContactPage.java:14)
at Pages.ContactPage.<init>(ContactPage.java:14)
at Pages.ContactPage.<init>(ContactPage.java:14)
at Pages.ContactPage.<init>(ContactPage.java:14)
at Pages.ContactPage.<init>(ContactPage.java:14)
at Pages.ContactPage.<init>(ContactPage.java:14)
at Pages.ContactPage.<init>(ContactPage.java:14)
at Pages.ContactPage.<init>(ContactPage.java:14)
at Pages.ContactPage.<init>(ContactPage.java:14)
at Pages.ContactPage.<init>(ContactPage.java:14)
at Pages.ContactPage.<init>(ContactPage.java:14)
at Pages.ContactPage.<init>(ContactPage.java:14)
at Pages.ContactPage.<init>(ContactPage.java:14)
at Pages.ContactPage.<init>(ContactPage.java:14)
at Pages.ContactPage.<init>(ContactPage.java:14)
at Pages.ContactPage.<init>(ContactPage.java:14)
at Pages.ContactPage.<init>(ContactPage.java:14)
at Pages.ContactPage.<init>(ContactPage.java:14)
at Pages.ContactPage.<init>(ContactPage.java:14)
at Pages.ContactPage.<init>(ContactPage.java:14)
at Pages.ContactPage.<init>(ContactPage.java:14)
at Pages.ContactPage.<init>(ContactPage.java:14)
at Pages.ContactPage.<init>(ContactPage.java:14)
at Pages.ContactPage.<init>(ContactPage.java:14)
at Pages.ContactPage.<init>(ContactPage.java:14)
at Pages.ContactPage.<init>(ContactPage.java:14)
at Pages.ContactPage.<init>(ContactPage.java:14)
at Pages.ContactPage.<init>(ContactPage.java:14)
at Pages.ContactPage.<init>(ContactPage.java:14)
at Pages.ContactPage.<init>(ContactPage.java:14)
at Pages.ContactPage.<init>(ContactPage.java:14)
at Pages.ContactPage.<init>(ContactPage.java:14)
at Pages.ContactPage.<init>(ContactPage.java:14)
at Pages.ContactPage.<init>(ContactPage.java:14)
at Pages.ContactPage.<init>(ContactPage.java:14)
at Pages.ContactPage.<init>(ContactPage.java:14)
at Pages.ContactPage.<init>(ContactPage.java:14)
at Pages.ContactPage.<init>(ContactPage.java:14)
at Pages.ContactPage.<init>(ContactPage.java:14)
at Pages.ContactPage.<init>(ContactPage.java:14)
at Pages.ContactPage.<init>(ContactPage.java:14)
at Pages.ContactPage.<init>(ContactPage.java:14)
at Pages.ContactPage.<init>(ContactPage.java:14)
at Pages.ContactPage.<init>(ContactPage.java:14)
at Pages.ContactPage.<init>(ContactPage.java:14)
at Pages.ContactPage.<init>(ContactPage.java:14)
at Pages.ContactPage.<init>(ContactPage.java:14)
at Pages.ContactPage.<init>(ContactPage.java:14)
at Pages.ContactPage.<init>(ContactPage.java:14)
at Pages.ContactPage.<init>(ContactPage.java:14)
at Pages.ContactPage.<init>(ContactPage.java:14)
at Pages.ContactPage.<init>(ContactPage.java:14)
at Pages.ContactPage.<init>(ContactPage.java:14)
at Pages.ContactPage.<init>(ContactPage.java:14)
at Pages.ContactPage.<init>(ContactPage.java:14)
at Pages.ContactPage.<init>(ContactPage.java:14)
at Pages.ContactPage.<init>(ContactPage.java:14)
at Pages.ContactPage.<init>(ContactPage.java:14)
at Pages.ContactPage.<init>(ContactPage.java:14)
at Pages.ContactPage.<init>(ContactPage.java:14)
at Pages.ContactPage.<init>(ContactPage.java:14)
at Pages.ContactPage.<init>(ContactPage.java:14)
at Pages.ContactPage.<init>(ContactPage.java:14)
at Pages.ContactPage.<init>(ContactPage.java:14)
at Pages.ContactPage.<init>(ContactPage.java:14)
at Pages.ContactPage.<init>(ContactPage.java:14)
at Pages.ContactPage.<init>(ContactPage.java:14)
at Pages.ContactPage.<init>(ContactPage.java:14)
at Pages.ContactPage.<init>(ContactPage.java:14)
at Pages.ContactPage.<init>(ContactPage.java:14)
at Pages.ContactPage.<init>(ContactPage.java:14)
at Pages.ContactPage.<init>(ContactPage.java:14)
at Pages.ContactPage.<init>(ContactPage.java:14)
at Pages.ContactPage.<init>(ContactPage.java:14)
at Pages.ContactPage.<init>(ContactPage.java:14)
at Pages.ContactPage.<init>(ContactPage.java:14)
at Pages.ContactPage.<init>(ContactPage.java:14)
at Pages.ContactPage.<init>(ContactPage.java:14)
at Pages.ContactPage.<init>(ContactPage.java:14)
at Pages.ContactPage.<init>(ContactPage.java:14)
at Pages.ContactPage.<init>(ContactPage.java:14)
at Pages.ContactPage.<init>(ContactPage.java:14)
at Pages.ContactPage.<init>(ContactPage.java:14)
at Pages.ContactPage.<init>(ContactPage.java:14)
at Pages.ContactPage.<init>(ContactPage.java:14)
at Pages.ContactPage.<init>(ContactPage.java:14)
at Pages.ContactPage.<init>(ContactPage.java:14)
at Pages.ContactPage.<init>(ContactPage.java:14)
at Pages.ContactPage.<init>(ContactPage.java:14)
at Pages.ContactPage.<init>(ContactPage.java:14)
at Pages.ContactPage.<init>(ContactPage.java:14)
at Pages.ContactPage.<init>(ContactPage.java:14)
at Pages.ContactPage.<init>(ContactPage.java:14)
at Pages.ContactPage.<init>(ContactPage.java:14)
at Pages.ContactPage.<init>(ContactPage.java:14)
at Pages.ContactPage.<init>(ContactPage.java:14)
at Pages.ContactPage.<init>(ContactPage.java:14)
at Pages.ContactPage.<init>(ContactPage.java:14)
at Pages.ContactPage.<init>(ContactPage.java:14)
at Pages.ContactPage.<init>(ContactPage.java:14)
at Pages.ContactPage.<init>(ContactPage.java:14)
at Pages.ContactPage.<init>(ContactPage.java:14)
at Pages.ContactPage.<init>(ContactPage.java:14)
at Pages.ContactPage.<init>(ContactPage.java:14)
at Pages.ContactPage.<init>(ContactPage.java:14)
at Pages.ContactPage.<init>(ContactPage.java:14)
at Pages.ContactPage.<init>(ContactPage.java:14)
at Pages.ContactPage.<init>(ContactPage.java:14)
at Pages.ContactPage.<init>(ContactPage.java:14)
at Pages.ContactPage.<init>(ContactPage.java:14)
at Pages.ContactPage.<init>(ContactPage.java:14)
at Pages.ContactPage.<init>(ContactPage.java:14)
at Pages.ContactPage.<init>(ContactPage.java:14)
at Pages.ContactPage.<init>(ContactPage.java:14)
at Pages.ContactPage.<init>(ContactPage.java:14)
at Pages.ContactPage.<init>(ContactPage.java:14)
at Pages.ContactPage.<init>(ContactPage.java:14)
at Pages.ContactPage.<init>(ContactPage.java:14)
at Pages.ContactPage.<init>(ContactPage.java:14)
at Pages.ContactPage.<init>(ContactPage.java:14)
at Pages.ContactPage.<init>(ContactPage.java:14)
at Pages.ContactPage.<init>(ContactPage.java:14)
at Pages.ContactPage.<init>(ContactPage.java:14)
at Pages.ContactPage.<init>(ContactPage.java:14)
at Pages.ContactPage.<init>(ContactPage.java:14)
at Pages.ContactPage.<init>(ContactPage.java:14)
at Pages.ContactPage.<init>(ContactPage.java:14)
at Pages.ContactPage.<init>(ContactPage.java:14)
at Pages.ContactPage.<init>(ContactPage.java:14)
at Pages.ContactPage.<init>(ContactPage.java:14)
at Pages.ContactPage.<init>(ContactPage.java:14)
at Pages.ContactPage.<init>(ContactPage.java:14)
at Pages.ContactPage.<init>(ContactPage.java:14)
at Pages.ContactPage.<init>(ContactPage.java:14)
at Pages.ContactPage.<init>(ContactPage.java:14)
at Pages.ContactPage.<init>(ContactPage.java:14)
at Pages.ContactPage.<init>(ContactPage.java:14)
at Pages.ContactPage.<init>(ContactPage.java:14)
at Pages.ContactPage.<init>(ContactPage.java:14)
at Pages.ContactPage.<init>(ContactPage.java:14)
at Pages.ContactPage.<init>(ContactPage.java:14)
at Pages.ContactPage.<init>(ContactPage.java:14)
at Pages.ContactPage.<init>(ContactPage.java:14)
at Pages.ContactPage.<init>(ContactPage.java:14)
at Pages.ContactPage.<init>(ContactPage.java:14)
at Pages.ContactPage.<init>(ContactPage.java:14)
at Pages.ContactPage.<init>(ContactPage.java:14)
at Pages.ContactPage.<init>(ContactPage.java:14)
at Pages.ContactPage.<init>(ContactPage.java:14)
at Pages.ContactPage.<init>(ContactPage.java:14)
at Pages.ContactPage.<init>(ContactPage.java:14)
at Pages.ContactPage.<init>(ContactPage.java:14)
at Pages.ContactPage.<init>(ContactPage.java:14)
at Pages.ContactPage.<init>(ContactPage.java:14)
at Pages.ContactPage.<init>(ContactPage.java:14)
at Pages.ContactPage.<init>(ContactPage.java:14)
at Pages.ContactPage.<init>(ContactPage.java:14)
at Pages.ContactPage.<init>(ContactPage.java:14)
at Pages.ContactPage.<init>(ContactPage.java:14)
at Pages.ContactPage.<init>(ContactPage.java:14)
at Pages.ContactPage.<init>(ContactPage.java:14)
at Pages.ContactPage.<init>(ContactPage.java:14)
at Pages.ContactPage.<init>(ContactPage.java:14)
at Pages.ContactPage.<init>(ContactPage.java:14)
at Pages.ContactPage.<init>(ContactPage.java:14)
at Pages.ContactPage.<init>(ContactPage.java:14)
at Pages.ContactPage.<init>(ContactPage.java:14)
at Pages.ContactPage.<init>(ContactPage.java:14)
at Pages.ContactPage.<init>(ContactPage.java:14)
at Pages.ContactPage.<init>(ContactPage.java:14)
at Pages.ContactPage.<init>(ContactPage.java:14)
at Pages.ContactPage.<init>(ContactPage.java:14)
at Pages.ContactPage.<init>(ContactPage.java:14)
at Pages.ContactPage.<init>(ContactPage.java:14)
at Pages.ContactPage.<init>(ContactPage.java:14)
at Pages.ContactPage.<init>(ContactPage.java:14)
at Pages.ContactPage.<init>(ContactPage.java:14)
at Pages.ContactPage.<init>(ContactPage.java:14)
at Pages.ContactPage.<init>(ContactPage.java:14)
at Pages.ContactPage.<init>(ContactPage.java:14)
at Pages.ContactPage.<init>(ContactPage.java:14)
at Pages.ContactPage.<init>(ContactPage.java:14)
at Pages.ContactPage.<init>(ContactPage.java:14)
at Pages.ContactPage.<init>(ContactPage.java:14)
at Pages.ContactPage.<init>(ContactPage.java:14)
at Pages.ContactPage.<init>(ContactPage.java:14)
at Pages.ContactPage.<init>(ContactPage.java:14)
at Pages.ContactPage.<init>(ContactPage.java:14)
at Pages.ContactPage.<init>(ContactPage.java:14)
at Pages.ContactPage.<init>(ContactPage.java:14)
at Pages.ContactPage.<init>(ContactPage.java:14)
at Pages.ContactPage.<init>(ContactPage.java:14)
at Pages.ContactPage.<init>(ContactPage.java:14)
at Pages.ContactPage.<init>(ContactPage.java:14)
at Pages.ContactPage.<init>(ContactPage.java:14)
at Pages.ContactPage.<init>(ContactPage.java:14)
at Pages.ContactPage.<init>(ContactPage.java:14)
at Pages.ContactPage.<init>(ContactPage.java:14)
at Pages.ContactPage.<init>(ContactPage.java:14)
at Pages.ContactPage.<init>(ContactPage.java:14)
at Pages.ContactPage.<init>(ContactPage.java:14)
at Pages.ContactPage.<init>(ContactPage.java:14)
at Pages.ContactPage.<init>(ContactPage.java:14)
at Pages.ContactPage.<init>(ContactPage.java:14)
at Pages.ContactPage.<init>(ContactPage.java:14)
at Pages.ContactPage.<init>(ContactPage.java:14)
at Pages.ContactPage.<init>(ContactPage.java:14)
at Pages.ContactPage.<init>(ContactPage.java:14)
at Pages.ContactPage.<init>(ContactPage.java:14)
at Pages.ContactPage.<init>(ContactPage.java:14)
at Pages.ContactPage.<init>(ContactPage.java:14)
at Pages.ContactPage.<init>(ContactPage.java:14)
at Pages.ContactPage.<init>(ContactPage.java:14)
at Pages.ContactPage.<init>(ContactPage.java:14)
at Pages.ContactPage.<init>(ContactPage.java:14)
at Pages.ContactPage.<init>(ContactPage.java:14)
at Pages.ContactPage.<init>(ContactPage.java:14)
at Pages.ContactPage.<init>(ContactPage.java:14)
at Pages.ContactPage.<init>(ContactPage.java:14)
at Pages.ContactPage.<init>(ContactPage.java:14)
at Pages.ContactPage.<init>(ContactPage.java:14)
at Pages.ContactPage.<init>(ContactPage.java:14)
at Pages.ContactPage.<init>(ContactPage.java:14)
at Pages.ContactPage.<init>(ContactPage.java:14)
at Pages.ContactPage.<init>(ContactPage.java:14)
at Pages.ContactPage.<init>(ContactPage.java:14)
at Pages.ContactPage.<init>(ContactPage.java:14)
at Pages.ContactPage.<init>(ContactPage.java:14)
at Pages.ContactPage.<init>(ContactPage.java:14)
at Pages.ContactPage.<init>(ContactPage.java:14)
at Pages.ContactPage.<init>(ContactPage.java:14)
at Pages.ContactPage.<init>(ContactPage.java:14)
at Pages.ContactPage.<init>(ContactPage.java:14)
at Pages.ContactPage.<init>(ContactPage.java:14)
at Pages.ContactPage.<init>(ContactPage.java:14)
at Pages.ContactPage.<init>(ContactPage.java:14)
at Pages.ContactPage.<init>(ContactPage.java:14)
at Pages.ContactPage.<init>(ContactPage.java:14)
at Pages.ContactPage.<init>(ContactPage.java:14)
at Pages.ContactPage.<init>(ContactPage.java:14)
at Pages.ContactPage.<init>(ContactPage.java:14)
at Pages.ContactPage.<init>(ContactPage.java:14)
at Pages.ContactPage.<init>(ContactPage.java:14)
at Pages.ContactPage.<init>(ContactPage.java:14)
at Pages.ContactPage.<init>(ContactPage.java:14)
at Pages.ContactPage.<init>(ContactPage.java:14)
at Pages.ContactPage.<init>(ContactPage.java:14)
at Pages.ContactPage.<init>(ContactPage.java:14)
at Pages.ContactPage.<init>(ContactPage.java:14)
at Pages.ContactPage.<init>(ContactPage.java:14)
at Pages.ContactPage.<init>(ContactPage.java:14)
at Pages.ContactPage.<init>(ContactPage.java:14)
at Pages.ContactPage.<init>(ContactPage.java:14)
at Pages.ContactPage.<init>(ContactPage.java:14)
at Pages.ContactPage.<init>(ContactPage.java:14)
at Pages.ContactPage.<init>(ContactPage.java:14)
at Pages.ContactPage.<init>(ContactPage.java:14)
at Pages.ContactPage.<init>(ContactPage.java:14)
at Pages.ContactPage.<init>(ContactPage.java:14)
at Pages.ContactPage.<init>(ContactPage.java:14)
at Pages.ContactPage.<init>(ContactPage.java:14)
at Pages.ContactPage.<init>(ContactPage.java:14)
at Pages.ContactPage.<init>(ContactPage.java:14)
at Pages.ContactPage.<init>(ContactPage.java:14)
at Pages.ContactPage.<init>(ContactPage.java:14)
at Pages.ContactPage.<init>(ContactPage.java:14)
at Pages.ContactPage.<init>(ContactPage.java:14)
at Pages.ContactPage.<init>(ContactPage.java:14)
at Pages.ContactPage.<init>(ContactPage.java:14)
at Pages.ContactPage.<init>(ContactPage.java:14)
at Pages.ContactPage.<init>(ContactPage.java:14)
at Pages.ContactPage.<init>(ContactPage.java:14)
at Pages.ContactPage.<init>(ContactPage.java:14)
at Pages.ContactPage.<init>(ContactPage.java:14)
at Pages.ContactPage.<init>(ContactPage.java:14)
at Pages.ContactPage.<init>(ContactPage.java:14)
at Pages.ContactPage.<init>(ContactPage.java:14)
at Pages.ContactPage.<init>(ContactPage.java:14)
at Pages.ContactPage.<init>(ContactPage.java:14)
at Pages.ContactPage.<init>(ContactPage.java:14)
at Pages.ContactPage.<init>(ContactPage.java:14)
at Pages.ContactPage.<init>(ContactPage.java:14)
at Pages.ContactPage.<init>(ContactPage.java:14)
at Pages.ContactPage.<init>(ContactPage.java:14)
at Pages.ContactPage.<init>(ContactPage.java:14)
at Pages.ContactPage.<init>(ContactPage.java:14)
at Pages.ContactPage.<init>(ContactPage.java:14)
at Pages.ContactPage.<init>(ContactPage.java:14)
at Pages.ContactPage.<init>(ContactPage.java:14)
at Pages.ContactPage.<init>(ContactPage.java:14)
at Pages.ContactPage.<init>(ContactPage.java:14)
at Pages.ContactPage.<init>(ContactPage.java:14)
at Pages.ContactPage.<init>(ContactPage.java:14)
at Pages.ContactPage.<init>(ContactPage.java:14)
at Pages.ContactPage.<init>(ContactPage.java:14)
at Pages.ContactPage.<init>(ContactPage.java:14)
at Pages.ContactPage.<init>(ContactPage.java:14)
at Pages.ContactPage.<init>(ContactPage.java:14)
at Pages.ContactPage.<init>(ContactPage.java:14)
at Pages.ContactPage.<init>(ContactPage.java:14)
at Pages.ContactPage.<init>(ContactPage.java:14)
at Pages.ContactPage.<init>(ContactPage.java:14)
at Pages.ContactPage.<init>(ContactPage.java:14)
at Pages.ContactPage.<init>(ContactPage.java:14)
at Pages.ContactPage.<init>(ContactPage.java:14)
at Pages.ContactPage.<init>(ContactPage.java:14)
at Pages.ContactPage.<init>(ContactPage.java:14)
at Pages.ContactPage.<init>(ContactPage.java:14)
at Pages.ContactPage.<init>(ContactPage.java:14)
at Pages.ContactPage.<init>(ContactPage.java:14)
at Pages.ContactPage.<init>(ContactPage.java:14)
at Pages.ContactPage.<init>(ContactPage.java:14)
at Pages.ContactPage.<init>(ContactPage.java:14)
at Pages.ContactPage.<init>(ContactPage.java:14)
at Pages.ContactPage.<init>(ContactPage.java:14)
at Pages.ContactPage.<init>(ContactPage.java:14)
at Pages.ContactPage.<init>(ContactPage.java:14)
at Pages.ContactPage.<init>(ContactPage.java:14)
at Pages.ContactPage.<init>(ContactPage.java:14)
at Pages.ContactPage.<init>(ContactPage.java:14)
at Pages.ContactPage.<init>(ContactPage.java:14)
at Pages.ContactPage.<init>(ContactPage.java:14)
at Pages.ContactPage.<init>(ContactPage.java:14)
at Pages.ContactPage.<init>(ContactPage.java:14)
at Pages.ContactPage.<init>(ContactPage.java:14)
at Pages.ContactPage.<init>(ContactPage.java:14)
at Pages.ContactPage.<init>(ContactPage.java:14)
at Pages.ContactPage.<init>(ContactPage.java:14)
at Pages.ContactPage.<init>(ContactPage.java:14)
at Pages.ContactPage.<init>(ContactPage.java:14)
at Pages.ContactPage.<init>(ContactPage.java:14)
at Pages.ContactPage.<init>(ContactPage.java:14)
at Pages.ContactPage.<init>(ContactPage.java:14)
at Pages.ContactPage.<init>(ContactPage.java:14)
at Pages.ContactPage.<init>(ContactPage.java:14)
at Pages.ContactPage.<init>(ContactPage.java:14)
at Pages.ContactPage.<init>(ContactPage.java:14)
at Pages.ContactPage.<init>(ContactPage.java:14)
at Pages.ContactPage.<init>(ContactPage.java:14)
at Pages.ContactPage.<init>(ContactPage.java:14)
at Pages.ContactPage.<init>(ContactPage.java:14)
at Pages.ContactPage.<init>(ContactPage.java:14)
at Pages.ContactPage.<init>(ContactPage.java:14)
at Pages.ContactPage.<init>(ContactPage.java:14)
at Pages.ContactPage.<init>(ContactPage.java:14)
at Pages.ContactPage.<init>(ContactPage.java:14)
at Pages.ContactPage.<init>(ContactPage.java:14)
at Pages.ContactPage.<init>(ContactPage.java:14)
at Pages.ContactPage.<init>(ContactPage.java:14)
at Pages.ContactPage.<init>(ContactPage.java:14)
at Pages.ContactPage.<init>(ContactPage.java:14)
at Pages.ContactPage.<init>(ContactPage.java:14)
at Pages.ContactPage.<init>(ContactPage.java:14)
at Pages.ContactPage.<init>(ContactPage.java:14)
at Pages.ContactPage.<init>(ContactPage.java:14)
at Pages.ContactPage.<init>(ContactPage.java:14)
at Pages.ContactPage.<init>(ContactPage.java:14)
at Pages.ContactPage.<init>(ContactPage.java:14)
at Pages.ContactPage.<init>(ContactPage.java:14)
at Pages.ContactPage.<init>(ContactPage.java:14)
at Pages.ContactPage.<init>(ContactPage.java:14)
at Pages.ContactPage.<init>(ContactPage.java:14)
at Pages.ContactPage.<init>(ContactPage.java:14)
at Pages.ContactPage.<init>(ContactPage.java:14)
at Pages.ContactPage.<init>(ContactPage.java:14)
at Pages.ContactPage.<init>(ContactPage.java:14)
at Pages.ContactPage.<init>(ContactPage.java:14)
at Pages.ContactPage.<init>(ContactPage.java:14)
at Pages.ContactPage.<init>(ContactPage.java:14)
at Pages.ContactPage.<init>(ContactPage.java:14)
at Pages.ContactPage.<init>(ContactPage.java:14)
at Pages.ContactPage.<init>(ContactPage.java:14)
at Pages.ContactPage.<init>(ContactPage.java:14)
at Pages.ContactPage.<init>(ContactPage.java:14)
at Pages.ContactPage.<init>(ContactPage.java:14)
at Pages.ContactPage.<init>(ContactPage.java:14)
at Pages.ContactPage.<init>(ContactPage.java:14)
at Pages.ContactPage.<init>(ContactPage.java:14)
at Pages.ContactPage.<init>(ContactPage.java:14)
at Pages.ContactPage.<init>(ContactPage.java:14)
at Pages.ContactPage.<init>(ContactPage.java:14)
at Pages.ContactPage.<init>(ContactPage.java:14)
at Pages.ContactPage.<init>(ContactPage.java:14)
at Pages.ContactPage.<init>(ContactPage.java:14)
at Pages.ContactPage.<init>(ContactPage.java:14)
at Pages.ContactPage.<init>(ContactPage.java:14)
at Pages.ContactPage.<init>(ContactPage.java:14)
at Pages.ContactPage.<init>(ContactPage.java:14)
at Pages.ContactPage.<init>(ContactPage.java:14)
at Pages.ContactPage.<init>(ContactPage.java:14)
at Pages.ContactPage.<init>(ContactPage.java:14)
at Pages.ContactPage.<init>(ContactPage.java:14)
at Pages.ContactPage.<init>(ContactPage.java:14)
at Pages.ContactPage.<init>(ContactPage.java:14)
at Pages.ContactPage.<init>(ContactPage.java:14)
at Pages.ContactPage.<init>(ContactPage.java:14)
at Pages.ContactPage.<init>(ContactPage.java:14)
at Pages.ContactPage.<init>(ContactPage.java:14)
at Pages.ContactPage.<init>(ContactPage.java:14)
at Pages.ContactPage.<init>(ContactPage.java:14)
at Pages.ContactPage.<init>(ContactPage.java:14)
at Pages.ContactPage.<init>(ContactPage.java:14)
at Pages.ContactPage.<init>(ContactPage.java:14)
at Pages.ContactPage.<init>(ContactPage.java:14)
at Pages.ContactPage.<init>(ContactPage.java:14)
at Pages.ContactPage.<init>(ContactPage.java:14)
at Pages.ContactPage.<init>(ContactPage.java:14)
at Pages.ContactPage.<init>(ContactPage.java:14)
at Pages.ContactPage.<init>(ContactPage.java:14)
at Pages.ContactPage.<init>(ContactPage.java:14)
at Pages.ContactPage.<init>(ContactPage.java:14)
at Pages.ContactPage.<init>(ContactPage.java:14)
at Pages.ContactPage.<init>(ContactPage.java:14)
at Pages.ContactPage.<init>(ContactPage.java:14)
at Pages.ContactPage.<init>(ContactPage.java:14)
at Pages.ContactPage.<init>(ContactPage.java:14)
at Pages.ContactPage.<init>(ContactPage.java:14)
at Pages.ContactPage.<init>(ContactPage.java:14)
at Pages.ContactPage.<init>(ContactPage.java:14)
at Pages.ContactPage.<init>(ContactPage.java:14)
at Pages.ContactPage.<init>(ContactPage.java:14)
at Pages.ContactPage.<init>(ContactPage.java:14)
at Pages.ContactPage.<init>(ContactPage.java:14)
at Pages.ContactPage.<init>(ContactPage.java:14)
at Pages.ContactPage.<init>(ContactPage.java:14)
at Pages.ContactPage.<init>(ContactPage.java:14)
at Pages.ContactPage.<init>(ContactPage.java:14)
at Pages.ContactPage.<init>(ContactPage.java:14)
at Pages.ContactPage.<init>(ContactPage.java:14)
at Pages.ContactPage.<init>(ContactPage.java:14)
at Pages.ContactPage.<init>(ContactPage.java:14)
at Pages.ContactPage.<init>(ContactPage.java:14)
at Pages.ContactPage.<init>(ContactPage.java:14)
at Pages.ContactPage.<init>(ContactPage.java:14)
at Pages.ContactPage.<init>(ContactPage.java:14)
at Pages.ContactPage.<init>(ContactPage.java:14)
at Pages.ContactPage.<init>(ContactPage.java:14)
at Pages.ContactPage.<init>(ContactPage.java:14)
at Pages.ContactPage.<init>(ContactPage.java:14)
at Pages.ContactPage.<init>(ContactPage.java:14)
at Pages.ContactPage.<init>(ContactPage.java:14)
at Pages.ContactPage.<init>(ContactPage.java:14)
at Pages.ContactPage.<init>(ContactPage.java:14)
at Pages.ContactPage.<init>(ContactPage.java:14)
at Pages.ContactPage.<init>(ContactPage.java:14)
at Pages.ContactPage.<init>(ContactPage.java:14)
at Pages.ContactPage.<init>(ContactPage.java:14)
at Pages.ContactPage.<init>(ContactPage.java:14)
at Pages.ContactPage.<init>(ContactPage.java:14)
at Pages.ContactPage.<init>(ContactPage.java:14)
at Pages.ContactPage.<init>(ContactPage.java:14)
at Pages.ContactPage.<init>(ContactPage.java:14)
at Pages.ContactPage.<init>(ContactPage.java:14)
at Pages.ContactPage.<init>(ContactPage.java:14)
at Pages.ContactPage.<init>(ContactPage.java:14)
at Pages.ContactPage.<init>(ContactPage.java:14)
at Pages.ContactPage.<init>(ContactPage.java:14)
at Pages.ContactPage.<init>(ContactPage.java:14)
at Pages.ContactPage.<init>(ContactPage.java:14)
at Pages.ContactPage.<init>(ContactPage.java:14)
at Pages.ContactPage.<init>(ContactPage.java:14)
at Pages.ContactPage.<init>(ContactPage.java:14)
at Pages.ContactPage.<init>(ContactPage.java:14)
at Pages.ContactPage.<init>(ContactPage.java:14)
at Pages.ContactPage.<init>(ContactPage.java:14)
at Pages.ContactPage.<init>(ContactPage.java:14)
at Pages.ContactPage.<init>(ContactPage.java:14)
at Pages.ContactPage.<init>(ContactPage.java:14)
at Pages.ContactPage.<init>(ContactPage.java:14)
at Pages.ContactPage.<init>(ContactPage.java:14)
at Pages.ContactPage.<init>(ContactPage.java:14)
at Pages.ContactPage.<init>(ContactPage.java:14)
at Pages.ContactPage.<init>(ContactPage.java:14)
at Pages.ContactPage.<init>(ContactPage.java:14)
at Pages.ContactPage.<init>(ContactPage.java:14)
at Pages.ContactPage.<init>(ContactPage.java:14)
at Pages.ContactPage.<init>(ContactPage.java:14)
at Pages.ContactPage.<init>(ContactPage.java:14)
at Pages.ContactPage.<init>(ContactPage.java:14)
at Pages.ContactPage.<init>(ContactPage.java:14)
at Pages.ContactPage.<init>(ContactPage.java:14)
at Pages.ContactPage.<init>(ContactPage.java:14)
at Pages.ContactPage.<init>(ContactPage.java:14)
at Pages.ContactPage.<init>(ContactPage.java:14)
at Pages.ContactPage.<init>(ContactPage.java:14)
at Pages.ContactPage.<init>(ContactPage.java:14)
at Pages.ContactPage.<init>(ContactPage.java:14)
at Pages.ContactPage.<init>(ContactPage.java:14)
at Pages.ContactPage.<init>(ContactPage.java:14)
at Pages.ContactPage.<init>(ContactPage.java:14)
at Pages.ContactPage.<init>(ContactPage.java:14)
at Pages.ContactPage.<init>(ContactPage.java:14)
at Pages.ContactPage.<init>(ContactPage.java:14)
at Pages.ContactPage.<init>(ContactPage.java:14)
at Pages.ContactPage.<init>(ContactPage.java:14)
at Pages.ContactPage.<init>(ContactPage.java:14)
at Pages.ContactPage.<init>(ContactPage.java:14)
at Pages.ContactPage.<init>(ContactPage.java:14)
at Pages.ContactPage.<init>(ContactPage.java:14)
at Pages.ContactPage.<init>(ContactPage.java:14)
at Pages.ContactPage.<init>(ContactPage.java:14)
at Pages.ContactPage.<init>(ContactPage.java:14)
at Pages.ContactPage.<init>(ContactPage.java:14)
at Pages.ContactPage.<init>(ContactPage.java:14)
at Pages.ContactPage.<init>(ContactPage.java:14)
at Pages.ContactPage.<init>(ContactPage.java:14)
at Pages.ContactPage.<init>(ContactPage.java:14)
at Pages.ContactPage.<init>(ContactPage.java:14)
at Pages.ContactPage.<init>(ContactPage.java:14)
at Pages.ContactPage.<init>(ContactPage.java:14)
at Pages.ContactPage.<init>(ContactPage.java:14)
at Pages.ContactPage.<init>(ContactPage.java:14)
at Pages.ContactPage.<init>(ContactPage.java:14)
at Pages.ContactPage.<init>(ContactPage.java:14)
at Pages.ContactPage.<init>(ContactPage.java:14)
at Pages.ContactPage.<init>(ContactPage.java:14)
at Pages.ContactPage.<init>(ContactPage.java:14)
at Pages.ContactPage.<init>(ContactPage.java:14)
at Pages.ContactPage.<init>(ContactPage.java:14)
at Pages.ContactPage.<init>(ContactPage.java:14)
at Pages.ContactPage.<init>(ContactPage.java:14)
at Pages.ContactPage.<init>(ContactPage.java:14)
at Pages.ContactPage.<init>(ContactPage.java:14)
at Pages.ContactPage.<init>(ContactPage.java:14)
at Pages.ContactPage.<init>(ContactPage.java:14)
at Pages.ContactPage.<init>(ContactPage.java:14)
at Pages.ContactPage.<init>(ContactPage.java:14)
at Pages.ContactPage.<init>(ContactPage.java:14)
at Pages.ContactPage.<init>(ContactPage.java:14)
at Pages.ContactPage.<init>(ContactPage.java:14)
at Pages.ContactPage.<init>(ContactPage.java:14)
at Pages.ContactPage.<init>(ContactPage.java:14)
at Pages.ContactPage.<init>(ContactPage.java:14)
at Pages.ContactPage.<init>(ContactPage.java:14)
at Pages.ContactPage.<init>(ContactPage.java:14)
at Pages.ContactPage.<init>(ContactPage.java:14)
at Pages.ContactPage.<init>(ContactPage.java:14)
at Pages.ContactPage.<init>(ContactPage.java:14)
at Pages.ContactPage.<init>(ContactPage.java:14)
at Pages.ContactPage.<init>(ContactPage.java:14)
at Pages.ContactPage.<init>(ContactPage.java:14)
at Pages.ContactPage.<init>(ContactPage.java:14)
at Pages.ContactPage.<init>(ContactPage.java:14)
at Pages.ContactPage.<init>(ContactPage.java:14)
at Pages.ContactPage.<init>(ContactPage.java:14)
at Pages.ContactPage.<init>(ContactPage.java:14)
at Pages.ContactPage.<init>(ContactPage.java:14)
at Pages.ContactPage.<init>(ContactPage.java:14)
at Pages.ContactPage.<init>(ContactPage.java:14)
at Pages.ContactPage.<init>(ContactPage.java:14)
at Pages.ContactPage.<init>(ContactPage.java:14)
at Pages.ContactPage.<init>(ContactPage.java:14)
at Pages.ContactPage.<init>(ContactPage.java:14)
at Pages.ContactPage.<init>(ContactPage.java:14)
at Pages.ContactPage.<init>(ContactPage.java:14)
at Pages.ContactPage.<init>(ContactPage.java:14)
at Pages.ContactPage.<init>(ContactPage.java:14)
at Pages.ContactPage.<init>(ContactPage.java:14)
at Pages.ContactPage.<init>(ContactPage.java:14)
at Pages.ContactPage.<init>(ContactPage.java:14)
at Pages.ContactPage.<init>(ContactPage.java:14)
at Pages.ContactPage.<init>(ContactPage.java:14)
at Pages.ContactPage.<init>(ContactPage.java:14)
at Pages.ContactPage.<init>(ContactPage.java:14)
at Pages.ContactPage.<init>(ContactPage.java:14)
at Pages.ContactPage.<init>(ContactPage.java:14)
at Pages.ContactPage.<init>(ContactPage.java:14)
at Pages.ContactPage.<init>(ContactPage.java:14)
at Pages.ContactPage.<init>(ContactPage.java:14)
at Pages.ContactPage.<init>(ContactPage.java:14)
at Pages.ContactPage.<init>(ContactPage.java:14)
at Pages.ContactPage.<init>(ContactPage.java:14)
at Pages.ContactPage.<init>(ContactPage.java:14)
at Pages.ContactPage.<init>(ContactPage.java:14)
at Pages.ContactPage.<init>(ContactPage.java:14)
at Pages.ContactPage.<init>(ContactPage.java:14)
at Pages.ContactPage.<init>(ContactPage.java:14)
at Pages.ContactPage.<init>(ContactPage.java:14)
at Pages.ContactPage.<init>(ContactPage.java:14)
at Pages.ContactPage.<init>(ContactPage.java:14)
at Pages.ContactPage.<init>(ContactPage.java:14)
at Pages.ContactPage.<init>(ContactPage.java:14)
at Pages.ContactPage.<init>(ContactPage.java:14)
at Pages.ContactPage.<init>(ContactPage.java:14)
at Pages.ContactPage.<init>(ContactPage.java:14)
at Pages.ContactPage.<init>(ContactPage.java:14)
at Pages.ContactPage.<init>(ContactPage.java:14)
at Pages.ContactPage.<init>(ContactPage.java:14)
at Pages.ContactPage.<init>(ContactPage.java:14)
at Pages.ContactPage.<init>(ContactPage.java:14)
at Pages.ContactPage.<init>(ContactPage.java:14)
at Pages.ContactPage.<init>(ContactPage.java:14)
at Pages.ContactPage.<init>(ContactPage.java:14)
at Pages.ContactPage.<init>(ContactPage.java:14)
at Pages.ContactPage.<init>(ContactPage.java:14)
at Pages.ContactPage.<init>(ContactPage.java:14)
at Pages.ContactPage.<init>(ContactPage.java:14)
at Pages.ContactPage.<init>(ContactPage.java:14)
at Pages.ContactPage.<init>(ContactPage.java:14)
at Pages.ContactPage.<init>(ContactPage.java:14)
at Pages.ContactPage.<init>(ContactPage.java:14)
at Pages.ContactPage.<init>(ContactPage.java:14)
at Pages.ContactPage.<init>(ContactPage.java:14)
at Pages.ContactPage.<init>(ContactPage.java:14)
at Pages.ContactPage.<init>(ContactPage.java:14)
at Pages.ContactPage.<init>(ContactPage.java:14)
at Pages.ContactPage.<init>(ContactPage.java:14)
at Pages.ContactPage.<init>(ContactPage.java:14)
at Pages.ContactPage.<init>(ContactPage.java:14)
at Pages.ContactPage.<init>(ContactPage.java:14)
at Pages.ContactPage.<init>(ContactPage.java:14)
at Pages.ContactPage.<init>(ContactPage.java:14)
at Pages.ContactPage.<init>(ContactPage.java:14)
at Pages.ContactPage.<init>(ContactPage.java:14)
at Pages.ContactPage.<init>(ContactPage.java:14)
at Pages.ContactPage.<init>(ContactPage.java:14)
at Pages.ContactPage.<init>(ContactPage.java:14)
at Pages.ContactPage.<init>(ContactPage.java:14)
at Pages.ContactPage.<init>(ContactPage.java:14)
at Pages.ContactPage.<init>(ContactPage.java:14)
at Pages.ContactPage.<init>(ContactPage.java:14)
at Pages.ContactPage.<init>(ContactPage.java:14)
at Pages.ContactPage.<init>(ContactPage.java:14)
at Pages.ContactPage.<init>(ContactPage.java:14)
at Pages.ContactPage.<init>(ContactPage.java:14)
at Pages.ContactPage.<init>(ContactPage.java:14)
at Pages.ContactPage.<init>(ContactPage.java:14)
]]>
    </error>
  </testcase> <!-- fillalldetails -->
  <system-out/>
  <testcase classname="Testcases.New_ContactTest" name="fillalldetails" time="190.211">
    <error type="java.lang.StackOverflowError">
      <![CDATA[java.lang.StackOverflowError
at java.base/java.security.AccessController.doPrivileged(Native Method)
at java.base/java.util.ResourceBundle.getLoader(ResourceBundle.java:584)
at java.base/java.util.ResourceBundle.getBundleImpl(ResourceBundle.java:1581)
at java.base/java.util.ResourceBundle.getBundleImpl(ResourceBundle.java:1556)
at java.base/java.util.ResourceBundle.getBundle(ResourceBundle.java:932)
at java.xml/jdk.xml.internal.SecuritySupport.lambda$getResourceBundle$5(SecuritySupport.java:269)
at java.base/java.security.AccessController.doPrivileged(Native Method)
at java.xml/jdk.xml.internal.SecuritySupport.getResourceBundle(SecuritySupport.java:267)
at java.xml/com.sun.org.apache.xerces.internal.util.SAXMessageFormatter.formatMessage(SAXMessageFormatter.java:59)
at java.xml/com.sun.org.apache.xerces.internal.parsers.AbstractSAXParser.getProperty(AbstractSAXParser.java:2068)
at java.xml/com.sun.org.apache.xerces.internal.jaxp.SAXParserImpl$JAXPSAXParser.setProperty(SAXParserImpl.java:571)
at org.dom4j.io.SAXHelper.setParserProperty(SAXHelper.java:35)
at org.dom4j.io.SAXReader.configureReader(SAXReader.java:621)
at org.dom4j.io.SAXReader.read(SAXReader.java:321)
at org.dom4j.io.SAXReader.read(SAXReader.java:246)
at org.apache.poi.openxml4j.opc.PackageRelationshipCollection.parseRelationshipsPart(PackageRelationshipCollection.java:305)
at org.apache.poi.openxml4j.opc.PackageRelationshipCollection.<init>(PackageRelationshipCollection.java:156)
at org.apache.poi.openxml4j.opc.PackageRelationshipCollection.<init>(PackageRelationshipCollection.java:124)
at org.apache.poi.openxml4j.opc.PackagePart.loadRelationships(PackagePart.java:527)
at org.apache.poi.openxml4j.opc.PackagePart.<init>(PackagePart.java:112)
at org.apache.poi.openxml4j.opc.PackagePart.<init>(PackagePart.java:83)
at org.apache.poi.openxml4j.opc.PackagePart.<init>(PackagePart.java:128)
at org.apache.poi.openxml4j.opc.ZipPackagePart.<init>(ZipPackagePart.java:78)
at org.apache.poi.openxml4j.opc.ZipPackage.getPartsImpl(ZipPackage.java:187)
at org.apache.poi.openxml4j.opc.OPCPackage.getParts(OPCPackage.java:585)
at org.apache.poi.openxml4j.opc.OPCPackage.open(OPCPackage.java:201)
at org.apache.poi.openxml4j.opc.OPCPackage.open(OPCPackage.java:178)
at org.apache.poi.util.PackageHelper.open(PackageHelper.java:53)
at org.apache.poi.xssf.usermodel.XSSFWorkbook.<init>(XSSFWorkbook.java:176)
at Utilities.Xls_Reader.<init>(Xls_Reader.java:32)
at Base.TestBase.<init>(TestBase.java:32)
at Pages.ContactPage.<init>(ContactPage.java:37)
at Pages.ContactPage.<init>(ContactPage.java:14)
at Pages.ContactPage.<init>(ContactPage.java:14)
at Pages.ContactPage.<init>(ContactPage.java:14)
at Pages.ContactPage.<init>(ContactPage.java:14)
at Pages.ContactPage.<init>(ContactPage.java:14)
at Pages.ContactPage.<init>(ContactPage.java:14)
at Pages.ContactPage.<init>(ContactPage.java:14)
at Pages.ContactPage.<init>(ContactPage.java:14)
at Pages.ContactPage.<init>(ContactPage.java:14)
at Pages.ContactPage.<init>(ContactPage.java:14)
at Pages.ContactPage.<init>(ContactPage.java:14)
at Pages.ContactPage.<init>(ContactPage.java:14)
at Pages.ContactPage.<init>(ContactPage.java:14)
at Pages.ContactPage.<init>(ContactPage.java:14)
at Pages.ContactPage.<init>(ContactPage.java:14)
at Pages.ContactPage.<init>(ContactPage.java:14)
at Pages.ContactPage.<init>(ContactPage.java:14)
at Pages.ContactPage.<init>(ContactPage.java:14)
at Pages.ContactPage.<init>(ContactPage.java:14)
at Pages.ContactPage.<init>(ContactPage.java:14)
at Pages.ContactPage.<init>(ContactPage.java:14)
at Pages.ContactPage.<init>(ContactPage.java:14)
at Pages.ContactPage.<init>(ContactPage.java:14)
at Pages.ContactPage.<init>(ContactPage.java:14)
at Pages.ContactPage.<init>(ContactPage.java:14)
at Pages.ContactPage.<init>(ContactPage.java:14)
at Pages.ContactPage.<init>(ContactPage.java:14)
at Pages.ContactPage.<init>(ContactPage.java:14)
at Pages.ContactPage.<init>(ContactPage.java:14)
at Pages.ContactPage.<init>(ContactPage.java:14)
at Pages.ContactPage.<init>(ContactPage.java:14)
at Pages.ContactPage.<init>(ContactPage.java:14)
at Pages.ContactPage.<init>(ContactPage.java:14)
at Pages.ContactPage.<init>(ContactPage.java:14)
at Pages.ContactPage.<init>(ContactPage.java:14)
at Pages.ContactPage.<init>(ContactPage.java:14)
at Pages.ContactPage.<init>(ContactPage.java:14)
at Pages.ContactPage.<init>(ContactPage.java:14)
at Pages.ContactPage.<init>(ContactPage.java:14)
at Pages.ContactPage.<init>(ContactPage.java:14)
at Pages.ContactPage.<init>(ContactPage.java:14)
at Pages.ContactPage.<init>(ContactPage.java:14)
at Pages.ContactPage.<init>(ContactPage.java:14)
at Pages.ContactPage.<init>(ContactPage.java:14)
at Pages.ContactPage.<init>(ContactPage.java:14)
at Pages.ContactPage.<init>(ContactPage.java:14)
at Pages.ContactPage.<init>(ContactPage.java:14)
at Pages.ContactPage.<init>(ContactPage.java:14)
at Pages.ContactPage.<init>(ContactPage.java:14)
at Pages.ContactPage.<init>(ContactPage.java:14)
at Pages.ContactPage.<init>(ContactPage.java:14)
at Pages.ContactPage.<init>(ContactPage.java:14)
at Pages.ContactPage.<init>(ContactPage.java:14)
at Pages.ContactPage.<init>(ContactPage.java:14)
at Pages.ContactPage.<init>(ContactPage.java:14)
at Pages.ContactPage.<init>(ContactPage.java:14)
at Pages.ContactPage.<init>(ContactPage.java:14)
at Pages.ContactPage.<init>(ContactPage.java:14)
at Pages.ContactPage.<init>(ContactPage.java:14)
at Pages.ContactPage.<init>(ContactPage.java:14)
at Pages.ContactPage.<init>(ContactPage.java:14)
at Pages.ContactPage.<init>(ContactPage.java:14)
at Pages.ContactPage.<init>(ContactPage.java:14)
at Pages.ContactPage.<init>(ContactPage.java:14)
at Pages.ContactPage.<init>(ContactPage.java:14)
at Pages.ContactPage.<init>(ContactPage.java:14)
at Pages.ContactPage.<init>(ContactPage.java:14)
at Pages.ContactPage.<init>(ContactPage.java:14)
at Pages.ContactPage.<init>(ContactPage.java:14)
at Pages.ContactPage.<init>(ContactPage.java:14)
at Pages.ContactPage.<init>(ContactPage.java:14)
at Pages.ContactPage.<init>(ContactPage.java:14)
at Pages.ContactPage.<init>(ContactPage.java:14)
at Pages.ContactPage.<init>(ContactPage.java:14)
at Pages.ContactPage.<init>(ContactPage.java:14)
at Pages.ContactPage.<init>(ContactPage.java:14)
at Pages.ContactPage.<init>(ContactPage.java:14)
at Pages.ContactPage.<init>(ContactPage.java:14)
at Pages.ContactPage.<init>(ContactPage.java:14)
at Pages.ContactPage.<init>(ContactPage.java:14)
at Pages.ContactPage.<init>(ContactPage.java:14)
at Pages.ContactPage.<init>(ContactPage.java:14)
at Pages.ContactPage.<init>(ContactPage.java:14)
at Pages.ContactPage.<init>(ContactPage.java:14)
at Pages.ContactPage.<init>(ContactPage.java:14)
at Pages.ContactPage.<init>(ContactPage.java:14)
at Pages.ContactPage.<init>(ContactPage.java:14)
at Pages.ContactPage.<init>(ContactPage.java:14)
at Pages.ContactPage.<init>(ContactPage.java:14)
at Pages.ContactPage.<init>(ContactPage.java:14)
at Pages.ContactPage.<init>(ContactPage.java:14)
at Pages.ContactPage.<init>(ContactPage.java:14)
at Pages.ContactPage.<init>(ContactPage.java:14)
at Pages.ContactPage.<init>(ContactPage.java:14)
at Pages.ContactPage.<init>(ContactPage.java:14)
at Pages.ContactPage.<init>(ContactPage.java:14)
at Pages.ContactPage.<init>(ContactPage.java:14)
at Pages.ContactPage.<init>(ContactPage.java:14)
at Pages.ContactPage.<init>(ContactPage.java:14)
at Pages.ContactPage.<init>(ContactPage.java:14)
at Pages.ContactPage.<init>(ContactPage.java:14)
at Pages.ContactPage.<init>(ContactPage.java:14)
at Pages.ContactPage.<init>(ContactPage.java:14)
at Pages.ContactPage.<init>(ContactPage.java:14)
at Pages.ContactPage.<init>(ContactPage.java:14)
at Pages.ContactPage.<init>(ContactPage.java:14)
at Pages.ContactPage.<init>(ContactPage.java:14)
at Pages.ContactPage.<init>(ContactPage.java:14)
at Pages.ContactPage.<init>(ContactPage.java:14)
at Pages.ContactPage.<init>(ContactPage.java:14)
at Pages.ContactPage.<init>(ContactPage.java:14)
at Pages.ContactPage.<init>(ContactPage.java:14)
at Pages.ContactPage.<init>(ContactPage.java:14)
at Pages.ContactPage.<init>(ContactPage.java:14)
at Pages.ContactPage.<init>(ContactPage.java:14)
at Pages.ContactPage.<init>(ContactPage.java:14)
at Pages.ContactPage.<init>(ContactPage.java:14)
at Pages.ContactPage.<init>(ContactPage.java:14)
at Pages.ContactPage.<init>(ContactPage.java:14)
at Pages.ContactPage.<init>(ContactPage.java:14)
at Pages.ContactPage.<init>(ContactPage.java:14)
at Pages.ContactPage.<init>(ContactPage.java:14)
at Pages.ContactPage.<init>(ContactPage.java:14)
at Pages.ContactPage.<init>(ContactPage.java:14)
at Pages.ContactPage.<init>(ContactPage.java:14)
at Pages.ContactPage.<init>(ContactPage.java:14)
at Pages.ContactPage.<init>(ContactPage.java:14)
at Pages.ContactPage.<init>(ContactPage.java:14)
at Pages.ContactPage.<init>(ContactPage.java:14)
at Pages.ContactPage.<init>(ContactPage.java:14)
at Pages.ContactPage.<init>(ContactPage.java:14)
at Pages.ContactPage.<init>(ContactPage.java:14)
at Pages.ContactPage.<init>(ContactPage.java:14)
at Pages.ContactPage.<init>(ContactPage.java:14)
at Pages.ContactPage.<init>(ContactPage.java:14)
at Pages.ContactPage.<init>(ContactPage.java:14)
at Pages.ContactPage.<init>(ContactPage.java:14)
at Pages.ContactPage.<init>(ContactPage.java:14)
at Pages.ContactPage.<init>(ContactPage.java:14)
at Pages.ContactPage.<init>(ContactPage.java:14)
at Pages.ContactPage.<init>(ContactPage.java:14)
at Pages.ContactPage.<init>(ContactPage.java:14)
at Pages.ContactPage.<init>(ContactPage.java:14)
at Pages.ContactPage.<init>(ContactPage.java:14)
at Pages.ContactPage.<init>(ContactPage.java:14)
at Pages.ContactPage.<init>(ContactPage.java:14)
at Pages.ContactPage.<init>(ContactPage.java:14)
at Pages.ContactPage.<init>(ContactPage.java:14)
at Pages.ContactPage.<init>(ContactPage.java:14)
at Pages.ContactPage.<init>(ContactPage.java:14)
at Pages.ContactPage.<init>(ContactPage.java:14)
at Pages.ContactPage.<init>(ContactPage.java:14)
at Pages.ContactPage.<init>(ContactPage.java:14)
at Pages.ContactPage.<init>(ContactPage.java:14)
at Pages.ContactPage.<init>(ContactPage.java:14)
at Pages.ContactPage.<init>(ContactPage.java:14)
at Pages.ContactPage.<init>(ContactPage.java:14)
at Pages.ContactPage.<init>(ContactPage.java:14)
at Pages.ContactPage.<init>(ContactPage.java:14)
at Pages.ContactPage.<init>(ContactPage.java:14)
at Pages.ContactPage.<init>(ContactPage.java:14)
at Pages.ContactPage.<init>(ContactPage.java:14)
at Pages.ContactPage.<init>(ContactPage.java:14)
at Pages.ContactPage.<init>(ContactPage.java:14)
at Pages.ContactPage.<init>(ContactPage.java:14)
at Pages.ContactPage.<init>(ContactPage.java:14)
at Pages.ContactPage.<init>(ContactPage.java:14)
at Pages.ContactPage.<init>(ContactPage.java:14)
at Pages.ContactPage.<init>(ContactPage.java:14)
at Pages.ContactPage.<init>(ContactPage.java:14)
at Pages.ContactPage.<init>(ContactPage.java:14)
at Pages.ContactPage.<init>(ContactPage.java:14)
at Pages.ContactPage.<init>(ContactPage.java:14)
at Pages.ContactPage.<init>(ContactPage.java:14)
at Pages.ContactPage.<init>(ContactPage.java:14)
at Pages.ContactPage.<init>(ContactPage.java:14)
at Pages.ContactPage.<init>(ContactPage.java:14)
at Pages.ContactPage.<init>(ContactPage.java:14)
at Pages.ContactPage.<init>(ContactPage.java:14)
at Pages.ContactPage.<init>(ContactPage.java:14)
at Pages.ContactPage.<init>(ContactPage.java:14)
at Pages.ContactPage.<init>(ContactPage.java:14)
at Pages.ContactPage.<init>(ContactPage.java:14)
at Pages.ContactPage.<init>(ContactPage.java:14)
at Pages.ContactPage.<init>(ContactPage.java:14)
at Pages.ContactPage.<init>(ContactPage.java:14)
at Pages.ContactPage.<init>(ContactPage.java:14)
at Pages.ContactPage.<init>(ContactPage.java:14)
at Pages.ContactPage.<init>(ContactPage.java:14)
at Pages.ContactPage.<init>(ContactPage.java:14)
at Pages.ContactPage.<init>(ContactPage.java:14)
at Pages.ContactPage.<init>(ContactPage.java:14)
at Pages.ContactPage.<init>(ContactPage.java:14)
at Pages.ContactPage.<init>(ContactPage.java:14)
at Pages.ContactPage.<init>(ContactPage.java:14)
at Pages.ContactPage.<init>(ContactPage.java:14)
at Pages.ContactPage.<init>(ContactPage.java:14)
at Pages.ContactPage.<init>(ContactPage.java:14)
at Pages.ContactPage.<init>(ContactPage.java:14)
at Pages.ContactPage.<init>(ContactPage.java:14)
at Pages.ContactPage.<init>(ContactPage.java:14)
at Pages.ContactPage.<init>(ContactPage.java:14)
at Pages.ContactPage.<init>(ContactPage.java:14)
at Pages.ContactPage.<init>(ContactPage.java:14)
at Pages.ContactPage.<init>(ContactPage.java:14)
at Pages.ContactPage.<init>(ContactPage.java:14)
at Pages.ContactPage.<init>(ContactPage.java:14)
at Pages.ContactPage.<init>(ContactPage.java:14)
at Pages.ContactPage.<init>(ContactPage.java:14)
at Pages.ContactPage.<init>(ContactPage.java:14)
at Pages.ContactPage.<init>(ContactPage.java:14)
at Pages.ContactPage.<init>(ContactPage.java:14)
at Pages.ContactPage.<init>(ContactPage.java:14)
at Pages.ContactPage.<init>(ContactPage.java:14)
at Pages.ContactPage.<init>(ContactPage.java:14)
at Pages.ContactPage.<init>(ContactPage.java:14)
at Pages.ContactPage.<init>(ContactPage.java:14)
at Pages.ContactPage.<init>(ContactPage.java:14)
at Pages.ContactPage.<init>(ContactPage.java:14)
at Pages.ContactPage.<init>(ContactPage.java:14)
at Pages.ContactPage.<init>(ContactPage.java:14)
at Pages.ContactPage.<init>(ContactPage.java:14)
at Pages.ContactPage.<init>(ContactPage.java:14)
at Pages.ContactPage.<init>(ContactPage.java:14)
at Pages.ContactPage.<init>(ContactPage.java:14)
at Pages.ContactPage.<init>(ContactPage.java:14)
at Pages.ContactPage.<init>(ContactPage.java:14)
at Pages.ContactPage.<init>(ContactPage.java:14)
at Pages.ContactPage.<init>(ContactPage.java:14)
at Pages.ContactPage.<init>(ContactPage.java:14)
at Pages.ContactPage.<init>(ContactPage.java:14)
at Pages.ContactPage.<init>(ContactPage.java:14)
at Pages.ContactPage.<init>(ContactPage.java:14)
at Pages.ContactPage.<init>(ContactPage.java:14)
at Pages.ContactPage.<init>(ContactPage.java:14)
at Pages.ContactPage.<init>(ContactPage.java:14)
at Pages.ContactPage.<init>(ContactPage.java:14)
at Pages.ContactPage.<init>(ContactPage.java:14)
at Pages.ContactPage.<init>(ContactPage.java:14)
at Pages.ContactPage.<init>(ContactPage.java:14)
at Pages.ContactPage.<init>(ContactPage.java:14)
at Pages.ContactPage.<init>(ContactPage.java:14)
at Pages.ContactPage.<init>(ContactPage.java:14)
at Pages.ContactPage.<init>(ContactPage.java:14)
at Pages.ContactPage.<init>(ContactPage.java:14)
at Pages.ContactPage.<init>(ContactPage.java:14)
at Pages.ContactPage.<init>(ContactPage.java:14)
at Pages.ContactPage.<init>(ContactPage.java:14)
at Pages.ContactPage.<init>(ContactPage.java:14)
at Pages.ContactPage.<init>(ContactPage.java:14)
at Pages.ContactPage.<init>(ContactPage.java:14)
at Pages.ContactPage.<init>(ContactPage.java:14)
at Pages.ContactPage.<init>(ContactPage.java:14)
at Pages.ContactPage.<init>(ContactPage.java:14)
at Pages.ContactPage.<init>(ContactPage.java:14)
at Pages.ContactPage.<init>(ContactPage.java:14)
at Pages.ContactPage.<init>(ContactPage.java:14)
at Pages.ContactPage.<init>(ContactPage.java:14)
at Pages.ContactPage.<init>(ContactPage.java:14)
at Pages.ContactPage.<init>(ContactPage.java:14)
at Pages.ContactPage.<init>(ContactPage.java:14)
at Pages.ContactPage.<init>(ContactPage.java:14)
at Pages.ContactPage.<init>(ContactPage.java:14)
at Pages.ContactPage.<init>(ContactPage.java:14)
at Pages.ContactPage.<init>(ContactPage.java:14)
at Pages.ContactPage.<init>(ContactPage.java:14)
at Pages.ContactPage.<init>(ContactPage.java:14)
at Pages.ContactPage.<init>(ContactPage.java:14)
at Pages.ContactPage.<init>(ContactPage.java:14)
at Pages.ContactPage.<init>(ContactPage.java:14)
at Pages.ContactPage.<init>(ContactPage.java:14)
at Pages.ContactPage.<init>(ContactPage.java:14)
at Pages.ContactPage.<init>(ContactPage.java:14)
at Pages.ContactPage.<init>(ContactPage.java:14)
at Pages.ContactPage.<init>(ContactPage.java:14)
at Pages.ContactPage.<init>(ContactPage.java:14)
at Pages.ContactPage.<init>(ContactPage.java:14)
at Pages.ContactPage.<init>(ContactPage.java:14)
at Pages.ContactPage.<init>(ContactPage.java:14)
at Pages.ContactPage.<init>(ContactPage.java:14)
at Pages.ContactPage.<init>(ContactPage.java:14)
at Pages.ContactPage.<init>(ContactPage.java:14)
at Pages.ContactPage.<init>(ContactPage.java:14)
at Pages.ContactPage.<init>(ContactPage.java:14)
at Pages.ContactPage.<init>(ContactPage.java:14)
at Pages.ContactPage.<init>(ContactPage.java:14)
at Pages.ContactPage.<init>(ContactPage.java:14)
at Pages.ContactPage.<init>(ContactPage.java:14)
at Pages.ContactPage.<init>(ContactPage.java:14)
at Pages.ContactPage.<init>(ContactPage.java:14)
at Pages.ContactPage.<init>(ContactPage.java:14)
at Pages.ContactPage.<init>(ContactPage.java:14)
at Pages.ContactPage.<init>(ContactPage.java:14)
at Pages.ContactPage.<init>(ContactPage.java:14)
at Pages.ContactPage.<init>(ContactPage.java:14)
at Pages.ContactPage.<init>(ContactPage.java:14)
at Pages.ContactPage.<init>(ContactPage.java:14)
at Pages.ContactPage.<init>(ContactPage.java:14)
at Pages.ContactPage.<init>(ContactPage.java:14)
at Pages.ContactPage.<init>(ContactPage.java:14)
at Pages.ContactPage.<init>(ContactPage.java:14)
at Pages.ContactPage.<init>(ContactPage.java:14)
at Pages.ContactPage.<init>(ContactPage.java:14)
at Pages.ContactPage.<init>(ContactPage.java:14)
at Pages.ContactPage.<init>(ContactPage.java:14)
at Pages.ContactPage.<init>(ContactPage.java:14)
at Pages.ContactPage.<init>(ContactPage.java:14)
at Pages.ContactPage.<init>(ContactPage.java:14)
at Pages.ContactPage.<init>(ContactPage.java:14)
at Pages.ContactPage.<init>(ContactPage.java:14)
at Pages.ContactPage.<init>(ContactPage.java:14)
at Pages.ContactPage.<init>(ContactPage.java:14)
at Pages.ContactPage.<init>(ContactPage.java:14)
at Pages.ContactPage.<init>(ContactPage.java:14)
at Pages.ContactPage.<init>(ContactPage.java:14)
at Pages.ContactPage.<init>(ContactPage.java:14)
at Pages.ContactPage.<init>(ContactPage.java:14)
at Pages.ContactPage.<init>(ContactPage.java:14)
at Pages.ContactPage.<init>(ContactPage.java:14)
at Pages.ContactPage.<init>(ContactPage.java:14)
at Pages.ContactPage.<init>(ContactPage.java:14)
at Pages.ContactPage.<init>(ContactPage.java:14)
at Pages.ContactPage.<init>(ContactPage.java:14)
at Pages.ContactPage.<init>(ContactPage.java:14)
at Pages.ContactPage.<init>(ContactPage.java:14)
at Pages.ContactPage.<init>(ContactPage.java:14)
at Pages.ContactPage.<init>(ContactPage.java:14)
at Pages.ContactPage.<init>(ContactPage.java:14)
at Pages.ContactPage.<init>(ContactPage.java:14)
at Pages.ContactPage.<init>(ContactPage.java:14)
at Pages.ContactPage.<init>(ContactPage.java:14)
at Pages.ContactPage.<init>(ContactPage.java:14)
at Pages.ContactPage.<init>(ContactPage.java:14)
at Pages.ContactPage.<init>(ContactPage.java:14)
at Pages.ContactPage.<init>(ContactPage.java:14)
at Pages.ContactPage.<init>(ContactPage.java:14)
at Pages.ContactPage.<init>(ContactPage.java:14)
at Pages.ContactPage.<init>(ContactPage.java:14)
at Pages.ContactPage.<init>(ContactPage.java:14)
at Pages.ContactPage.<init>(ContactPage.java:14)
at Pages.ContactPage.<init>(ContactPage.java:14)
at Pages.ContactPage.<init>(ContactPage.java:14)
at Pages.ContactPage.<init>(ContactPage.java:14)
at Pages.ContactPage.<init>(ContactPage.java:14)
at Pages.ContactPage.<init>(ContactPage.java:14)
at Pages.ContactPage.<init>(ContactPage.java:14)
at Pages.ContactPage.<init>(ContactPage.java:14)
at Pages.ContactPage.<init>(ContactPage.java:14)
at Pages.ContactPage.<init>(ContactPage.java:14)
at Pages.ContactPage.<init>(ContactPage.java:14)
at Pages.ContactPage.<init>(ContactPage.java:14)
at Pages.ContactPage.<init>(ContactPage.java:14)
at Pages.ContactPage.<init>(ContactPage.java:14)
at Pages.ContactPage.<init>(ContactPage.java:14)
at Pages.ContactPage.<init>(ContactPage.java:14)
at Pages.ContactPage.<init>(ContactPage.java:14)
at Pages.ContactPage.<init>(ContactPage.java:14)
at Pages.ContactPage.<init>(ContactPage.java:14)
at Pages.ContactPage.<init>(ContactPage.java:14)
at Pages.ContactPage.<init>(ContactPage.java:14)
at Pages.ContactPage.<init>(ContactPage.java:14)
at Pages.ContactPage.<init>(ContactPage.java:14)
at Pages.ContactPage.<init>(ContactPage.java:14)
at Pages.ContactPage.<init>(ContactPage.java:14)
at Pages.ContactPage.<init>(ContactPage.java:14)
at Pages.ContactPage.<init>(ContactPage.java:14)
at Pages.ContactPage.<init>(ContactPage.java:14)
at Pages.ContactPage.<init>(ContactPage.java:14)
at Pages.ContactPage.<init>(ContactPage.java:14)
at Pages.ContactPage.<init>(ContactPage.java:14)
at Pages.ContactPage.<init>(ContactPage.java:14)
at Pages.ContactPage.<init>(ContactPage.java:14)
at Pages.ContactPage.<init>(ContactPage.java:14)
at Pages.ContactPage.<init>(ContactPage.java:14)
at Pages.ContactPage.<init>(ContactPage.java:14)
at Pages.ContactPage.<init>(ContactPage.java:14)
at Pages.ContactPage.<init>(ContactPage.java:14)
at Pages.ContactPage.<init>(ContactPage.java:14)
at Pages.ContactPage.<init>(ContactPage.java:14)
at Pages.ContactPage.<init>(ContactPage.java:14)
at Pages.ContactPage.<init>(ContactPage.java:14)
at Pages.ContactPage.<init>(ContactPage.java:14)
at Pages.ContactPage.<init>(ContactPage.java:14)
at Pages.ContactPage.<init>(ContactPage.java:14)
at Pages.ContactPage.<init>(ContactPage.java:14)
at Pages.ContactPage.<init>(ContactPage.java:14)
at Pages.ContactPage.<init>(ContactPage.java:14)
at Pages.ContactPage.<init>(ContactPage.java:14)
at Pages.ContactPage.<init>(ContactPage.java:14)
at Pages.ContactPage.<init>(ContactPage.java:14)
at Pages.ContactPage.<init>(ContactPage.java:14)
at Pages.ContactPage.<init>(ContactPage.java:14)
at Pages.ContactPage.<init>(ContactPage.java:14)
at Pages.ContactPage.<init>(ContactPage.java:14)
at Pages.ContactPage.<init>(ContactPage.java:14)
at Pages.ContactPage.<init>(ContactPage.java:14)
at Pages.ContactPage.<init>(ContactPage.java:14)
at Pages.ContactPage.<init>(ContactPage.java:14)
at Pages.ContactPage.<init>(ContactPage.java:14)
at Pages.ContactPage.<init>(ContactPage.java:14)
at Pages.ContactPage.<init>(ContactPage.java:14)
at Pages.ContactPage.<init>(ContactPage.java:14)
at Pages.ContactPage.<init>(ContactPage.java:14)
at Pages.ContactPage.<init>(ContactPage.java:14)
at Pages.ContactPage.<init>(ContactPage.java:14)
at Pages.ContactPage.<init>(ContactPage.java:14)
at Pages.ContactPage.<init>(ContactPage.java:14)
at Pages.ContactPage.<init>(ContactPage.java:14)
at Pages.ContactPage.<init>(ContactPage.java:14)
at Pages.ContactPage.<init>(ContactPage.java:14)
at Pages.ContactPage.<init>(ContactPage.java:14)
at Pages.ContactPage.<init>(ContactPage.java:14)
at Pages.ContactPage.<init>(ContactPage.java:14)
at Pages.ContactPage.<init>(ContactPage.java:14)
at Pages.ContactPage.<init>(ContactPage.java:14)
at Pages.ContactPage.<init>(ContactPage.java:14)
at Pages.ContactPage.<init>(ContactPage.java:14)
at Pages.ContactPage.<init>(ContactPage.java:14)
at Pages.ContactPage.<init>(ContactPage.java:14)
at Pages.ContactPage.<init>(ContactPage.java:14)
at Pages.ContactPage.<init>(ContactPage.java:14)
at Pages.ContactPage.<init>(ContactPage.java:14)
at Pages.ContactPage.<init>(ContactPage.java:14)
at Pages.ContactPage.<init>(ContactPage.java:14)
at Pages.ContactPage.<init>(ContactPage.java:14)
at Pages.ContactPage.<init>(ContactPage.java:14)
at Pages.ContactPage.<init>(ContactPage.java:14)
at Pages.ContactPage.<init>(ContactPage.java:14)
at Pages.ContactPage.<init>(ContactPage.java:14)
at Pages.ContactPage.<init>(ContactPage.java:14)
at Pages.ContactPage.<init>(ContactPage.java:14)
at Pages.ContactPage.<init>(ContactPage.java:14)
at Pages.ContactPage.<init>(ContactPage.java:14)
at Pages.ContactPage.<init>(ContactPage.java:14)
at Pages.ContactPage.<init>(ContactPage.java:14)
at Pages.ContactPage.<init>(ContactPage.java:14)
at Pages.ContactPage.<init>(ContactPage.java:14)
at Pages.ContactPage.<init>(ContactPage.java:14)
at Pages.ContactPage.<init>(ContactPage.java:14)
at Pages.ContactPage.<init>(ContactPage.java:14)
at Pages.ContactPage.<init>(ContactPage.java:14)
at Pages.ContactPage.<init>(ContactPage.java:14)
at Pages.ContactPage.<init>(ContactPage.java:14)
at Pages.ContactPage.<init>(ContactPage.java:14)
at Pages.ContactPage.<init>(ContactPage.java:14)
at Pages.ContactPage.<init>(ContactPage.java:14)
at Pages.ContactPage.<init>(ContactPage.java:14)
at Pages.ContactPage.<init>(ContactPage.java:14)
at Pages.ContactPage.<init>(ContactPage.java:14)
at Pages.ContactPage.<init>(ContactPage.java:14)
at Pages.ContactPage.<init>(ContactPage.java:14)
at Pages.ContactPage.<init>(ContactPage.java:14)
at Pages.ContactPage.<init>(ContactPage.java:14)
at Pages.ContactPage.<init>(ContactPage.java:14)
at Pages.ContactPage.<init>(ContactPage.java:14)
at Pages.ContactPage.<init>(ContactPage.java:14)
at Pages.ContactPage.<init>(ContactPage.java:14)
at Pages.ContactPage.<init>(ContactPage.java:14)
at Pages.ContactPage.<init>(ContactPage.java:14)
at Pages.ContactPage.<init>(ContactPage.java:14)
at Pages.ContactPage.<init>(ContactPage.java:14)
at Pages.ContactPage.<init>(ContactPage.java:14)
at Pages.ContactPage.<init>(ContactPage.java:14)
at Pages.ContactPage.<init>(ContactPage.java:14)
at Pages.ContactPage.<init>(ContactPage.java:14)
at Pages.ContactPage.<init>(ContactPage.java:14)
at Pages.ContactPage.<init>(ContactPage.java:14)
at Pages.ContactPage.<init>(ContactPage.java:14)
at Pages.ContactPage.<init>(ContactPage.java:14)
at Pages.ContactPage.<init>(ContactPage.java:14)
at Pages.ContactPage.<init>(ContactPage.java:14)
at Pages.ContactPage.<init>(ContactPage.java:14)
at Pages.ContactPage.<init>(ContactPage.java:14)
at Pages.ContactPage.<init>(ContactPage.java:14)
at Pages.ContactPage.<init>(ContactPage.java:14)
at Pages.ContactPage.<init>(ContactPage.java:14)
at Pages.ContactPage.<init>(ContactPage.java:14)
at Pages.ContactPage.<init>(ContactPage.java:14)
at Pages.ContactPage.<init>(ContactPage.java:14)
at Pages.ContactPage.<init>(ContactPage.java:14)
at Pages.ContactPage.<init>(ContactPage.java:14)
at Pages.ContactPage.<init>(ContactPage.java:14)
at Pages.ContactPage.<init>(ContactPage.java:14)
at Pages.ContactPage.<init>(ContactPage.java:14)
at Pages.ContactPage.<init>(ContactPage.java:14)
at Pages.ContactPage.<init>(ContactPage.java:14)
at Pages.ContactPage.<init>(ContactPage.java:14)
at Pages.ContactPage.<init>(ContactPage.java:14)
at Pages.ContactPage.<init>(ContactPage.java:14)
at Pages.ContactPage.<init>(ContactPage.java:14)
at Pages.ContactPage.<init>(ContactPage.java:14)
at Pages.ContactPage.<init>(ContactPage.java:14)
at Pages.ContactPage.<init>(ContactPage.java:14)
at Pages.ContactPage.<init>(ContactPage.java:14)
at Pages.ContactPage.<init>(ContactPage.java:14)
at Pages.ContactPage.<init>(ContactPage.java:14)
at Pages.ContactPage.<init>(ContactPage.java:14)
at Pages.ContactPage.<init>(ContactPage.java:14)
at Pages.ContactPage.<init>(ContactPage.java:14)
at Pages.ContactPage.<init>(ContactPage.java:14)
at Pages.ContactPage.<init>(ContactPage.java:14)
at Pages.ContactPage.<init>(ContactPage.java:14)
at Pages.ContactPage.<init>(ContactPage.java:14)
at Pages.ContactPage.<init>(ContactPage.java:14)
at Pages.ContactPage.<init>(ContactPage.java:14)
at Pages.ContactPage.<init>(ContactPage.java:14)
at Pages.ContactPage.<init>(ContactPage.java:14)
at Pages.ContactPage.<init>(ContactPage.java:14)
at Pages.ContactPage.<init>(ContactPage.java:14)
at Pages.ContactPage.<init>(ContactPage.java:14)
at Pages.ContactPage.<init>(ContactPage.java:14)
at Pages.ContactPage.<init>(ContactPage.java:14)
at Pages.ContactPage.<init>(ContactPage.java:14)
at Pages.ContactPage.<init>(ContactPage.java:14)
at Pages.ContactPage.<init>(ContactPage.java:14)
at Pages.ContactPage.<init>(ContactPage.java:14)
at Pages.ContactPage.<init>(ContactPage.java:14)
at Pages.ContactPage.<init>(ContactPage.java:14)
at Pages.ContactPage.<init>(ContactPage.java:14)
at Pages.ContactPage.<init>(ContactPage.java:14)
at Pages.ContactPage.<init>(ContactPage.java:14)
at Pages.ContactPage.<init>(ContactPage.java:14)
at Pages.ContactPage.<init>(ContactPage.java:14)
at Pages.ContactPage.<init>(ContactPage.java:14)
at Pages.ContactPage.<init>(ContactPage.java:14)
at Pages.ContactPage.<init>(ContactPage.java:14)
at Pages.ContactPage.<init>(ContactPage.java:14)
at Pages.ContactPage.<init>(ContactPage.java:14)
at Pages.ContactPage.<init>(ContactPage.java:14)
at Pages.ContactPage.<init>(ContactPage.java:14)
at Pages.ContactPage.<init>(ContactPage.java:14)
at Pages.ContactPage.<init>(ContactPage.java:14)
at Pages.ContactPage.<init>(ContactPage.java:14)
at Pages.ContactPage.<init>(ContactPage.java:14)
at Pages.ContactPage.<init>(ContactPage.java:14)
at Pages.ContactPage.<init>(ContactPage.java:14)
at Pages.ContactPage.<init>(ContactPage.java:14)
at Pages.ContactPage.<init>(ContactPage.java:14)
at Pages.ContactPage.<init>(ContactPage.java:14)
at Pages.ContactPage.<init>(ContactPage.java:14)
at Pages.ContactPage.<init>(ContactPage.java:14)
at Pages.ContactPage.<init>(ContactPage.java:14)
at Pages.ContactPage.<init>(ContactPage.java:14)
at Pages.ContactPage.<init>(ContactPage.java:14)
at Pages.ContactPage.<init>(ContactPage.java:14)
at Pages.ContactPage.<init>(ContactPage.java:14)
at Pages.ContactPage.<init>(ContactPage.java:14)
at Pages.ContactPage.<init>(ContactPage.java:14)
at Pages.ContactPage.<init>(ContactPage.java:14)
at Pages.ContactPage.<init>(ContactPage.java:14)
at Pages.ContactPage.<init>(ContactPage.java:14)
at Pages.ContactPage.<init>(ContactPage.java:14)
at Pages.ContactPage.<init>(ContactPage.java:14)
at Pages.ContactPage.<init>(ContactPage.java:14)
at Pages.ContactPage.<init>(ContactPage.java:14)
at Pages.ContactPage.<init>(ContactPage.java:14)
at Pages.ContactPage.<init>(ContactPage.java:14)
at Pages.ContactPage.<init>(ContactPage.java:14)
at Pages.ContactPage.<init>(ContactPage.java:14)
at Pages.ContactPage.<init>(ContactPage.java:14)
at Pages.ContactPage.<init>(ContactPage.java:14)
at Pages.ContactPage.<init>(ContactPage.java:14)
at Pages.ContactPage.<init>(ContactPage.java:14)
at Pages.ContactPage.<init>(ContactPage.java:14)
at Pages.ContactPage.<init>(ContactPage.java:14)
at Pages.ContactPage.<init>(ContactPage.java:14)
at Pages.ContactPage.<init>(ContactPage.java:14)
at Pages.ContactPage.<init>(ContactPage.java:14)
at Pages.ContactPage.<init>(ContactPage.java:14)
at Pages.ContactPage.<init>(ContactPage.java:14)
at Pages.ContactPage.<init>(ContactPage.java:14)
at Pages.ContactPage.<init>(ContactPage.java:14)
at Pages.ContactPage.<init>(ContactPage.java:14)
at Pages.ContactPage.<init>(ContactPage.java:14)
at Pages.ContactPage.<init>(ContactPage.java:14)
at Pages.ContactPage.<init>(ContactPage.java:14)
at Pages.ContactPage.<init>(ContactPage.java:14)
at Pages.ContactPage.<init>(ContactPage.java:14)
at Pages.ContactPage.<init>(ContactPage.java:14)
at Pages.ContactPage.<init>(ContactPage.java:14)
at Pages.ContactPage.<init>(ContactPage.java:14)
at Pages.ContactPage.<init>(ContactPage.java:14)
at Pages.ContactPage.<init>(ContactPage.java:14)
at Pages.ContactPage.<init>(ContactPage.java:14)
at Pages.ContactPage.<init>(ContactPage.java:14)
at Pages.ContactPage.<init>(ContactPage.java:14)
at Pages.ContactPage.<init>(ContactPage.java:14)
at Pages.ContactPage.<init>(ContactPage.java:14)
at Pages.ContactPage.<init>(ContactPage.java:14)
at Pages.ContactPage.<init>(ContactPage.java:14)
at Pages.ContactPage.<init>(ContactPage.java:14)
at Pages.ContactPage.<init>(ContactPage.java:14)
at Pages.ContactPage.<init>(ContactPage.java:14)
at Pages.ContactPage.<init>(ContactPage.java:14)
at Pages.ContactPage.<init>(ContactPage.java:14)
at Pages.ContactPage.<init>(ContactPage.java:14)
at Pages.ContactPage.<init>(ContactPage.java:14)
at Pages.ContactPage.<init>(ContactPage.java:14)
at Pages.ContactPage.<init>(ContactPage.java:14)
at Pages.ContactPage.<init>(ContactPage.java:14)
at Pages.ContactPage.<init>(ContactPage.java:14)
at Pages.ContactPage.<init>(ContactPage.java:14)
at Pages.ContactPage.<init>(ContactPage.java:14)
at Pages.ContactPage.<init>(ContactPage.java:14)
at Pages.ContactPage.<init>(ContactPage.java:14)
at Pages.ContactPage.<init>(ContactPage.java:14)
at Pages.ContactPage.<init>(ContactPage.java:14)
at Pages.ContactPage.<init>(ContactPage.java:14)
at Pages.ContactPage.<init>(ContactPage.java:14)
at Pages.ContactPage.<init>(ContactPage.java:14)
at Pages.ContactPage.<init>(ContactPage.java:14)
at Pages.ContactPage.<init>(ContactPage.java:14)
at Pages.ContactPage.<init>(ContactPage.java:14)
at Pages.ContactPage.<init>(ContactPage.java:14)
at Pages.ContactPage.<init>(ContactPage.java:14)
at Pages.ContactPage.<init>(ContactPage.java:14)
at Pages.ContactPage.<init>(ContactPage.java:14)
at Pages.ContactPage.<init>(ContactPage.java:14)
at Pages.ContactPage.<init>(ContactPage.java:14)
at Pages.ContactPage.<init>(ContactPage.java:14)
at Pages.ContactPage.<init>(ContactPage.java:14)
at Pages.ContactPage.<init>(ContactPage.java:14)
at Pages.ContactPage.<init>(ContactPage.java:14)
at Pages.ContactPage.<init>(ContactPage.java:14)
at Pages.ContactPage.<init>(ContactPage.java:14)
at Pages.ContactPage.<init>(ContactPage.java:14)
at Pages.ContactPage.<init>(ContactPage.java:14)
at Pages.ContactPage.<init>(ContactPage.java:14)
at Pages.ContactPage.<init>(ContactPage.java:14)
at Pages.ContactPage.<init>(ContactPage.java:14)
at Pages.ContactPage.<init>(ContactPage.java:14)
at Pages.ContactPage.<init>(ContactPage.java:14)
at Pages.ContactPage.<init>(ContactPage.java:14)
at Pages.ContactPage.<init>(ContactPage.java:14)
at Pages.ContactPage.<init>(ContactPage.java:14)
at Pages.ContactPage.<init>(ContactPage.java:14)
at Pages.ContactPage.<init>(ContactPage.java:14)
at Pages.ContactPage.<init>(ContactPage.java:14)
at Pages.ContactPage.<init>(ContactPage.java:14)
at Pages.ContactPage.<init>(ContactPage.java:14)
at Pages.ContactPage.<init>(ContactPage.java:14)
at Pages.ContactPage.<init>(ContactPage.java:14)
at Pages.ContactPage.<init>(ContactPage.java:14)
at Pages.ContactPage.<init>(ContactPage.java:14)
at Pages.ContactPage.<init>(ContactPage.java:14)
at Pages.ContactPage.<init>(ContactPage.java:14)
at Pages.ContactPage.<init>(ContactPage.java:14)
at Pages.ContactPage.<init>(ContactPage.java:14)
at Pages.ContactPage.<init>(ContactPage.java:14)
at Pages.ContactPage.<init>(ContactPage.java:14)
at Pages.ContactPage.<init>(ContactPage.java:14)
at Pages.ContactPage.<init>(ContactPage.java:14)
at Pages.ContactPage.<init>(ContactPage.java:14)
at Pages.ContactPage.<init>(ContactPage.java:14)
at Pages.ContactPage.<init>(ContactPage.java:14)
at Pages.ContactPage.<init>(ContactPage.java:14)
at Pages.ContactPage.<init>(ContactPage.java:14)
at Pages.ContactPage.<init>(ContactPage.java:14)
at Pages.ContactPage.<init>(ContactPage.java:14)
at Pages.ContactPage.<init>(ContactPage.java:14)
at Pages.ContactPage.<init>(ContactPage.java:14)
at Pages.ContactPage.<init>(ContactPage.java:14)
at Pages.ContactPage.<init>(ContactPage.java:14)
at Pages.ContactPage.<init>(ContactPage.java:14)
at Pages.ContactPage.<init>(ContactPage.java:14)
at Pages.ContactPage.<init>(ContactPage.java:14)
at Pages.ContactPage.<init>(ContactPage.java:14)
at Pages.ContactPage.<init>(ContactPage.java:14)
at Pages.ContactPage.<init>(ContactPage.java:14)
at Pages.ContactPage.<init>(ContactPage.java:14)
at Pages.ContactPage.<init>(ContactPage.java:14)
at Pages.ContactPage.<init>(ContactPage.java:14)
at Pages.ContactPage.<init>(ContactPage.java:14)
at Pages.ContactPage.<init>(ContactPage.java:14)
at Pages.ContactPage.<init>(ContactPage.java:14)
at Pages.ContactPage.<init>(ContactPage.java:14)
at Pages.ContactPage.<init>(ContactPage.java:14)
at Pages.ContactPage.<init>(ContactPage.java:14)
at Pages.ContactPage.<init>(ContactPage.java:14)
at Pages.ContactPage.<init>(ContactPage.java:14)
at Pages.ContactPage.<init>(ContactPage.java:14)
at Pages.ContactPage.<init>(ContactPage.java:14)
at Pages.ContactPage.<init>(ContactPage.java:14)
at Pages.ContactPage.<init>(ContactPage.java:14)
at Pages.ContactPage.<init>(ContactPage.java:14)
at Pages.ContactPage.<init>(ContactPage.java:14)
at Pages.ContactPage.<init>(ContactPage.java:14)
at Pages.ContactPage.<init>(ContactPage.java:14)
at Pages.ContactPage.<init>(ContactPage.java:14)
at Pages.ContactPage.<init>(ContactPage.java:14)
at Pages.ContactPage.<init>(ContactPage.java:14)
at Pages.ContactPage.<init>(ContactPage.java:14)
at Pages.ContactPage.<init>(ContactPage.java:14)
at Pages.ContactPage.<init>(ContactPage.java:14)
at Pages.ContactPage.<init>(ContactPage.java:14)
at Pages.ContactPage.<init>(ContactPage.java:14)
at Pages.ContactPage.<init>(ContactPage.java:14)
at Pages.ContactPage.<init>(ContactPage.java:14)
at Pages.ContactPage.<init>(ContactPage.java:14)
at Pages.ContactPage.<init>(ContactPage.java:14)
at Pages.ContactPage.<init>(ContactPage.java:14)
at Pages.ContactPage.<init>(ContactPage.java:14)
at Pages.ContactPage.<init>(ContactPage.java:14)
at Pages.ContactPage.<init>(ContactPage.java:14)
at Pages.ContactPage.<init>(ContactPage.java:14)
at Pages.ContactPage.<init>(ContactPage.java:14)
at Pages.ContactPage.<init>(ContactPage.java:14)
at Pages.ContactPage.<init>(ContactPage.java:14)
at Pages.ContactPage.<init>(ContactPage.java:14)
at Pages.ContactPage.<init>(ContactPage.java:14)
at Pages.ContactPage.<init>(ContactPage.java:14)
at Pages.ContactPage.<init>(ContactPage.java:14)
at Pages.ContactPage.<init>(ContactPage.java:14)
at Pages.ContactPage.<init>(ContactPage.java:14)
at Pages.ContactPage.<init>(ContactPage.java:14)
at Pages.ContactPage.<init>(ContactPage.java:14)
at Pages.ContactPage.<init>(ContactPage.java:14)
at Pages.ContactPage.<init>(ContactPage.java:14)
at Pages.ContactPage.<init>(ContactPage.java:14)
at Pages.ContactPage.<init>(ContactPage.java:14)
at Pages.ContactPage.<init>(ContactPage.java:14)
at Pages.ContactPage.<init>(ContactPage.java:14)
at Pages.ContactPage.<init>(ContactPage.java:14)
at Pages.ContactPage.<init>(ContactPage.java:14)
at Pages.ContactPage.<init>(ContactPage.java:14)
at Pages.ContactPage.<init>(ContactPage.java:14)
at Pages.ContactPage.<init>(ContactPage.java:14)
at Pages.ContactPage.<init>(ContactPage.java:14)
at Pages.ContactPage.<init>(ContactPage.java:14)
at Pages.ContactPage.<init>(ContactPage.java:14)
at Pages.ContactPage.<init>(ContactPage.java:14)
at Pages.ContactPage.<init>(ContactPage.java:14)
at Pages.ContactPage.<init>(ContactPage.java:14)
at Pages.ContactPage.<init>(ContactPage.java:14)
at Pages.ContactPage.<init>(ContactPage.java:14)
at Pages.ContactPage.<init>(ContactPage.java:14)
at Pages.ContactPage.<init>(ContactPage.java:14)
at Pages.ContactPage.<init>(ContactPage.java:14)
at Pages.ContactPage.<init>(ContactPage.java:14)
at Pages.ContactPage.<init>(ContactPage.java:14)
at Pages.ContactPage.<init>(ContactPage.java:14)
at Pages.ContactPage.<init>(ContactPage.java:14)
at Pages.ContactPage.<init>(ContactPage.java:14)
at Pages.ContactPage.<init>(ContactPage.java:14)
at Pages.ContactPage.<init>(ContactPage.java:14)
at Pages.ContactPage.<init>(ContactPage.java:14)
at Pages.ContactPage.<init>(ContactPage.java:14)
at Pages.ContactPage.<init>(ContactPage.java:14)
at Pages.ContactPage.<init>(ContactPage.java:14)
at Pages.ContactPage.<init>(ContactPage.java:14)
at Pages.ContactPage.<init>(ContactPage.java:14)
at Pages.ContactPage.<init>(ContactPage.java:14)
at Pages.ContactPage.<init>(ContactPage.java:14)
at Pages.ContactPage.<init>(ContactPage.java:14)
at Pages.ContactPage.<init>(ContactPage.java:14)
at Pages.ContactPage.<init>(ContactPage.java:14)
at Pages.ContactPage.<init>(ContactPage.java:14)
at Pages.ContactPage.<init>(ContactPage.java:14)
at Pages.ContactPage.<init>(ContactPage.java:14)
at Pages.ContactPage.<init>(ContactPage.java:14)
at Pages.ContactPage.<init>(ContactPage.java:14)
at Pages.ContactPage.<init>(ContactPage.java:14)
at Pages.ContactPage.<init>(ContactPage.java:14)
at Pages.ContactPage.<init>(ContactPage.java:14)
at Pages.ContactPage.<init>(ContactPage.java:14)
at Pages.ContactPage.<init>(ContactPage.java:14)
at Pages.ContactPage.<init>(ContactPage.java:14)
at Pages.ContactPage.<init>(ContactPage.java:14)
at Pages.ContactPage.<init>(ContactPage.java:14)
at Pages.ContactPage.<init>(ContactPage.java:14)
at Pages.ContactPage.<init>(ContactPage.java:14)
at Pages.ContactPage.<init>(ContactPage.java:14)
at Pages.ContactPage.<init>(ContactPage.java:14)
at Pages.ContactPage.<init>(ContactPage.java:14)
at Pages.ContactPage.<init>(ContactPage.java:14)
at Pages.ContactPage.<init>(ContactPage.java:14)
at Pages.ContactPage.<init>(ContactPage.java:14)
at Pages.ContactPage.<init>(ContactPage.java:14)
at Pages.ContactPage.<init>(ContactPage.java:14)
at Pages.ContactPage.<init>(ContactPage.java:14)
at Pages.ContactPage.<init>(ContactPage.java:14)
at Pages.ContactPage.<init>(ContactPage.java:14)
at Pages.ContactPage.<init>(ContactPage.java:14)
at Pages.ContactPage.<init>(ContactPage.java:14)
at Pages.ContactPage.<init>(ContactPage.java:14)
at Pages.ContactPage.<init>(ContactPage.java:14)
at Pages.ContactPage.<init>(ContactPage.java:14)
at Pages.ContactPage.<init>(ContactPage.java:14)
at Pages.ContactPage.<init>(ContactPage.java:14)
at Pages.ContactPage.<init>(ContactPage.java:14)
at Pages.ContactPage.<init>(ContactPage.java:14)
at Pages.ContactPage.<init>(ContactPage.java:14)
at Pages.ContactPage.<init>(ContactPage.java:14)
at Pages.ContactPage.<init>(ContactPage.java:14)
at Pages.ContactPage.<init>(ContactPage.java:14)
at Pages.ContactPage.<init>(ContactPage.java:14)
at Pages.ContactPage.<init>(ContactPage.java:14)
at Pages.ContactPage.<init>(ContactPage.java:14)
at Pages.ContactPage.<init>(ContactPage.java:14)
at Pages.ContactPage.<init>(ContactPage.java:14)
at Pages.ContactPage.<init>(ContactPage.java:14)
at Pages.ContactPage.<init>(ContactPage.java:14)
at Pages.ContactPage.<init>(ContactPage.java:14)
at Pages.ContactPage.<init>(ContactPage.java:14)
at Pages.ContactPage.<init>(ContactPage.java:14)
at Pages.ContactPage.<init>(ContactPage.java:14)
at Pages.ContactPage.<init>(ContactPage.java:14)
at Pages.ContactPage.<init>(ContactPage.java:14)
at Pages.ContactPage.<init>(ContactPage.java:14)
at Pages.ContactPage.<init>(ContactPage.java:14)
at Pages.ContactPage.<init>(ContactPage.java:14)
at Pages.ContactPage.<init>(ContactPage.java:14)
at Pages.ContactPage.<init>(ContactPage.java:14)
at Pages.ContactPage.<init>(ContactPage.java:14)
at Pages.ContactPage.<init>(ContactPage.java:14)
at Pages.ContactPage.<init>(ContactPage.java:14)
at Pages.ContactPage.<init>(ContactPage.java:14)
at Pages.ContactPage.<init>(ContactPage.java:14)
at Pages.ContactPage.<init>(ContactPage.java:14)
at Pages.ContactPage.<init>(ContactPage.java:14)
at Pages.ContactPage.<init>(ContactPage.java:14)
at Pages.ContactPage.<init>(ContactPage.java:14)
at Pages.ContactPage.<init>(ContactPage.java:14)
at Pages.ContactPage.<init>(ContactPage.java:14)
at Pages.ContactPage.<init>(ContactPage.java:14)
at Pages.ContactPage.<init>(ContactPage.java:14)
at Pages.ContactPage.<init>(ContactPage.java:14)
at Pages.ContactPage.<init>(ContactPage.java:14)
at Pages.ContactPage.<init>(ContactPage.java:14)
at Pages.ContactPage.<init>(ContactPage.java:14)
at Pages.ContactPage.<init>(ContactPage.java:14)
at Pages.ContactPage.<init>(ContactPage.java:14)
at Pages.ContactPage.<init>(ContactPage.java:14)
at Pages.ContactPage.<init>(ContactPage.java:14)
at Pages.ContactPage.<init>(ContactPage.java:14)
at Pages.ContactPage.<init>(ContactPage.java:14)
at Pages.ContactPage.<init>(ContactPage.java:14)
at Pages.ContactPage.<init>(ContactPage.java:14)
at Pages.ContactPage.<init>(ContactPage.java:14)
at Pages.ContactPage.<init>(ContactPage.java:14)
at Pages.ContactPage.<init>(ContactPage.java:14)
at Pages.ContactPage.<init>(ContactPage.java:14)
at Pages.ContactPage.<init>(ContactPage.java:14)
at Pages.ContactPage.<init>(ContactPage.java:14)
at Pages.ContactPage.<init>(ContactPage.java:14)
at Pages.ContactPage.<init>(ContactPage.java:14)
at Pages.ContactPage.<init>(ContactPage.java:14)
at Pages.ContactPage.<init>(ContactPage.java:14)
at Pages.ContactPage.<init>(ContactPage.java:14)
at Pages.ContactPage.<init>(ContactPage.java:14)
at Pages.ContactPage.<init>(ContactPage.java:14)
at Pages.ContactPage.<init>(ContactPage.java:14)
at Pages.ContactPage.<init>(ContactPage.java:14)
at Pages.ContactPage.<init>(ContactPage.java:14)
at Pages.ContactPage.<init>(ContactPage.java:14)
at Pages.ContactPage.<init>(ContactPage.java:14)
at Pages.ContactPage.<init>(ContactPage.java:14)
at Pages.ContactPage.<init>(ContactPage.java:14)
at Pages.ContactPage.<init>(ContactPage.java:14)
at Pages.ContactPage.<init>(ContactPage.java:14)
at Pages.ContactPage.<init>(ContactPage.java:14)
at Pages.ContactPage.<init>(ContactPage.java:14)
at Pages.ContactPage.<init>(ContactPage.java:14)
at Pages.ContactPage.<init>(ContactPage.java:14)
at Pages.ContactPage.<init>(ContactPage.java:14)
at Pages.ContactPage.<init>(ContactPage.java:14)
at Pages.ContactPage.<init>(ContactPage.java:14)
at Pages.ContactPage.<init>(ContactPage.java:14)
at Pages.ContactPage.<init>(ContactPage.java:14)
at Pages.ContactPage.<init>(ContactPage.java:14)
at Pages.ContactPage.<init>(ContactPage.java:14)
at Pages.ContactPage.<init>(ContactPage.java:14)
at Pages.ContactPage.<init>(ContactPage.java:14)
at Pages.ContactPage.<init>(ContactPage.java:14)
at Pages.ContactPage.<init>(ContactPage.java:14)
at Pages.ContactPage.<init>(ContactPage.java:14)
at Pages.ContactPage.<init>(ContactPage.java:14)
at Pages.ContactPage.<init>(ContactPage.java:14)
at Pages.ContactPage.<init>(ContactPage.java:14)
at Pages.ContactPage.<init>(ContactPage.java:14)
at Pages.ContactPage.<init>(ContactPage.java:14)
at Pages.ContactPage.<init>(ContactPage.java:14)
at Pages.ContactPage.<init>(ContactPage.java:14)
at Pages.ContactPage.<init>(ContactPage.java:14)
at Pages.ContactPage.<init>(ContactPage.java:14)
at Pages.ContactPage.<init>(ContactPage.java:14)
at Pages.ContactPage.<init>(ContactPage.java:14)
at Pages.ContactPage.<init>(ContactPage.java:14)
at Pages.ContactPage.<init>(ContactPage.java:14)
at Pages.ContactPage.<init>(ContactPage.java:14)
at Pages.ContactPage.<init>(ContactPage.java:14)
at Pages.ContactPage.<init>(ContactPage.java:14)
at Pages.ContactPage.<init>(ContactPage.java:14)
at Pages.ContactPage.<init>(ContactPage.java:14)
at Pages.ContactPage.<init>(ContactPage.java:14)
at Pages.ContactPage.<init>(ContactPage.java:14)
at Pages.ContactPage.<init>(ContactPage.java:14)
at Pages.ContactPage.<init>(ContactPage.java:14)
at Pages.ContactPage.<init>(ContactPage.java:14)
at Pages.ContactPage.<init>(ContactPage.java:14)
at Pages.ContactPage.<init>(ContactPage.java:14)
at Pages.ContactPage.<init>(ContactPage.java:14)
at Pages.ContactPage.<init>(ContactPage.java:14)
at Pages.ContactPage.<init>(ContactPage.java:14)
at Pages.ContactPage.<init>(ContactPage.java:14)
at Pages.ContactPage.<init>(ContactPage.java:14)
at Pages.ContactPage.<init>(ContactPage.java:14)
at Pages.ContactPage.<init>(ContactPage.java:14)
at Pages.ContactPage.<init>(ContactPage.java:14)
at Pages.ContactPage.<init>(ContactPage.java:14)
at Pages.ContactPage.<init>(ContactPage.java:14)
at Pages.ContactPage.<init>(ContactPage.java:14)
at Pages.ContactPage.<init>(ContactPage.java:14)
at Pages.ContactPage.<init>(ContactPage.java:14)
at Pages.ContactPage.<init>(ContactPage.java:14)
at Pages.ContactPage.<init>(ContactPage.java:14)
at Pages.ContactPage.<init>(ContactPage.java:14)
at Pages.ContactPage.<init>(ContactPage.java:14)
at Pages.ContactPage.<init>(ContactPage.java:14)
at Pages.ContactPage.<init>(ContactPage.java:14)
at Pages.ContactPage.<init>(ContactPage.java:14)
at Pages.ContactPage.<init>(ContactPage.java:14)
at Pages.ContactPage.<init>(ContactPage.java:14)
at Pages.ContactPage.<init>(ContactPage.java:14)
at Pages.ContactPage.<init>(ContactPage.java:14)
at Pages.ContactPage.<init>(ContactPage.java:14)
at Pages.ContactPage.<init>(ContactPage.java:14)
at Pages.ContactPage.<init>(ContactPage.java:14)
at Pages.ContactPage.<init>(ContactPage.java:14)
at Pages.ContactPage.<init>(ContactPage.java:14)
at Pages.ContactPage.<init>(ContactPage.java:14)
at Pages.ContactPage.<init>(ContactPage.java:14)
at Pages.ContactPage.<init>(ContactPage.java:14)
at Pages.ContactPage.<init>(ContactPage.java:14)
at Pages.ContactPage.<init>(ContactPage.java:14)
at Pages.ContactPage.<init>(ContactPage.java:14)
at Pages.ContactPage.<init>(ContactPage.java:14)
at Pages.ContactPage.<init>(ContactPage.java:14)
at Pages.ContactPage.<init>(ContactPage.java:14)
at Pages.ContactPage.<init>(ContactPage.java:14)
at Pages.ContactPage.<init>(ContactPage.java:14)
at Pages.ContactPage.<init>(ContactPage.java:14)
at Pages.ContactPage.<init>(ContactPage.java:14)
at Pages.ContactPage.<init>(ContactPage.java:14)
at Pages.ContactPage.<init>(ContactPage.java:14)
at Pages.ContactPage.<init>(ContactPage.java:14)
at Pages.ContactPage.<init>(ContactPage.java:14)
at Pages.ContactPage.<init>(ContactPage.java:14)
at Pages.ContactPage.<init>(ContactPage.java:14)
at Pages.ContactPage.<init>(ContactPage.java:14)
at Pages.ContactPage.<init>(ContactPage.java:14)
at Pages.ContactPage.<init>(ContactPage.java:14)
at Pages.ContactPage.<init>(ContactPage.java:14)
at Pages.ContactPage.<init>(ContactPage.java:14)
at Pages.ContactPage.<init>(ContactPage.java:14)
at Pages.ContactPage.<init>(ContactPage.java:14)
at Pages.ContactPage.<init>(ContactPage.java:14)
at Pages.ContactPage.<init>(ContactPage.java:14)
at Pages.ContactPage.<init>(ContactPage.java:14)
at Pages.ContactPage.<init>(ContactPage.java:14)
at Pages.ContactPage.<init>(ContactPage.java:14)
at Pages.ContactPage.<init>(ContactPage.java:14)
at Pages.ContactPage.<init>(ContactPage.java:14)
at Pages.ContactPage.<init>(ContactPage.java:14)
at Pages.ContactPage.<init>(ContactPage.java:14)
at Pages.ContactPage.<init>(ContactPage.java:14)
at Pages.ContactPage.<init>(ContactPage.java:14)
at Pages.ContactPage.<init>(ContactPage.java:14)
at Pages.ContactPage.<init>(ContactPage.java:14)
at Pages.ContactPage.<init>(ContactPage.java:14)
at Pages.ContactPage.<init>(ContactPage.java:14)
at Pages.ContactPage.<init>(ContactPage.java:14)
at Pages.ContactPage.<init>(ContactPage.java:14)
at Pages.ContactPage.<init>(ContactPage.java:14)
at Pages.ContactPage.<init>(ContactPage.java:14)
at Pages.ContactPage.<init>(ContactPage.java:14)
at Pages.ContactPage.<init>(ContactPage.java:14)
at Pages.ContactPage.<init>(ContactPage.java:14)
at Pages.ContactPage.<init>(ContactPage.java:14)
at Pages.ContactPage.<init>(ContactPage.java:14)
at Pages.ContactPage.<init>(ContactPage.java:14)
at Pages.ContactPage.<init>(ContactPage.java:14)
at Pages.ContactPage.<init>(ContactPage.java:14)
at Pages.ContactPage.<init>(ContactPage.java:14)
at Pages.ContactPage.<init>(ContactPage.java:14)
at Pages.ContactPage.<init>(ContactPage.java:14)
at Pages.ContactPage.<init>(ContactPage.java:14)
at Pages.ContactPage.<init>(ContactPage.java:14)
at Pages.ContactPage.<init>(ContactPage.java:14)
at Pages.ContactPage.<init>(ContactPage.java:14)
at Pages.ContactPage.<init>(ContactPage.java:14)
at Pages.ContactPage.<init>(ContactPage.java:14)
]]>
    </error>
  </testcase> <!-- fillalldetails -->
  <system-out/>
  <testcase classname="Testcases.New_ContactTest" name="verifyincompletedetails" time="0.000">
    <skipped/>
  </testcase> <!-- verifyincompletedetails -->
  <system-out/>
  <testcase classname="Testcases.New_ContactTest" name="fillalldetails" time="335.303">
    <error type="java.lang.StackOverflowError">
      <![CDATA[java.lang.StackOverflowError
at java.base/java.security.AccessController.doPrivileged(Native Method)
at java.base/java.util.ResourceBundle.getLoader(ResourceBundle.java:584)
at java.base/java.util.ResourceBundle.getBundleImpl(ResourceBundle.java:1581)
at java.base/java.util.ResourceBundle.getBundleImpl(ResourceBundle.java:1556)
at java.base/java.util.ResourceBundle.getBundle(ResourceBundle.java:932)
at java.xml/jdk.xml.internal.SecuritySupport.lambda$getResourceBundle$5(SecuritySupport.java:269)
at java.base/java.security.AccessController.doPrivileged(Native Method)
at java.xml/jdk.xml.internal.SecuritySupport.getResourceBundle(SecuritySupport.java:267)
at java.xml/com.sun.org.apache.xerces.internal.util.SAXMessageFormatter.formatMessage(SAXMessageFormatter.java:59)
at java.xml/com.sun.org.apache.xerces.internal.parsers.AbstractSAXParser.getProperty(AbstractSAXParser.java:2068)
at java.xml/com.sun.org.apache.xerces.internal.jaxp.SAXParserImpl$JAXPSAXParser.setProperty(SAXParserImpl.java:571)
at org.dom4j.io.SAXHelper.setParserProperty(SAXHelper.java:35)
at org.dom4j.io.SAXReader.configureReader(SAXReader.java:621)
at org.dom4j.io.SAXReader.read(SAXReader.java:321)
at org.dom4j.io.SAXReader.read(SAXReader.java:246)
at org.apache.poi.openxml4j.opc.PackageRelationshipCollection.parseRelationshipsPart(PackageRelationshipCollection.java:305)
at org.apache.poi.openxml4j.opc.PackageRelationshipCollection.<init>(PackageRelationshipCollection.java:156)
at org.apache.poi.openxml4j.opc.PackageRelationshipCollection.<init>(PackageRelationshipCollection.java:124)
at org.apache.poi.openxml4j.opc.PackagePart.loadRelationships(PackagePart.java:527)
at org.apache.poi.openxml4j.opc.PackagePart.<init>(PackagePart.java:112)
at org.apache.poi.openxml4j.opc.PackagePart.<init>(PackagePart.java:83)
at org.apache.poi.openxml4j.opc.PackagePart.<init>(PackagePart.java:128)
at org.apache.poi.openxml4j.opc.ZipPackagePart.<init>(ZipPackagePart.java:78)
at org.apache.poi.openxml4j.opc.ZipPackage.getPartsImpl(ZipPackage.java:187)
at org.apache.poi.openxml4j.opc.OPCPackage.getParts(OPCPackage.java:585)
at org.apache.poi.openxml4j.opc.OPCPackage.open(OPCPackage.java:201)
at org.apache.poi.openxml4j.opc.OPCPackage.open(OPCPackage.java:178)
at org.apache.poi.util.PackageHelper.open(PackageHelper.java:53)
at org.apache.poi.xssf.usermodel.XSSFWorkbook.<init>(XSSFWorkbook.java:176)
at Utilities.Xls_Reader.<init>(Xls_Reader.java:32)
at Base.TestBase.<init>(TestBase.java:32)
at Pages.ContactPage.<init>(ContactPage.java:37)
at Pages.ContactPage.<init>(ContactPage.java:14)
at Pages.ContactPage.<init>(ContactPage.java:14)
at Pages.ContactPage.<init>(ContactPage.java:14)
at Pages.ContactPage.<init>(ContactPage.java:14)
at Pages.ContactPage.<init>(ContactPage.java:14)
at Pages.ContactPage.<init>(ContactPage.java:14)
at Pages.ContactPage.<init>(ContactPage.java:14)
at Pages.ContactPage.<init>(ContactPage.java:14)
at Pages.ContactPage.<init>(ContactPage.java:14)
at Pages.ContactPage.<init>(ContactPage.java:14)
at Pages.ContactPage.<init>(ContactPage.java:14)
at Pages.ContactPage.<init>(ContactPage.java:14)
at Pages.ContactPage.<init>(ContactPage.java:14)
at Pages.ContactPage.<init>(ContactPage.java:14)
at Pages.ContactPage.<init>(ContactPage.java:14)
at Pages.ContactPage.<init>(ContactPage.java:14)
at Pages.ContactPage.<init>(ContactPage.java:14)
at Pages.ContactPage.<init>(ContactPage.java:14)
at Pages.ContactPage.<init>(ContactPage.java:14)
at Pages.ContactPage.<init>(ContactPage.java:14)
at Pages.ContactPage.<init>(ContactPage.java:14)
at Pages.ContactPage.<init>(ContactPage.java:14)
at Pages.ContactPage.<init>(ContactPage.java:14)
at Pages.ContactPage.<init>(ContactPage.java:14)
at Pages.ContactPage.<init>(ContactPage.java:14)
at Pages.ContactPage.<init>(ContactPage.java:14)
at Pages.ContactPage.<init>(ContactPage.java:14)
at Pages.ContactPage.<init>(ContactPage.java:14)
at Pages.ContactPage.<init>(ContactPage.java:14)
at Pages.ContactPage.<init>(ContactPage.java:14)
at Pages.ContactPage.<init>(ContactPage.java:14)
at Pages.ContactPage.<init>(ContactPage.java:14)
at Pages.ContactPage.<init>(ContactPage.java:14)
at Pages.ContactPage.<init>(ContactPage.java:14)
at Pages.ContactPage.<init>(ContactPage.java:14)
at Pages.ContactPage.<init>(ContactPage.java:14)
at Pages.ContactPage.<init>(ContactPage.java:14)
at Pages.ContactPage.<init>(ContactPage.java:14)
at Pages.ContactPage.<init>(ContactPage.java:14)
at Pages.ContactPage.<init>(ContactPage.java:14)
at Pages.ContactPage.<init>(ContactPage.java:14)
at Pages.ContactPage.<init>(ContactPage.java:14)
at Pages.ContactPage.<init>(ContactPage.java:14)
at Pages.ContactPage.<init>(ContactPage.java:14)
at Pages.ContactPage.<init>(ContactPage.java:14)
at Pages.ContactPage.<init>(ContactPage.java:14)
at Pages.ContactPage.<init>(ContactPage.java:14)
at Pages.ContactPage.<init>(ContactPage.java:14)
at Pages.ContactPage.<init>(ContactPage.java:14)
at Pages.ContactPage.<init>(ContactPage.java:14)
at Pages.ContactPage.<init>(ContactPage.java:14)
at Pages.ContactPage.<init>(ContactPage.java:14)
at Pages.ContactPage.<init>(ContactPage.java:14)
at Pages.ContactPage.<init>(ContactPage.java:14)
at Pages.ContactPage.<init>(ContactPage.java:14)
at Pages.ContactPage.<init>(ContactPage.java:14)
at Pages.ContactPage.<init>(ContactPage.java:14)
at Pages.ContactPage.<init>(ContactPage.java:14)
at Pages.ContactPage.<init>(ContactPage.java:14)
at Pages.ContactPage.<init>(ContactPage.java:14)
at Pages.ContactPage.<init>(ContactPage.java:14)
at Pages.ContactPage.<init>(ContactPage.java:14)
at Pages.ContactPage.<init>(ContactPage.java:14)
at Pages.ContactPage.<init>(ContactPage.java:14)
at Pages.ContactPage.<init>(ContactPage.java:14)
at Pages.ContactPage.<init>(ContactPage.java:14)
at Pages.ContactPage.<init>(ContactPage.java:14)
at Pages.ContactPage.<init>(ContactPage.java:14)
at Pages.ContactPage.<init>(ContactPage.java:14)
at Pages.ContactPage.<init>(ContactPage.java:14)
at Pages.ContactPage.<init>(ContactPage.java:14)
at Pages.ContactPage.<init>(ContactPage.java:14)
at Pages.ContactPage.<init>(ContactPage.java:14)
at Pages.ContactPage.<init>(ContactPage.java:14)
at Pages.ContactPage.<init>(ContactPage.java:14)
at Pages.ContactPage.<init>(ContactPage.java:14)
at Pages.ContactPage.<init>(ContactPage.java:14)
at Pages.ContactPage.<init>(ContactPage.java:14)
at Pages.ContactPage.<init>(ContactPage.java:14)
at Pages.ContactPage.<init>(ContactPage.java:14)
at Pages.ContactPage.<init>(ContactPage.java:14)
at Pages.ContactPage.<init>(ContactPage.java:14)
at Pages.ContactPage.<init>(ContactPage.java:14)
at Pages.ContactPage.<init>(ContactPage.java:14)
at Pages.ContactPage.<init>(ContactPage.java:14)
at Pages.ContactPage.<init>(ContactPage.java:14)
at Pages.ContactPage.<init>(ContactPage.java:14)
at Pages.ContactPage.<init>(ContactPage.java:14)
at Pages.ContactPage.<init>(ContactPage.java:14)
at Pages.ContactPage.<init>(ContactPage.java:14)
at Pages.ContactPage.<init>(ContactPage.java:14)
at Pages.ContactPage.<init>(ContactPage.java:14)
at Pages.ContactPage.<init>(ContactPage.java:14)
at Pages.ContactPage.<init>(ContactPage.java:14)
at Pages.ContactPage.<init>(ContactPage.java:14)
at Pages.ContactPage.<init>(ContactPage.java:14)
at Pages.ContactPage.<init>(ContactPage.java:14)
at Pages.ContactPage.<init>(ContactPage.java:14)
at Pages.ContactPage.<init>(ContactPage.java:14)
at Pages.ContactPage.<init>(ContactPage.java:14)
at Pages.ContactPage.<init>(ContactPage.java:14)
at Pages.ContactPage.<init>(ContactPage.java:14)
at Pages.ContactPage.<init>(ContactPage.java:14)
at Pages.ContactPage.<init>(ContactPage.java:14)
at Pages.ContactPage.<init>(ContactPage.java:14)
at Pages.ContactPage.<init>(ContactPage.java:14)
at Pages.ContactPage.<init>(ContactPage.java:14)
at Pages.ContactPage.<init>(ContactPage.java:14)
at Pages.ContactPage.<init>(ContactPage.java:14)
at Pages.ContactPage.<init>(ContactPage.java:14)
at Pages.ContactPage.<init>(ContactPage.java:14)
at Pages.ContactPage.<init>(ContactPage.java:14)
at Pages.ContactPage.<init>(ContactPage.java:14)
at Pages.ContactPage.<init>(ContactPage.java:14)
at Pages.ContactPage.<init>(ContactPage.java:14)
at Pages.ContactPage.<init>(ContactPage.java:14)
at Pages.ContactPage.<init>(ContactPage.java:14)
at Pages.ContactPage.<init>(ContactPage.java:14)
at Pages.ContactPage.<init>(ContactPage.java:14)
at Pages.ContactPage.<init>(ContactPage.java:14)
at Pages.ContactPage.<init>(ContactPage.java:14)
at Pages.ContactPage.<init>(ContactPage.java:14)
at Pages.ContactPage.<init>(ContactPage.java:14)
at Pages.ContactPage.<init>(ContactPage.java:14)
at Pages.ContactPage.<init>(ContactPage.java:14)
at Pages.ContactPage.<init>(ContactPage.java:14)
at Pages.ContactPage.<init>(ContactPage.java:14)
at Pages.ContactPage.<init>(ContactPage.java:14)
at Pages.ContactPage.<init>(ContactPage.java:14)
at Pages.ContactPage.<init>(ContactPage.java:14)
at Pages.ContactPage.<init>(ContactPage.java:14)
at Pages.ContactPage.<init>(ContactPage.java:14)
at Pages.ContactPage.<init>(ContactPage.java:14)
at Pages.ContactPage.<init>(ContactPage.java:14)
at Pages.ContactPage.<init>(ContactPage.java:14)
at Pages.ContactPage.<init>(ContactPage.java:14)
at Pages.ContactPage.<init>(ContactPage.java:14)
at Pages.ContactPage.<init>(ContactPage.java:14)
at Pages.ContactPage.<init>(ContactPage.java:14)
at Pages.ContactPage.<init>(ContactPage.java:14)
at Pages.ContactPage.<init>(ContactPage.java:14)
at Pages.ContactPage.<init>(ContactPage.java:14)
at Pages.ContactPage.<init>(ContactPage.java:14)
at Pages.ContactPage.<init>(ContactPage.java:14)
at Pages.ContactPage.<init>(ContactPage.java:14)
at Pages.ContactPage.<init>(ContactPage.java:14)
at Pages.ContactPage.<init>(ContactPage.java:14)
at Pages.ContactPage.<init>(ContactPage.java:14)
at Pages.ContactPage.<init>(ContactPage.java:14)
at Pages.ContactPage.<init>(ContactPage.java:14)
at Pages.ContactPage.<init>(ContactPage.java:14)
at Pages.ContactPage.<init>(ContactPage.java:14)
at Pages.ContactPage.<init>(ContactPage.java:14)
at Pages.ContactPage.<init>(ContactPage.java:14)
at Pages.ContactPage.<init>(ContactPage.java:14)
at Pages.ContactPage.<init>(ContactPage.java:14)
at Pages.ContactPage.<init>(ContactPage.java:14)
at Pages.ContactPage.<init>(ContactPage.java:14)
at Pages.ContactPage.<init>(ContactPage.java:14)
at Pages.ContactPage.<init>(ContactPage.java:14)
at Pages.ContactPage.<init>(ContactPage.java:14)
at Pages.ContactPage.<init>(ContactPage.java:14)
at Pages.ContactPage.<init>(ContactPage.java:14)
at Pages.ContactPage.<init>(ContactPage.java:14)
at Pages.ContactPage.<init>(ContactPage.java:14)
at Pages.ContactPage.<init>(ContactPage.java:14)
at Pages.ContactPage.<init>(ContactPage.java:14)
at Pages.ContactPage.<init>(ContactPage.java:14)
at Pages.ContactPage.<init>(ContactPage.java:14)
at Pages.ContactPage.<init>(ContactPage.java:14)
at Pages.ContactPage.<init>(ContactPage.java:14)
at Pages.ContactPage.<init>(ContactPage.java:14)
at Pages.ContactPage.<init>(ContactPage.java:14)
at Pages.ContactPage.<init>(ContactPage.java:14)
at Pages.ContactPage.<init>(ContactPage.java:14)
at Pages.ContactPage.<init>(ContactPage.java:14)
at Pages.ContactPage.<init>(ContactPage.java:14)
at Pages.ContactPage.<init>(ContactPage.java:14)
at Pages.ContactPage.<init>(ContactPage.java:14)
at Pages.ContactPage.<init>(ContactPage.java:14)
at Pages.ContactPage.<init>(ContactPage.java:14)
at Pages.ContactPage.<init>(ContactPage.java:14)
at Pages.ContactPage.<init>(ContactPage.java:14)
at Pages.ContactPage.<init>(ContactPage.java:14)
at Pages.ContactPage.<init>(ContactPage.java:14)
at Pages.ContactPage.<init>(ContactPage.java:14)
at Pages.ContactPage.<init>(ContactPage.java:14)
at Pages.ContactPage.<init>(ContactPage.java:14)
at Pages.ContactPage.<init>(ContactPage.java:14)
at Pages.ContactPage.<init>(ContactPage.java:14)
at Pages.ContactPage.<init>(ContactPage.java:14)
at Pages.ContactPage.<init>(ContactPage.java:14)
at Pages.ContactPage.<init>(ContactPage.java:14)
at Pages.ContactPage.<init>(ContactPage.java:14)
at Pages.ContactPage.<init>(ContactPage.java:14)
at Pages.ContactPage.<init>(ContactPage.java:14)
at Pages.ContactPage.<init>(ContactPage.java:14)
at Pages.ContactPage.<init>(ContactPage.java:14)
at Pages.ContactPage.<init>(ContactPage.java:14)
at Pages.ContactPage.<init>(ContactPage.java:14)
at Pages.ContactPage.<init>(ContactPage.java:14)
at Pages.ContactPage.<init>(ContactPage.java:14)
at Pages.ContactPage.<init>(ContactPage.java:14)
at Pages.ContactPage.<init>(ContactPage.java:14)
at Pages.ContactPage.<init>(ContactPage.java:14)
at Pages.ContactPage.<init>(ContactPage.java:14)
at Pages.ContactPage.<init>(ContactPage.java:14)
at Pages.ContactPage.<init>(ContactPage.java:14)
at Pages.ContactPage.<init>(ContactPage.java:14)
at Pages.ContactPage.<init>(ContactPage.java:14)
at Pages.ContactPage.<init>(ContactPage.java:14)
at Pages.ContactPage.<init>(ContactPage.java:14)
at Pages.ContactPage.<init>(ContactPage.java:14)
at Pages.ContactPage.<init>(ContactPage.java:14)
at Pages.ContactPage.<init>(ContactPage.java:14)
at Pages.ContactPage.<init>(ContactPage.java:14)
at Pages.ContactPage.<init>(ContactPage.java:14)
at Pages.ContactPage.<init>(ContactPage.java:14)
at Pages.ContactPage.<init>(ContactPage.java:14)
at Pages.ContactPage.<init>(ContactPage.java:14)
at Pages.ContactPage.<init>(ContactPage.java:14)
at Pages.ContactPage.<init>(ContactPage.java:14)
at Pages.ContactPage.<init>(ContactPage.java:14)
at Pages.ContactPage.<init>(ContactPage.java:14)
at Pages.ContactPage.<init>(ContactPage.java:14)
at Pages.ContactPage.<init>(ContactPage.java:14)
at Pages.ContactPage.<init>(ContactPage.java:14)
at Pages.ContactPage.<init>(ContactPage.java:14)
at Pages.ContactPage.<init>(ContactPage.java:14)
at Pages.ContactPage.<init>(ContactPage.java:14)
at Pages.ContactPage.<init>(ContactPage.java:14)
at Pages.ContactPage.<init>(ContactPage.java:14)
at Pages.ContactPage.<init>(ContactPage.java:14)
at Pages.ContactPage.<init>(ContactPage.java:14)
at Pages.ContactPage.<init>(ContactPage.java:14)
at Pages.ContactPage.<init>(ContactPage.java:14)
at Pages.ContactPage.<init>(ContactPage.java:14)
at Pages.ContactPage.<init>(ContactPage.java:14)
at Pages.ContactPage.<init>(ContactPage.java:14)
at Pages.ContactPage.<init>(ContactPage.java:14)
at Pages.ContactPage.<init>(ContactPage.java:14)
at Pages.ContactPage.<init>(ContactPage.java:14)
at Pages.ContactPage.<init>(ContactPage.java:14)
at Pages.ContactPage.<init>(ContactPage.java:14)
at Pages.ContactPage.<init>(ContactPage.java:14)
at Pages.ContactPage.<init>(ContactPage.java:14)
at Pages.ContactPage.<init>(ContactPage.java:14)
at Pages.ContactPage.<init>(ContactPage.java:14)
at Pages.ContactPage.<init>(ContactPage.java:14)
at Pages.ContactPage.<init>(ContactPage.java:14)
at Pages.ContactPage.<init>(ContactPage.java:14)
at Pages.ContactPage.<init>(ContactPage.java:14)
at Pages.ContactPage.<init>(ContactPage.java:14)
at Pages.ContactPage.<init>(ContactPage.java:14)
at Pages.ContactPage.<init>(ContactPage.java:14)
at Pages.ContactPage.<init>(ContactPage.java:14)
at Pages.ContactPage.<init>(ContactPage.java:14)
at Pages.ContactPage.<init>(ContactPage.java:14)
at Pages.ContactPage.<init>(ContactPage.java:14)
at Pages.ContactPage.<init>(ContactPage.java:14)
at Pages.ContactPage.<init>(ContactPage.java:14)
at Pages.ContactPage.<init>(ContactPage.java:14)
at Pages.ContactPage.<init>(ContactPage.java:14)
at Pages.ContactPage.<init>(ContactPage.java:14)
at Pages.ContactPage.<init>(ContactPage.java:14)
at Pages.ContactPage.<init>(ContactPage.java:14)
at Pages.ContactPage.<init>(ContactPage.java:14)
at Pages.ContactPage.<init>(ContactPage.java:14)
at Pages.ContactPage.<init>(ContactPage.java:14)
at Pages.ContactPage.<init>(ContactPage.java:14)
at Pages.ContactPage.<init>(ContactPage.java:14)
at Pages.ContactPage.<init>(ContactPage.java:14)
at Pages.ContactPage.<init>(ContactPage.java:14)
at Pages.ContactPage.<init>(ContactPage.java:14)
at Pages.ContactPage.<init>(ContactPage.java:14)
at Pages.ContactPage.<init>(ContactPage.java:14)
at Pages.ContactPage.<init>(ContactPage.java:14)
at Pages.ContactPage.<init>(ContactPage.java:14)
at Pages.ContactPage.<init>(ContactPage.java:14)
at Pages.ContactPage.<init>(ContactPage.java:14)
at Pages.ContactPage.<init>(ContactPage.java:14)
at Pages.ContactPage.<init>(ContactPage.java:14)
at Pages.ContactPage.<init>(ContactPage.java:14)
at Pages.ContactPage.<init>(ContactPage.java:14)
at Pages.ContactPage.<init>(ContactPage.java:14)
at Pages.ContactPage.<init>(ContactPage.java:14)
at Pages.ContactPage.<init>(ContactPage.java:14)
at Pages.ContactPage.<init>(ContactPage.java:14)
at Pages.ContactPage.<init>(ContactPage.java:14)
at Pages.ContactPage.<init>(ContactPage.java:14)
at Pages.ContactPage.<init>(ContactPage.java:14)
at Pages.ContactPage.<init>(ContactPage.java:14)
at Pages.ContactPage.<init>(ContactPage.java:14)
at Pages.ContactPage.<init>(ContactPage.java:14)
at Pages.ContactPage.<init>(ContactPage.java:14)
at Pages.ContactPage.<init>(ContactPage.java:14)
at Pages.ContactPage.<init>(ContactPage.java:14)
at Pages.ContactPage.<init>(ContactPage.java:14)
at Pages.ContactPage.<init>(ContactPage.java:14)
at Pages.ContactPage.<init>(ContactPage.java:14)
at Pages.ContactPage.<init>(ContactPage.java:14)
at Pages.ContactPage.<init>(ContactPage.java:14)
at Pages.ContactPage.<init>(ContactPage.java:14)
at Pages.ContactPage.<init>(ContactPage.java:14)
at Pages.ContactPage.<init>(ContactPage.java:14)
at Pages.ContactPage.<init>(ContactPage.java:14)
at Pages.ContactPage.<init>(ContactPage.java:14)
at Pages.ContactPage.<init>(ContactPage.java:14)
at Pages.ContactPage.<init>(ContactPage.java:14)
at Pages.ContactPage.<init>(ContactPage.java:14)
at Pages.ContactPage.<init>(ContactPage.java:14)
at Pages.ContactPage.<init>(ContactPage.java:14)
at Pages.ContactPage.<init>(ContactPage.java:14)
at Pages.ContactPage.<init>(ContactPage.java:14)
at Pages.ContactPage.<init>(ContactPage.java:14)
at Pages.ContactPage.<init>(ContactPage.java:14)
at Pages.ContactPage.<init>(ContactPage.java:14)
at Pages.ContactPage.<init>(ContactPage.java:14)
at Pages.ContactPage.<init>(ContactPage.java:14)
at Pages.ContactPage.<init>(ContactPage.java:14)
at Pages.ContactPage.<init>(ContactPage.java:14)
at Pages.ContactPage.<init>(ContactPage.java:14)
at Pages.ContactPage.<init>(ContactPage.java:14)
at Pages.ContactPage.<init>(ContactPage.java:14)
at Pages.ContactPage.<init>(ContactPage.java:14)
at Pages.ContactPage.<init>(ContactPage.java:14)
at Pages.ContactPage.<init>(ContactPage.java:14)
at Pages.ContactPage.<init>(ContactPage.java:14)
at Pages.ContactPage.<init>(ContactPage.java:14)
at Pages.ContactPage.<init>(ContactPage.java:14)
at Pages.ContactPage.<init>(ContactPage.java:14)
at Pages.ContactPage.<init>(ContactPage.java:14)
at Pages.ContactPage.<init>(ContactPage.java:14)
at Pages.ContactPage.<init>(ContactPage.java:14)
at Pages.ContactPage.<init>(ContactPage.java:14)
at Pages.ContactPage.<init>(ContactPage.java:14)
at Pages.ContactPage.<init>(ContactPage.java:14)
at Pages.ContactPage.<init>(ContactPage.java:14)
at Pages.ContactPage.<init>(ContactPage.java:14)
at Pages.ContactPage.<init>(ContactPage.java:14)
at Pages.ContactPage.<init>(ContactPage.java:14)
at Pages.ContactPage.<init>(ContactPage.java:14)
at Pages.ContactPage.<init>(ContactPage.java:14)
at Pages.ContactPage.<init>(ContactPage.java:14)
at Pages.ContactPage.<init>(ContactPage.java:14)
at Pages.ContactPage.<init>(ContactPage.java:14)
at Pages.ContactPage.<init>(ContactPage.java:14)
at Pages.ContactPage.<init>(ContactPage.java:14)
at Pages.ContactPage.<init>(ContactPage.java:14)
at Pages.ContactPage.<init>(ContactPage.java:14)
at Pages.ContactPage.<init>(ContactPage.java:14)
at Pages.ContactPage.<init>(ContactPage.java:14)
at Pages.ContactPage.<init>(ContactPage.java:14)
at Pages.ContactPage.<init>(ContactPage.java:14)
at Pages.ContactPage.<init>(ContactPage.java:14)
at Pages.ContactPage.<init>(ContactPage.java:14)
at Pages.ContactPage.<init>(ContactPage.java:14)
at Pages.ContactPage.<init>(ContactPage.java:14)
at Pages.ContactPage.<init>(ContactPage.java:14)
at Pages.ContactPage.<init>(ContactPage.java:14)
at Pages.ContactPage.<init>(ContactPage.java:14)
at Pages.ContactPage.<init>(ContactPage.java:14)
at Pages.ContactPage.<init>(ContactPage.java:14)
at Pages.ContactPage.<init>(ContactPage.java:14)
at Pages.ContactPage.<init>(ContactPage.java:14)
at Pages.ContactPage.<init>(ContactPage.java:14)
at Pages.ContactPage.<init>(ContactPage.java:14)
at Pages.ContactPage.<init>(ContactPage.java:14)
at Pages.ContactPage.<init>(ContactPage.java:14)
at Pages.ContactPage.<init>(ContactPage.java:14)
at Pages.ContactPage.<init>(ContactPage.java:14)
at Pages.ContactPage.<init>(ContactPage.java:14)
at Pages.ContactPage.<init>(ContactPage.java:14)
at Pages.ContactPage.<init>(ContactPage.java:14)
at Pages.ContactPage.<init>(ContactPage.java:14)
at Pages.ContactPage.<init>(ContactPage.java:14)
at Pages.ContactPage.<init>(ContactPage.java:14)
at Pages.ContactPage.<init>(ContactPage.java:14)
at Pages.ContactPage.<init>(ContactPage.java:14)
at Pages.ContactPage.<init>(ContactPage.java:14)
at Pages.ContactPage.<init>(ContactPage.java:14)
at Pages.ContactPage.<init>(ContactPage.java:14)
at Pages.ContactPage.<init>(ContactPage.java:14)
at Pages.ContactPage.<init>(ContactPage.java:14)
at Pages.ContactPage.<init>(ContactPage.java:14)
at Pages.ContactPage.<init>(ContactPage.java:14)
at Pages.ContactPage.<init>(ContactPage.java:14)
at Pages.ContactPage.<init>(ContactPage.java:14)
at Pages.ContactPage.<init>(ContactPage.java:14)
at Pages.ContactPage.<init>(ContactPage.java:14)
at Pages.ContactPage.<init>(ContactPage.java:14)
at Pages.ContactPage.<init>(ContactPage.java:14)
at Pages.ContactPage.<init>(ContactPage.java:14)
at Pages.ContactPage.<init>(ContactPage.java:14)
at Pages.ContactPage.<init>(ContactPage.java:14)
at Pages.ContactPage.<init>(ContactPage.java:14)
at Pages.ContactPage.<init>(ContactPage.java:14)
at Pages.ContactPage.<init>(ContactPage.java:14)
at Pages.ContactPage.<init>(ContactPage.java:14)
at Pages.ContactPage.<init>(ContactPage.java:14)
at Pages.ContactPage.<init>(ContactPage.java:14)
at Pages.ContactPage.<init>(ContactPage.java:14)
at Pages.ContactPage.<init>(ContactPage.java:14)
at Pages.ContactPage.<init>(ContactPage.java:14)
at Pages.ContactPage.<init>(ContactPage.java:14)
at Pages.ContactPage.<init>(ContactPage.java:14)
at Pages.ContactPage.<init>(ContactPage.java:14)
at Pages.ContactPage.<init>(ContactPage.java:14)
at Pages.ContactPage.<init>(ContactPage.java:14)
at Pages.ContactPage.<init>(ContactPage.java:14)
at Pages.ContactPage.<init>(ContactPage.java:14)
at Pages.ContactPage.<init>(ContactPage.java:14)
at Pages.ContactPage.<init>(ContactPage.java:14)
at Pages.ContactPage.<init>(ContactPage.java:14)
at Pages.ContactPage.<init>(ContactPage.java:14)
at Pages.ContactPage.<init>(ContactPage.java:14)
at Pages.ContactPage.<init>(ContactPage.java:14)
at Pages.ContactPage.<init>(ContactPage.java:14)
at Pages.ContactPage.<init>(ContactPage.java:14)
at Pages.ContactPage.<init>(ContactPage.java:14)
at Pages.ContactPage.<init>(ContactPage.java:14)
at Pages.ContactPage.<init>(ContactPage.java:14)
at Pages.ContactPage.<init>(ContactPage.java:14)
at Pages.ContactPage.<init>(ContactPage.java:14)
at Pages.ContactPage.<init>(ContactPage.java:14)
at Pages.ContactPage.<init>(ContactPage.java:14)
at Pages.ContactPage.<init>(ContactPage.java:14)
at Pages.ContactPage.<init>(ContactPage.java:14)
at Pages.ContactPage.<init>(ContactPage.java:14)
at Pages.ContactPage.<init>(ContactPage.java:14)
at Pages.ContactPage.<init>(ContactPage.java:14)
at Pages.ContactPage.<init>(ContactPage.java:14)
at Pages.ContactPage.<init>(ContactPage.java:14)
at Pages.ContactPage.<init>(ContactPage.java:14)
at Pages.ContactPage.<init>(ContactPage.java:14)
at Pages.ContactPage.<init>(ContactPage.java:14)
at Pages.ContactPage.<init>(ContactPage.java:14)
at Pages.ContactPage.<init>(ContactPage.java:14)
at Pages.ContactPage.<init>(ContactPage.java:14)
at Pages.ContactPage.<init>(ContactPage.java:14)
at Pages.ContactPage.<init>(ContactPage.java:14)
at Pages.ContactPage.<init>(ContactPage.java:14)
at Pages.ContactPage.<init>(ContactPage.java:14)
at Pages.ContactPage.<init>(ContactPage.java:14)
at Pages.ContactPage.<init>(ContactPage.java:14)
at Pages.ContactPage.<init>(ContactPage.java:14)
at Pages.ContactPage.<init>(ContactPage.java:14)
at Pages.ContactPage.<init>(ContactPage.java:14)
at Pages.ContactPage.<init>(ContactPage.java:14)
at Pages.ContactPage.<init>(ContactPage.java:14)
at Pages.ContactPage.<init>(ContactPage.java:14)
at Pages.ContactPage.<init>(ContactPage.java:14)
at Pages.ContactPage.<init>(ContactPage.java:14)
at Pages.ContactPage.<init>(ContactPage.java:14)
at Pages.ContactPage.<init>(ContactPage.java:14)
at Pages.ContactPage.<init>(ContactPage.java:14)
at Pages.ContactPage.<init>(ContactPage.java:14)
at Pages.ContactPage.<init>(ContactPage.java:14)
at Pages.ContactPage.<init>(ContactPage.java:14)
at Pages.ContactPage.<init>(ContactPage.java:14)
at Pages.ContactPage.<init>(ContactPage.java:14)
at Pages.ContactPage.<init>(ContactPage.java:14)
at Pages.ContactPage.<init>(ContactPage.java:14)
at Pages.ContactPage.<init>(ContactPage.java:14)
at Pages.ContactPage.<init>(ContactPage.java:14)
at Pages.ContactPage.<init>(ContactPage.java:14)
at Pages.ContactPage.<init>(ContactPage.java:14)
at Pages.ContactPage.<init>(ContactPage.java:14)
at Pages.ContactPage.<init>(ContactPage.java:14)
at Pages.ContactPage.<init>(ContactPage.java:14)
at Pages.ContactPage.<init>(ContactPage.java:14)
at Pages.ContactPage.<init>(ContactPage.java:14)
at Pages.ContactPage.<init>(ContactPage.java:14)
at Pages.ContactPage.<init>(ContactPage.java:14)
at Pages.ContactPage.<init>(ContactPage.java:14)
at Pages.ContactPage.<init>(ContactPage.java:14)
at Pages.ContactPage.<init>(ContactPage.java:14)
at Pages.ContactPage.<init>(ContactPage.java:14)
at Pages.ContactPage.<init>(ContactPage.java:14)
at Pages.ContactPage.<init>(ContactPage.java:14)
at Pages.ContactPage.<init>(ContactPage.java:14)
at Pages.ContactPage.<init>(ContactPage.java:14)
at Pages.ContactPage.<init>(ContactPage.java:14)
at Pages.ContactPage.<init>(ContactPage.java:14)
at Pages.ContactPage.<init>(ContactPage.java:14)
at Pages.ContactPage.<init>(ContactPage.java:14)
at Pages.ContactPage.<init>(ContactPage.java:14)
at Pages.ContactPage.<init>(ContactPage.java:14)
at Pages.ContactPage.<init>(ContactPage.java:14)
at Pages.ContactPage.<init>(ContactPage.java:14)
at Pages.ContactPage.<init>(ContactPage.java:14)
at Pages.ContactPage.<init>(ContactPage.java:14)
at Pages.ContactPage.<init>(ContactPage.java:14)
at Pages.ContactPage.<init>(ContactPage.java:14)
at Pages.ContactPage.<init>(ContactPage.java:14)
at Pages.ContactPage.<init>(ContactPage.java:14)
at Pages.ContactPage.<init>(ContactPage.java:14)
at Pages.ContactPage.<init>(ContactPage.java:14)
at Pages.ContactPage.<init>(ContactPage.java:14)
at Pages.ContactPage.<init>(ContactPage.java:14)
at Pages.ContactPage.<init>(ContactPage.java:14)
at Pages.ContactPage.<init>(ContactPage.java:14)
at Pages.ContactPage.<init>(ContactPage.java:14)
at Pages.ContactPage.<init>(ContactPage.java:14)
at Pages.ContactPage.<init>(ContactPage.java:14)
at Pages.ContactPage.<init>(ContactPage.java:14)
at Pages.ContactPage.<init>(ContactPage.java:14)
at Pages.ContactPage.<init>(ContactPage.java:14)
at Pages.ContactPage.<init>(ContactPage.java:14)
at Pages.ContactPage.<init>(ContactPage.java:14)
at Pages.ContactPage.<init>(ContactPage.java:14)
at Pages.ContactPage.<init>(ContactPage.java:14)
at Pages.ContactPage.<init>(ContactPage.java:14)
at Pages.ContactPage.<init>(ContactPage.java:14)
at Pages.ContactPage.<init>(ContactPage.java:14)
at Pages.ContactPage.<init>(ContactPage.java:14)
at Pages.ContactPage.<init>(ContactPage.java:14)
at Pages.ContactPage.<init>(ContactPage.java:14)
at Pages.ContactPage.<init>(ContactPage.java:14)
at Pages.ContactPage.<init>(ContactPage.java:14)
at Pages.ContactPage.<init>(ContactPage.java:14)
at Pages.ContactPage.<init>(ContactPage.java:14)
at Pages.ContactPage.<init>(ContactPage.java:14)
at Pages.ContactPage.<init>(ContactPage.java:14)
at Pages.ContactPage.<init>(ContactPage.java:14)
at Pages.ContactPage.<init>(ContactPage.java:14)
at Pages.ContactPage.<init>(ContactPage.java:14)
at Pages.ContactPage.<init>(ContactPage.java:14)
at Pages.ContactPage.<init>(ContactPage.java:14)
at Pages.ContactPage.<init>(ContactPage.java:14)
at Pages.ContactPage.<init>(ContactPage.java:14)
at Pages.ContactPage.<init>(ContactPage.java:14)
at Pages.ContactPage.<init>(ContactPage.java:14)
at Pages.ContactPage.<init>(ContactPage.java:14)
at Pages.ContactPage.<init>(ContactPage.java:14)
at Pages.ContactPage.<init>(ContactPage.java:14)
at Pages.ContactPage.<init>(ContactPage.java:14)
at Pages.ContactPage.<init>(ContactPage.java:14)
at Pages.ContactPage.<init>(ContactPage.java:14)
at Pages.ContactPage.<init>(ContactPage.java:14)
at Pages.ContactPage.<init>(ContactPage.java:14)
at Pages.ContactPage.<init>(ContactPage.java:14)
at Pages.ContactPage.<init>(ContactPage.java:14)
at Pages.ContactPage.<init>(ContactPage.java:14)
at Pages.ContactPage.<init>(ContactPage.java:14)
at Pages.ContactPage.<init>(ContactPage.java:14)
at Pages.ContactPage.<init>(ContactPage.java:14)
at Pages.ContactPage.<init>(ContactPage.java:14)
at Pages.ContactPage.<init>(ContactPage.java:14)
at Pages.ContactPage.<init>(ContactPage.java:14)
at Pages.ContactPage.<init>(ContactPage.java:14)
at Pages.ContactPage.<init>(ContactPage.java:14)
at Pages.ContactPage.<init>(ContactPage.java:14)
at Pages.ContactPage.<init>(ContactPage.java:14)
at Pages.ContactPage.<init>(ContactPage.java:14)
at Pages.ContactPage.<init>(ContactPage.java:14)
at Pages.ContactPage.<init>(ContactPage.java:14)
at Pages.ContactPage.<init>(ContactPage.java:14)
at Pages.ContactPage.<init>(ContactPage.java:14)
at Pages.ContactPage.<init>(ContactPage.java:14)
at Pages.ContactPage.<init>(ContactPage.java:14)
at Pages.ContactPage.<init>(ContactPage.java:14)
at Pages.ContactPage.<init>(ContactPage.java:14)
at Pages.ContactPage.<init>(ContactPage.java:14)
at Pages.ContactPage.<init>(ContactPage.java:14)
at Pages.ContactPage.<init>(ContactPage.java:14)
at Pages.ContactPage.<init>(ContactPage.java:14)
at Pages.ContactPage.<init>(ContactPage.java:14)
at Pages.ContactPage.<init>(ContactPage.java:14)
at Pages.ContactPage.<init>(ContactPage.java:14)
at Pages.ContactPage.<init>(ContactPage.java:14)
at Pages.ContactPage.<init>(ContactPage.java:14)
at Pages.ContactPage.<init>(ContactPage.java:14)
at Pages.ContactPage.<init>(ContactPage.java:14)
at Pages.ContactPage.<init>(ContactPage.java:14)
at Pages.ContactPage.<init>(ContactPage.java:14)
at Pages.ContactPage.<init>(ContactPage.java:14)
at Pages.ContactPage.<init>(ContactPage.java:14)
at Pages.ContactPage.<init>(ContactPage.java:14)
at Pages.ContactPage.<init>(ContactPage.java:14)
at Pages.ContactPage.<init>(ContactPage.java:14)
at Pages.ContactPage.<init>(ContactPage.java:14)
at Pages.ContactPage.<init>(ContactPage.java:14)
at Pages.ContactPage.<init>(ContactPage.java:14)
at Pages.ContactPage.<init>(ContactPage.java:14)
at Pages.ContactPage.<init>(ContactPage.java:14)
at Pages.ContactPage.<init>(ContactPage.java:14)
at Pages.ContactPage.<init>(ContactPage.java:14)
at Pages.ContactPage.<init>(ContactPage.java:14)
at Pages.ContactPage.<init>(ContactPage.java:14)
at Pages.ContactPage.<init>(ContactPage.java:14)
at Pages.ContactPage.<init>(ContactPage.java:14)
at Pages.ContactPage.<init>(ContactPage.java:14)
at Pages.ContactPage.<init>(ContactPage.java:14)
at Pages.ContactPage.<init>(ContactPage.java:14)
at Pages.ContactPage.<init>(ContactPage.java:14)
at Pages.ContactPage.<init>(ContactPage.java:14)
at Pages.ContactPage.<init>(ContactPage.java:14)
at Pages.ContactPage.<init>(ContactPage.java:14)
at Pages.ContactPage.<init>(ContactPage.java:14)
at Pages.ContactPage.<init>(ContactPage.java:14)
at Pages.ContactPage.<init>(ContactPage.java:14)
at Pages.ContactPage.<init>(ContactPage.java:14)
at Pages.ContactPage.<init>(ContactPage.java:14)
at Pages.ContactPage.<init>(ContactPage.java:14)
at Pages.ContactPage.<init>(ContactPage.java:14)
at Pages.ContactPage.<init>(ContactPage.java:14)
at Pages.ContactPage.<init>(ContactPage.java:14)
at Pages.ContactPage.<init>(ContactPage.java:14)
at Pages.ContactPage.<init>(ContactPage.java:14)
at Pages.ContactPage.<init>(ContactPage.java:14)
at Pages.ContactPage.<init>(ContactPage.java:14)
at Pages.ContactPage.<init>(ContactPage.java:14)
at Pages.ContactPage.<init>(ContactPage.java:14)
at Pages.ContactPage.<init>(ContactPage.java:14)
at Pages.ContactPage.<init>(ContactPage.java:14)
at Pages.ContactPage.<init>(ContactPage.java:14)
at Pages.ContactPage.<init>(ContactPage.java:14)
at Pages.ContactPage.<init>(ContactPage.java:14)
at Pages.ContactPage.<init>(ContactPage.java:14)
at Pages.ContactPage.<init>(ContactPage.java:14)
at Pages.ContactPage.<init>(ContactPage.java:14)
at Pages.ContactPage.<init>(ContactPage.java:14)
at Pages.ContactPage.<init>(ContactPage.java:14)
at Pages.ContactPage.<init>(ContactPage.java:14)
at Pages.ContactPage.<init>(ContactPage.java:14)
at Pages.ContactPage.<init>(ContactPage.java:14)
at Pages.ContactPage.<init>(ContactPage.java:14)
at Pages.ContactPage.<init>(ContactPage.java:14)
at Pages.ContactPage.<init>(ContactPage.java:14)
at Pages.ContactPage.<init>(ContactPage.java:14)
at Pages.ContactPage.<init>(ContactPage.java:14)
at Pages.ContactPage.<init>(ContactPage.java:14)
at Pages.ContactPage.<init>(ContactPage.java:14)
at Pages.ContactPage.<init>(ContactPage.java:14)
at Pages.ContactPage.<init>(ContactPage.java:14)
at Pages.ContactPage.<init>(ContactPage.java:14)
at Pages.ContactPage.<init>(ContactPage.java:14)
at Pages.ContactPage.<init>(ContactPage.java:14)
at Pages.ContactPage.<init>(ContactPage.java:14)
at Pages.ContactPage.<init>(ContactPage.java:14)
at Pages.ContactPage.<init>(ContactPage.java:14)
at Pages.ContactPage.<init>(ContactPage.java:14)
at Pages.ContactPage.<init>(ContactPage.java:14)
at Pages.ContactPage.<init>(ContactPage.java:14)
at Pages.ContactPage.<init>(ContactPage.java:14)
at Pages.ContactPage.<init>(ContactPage.java:14)
at Pages.ContactPage.<init>(ContactPage.java:14)
at Pages.ContactPage.<init>(ContactPage.java:14)
at Pages.ContactPage.<init>(ContactPage.java:14)
at Pages.ContactPage.<init>(ContactPage.java:14)
at Pages.ContactPage.<init>(ContactPage.java:14)
at Pages.ContactPage.<init>(ContactPage.java:14)
at Pages.ContactPage.<init>(ContactPage.java:14)
at Pages.ContactPage.<init>(ContactPage.java:14)
at Pages.ContactPage.<init>(ContactPage.java:14)
at Pages.ContactPage.<init>(ContactPage.java:14)
at Pages.ContactPage.<init>(ContactPage.java:14)
at Pages.ContactPage.<init>(ContactPage.java:14)
at Pages.ContactPage.<init>(ContactPage.java:14)
at Pages.ContactPage.<init>(ContactPage.java:14)
at Pages.ContactPage.<init>(ContactPage.java:14)
at Pages.ContactPage.<init>(ContactPage.java:14)
at Pages.ContactPage.<init>(ContactPage.java:14)
at Pages.ContactPage.<init>(ContactPage.java:14)
at Pages.ContactPage.<init>(ContactPage.java:14)
at Pages.ContactPage.<init>(ContactPage.java:14)
at Pages.ContactPage.<init>(ContactPage.java:14)
at Pages.ContactPage.<init>(ContactPage.java:14)
at Pages.ContactPage.<init>(ContactPage.java:14)
at Pages.ContactPage.<init>(ContactPage.java:14)
at Pages.ContactPage.<init>(ContactPage.java:14)
at Pages.ContactPage.<init>(ContactPage.java:14)
at Pages.ContactPage.<init>(ContactPage.java:14)
at Pages.ContactPage.<init>(ContactPage.java:14)
at Pages.ContactPage.<init>(ContactPage.java:14)
at Pages.ContactPage.<init>(ContactPage.java:14)
at Pages.ContactPage.<init>(ContactPage.java:14)
at Pages.ContactPage.<init>(ContactPage.java:14)
at Pages.ContactPage.<init>(ContactPage.java:14)
at Pages.ContactPage.<init>(ContactPage.java:14)
at Pages.ContactPage.<init>(ContactPage.java:14)
at Pages.ContactPage.<init>(ContactPage.java:14)
at Pages.ContactPage.<init>(ContactPage.java:14)
at Pages.ContactPage.<init>(ContactPage.java:14)
at Pages.ContactPage.<init>(ContactPage.java:14)
at Pages.ContactPage.<init>(ContactPage.java:14)
at Pages.ContactPage.<init>(ContactPage.java:14)
at Pages.ContactPage.<init>(ContactPage.java:14)
at Pages.ContactPage.<init>(ContactPage.java:14)
at Pages.ContactPage.<init>(ContactPage.java:14)
at Pages.ContactPage.<init>(ContactPage.java:14)
at Pages.ContactPage.<init>(ContactPage.java:14)
at Pages.ContactPage.<init>(ContactPage.java:14)
at Pages.ContactPage.<init>(ContactPage.java:14)
at Pages.ContactPage.<init>(ContactPage.java:14)
at Pages.ContactPage.<init>(ContactPage.java:14)
at Pages.ContactPage.<init>(ContactPage.java:14)
at Pages.ContactPage.<init>(ContactPage.java:14)
at Pages.ContactPage.<init>(ContactPage.java:14)
at Pages.ContactPage.<init>(ContactPage.java:14)
at Pages.ContactPage.<init>(ContactPage.java:14)
at Pages.ContactPage.<init>(ContactPage.java:14)
at Pages.ContactPage.<init>(ContactPage.java:14)
at Pages.ContactPage.<init>(ContactPage.java:14)
at Pages.ContactPage.<init>(ContactPage.java:14)
at Pages.ContactPage.<init>(ContactPage.java:14)
at Pages.ContactPage.<init>(ContactPage.java:14)
at Pages.ContactPage.<init>(ContactPage.java:14)
at Pages.ContactPage.<init>(ContactPage.java:14)
at Pages.ContactPage.<init>(ContactPage.java:14)
at Pages.ContactPage.<init>(ContactPage.java:14)
at Pages.ContactPage.<init>(ContactPage.java:14)
at Pages.ContactPage.<init>(ContactPage.java:14)
at Pages.ContactPage.<init>(ContactPage.java:14)
at Pages.ContactPage.<init>(ContactPage.java:14)
at Pages.ContactPage.<init>(ContactPage.java:14)
at Pages.ContactPage.<init>(ContactPage.java:14)
at Pages.ContactPage.<init>(ContactPage.java:14)
at Pages.ContactPage.<init>(ContactPage.java:14)
at Pages.ContactPage.<init>(ContactPage.java:14)
at Pages.ContactPage.<init>(ContactPage.java:14)
at Pages.ContactPage.<init>(ContactPage.java:14)
at Pages.ContactPage.<init>(ContactPage.java:14)
at Pages.ContactPage.<init>(ContactPage.java:14)
at Pages.ContactPage.<init>(ContactPage.java:14)
at Pages.ContactPage.<init>(ContactPage.java:14)
at Pages.ContactPage.<init>(ContactPage.java:14)
at Pages.ContactPage.<init>(ContactPage.java:14)
at Pages.ContactPage.<init>(ContactPage.java:14)
at Pages.ContactPage.<init>(ContactPage.java:14)
at Pages.ContactPage.<init>(ContactPage.java:14)
at Pages.ContactPage.<init>(ContactPage.java:14)
at Pages.ContactPage.<init>(ContactPage.java:14)
at Pages.ContactPage.<init>(ContactPage.java:14)
at Pages.ContactPage.<init>(ContactPage.java:14)
at Pages.ContactPage.<init>(ContactPage.java:14)
at Pages.ContactPage.<init>(ContactPage.java:14)
at Pages.ContactPage.<init>(ContactPage.java:14)
at Pages.ContactPage.<init>(ContactPage.java:14)
at Pages.ContactPage.<init>(ContactPage.java:14)
at Pages.ContactPage.<init>(ContactPage.java:14)
at Pages.ContactPage.<init>(ContactPage.java:14)
at Pages.ContactPage.<init>(ContactPage.java:14)
at Pages.ContactPage.<init>(ContactPage.java:14)
at Pages.ContactPage.<init>(ContactPage.java:14)
at Pages.ContactPage.<init>(ContactPage.java:14)
at Pages.ContactPage.<init>(ContactPage.java:14)
at Pages.ContactPage.<init>(ContactPage.java:14)
at Pages.ContactPage.<init>(ContactPage.java:14)
at Pages.ContactPage.<init>(ContactPage.java:14)
at Pages.ContactPage.<init>(ContactPage.java:14)
at Pages.ContactPage.<init>(ContactPage.java:14)
at Pages.ContactPage.<init>(ContactPage.java:14)
at Pages.ContactPage.<init>(ContactPage.java:14)
at Pages.ContactPage.<init>(ContactPage.java:14)
at Pages.ContactPage.<init>(ContactPage.java:14)
at Pages.ContactPage.<init>(ContactPage.java:14)
at Pages.ContactPage.<init>(ContactPage.java:14)
at Pages.ContactPage.<init>(ContactPage.java:14)
at Pages.ContactPage.<init>(ContactPage.java:14)
at Pages.ContactPage.<init>(ContactPage.java:14)
at Pages.ContactPage.<init>(ContactPage.java:14)
at Pages.ContactPage.<init>(ContactPage.java:14)
at Pages.ContactPage.<init>(ContactPage.java:14)
at Pages.ContactPage.<init>(ContactPage.java:14)
at Pages.ContactPage.<init>(ContactPage.java:14)
at Pages.ContactPage.<init>(ContactPage.java:14)
at Pages.ContactPage.<init>(ContactPage.java:14)
at Pages.ContactPage.<init>(ContactPage.java:14)
at Pages.ContactPage.<init>(ContactPage.java:14)
at Pages.ContactPage.<init>(ContactPage.java:14)
at Pages.ContactPage.<init>(ContactPage.java:14)
at Pages.ContactPage.<init>(ContactPage.java:14)
at Pages.ContactPage.<init>(ContactPage.java:14)
at Pages.ContactPage.<init>(ContactPage.java:14)
at Pages.ContactPage.<init>(ContactPage.java:14)
at Pages.ContactPage.<init>(ContactPage.java:14)
at Pages.ContactPage.<init>(ContactPage.java:14)
at Pages.ContactPage.<init>(ContactPage.java:14)
at Pages.ContactPage.<init>(ContactPage.java:14)
at Pages.ContactPage.<init>(ContactPage.java:14)
at Pages.ContactPage.<init>(ContactPage.java:14)
at Pages.ContactPage.<init>(ContactPage.java:14)
at Pages.ContactPage.<init>(ContactPage.java:14)
at Pages.ContactPage.<init>(ContactPage.java:14)
at Pages.ContactPage.<init>(ContactPage.java:14)
at Pages.ContactPage.<init>(ContactPage.java:14)
at Pages.ContactPage.<init>(ContactPage.java:14)
at Pages.ContactPage.<init>(ContactPage.java:14)
at Pages.ContactPage.<init>(ContactPage.java:14)
at Pages.ContactPage.<init>(ContactPage.java:14)
at Pages.ContactPage.<init>(ContactPage.java:14)
at Pages.ContactPage.<init>(ContactPage.java:14)
at Pages.ContactPage.<init>(ContactPage.java:14)
at Pages.ContactPage.<init>(ContactPage.java:14)
at Pages.ContactPage.<init>(ContactPage.java:14)
at Pages.ContactPage.<init>(ContactPage.java:14)
at Pages.ContactPage.<init>(ContactPage.java:14)
at Pages.ContactPage.<init>(ContactPage.java:14)
at Pages.ContactPage.<init>(ContactPage.java:14)
at Pages.ContactPage.<init>(ContactPage.java:14)
at Pages.ContactPage.<init>(ContactPage.java:14)
at Pages.ContactPage.<init>(ContactPage.java:14)
at Pages.ContactPage.<init>(ContactPage.java:14)
at Pages.ContactPage.<init>(ContactPage.java:14)
at Pages.ContactPage.<init>(ContactPage.java:14)
at Pages.ContactPage.<init>(ContactPage.java:14)
at Pages.ContactPage.<init>(ContactPage.java:14)
at Pages.ContactPage.<init>(ContactPage.java:14)
at Pages.ContactPage.<init>(ContactPage.java:14)
at Pages.ContactPage.<init>(ContactPage.java:14)
at Pages.ContactPage.<init>(ContactPage.java:14)
at Pages.ContactPage.<init>(ContactPage.java:14)
at Pages.ContactPage.<init>(ContactPage.java:14)
at Pages.ContactPage.<init>(ContactPage.java:14)
at Pages.ContactPage.<init>(ContactPage.java:14)
at Pages.ContactPage.<init>(ContactPage.java:14)
at Pages.ContactPage.<init>(ContactPage.java:14)
at Pages.ContactPage.<init>(ContactPage.java:14)
at Pages.ContactPage.<init>(ContactPage.java:14)
at Pages.ContactPage.<init>(ContactPage.java:14)
at Pages.ContactPage.<init>(ContactPage.java:14)
at Pages.ContactPage.<init>(ContactPage.java:14)
at Pages.ContactPage.<init>(ContactPage.java:14)
at Pages.ContactPage.<init>(ContactPage.java:14)
at Pages.ContactPage.<init>(ContactPage.java:14)
at Pages.ContactPage.<init>(ContactPage.java:14)
at Pages.ContactPage.<init>(ContactPage.java:14)
at Pages.ContactPage.<init>(ContactPage.java:14)
at Pages.ContactPage.<init>(ContactPage.java:14)
at Pages.ContactPage.<init>(ContactPage.java:14)
at Pages.ContactPage.<init>(ContactPage.java:14)
at Pages.ContactPage.<init>(ContactPage.java:14)
at Pages.ContactPage.<init>(ContactPage.java:14)
at Pages.ContactPage.<init>(ContactPage.java:14)
at Pages.ContactPage.<init>(ContactPage.java:14)
at Pages.ContactPage.<init>(ContactPage.java:14)
at Pages.ContactPage.<init>(ContactPage.java:14)
at Pages.ContactPage.<init>(ContactPage.java:14)
at Pages.ContactPage.<init>(ContactPage.java:14)
at Pages.ContactPage.<init>(ContactPage.java:14)
at Pages.ContactPage.<init>(ContactPage.java:14)
at Pages.ContactPage.<init>(ContactPage.java:14)
at Pages.ContactPage.<init>(ContactPage.java:14)
at Pages.ContactPage.<init>(ContactPage.java:14)
at Pages.ContactPage.<init>(ContactPage.java:14)
at Pages.ContactPage.<init>(ContactPage.java:14)
at Pages.ContactPage.<init>(ContactPage.java:14)
at Pages.ContactPage.<init>(ContactPage.java:14)
at Pages.ContactPage.<init>(ContactPage.java:14)
at Pages.ContactPage.<init>(ContactPage.java:14)
at Pages.ContactPage.<init>(ContactPage.java:14)
at Pages.ContactPage.<init>(ContactPage.java:14)
at Pages.ContactPage.<init>(ContactPage.java:14)
at Pages.ContactPage.<init>(ContactPage.java:14)
at Pages.ContactPage.<init>(ContactPage.java:14)
at Pages.ContactPage.<init>(ContactPage.java:14)
at Pages.ContactPage.<init>(ContactPage.java:14)
at Pages.ContactPage.<init>(ContactPage.java:14)
at Pages.ContactPage.<init>(ContactPage.java:14)
at Pages.ContactPage.<init>(ContactPage.java:14)
at Pages.ContactPage.<init>(ContactPage.java:14)
at Pages.ContactPage.<init>(ContactPage.java:14)
at Pages.ContactPage.<init>(ContactPage.java:14)
at Pages.ContactPage.<init>(ContactPage.java:14)
at Pages.ContactPage.<init>(ContactPage.java:14)
at Pages.ContactPage.<init>(ContactPage.java:14)
at Pages.ContactPage.<init>(ContactPage.java:14)
at Pages.ContactPage.<init>(ContactPage.java:14)
at Pages.ContactPage.<init>(ContactPage.java:14)
at Pages.ContactPage.<init>(ContactPage.java:14)
at Pages.ContactPage.<init>(ContactPage.java:14)
at Pages.ContactPage.<init>(ContactPage.java:14)
at Pages.ContactPage.<init>(ContactPage.java:14)
at Pages.ContactPage.<init>(ContactPage.java:14)
at Pages.ContactPage.<init>(ContactPage.java:14)
at Pages.ContactPage.<init>(ContactPage.java:14)
at Pages.ContactPage.<init>(ContactPage.java:14)
at Pages.ContactPage.<init>(ContactPage.java:14)
at Pages.ContactPage.<init>(ContactPage.java:14)
at Pages.ContactPage.<init>(ContactPage.java:14)
at Pages.ContactPage.<init>(ContactPage.java:14)
at Pages.ContactPage.<init>(ContactPage.java:14)
at Pages.ContactPage.<init>(ContactPage.java:14)
at Pages.ContactPage.<init>(ContactPage.java:14)
at Pages.ContactPage.<init>(ContactPage.java:14)
at Pages.ContactPage.<init>(ContactPage.java:14)
at Pages.ContactPage.<init>(ContactPage.java:14)
at Pages.ContactPage.<init>(ContactPage.java:14)
at Pages.ContactPage.<init>(ContactPage.java:14)
at Pages.ContactPage.<init>(ContactPage.java:14)
at Pages.ContactPage.<init>(ContactPage.java:14)
at Pages.ContactPage.<init>(ContactPage.java:14)
at Pages.ContactPage.<init>(ContactPage.java:14)
at Pages.ContactPage.<init>(ContactPage.java:14)
at Pages.ContactPage.<init>(ContactPage.java:14)
at Pages.ContactPage.<init>(ContactPage.java:14)
at Pages.ContactPage.<init>(ContactPage.java:14)
at Pages.ContactPage.<init>(ContactPage.java:14)
at Pages.ContactPage.<init>(ContactPage.java:14)
at Pages.ContactPage.<init>(ContactPage.java:14)
at Pages.ContactPage.<init>(ContactPage.java:14)
at Pages.ContactPage.<init>(ContactPage.java:14)
at Pages.ContactPage.<init>(ContactPage.java:14)
at Pages.ContactPage.<init>(ContactPage.java:14)
at Pages.ContactPage.<init>(ContactPage.java:14)
at Pages.ContactPage.<init>(ContactPage.java:14)
at Pages.ContactPage.<init>(ContactPage.java:14)
at Pages.ContactPage.<init>(ContactPage.java:14)
at Pages.ContactPage.<init>(ContactPage.java:14)
at Pages.ContactPage.<init>(ContactPage.java:14)
at Pages.ContactPage.<init>(ContactPage.java:14)
at Pages.ContactPage.<init>(ContactPage.java:14)
at Pages.ContactPage.<init>(ContactPage.java:14)
at Pages.ContactPage.<init>(ContactPage.java:14)
at Pages.ContactPage.<init>(ContactPage.java:14)
at Pages.ContactPage.<init>(ContactPage.java:14)
at Pages.ContactPage.<init>(ContactPage.java:14)
at Pages.ContactPage.<init>(ContactPage.java:14)
at Pages.ContactPage.<init>(ContactPage.java:14)
at Pages.ContactPage.<init>(ContactPage.java:14)
at Pages.ContactPage.<init>(ContactPage.java:14)
at Pages.ContactPage.<init>(ContactPage.java:14)
at Pages.ContactPage.<init>(ContactPage.java:14)
at Pages.ContactPage.<init>(ContactPage.java:14)
at Pages.ContactPage.<init>(ContactPage.java:14)
at Pages.ContactPage.<init>(ContactPage.java:14)
at Pages.ContactPage.<init>(ContactPage.java:14)
at Pages.ContactPage.<init>(ContactPage.java:14)
at Pages.ContactPage.<init>(ContactPage.java:14)
at Pages.ContactPage.<init>(ContactPage.java:14)
at Pages.ContactPage.<init>(ContactPage.java:14)
at Pages.ContactPage.<init>(ContactPage.java:14)
at Pages.ContactPage.<init>(ContactPage.java:14)
at Pages.ContactPage.<init>(ContactPage.java:14)
at Pages.ContactPage.<init>(ContactPage.java:14)
at Pages.ContactPage.<init>(ContactPage.java:14)
at Pages.ContactPage.<init>(ContactPage.java:14)
at Pages.ContactPage.<init>(ContactPage.java:14)
at Pages.ContactPage.<init>(ContactPage.java:14)
at Pages.ContactPage.<init>(ContactPage.java:14)
at Pages.ContactPage.<init>(ContactPage.java:14)
at Pages.ContactPage.<init>(ContactPage.java:14)
at Pages.ContactPage.<init>(ContactPage.java:14)
at Pages.ContactPage.<init>(ContactPage.java:14)
at Pages.ContactPage.<init>(ContactPage.java:14)
at Pages.ContactPage.<init>(ContactPage.java:14)
at Pages.ContactPage.<init>(ContactPage.java:14)
at Pages.ContactPage.<init>(ContactPage.java:14)
at Pages.ContactPage.<init>(ContactPage.java:14)
at Pages.ContactPage.<init>(ContactPage.java:14)
at Pages.ContactPage.<init>(ContactPage.java:14)
at Pages.ContactPage.<init>(ContactPage.java:14)
at Pages.ContactPage.<init>(ContactPage.java:14)
at Pages.ContactPage.<init>(ContactPage.java:14)
at Pages.ContactPage.<init>(ContactPage.java:14)
at Pages.ContactPage.<init>(ContactPage.java:14)
at Pages.ContactPage.<init>(ContactPage.java:14)
at Pages.ContactPage.<init>(ContactPage.java:14)
at Pages.ContactPage.<init>(ContactPage.java:14)
at Pages.ContactPage.<init>(ContactPage.java:14)
at Pages.ContactPage.<init>(ContactPage.java:14)
at Pages.ContactPage.<init>(ContactPage.java:14)
at Pages.ContactPage.<init>(ContactPage.java:14)
at Pages.ContactPage.<init>(ContactPage.java:14)
at Pages.ContactPage.<init>(ContactPage.java:14)
at Pages.ContactPage.<init>(ContactPage.java:14)
at Pages.ContactPage.<init>(ContactPage.java:14)
at Pages.ContactPage.<init>(ContactPage.java:14)
at Pages.ContactPage.<init>(ContactPage.java:14)
at Pages.ContactPage.<init>(ContactPage.java:14)
at Pages.ContactPage.<init>(ContactPage.java:14)
at Pages.ContactPage.<init>(ContactPage.java:14)
at Pages.ContactPage.<init>(ContactPage.java:14)
at Pages.ContactPage.<init>(ContactPage.java:14)
at Pages.ContactPage.<init>(ContactPage.java:14)
at Pages.ContactPage.<init>(ContactPage.java:14)
at Pages.ContactPage.<init>(ContactPage.java:14)
at Pages.ContactPage.<init>(ContactPage.java:14)
at Pages.ContactPage.<init>(ContactPage.java:14)
at Pages.ContactPage.<init>(ContactPage.java:14)
at Pages.ContactPage.<init>(ContactPage.java:14)
at Pages.ContactPage.<init>(ContactPage.java:14)
at Pages.ContactPage.<init>(ContactPage.java:14)
at Pages.ContactPage.<init>(ContactPage.java:14)
at Pages.ContactPage.<init>(ContactPage.java:14)
at Pages.ContactPage.<init>(ContactPage.java:14)
at Pages.ContactPage.<init>(ContactPage.java:14)
at Pages.ContactPage.<init>(ContactPage.java:14)
at Pages.ContactPage.<init>(ContactPage.java:14)
at Pages.ContactPage.<init>(ContactPage.java:14)
]]>
    </error>
  </testcase> <!-- fillalldetails -->
  <system-out/>
  <testcase classname="Testcases.New_ContactTest" name="fillalldetails" time="189.986">
    <error type="java.lang.StackOverflowError">
      <![CDATA[java.lang.StackOverflowError
at java.base/java.security.AccessController.doPrivileged(Native Method)
at java.base/java.util.ResourceBundle.getLoader(ResourceBundle.java:584)
at java.base/java.util.ResourceBundle.getBundleImpl(ResourceBundle.java:1581)
at java.base/java.util.ResourceBundle.getBundleImpl(ResourceBundle.java:1556)
at java.base/java.util.ResourceBundle.getBundle(ResourceBundle.java:932)
at java.xml/jdk.xml.internal.SecuritySupport.lambda$getResourceBundle$5(SecuritySupport.java:269)
at java.base/java.security.AccessController.doPrivileged(Native Method)
at java.xml/jdk.xml.internal.SecuritySupport.getResourceBundle(SecuritySupport.java:267)
at java.xml/com.sun.org.apache.xerces.internal.util.SAXMessageFormatter.formatMessage(SAXMessageFormatter.java:59)
at java.xml/com.sun.org.apache.xerces.internal.parsers.AbstractSAXParser.getProperty(AbstractSAXParser.java:2068)
at java.xml/com.sun.org.apache.xerces.internal.jaxp.SAXParserImpl$JAXPSAXParser.setProperty(SAXParserImpl.java:571)
at org.dom4j.io.SAXHelper.setParserProperty(SAXHelper.java:35)
at org.dom4j.io.SAXReader.configureReader(SAXReader.java:621)
at org.dom4j.io.SAXReader.read(SAXReader.java:321)
at org.dom4j.io.SAXReader.read(SAXReader.java:246)
at org.apache.poi.openxml4j.opc.PackageRelationshipCollection.parseRelationshipsPart(PackageRelationshipCollection.java:305)
at org.apache.poi.openxml4j.opc.PackageRelationshipCollection.<init>(PackageRelationshipCollection.java:156)
at org.apache.poi.openxml4j.opc.PackageRelationshipCollection.<init>(PackageRelationshipCollection.java:124)
at org.apache.poi.openxml4j.opc.PackagePart.loadRelationships(PackagePart.java:527)
at org.apache.poi.openxml4j.opc.PackagePart.<init>(PackagePart.java:112)
at org.apache.poi.openxml4j.opc.PackagePart.<init>(PackagePart.java:83)
at org.apache.poi.openxml4j.opc.PackagePart.<init>(PackagePart.java:128)
at org.apache.poi.openxml4j.opc.ZipPackagePart.<init>(ZipPackagePart.java:78)
at org.apache.poi.openxml4j.opc.ZipPackage.getPartsImpl(ZipPackage.java:187)
at org.apache.poi.openxml4j.opc.OPCPackage.getParts(OPCPackage.java:585)
at org.apache.poi.openxml4j.opc.OPCPackage.open(OPCPackage.java:201)
at org.apache.poi.openxml4j.opc.OPCPackage.open(OPCPackage.java:178)
at org.apache.poi.util.PackageHelper.open(PackageHelper.java:53)
at org.apache.poi.xssf.usermodel.XSSFWorkbook.<init>(XSSFWorkbook.java:176)
at Utilities.Xls_Reader.<init>(Xls_Reader.java:32)
at Base.TestBase.<init>(TestBase.java:32)
at Pages.ContactPage.<init>(ContactPage.java:37)
at Pages.ContactPage.<init>(ContactPage.java:14)
at Pages.ContactPage.<init>(ContactPage.java:14)
at Pages.ContactPage.<init>(ContactPage.java:14)
at Pages.ContactPage.<init>(ContactPage.java:14)
at Pages.ContactPage.<init>(ContactPage.java:14)
at Pages.ContactPage.<init>(ContactPage.java:14)
at Pages.ContactPage.<init>(ContactPage.java:14)
at Pages.ContactPage.<init>(ContactPage.java:14)
at Pages.ContactPage.<init>(ContactPage.java:14)
at Pages.ContactPage.<init>(ContactPage.java:14)
at Pages.ContactPage.<init>(ContactPage.java:14)
at Pages.ContactPage.<init>(ContactPage.java:14)
at Pages.ContactPage.<init>(ContactPage.java:14)
at Pages.ContactPage.<init>(ContactPage.java:14)
at Pages.ContactPage.<init>(ContactPage.java:14)
at Pages.ContactPage.<init>(ContactPage.java:14)
at Pages.ContactPage.<init>(ContactPage.java:14)
at Pages.ContactPage.<init>(ContactPage.java:14)
at Pages.ContactPage.<init>(ContactPage.java:14)
at Pages.ContactPage.<init>(ContactPage.java:14)
at Pages.ContactPage.<init>(ContactPage.java:14)
at Pages.ContactPage.<init>(ContactPage.java:14)
at Pages.ContactPage.<init>(ContactPage.java:14)
at Pages.ContactPage.<init>(ContactPage.java:14)
at Pages.ContactPage.<init>(ContactPage.java:14)
at Pages.ContactPage.<init>(ContactPage.java:14)
at Pages.ContactPage.<init>(ContactPage.java:14)
at Pages.ContactPage.<init>(ContactPage.java:14)
at Pages.ContactPage.<init>(ContactPage.java:14)
at Pages.ContactPage.<init>(ContactPage.java:14)
at Pages.ContactPage.<init>(ContactPage.java:14)
at Pages.ContactPage.<init>(ContactPage.java:14)
at Pages.ContactPage.<init>(ContactPage.java:14)
at Pages.ContactPage.<init>(ContactPage.java:14)
at Pages.ContactPage.<init>(ContactPage.java:14)
at Pages.ContactPage.<init>(ContactPage.java:14)
at Pages.ContactPage.<init>(ContactPage.java:14)
at Pages.ContactPage.<init>(ContactPage.java:14)
at Pages.ContactPage.<init>(ContactPage.java:14)
at Pages.ContactPage.<init>(ContactPage.java:14)
at Pages.ContactPage.<init>(ContactPage.java:14)
at Pages.ContactPage.<init>(ContactPage.java:14)
at Pages.ContactPage.<init>(ContactPage.java:14)
at Pages.ContactPage.<init>(ContactPage.java:14)
at Pages.ContactPage.<init>(ContactPage.java:14)
at Pages.ContactPage.<init>(ContactPage.java:14)
at Pages.ContactPage.<init>(ContactPage.java:14)
at Pages.ContactPage.<init>(ContactPage.java:14)
at Pages.ContactPage.<init>(ContactPage.java:14)
at Pages.ContactPage.<init>(ContactPage.java:14)
at Pages.ContactPage.<init>(ContactPage.java:14)
at Pages.ContactPage.<init>(ContactPage.java:14)
at Pages.ContactPage.<init>(ContactPage.java:14)
at Pages.ContactPage.<init>(ContactPage.java:14)
at Pages.ContactPage.<init>(ContactPage.java:14)
at Pages.ContactPage.<init>(ContactPage.java:14)
at Pages.ContactPage.<init>(ContactPage.java:14)
at Pages.ContactPage.<init>(ContactPage.java:14)
at Pages.ContactPage.<init>(ContactPage.java:14)
at Pages.ContactPage.<init>(ContactPage.java:14)
at Pages.ContactPage.<init>(ContactPage.java:14)
at Pages.ContactPage.<init>(ContactPage.java:14)
at Pages.ContactPage.<init>(ContactPage.java:14)
at Pages.ContactPage.<init>(ContactPage.java:14)
at Pages.ContactPage.<init>(ContactPage.java:14)
at Pages.ContactPage.<init>(ContactPage.java:14)
at Pages.ContactPage.<init>(ContactPage.java:14)
at Pages.ContactPage.<init>(ContactPage.java:14)
at Pages.ContactPage.<init>(ContactPage.java:14)
at Pages.ContactPage.<init>(ContactPage.java:14)
at Pages.ContactPage.<init>(ContactPage.java:14)
at Pages.ContactPage.<init>(ContactPage.java:14)
at Pages.ContactPage.<init>(ContactPage.java:14)
at Pages.ContactPage.<init>(ContactPage.java:14)
at Pages.ContactPage.<init>(ContactPage.java:14)
at Pages.ContactPage.<init>(ContactPage.java:14)
at Pages.ContactPage.<init>(ContactPage.java:14)
at Pages.ContactPage.<init>(ContactPage.java:14)
at Pages.ContactPage.<init>(ContactPage.java:14)
at Pages.ContactPage.<init>(ContactPage.java:14)
at Pages.ContactPage.<init>(ContactPage.java:14)
at Pages.ContactPage.<init>(ContactPage.java:14)
at Pages.ContactPage.<init>(ContactPage.java:14)
at Pages.ContactPage.<init>(ContactPage.java:14)
at Pages.ContactPage.<init>(ContactPage.java:14)
at Pages.ContactPage.<init>(ContactPage.java:14)
at Pages.ContactPage.<init>(ContactPage.java:14)
at Pages.ContactPage.<init>(ContactPage.java:14)
at Pages.ContactPage.<init>(ContactPage.java:14)
at Pages.ContactPage.<init>(ContactPage.java:14)
at Pages.ContactPage.<init>(ContactPage.java:14)
at Pages.ContactPage.<init>(ContactPage.java:14)
at Pages.ContactPage.<init>(ContactPage.java:14)
at Pages.ContactPage.<init>(ContactPage.java:14)
at Pages.ContactPage.<init>(ContactPage.java:14)
at Pages.ContactPage.<init>(ContactPage.java:14)
at Pages.ContactPage.<init>(ContactPage.java:14)
at Pages.ContactPage.<init>(ContactPage.java:14)
at Pages.ContactPage.<init>(ContactPage.java:14)
at Pages.ContactPage.<init>(ContactPage.java:14)
at Pages.ContactPage.<init>(ContactPage.java:14)
at Pages.ContactPage.<init>(ContactPage.java:14)
at Pages.ContactPage.<init>(ContactPage.java:14)
at Pages.ContactPage.<init>(ContactPage.java:14)
at Pages.ContactPage.<init>(ContactPage.java:14)
at Pages.ContactPage.<init>(ContactPage.java:14)
at Pages.ContactPage.<init>(ContactPage.java:14)
at Pages.ContactPage.<init>(ContactPage.java:14)
at Pages.ContactPage.<init>(ContactPage.java:14)
at Pages.ContactPage.<init>(ContactPage.java:14)
at Pages.ContactPage.<init>(ContactPage.java:14)
at Pages.ContactPage.<init>(ContactPage.java:14)
at Pages.ContactPage.<init>(ContactPage.java:14)
at Pages.ContactPage.<init>(ContactPage.java:14)
at Pages.ContactPage.<init>(ContactPage.java:14)
at Pages.ContactPage.<init>(ContactPage.java:14)
at Pages.ContactPage.<init>(ContactPage.java:14)
at Pages.ContactPage.<init>(ContactPage.java:14)
at Pages.ContactPage.<init>(ContactPage.java:14)
at Pages.ContactPage.<init>(ContactPage.java:14)
at Pages.ContactPage.<init>(ContactPage.java:14)
at Pages.ContactPage.<init>(ContactPage.java:14)
at Pages.ContactPage.<init>(ContactPage.java:14)
at Pages.ContactPage.<init>(ContactPage.java:14)
at Pages.ContactPage.<init>(ContactPage.java:14)
at Pages.ContactPage.<init>(ContactPage.java:14)
at Pages.ContactPage.<init>(ContactPage.java:14)
at Pages.ContactPage.<init>(ContactPage.java:14)
at Pages.ContactPage.<init>(ContactPage.java:14)
at Pages.ContactPage.<init>(ContactPage.java:14)
at Pages.ContactPage.<init>(ContactPage.java:14)
at Pages.ContactPage.<init>(ContactPage.java:14)
at Pages.ContactPage.<init>(ContactPage.java:14)
at Pages.ContactPage.<init>(ContactPage.java:14)
at Pages.ContactPage.<init>(ContactPage.java:14)
at Pages.ContactPage.<init>(ContactPage.java:14)
at Pages.ContactPage.<init>(ContactPage.java:14)
at Pages.ContactPage.<init>(ContactPage.java:14)
at Pages.ContactPage.<init>(ContactPage.java:14)
at Pages.ContactPage.<init>(ContactPage.java:14)
at Pages.ContactPage.<init>(ContactPage.java:14)
at Pages.ContactPage.<init>(ContactPage.java:14)
at Pages.ContactPage.<init>(ContactPage.java:14)
at Pages.ContactPage.<init>(ContactPage.java:14)
at Pages.ContactPage.<init>(ContactPage.java:14)
at Pages.ContactPage.<init>(ContactPage.java:14)
at Pages.ContactPage.<init>(ContactPage.java:14)
at Pages.ContactPage.<init>(ContactPage.java:14)
at Pages.ContactPage.<init>(ContactPage.java:14)
at Pages.ContactPage.<init>(ContactPage.java:14)
at Pages.ContactPage.<init>(ContactPage.java:14)
at Pages.ContactPage.<init>(ContactPage.java:14)
at Pages.ContactPage.<init>(ContactPage.java:14)
at Pages.ContactPage.<init>(ContactPage.java:14)
at Pages.ContactPage.<init>(ContactPage.java:14)
at Pages.ContactPage.<init>(ContactPage.java:14)
at Pages.ContactPage.<init>(ContactPage.java:14)
at Pages.ContactPage.<init>(ContactPage.java:14)
at Pages.ContactPage.<init>(ContactPage.java:14)
at Pages.ContactPage.<init>(ContactPage.java:14)
at Pages.ContactPage.<init>(ContactPage.java:14)
at Pages.ContactPage.<init>(ContactPage.java:14)
at Pages.ContactPage.<init>(ContactPage.java:14)
at Pages.ContactPage.<init>(ContactPage.java:14)
at Pages.ContactPage.<init>(ContactPage.java:14)
at Pages.ContactPage.<init>(ContactPage.java:14)
at Pages.ContactPage.<init>(ContactPage.java:14)
at Pages.ContactPage.<init>(ContactPage.java:14)
at Pages.ContactPage.<init>(ContactPage.java:14)
at Pages.ContactPage.<init>(ContactPage.java:14)
at Pages.ContactPage.<init>(ContactPage.java:14)
at Pages.ContactPage.<init>(ContactPage.java:14)
at Pages.ContactPage.<init>(ContactPage.java:14)
at Pages.ContactPage.<init>(ContactPage.java:14)
at Pages.ContactPage.<init>(ContactPage.java:14)
at Pages.ContactPage.<init>(ContactPage.java:14)
at Pages.ContactPage.<init>(ContactPage.java:14)
at Pages.ContactPage.<init>(ContactPage.java:14)
at Pages.ContactPage.<init>(ContactPage.java:14)
at Pages.ContactPage.<init>(ContactPage.java:14)
at Pages.ContactPage.<init>(ContactPage.java:14)
at Pages.ContactPage.<init>(ContactPage.java:14)
at Pages.ContactPage.<init>(ContactPage.java:14)
at Pages.ContactPage.<init>(ContactPage.java:14)
at Pages.ContactPage.<init>(ContactPage.java:14)
at Pages.ContactPage.<init>(ContactPage.java:14)
at Pages.ContactPage.<init>(ContactPage.java:14)
at Pages.ContactPage.<init>(ContactPage.java:14)
at Pages.ContactPage.<init>(ContactPage.java:14)
at Pages.ContactPage.<init>(ContactPage.java:14)
at Pages.ContactPage.<init>(ContactPage.java:14)
at Pages.ContactPage.<init>(ContactPage.java:14)
at Pages.ContactPage.<init>(ContactPage.java:14)
at Pages.ContactPage.<init>(ContactPage.java:14)
at Pages.ContactPage.<init>(ContactPage.java:14)
at Pages.ContactPage.<init>(ContactPage.java:14)
at Pages.ContactPage.<init>(ContactPage.java:14)
at Pages.ContactPage.<init>(ContactPage.java:14)
at Pages.ContactPage.<init>(ContactPage.java:14)
at Pages.ContactPage.<init>(ContactPage.java:14)
at Pages.ContactPage.<init>(ContactPage.java:14)
at Pages.ContactPage.<init>(ContactPage.java:14)
at Pages.ContactPage.<init>(ContactPage.java:14)
at Pages.ContactPage.<init>(ContactPage.java:14)
at Pages.ContactPage.<init>(ContactPage.java:14)
at Pages.ContactPage.<init>(ContactPage.java:14)
at Pages.ContactPage.<init>(ContactPage.java:14)
at Pages.ContactPage.<init>(ContactPage.java:14)
at Pages.ContactPage.<init>(ContactPage.java:14)
at Pages.ContactPage.<init>(ContactPage.java:14)
at Pages.ContactPage.<init>(ContactPage.java:14)
at Pages.ContactPage.<init>(ContactPage.java:14)
at Pages.ContactPage.<init>(ContactPage.java:14)
at Pages.ContactPage.<init>(ContactPage.java:14)
at Pages.ContactPage.<init>(ContactPage.java:14)
at Pages.ContactPage.<init>(ContactPage.java:14)
at Pages.ContactPage.<init>(ContactPage.java:14)
at Pages.ContactPage.<init>(ContactPage.java:14)
at Pages.ContactPage.<init>(ContactPage.java:14)
at Pages.ContactPage.<init>(ContactPage.java:14)
at Pages.ContactPage.<init>(ContactPage.java:14)
at Pages.ContactPage.<init>(ContactPage.java:14)
at Pages.ContactPage.<init>(ContactPage.java:14)
at Pages.ContactPage.<init>(ContactPage.java:14)
at Pages.ContactPage.<init>(ContactPage.java:14)
at Pages.ContactPage.<init>(ContactPage.java:14)
at Pages.ContactPage.<init>(ContactPage.java:14)
at Pages.ContactPage.<init>(ContactPage.java:14)
at Pages.ContactPage.<init>(ContactPage.java:14)
at Pages.ContactPage.<init>(ContactPage.java:14)
at Pages.ContactPage.<init>(ContactPage.java:14)
at Pages.ContactPage.<init>(ContactPage.java:14)
at Pages.ContactPage.<init>(ContactPage.java:14)
at Pages.ContactPage.<init>(ContactPage.java:14)
at Pages.ContactPage.<init>(ContactPage.java:14)
at Pages.ContactPage.<init>(ContactPage.java:14)
at Pages.ContactPage.<init>(ContactPage.java:14)
at Pages.ContactPage.<init>(ContactPage.java:14)
at Pages.ContactPage.<init>(ContactPage.java:14)
at Pages.ContactPage.<init>(ContactPage.java:14)
at Pages.ContactPage.<init>(ContactPage.java:14)
at Pages.ContactPage.<init>(ContactPage.java:14)
at Pages.ContactPage.<init>(ContactPage.java:14)
at Pages.ContactPage.<init>(ContactPage.java:14)
at Pages.ContactPage.<init>(ContactPage.java:14)
at Pages.ContactPage.<init>(ContactPage.java:14)
at Pages.ContactPage.<init>(ContactPage.java:14)
at Pages.ContactPage.<init>(ContactPage.java:14)
at Pages.ContactPage.<init>(ContactPage.java:14)
at Pages.ContactPage.<init>(ContactPage.java:14)
at Pages.ContactPage.<init>(ContactPage.java:14)
at Pages.ContactPage.<init>(ContactPage.java:14)
at Pages.ContactPage.<init>(ContactPage.java:14)
at Pages.ContactPage.<init>(ContactPage.java:14)
at Pages.ContactPage.<init>(ContactPage.java:14)
at Pages.ContactPage.<init>(ContactPage.java:14)
at Pages.ContactPage.<init>(ContactPage.java:14)
at Pages.ContactPage.<init>(ContactPage.java:14)
at Pages.ContactPage.<init>(ContactPage.java:14)
at Pages.ContactPage.<init>(ContactPage.java:14)
at Pages.ContactPage.<init>(ContactPage.java:14)
at Pages.ContactPage.<init>(ContactPage.java:14)
at Pages.ContactPage.<init>(ContactPage.java:14)
at Pages.ContactPage.<init>(ContactPage.java:14)
at Pages.ContactPage.<init>(ContactPage.java:14)
at Pages.ContactPage.<init>(ContactPage.java:14)
at Pages.ContactPage.<init>(ContactPage.java:14)
at Pages.ContactPage.<init>(ContactPage.java:14)
at Pages.ContactPage.<init>(ContactPage.java:14)
at Pages.ContactPage.<init>(ContactPage.java:14)
at Pages.ContactPage.<init>(ContactPage.java:14)
at Pages.ContactPage.<init>(ContactPage.java:14)
at Pages.ContactPage.<init>(ContactPage.java:14)
at Pages.ContactPage.<init>(ContactPage.java:14)
at Pages.ContactPage.<init>(ContactPage.java:14)
at Pages.ContactPage.<init>(ContactPage.java:14)
at Pages.ContactPage.<init>(ContactPage.java:14)
at Pages.ContactPage.<init>(ContactPage.java:14)
at Pages.ContactPage.<init>(ContactPage.java:14)
at Pages.ContactPage.<init>(ContactPage.java:14)
at Pages.ContactPage.<init>(ContactPage.java:14)
at Pages.ContactPage.<init>(ContactPage.java:14)
at Pages.ContactPage.<init>(ContactPage.java:14)
at Pages.ContactPage.<init>(ContactPage.java:14)
at Pages.ContactPage.<init>(ContactPage.java:14)
at Pages.ContactPage.<init>(ContactPage.java:14)
at Pages.ContactPage.<init>(ContactPage.java:14)
at Pages.ContactPage.<init>(ContactPage.java:14)
at Pages.ContactPage.<init>(ContactPage.java:14)
at Pages.ContactPage.<init>(ContactPage.java:14)
at Pages.ContactPage.<init>(ContactPage.java:14)
at Pages.ContactPage.<init>(ContactPage.java:14)
at Pages.ContactPage.<init>(ContactPage.java:14)
at Pages.ContactPage.<init>(ContactPage.java:14)
at Pages.ContactPage.<init>(ContactPage.java:14)
at Pages.ContactPage.<init>(ContactPage.java:14)
at Pages.ContactPage.<init>(ContactPage.java:14)
at Pages.ContactPage.<init>(ContactPage.java:14)
at Pages.ContactPage.<init>(ContactPage.java:14)
at Pages.ContactPage.<init>(ContactPage.java:14)
at Pages.ContactPage.<init>(ContactPage.java:14)
at Pages.ContactPage.<init>(ContactPage.java:14)
at Pages.ContactPage.<init>(ContactPage.java:14)
at Pages.ContactPage.<init>(ContactPage.java:14)
at Pages.ContactPage.<init>(ContactPage.java:14)
at Pages.ContactPage.<init>(ContactPage.java:14)
at Pages.ContactPage.<init>(ContactPage.java:14)
at Pages.ContactPage.<init>(ContactPage.java:14)
at Pages.ContactPage.<init>(ContactPage.java:14)
at Pages.ContactPage.<init>(ContactPage.java:14)
at Pages.ContactPage.<init>(ContactPage.java:14)
at Pages.ContactPage.<init>(ContactPage.java:14)
at Pages.ContactPage.<init>(ContactPage.java:14)
at Pages.ContactPage.<init>(ContactPage.java:14)
at Pages.ContactPage.<init>(ContactPage.java:14)
at Pages.ContactPage.<init>(ContactPage.java:14)
at Pages.ContactPage.<init>(ContactPage.java:14)
at Pages.ContactPage.<init>(ContactPage.java:14)
at Pages.ContactPage.<init>(ContactPage.java:14)
at Pages.ContactPage.<init>(ContactPage.java:14)
at Pages.ContactPage.<init>(ContactPage.java:14)
at Pages.ContactPage.<init>(ContactPage.java:14)
at Pages.ContactPage.<init>(ContactPage.java:14)
at Pages.ContactPage.<init>(ContactPage.java:14)
at Pages.ContactPage.<init>(ContactPage.java:14)
at Pages.ContactPage.<init>(ContactPage.java:14)
at Pages.ContactPage.<init>(ContactPage.java:14)
at Pages.ContactPage.<init>(ContactPage.java:14)
at Pages.ContactPage.<init>(ContactPage.java:14)
at Pages.ContactPage.<init>(ContactPage.java:14)
at Pages.ContactPage.<init>(ContactPage.java:14)
at Pages.ContactPage.<init>(ContactPage.java:14)
at Pages.ContactPage.<init>(ContactPage.java:14)
at Pages.ContactPage.<init>(ContactPage.java:14)
at Pages.ContactPage.<init>(ContactPage.java:14)
at Pages.ContactPage.<init>(ContactPage.java:14)
at Pages.ContactPage.<init>(ContactPage.java:14)
at Pages.ContactPage.<init>(ContactPage.java:14)
at Pages.ContactPage.<init>(ContactPage.java:14)
at Pages.ContactPage.<init>(ContactPage.java:14)
at Pages.ContactPage.<init>(ContactPage.java:14)
at Pages.ContactPage.<init>(ContactPage.java:14)
at Pages.ContactPage.<init>(ContactPage.java:14)
at Pages.ContactPage.<init>(ContactPage.java:14)
at Pages.ContactPage.<init>(ContactPage.java:14)
at Pages.ContactPage.<init>(ContactPage.java:14)
at Pages.ContactPage.<init>(ContactPage.java:14)
at Pages.ContactPage.<init>(ContactPage.java:14)
at Pages.ContactPage.<init>(ContactPage.java:14)
at Pages.ContactPage.<init>(ContactPage.java:14)
at Pages.ContactPage.<init>(ContactPage.java:14)
at Pages.ContactPage.<init>(ContactPage.java:14)
at Pages.ContactPage.<init>(ContactPage.java:14)
at Pages.ContactPage.<init>(ContactPage.java:14)
at Pages.ContactPage.<init>(ContactPage.java:14)
at Pages.ContactPage.<init>(ContactPage.java:14)
at Pages.ContactPage.<init>(ContactPage.java:14)
at Pages.ContactPage.<init>(ContactPage.java:14)
at Pages.ContactPage.<init>(ContactPage.java:14)
at Pages.ContactPage.<init>(ContactPage.java:14)
at Pages.ContactPage.<init>(ContactPage.java:14)
at Pages.ContactPage.<init>(ContactPage.java:14)
at Pages.ContactPage.<init>(ContactPage.java:14)
at Pages.ContactPage.<init>(ContactPage.java:14)
at Pages.ContactPage.<init>(ContactPage.java:14)
at Pages.ContactPage.<init>(ContactPage.java:14)
at Pages.ContactPage.<init>(ContactPage.java:14)
at Pages.ContactPage.<init>(ContactPage.java:14)
at Pages.ContactPage.<init>(ContactPage.java:14)
at Pages.ContactPage.<init>(ContactPage.java:14)
at Pages.ContactPage.<init>(ContactPage.java:14)
at Pages.ContactPage.<init>(ContactPage.java:14)
at Pages.ContactPage.<init>(ContactPage.java:14)
at Pages.ContactPage.<init>(ContactPage.java:14)
at Pages.ContactPage.<init>(ContactPage.java:14)
at Pages.ContactPage.<init>(ContactPage.java:14)
at Pages.ContactPage.<init>(ContactPage.java:14)
at Pages.ContactPage.<init>(ContactPage.java:14)
at Pages.ContactPage.<init>(ContactPage.java:14)
at Pages.ContactPage.<init>(ContactPage.java:14)
at Pages.ContactPage.<init>(ContactPage.java:14)
at Pages.ContactPage.<init>(ContactPage.java:14)
at Pages.ContactPage.<init>(ContactPage.java:14)
at Pages.ContactPage.<init>(ContactPage.java:14)
at Pages.ContactPage.<init>(ContactPage.java:14)
at Pages.ContactPage.<init>(ContactPage.java:14)
at Pages.ContactPage.<init>(ContactPage.java:14)
at Pages.ContactPage.<init>(ContactPage.java:14)
at Pages.ContactPage.<init>(ContactPage.java:14)
at Pages.ContactPage.<init>(ContactPage.java:14)
at Pages.ContactPage.<init>(ContactPage.java:14)
at Pages.ContactPage.<init>(ContactPage.java:14)
at Pages.ContactPage.<init>(ContactPage.java:14)
at Pages.ContactPage.<init>(ContactPage.java:14)
at Pages.ContactPage.<init>(ContactPage.java:14)
at Pages.ContactPage.<init>(ContactPage.java:14)
at Pages.ContactPage.<init>(ContactPage.java:14)
at Pages.ContactPage.<init>(ContactPage.java:14)
at Pages.ContactPage.<init>(ContactPage.java:14)
at Pages.ContactPage.<init>(ContactPage.java:14)
at Pages.ContactPage.<init>(ContactPage.java:14)
at Pages.ContactPage.<init>(ContactPage.java:14)
at Pages.ContactPage.<init>(ContactPage.java:14)
at Pages.ContactPage.<init>(ContactPage.java:14)
at Pages.ContactPage.<init>(ContactPage.java:14)
at Pages.ContactPage.<init>(ContactPage.java:14)
at Pages.ContactPage.<init>(ContactPage.java:14)
at Pages.ContactPage.<init>(ContactPage.java:14)
at Pages.ContactPage.<init>(ContactPage.java:14)
at Pages.ContactPage.<init>(ContactPage.java:14)
at Pages.ContactPage.<init>(ContactPage.java:14)
at Pages.ContactPage.<init>(ContactPage.java:14)
at Pages.ContactPage.<init>(ContactPage.java:14)
at Pages.ContactPage.<init>(ContactPage.java:14)
at Pages.ContactPage.<init>(ContactPage.java:14)
at Pages.ContactPage.<init>(ContactPage.java:14)
at Pages.ContactPage.<init>(ContactPage.java:14)
at Pages.ContactPage.<init>(ContactPage.java:14)
at Pages.ContactPage.<init>(ContactPage.java:14)
at Pages.ContactPage.<init>(ContactPage.java:14)
at Pages.ContactPage.<init>(ContactPage.java:14)
at Pages.ContactPage.<init>(ContactPage.java:14)
at Pages.ContactPage.<init>(ContactPage.java:14)
at Pages.ContactPage.<init>(ContactPage.java:14)
at Pages.ContactPage.<init>(ContactPage.java:14)
at Pages.ContactPage.<init>(ContactPage.java:14)
at Pages.ContactPage.<init>(ContactPage.java:14)
at Pages.ContactPage.<init>(ContactPage.java:14)
at Pages.ContactPage.<init>(ContactPage.java:14)
at Pages.ContactPage.<init>(ContactPage.java:14)
at Pages.ContactPage.<init>(ContactPage.java:14)
at Pages.ContactPage.<init>(ContactPage.java:14)
at Pages.ContactPage.<init>(ContactPage.java:14)
at Pages.ContactPage.<init>(ContactPage.java:14)
at Pages.ContactPage.<init>(ContactPage.java:14)
at Pages.ContactPage.<init>(ContactPage.java:14)
at Pages.ContactPage.<init>(ContactPage.java:14)
at Pages.ContactPage.<init>(ContactPage.java:14)
at Pages.ContactPage.<init>(ContactPage.java:14)
at Pages.ContactPage.<init>(ContactPage.java:14)
at Pages.ContactPage.<init>(ContactPage.java:14)
at Pages.ContactPage.<init>(ContactPage.java:14)
at Pages.ContactPage.<init>(ContactPage.java:14)
at Pages.ContactPage.<init>(ContactPage.java:14)
at Pages.ContactPage.<init>(ContactPage.java:14)
at Pages.ContactPage.<init>(ContactPage.java:14)
at Pages.ContactPage.<init>(ContactPage.java:14)
at Pages.ContactPage.<init>(ContactPage.java:14)
at Pages.ContactPage.<init>(ContactPage.java:14)
at Pages.ContactPage.<init>(ContactPage.java:14)
at Pages.ContactPage.<init>(ContactPage.java:14)
at Pages.ContactPage.<init>(ContactPage.java:14)
at Pages.ContactPage.<init>(ContactPage.java:14)
at Pages.ContactPage.<init>(ContactPage.java:14)
at Pages.ContactPage.<init>(ContactPage.java:14)
at Pages.ContactPage.<init>(ContactPage.java:14)
at Pages.ContactPage.<init>(ContactPage.java:14)
at Pages.ContactPage.<init>(ContactPage.java:14)
at Pages.ContactPage.<init>(ContactPage.java:14)
at Pages.ContactPage.<init>(ContactPage.java:14)
at Pages.ContactPage.<init>(ContactPage.java:14)
at Pages.ContactPage.<init>(ContactPage.java:14)
at Pages.ContactPage.<init>(ContactPage.java:14)
at Pages.ContactPage.<init>(ContactPage.java:14)
at Pages.ContactPage.<init>(ContactPage.java:14)
at Pages.ContactPage.<init>(ContactPage.java:14)
at Pages.ContactPage.<init>(ContactPage.java:14)
at Pages.ContactPage.<init>(ContactPage.java:14)
at Pages.ContactPage.<init>(ContactPage.java:14)
at Pages.ContactPage.<init>(ContactPage.java:14)
at Pages.ContactPage.<init>(ContactPage.java:14)
at Pages.ContactPage.<init>(ContactPage.java:14)
at Pages.ContactPage.<init>(ContactPage.java:14)
at Pages.ContactPage.<init>(ContactPage.java:14)
at Pages.ContactPage.<init>(ContactPage.java:14)
at Pages.ContactPage.<init>(ContactPage.java:14)
at Pages.ContactPage.<init>(ContactPage.java:14)
at Pages.ContactPage.<init>(ContactPage.java:14)
at Pages.ContactPage.<init>(ContactPage.java:14)
at Pages.ContactPage.<init>(ContactPage.java:14)
at Pages.ContactPage.<init>(ContactPage.java:14)
at Pages.ContactPage.<init>(ContactPage.java:14)
at Pages.ContactPage.<init>(ContactPage.java:14)
at Pages.ContactPage.<init>(ContactPage.java:14)
at Pages.ContactPage.<init>(ContactPage.java:14)
at Pages.ContactPage.<init>(ContactPage.java:14)
at Pages.ContactPage.<init>(ContactPage.java:14)
at Pages.ContactPage.<init>(ContactPage.java:14)
at Pages.ContactPage.<init>(ContactPage.java:14)
at Pages.ContactPage.<init>(ContactPage.java:14)
at Pages.ContactPage.<init>(ContactPage.java:14)
at Pages.ContactPage.<init>(ContactPage.java:14)
at Pages.ContactPage.<init>(ContactPage.java:14)
at Pages.ContactPage.<init>(ContactPage.java:14)
at Pages.ContactPage.<init>(ContactPage.java:14)
at Pages.ContactPage.<init>(ContactPage.java:14)
at Pages.ContactPage.<init>(ContactPage.java:14)
at Pages.ContactPage.<init>(ContactPage.java:14)
at Pages.ContactPage.<init>(ContactPage.java:14)
at Pages.ContactPage.<init>(ContactPage.java:14)
at Pages.ContactPage.<init>(ContactPage.java:14)
at Pages.ContactPage.<init>(ContactPage.java:14)
at Pages.ContactPage.<init>(ContactPage.java:14)
at Pages.ContactPage.<init>(ContactPage.java:14)
at Pages.ContactPage.<init>(ContactPage.java:14)
at Pages.ContactPage.<init>(ContactPage.java:14)
at Pages.ContactPage.<init>(ContactPage.java:14)
at Pages.ContactPage.<init>(ContactPage.java:14)
at Pages.ContactPage.<init>(ContactPage.java:14)
at Pages.ContactPage.<init>(ContactPage.java:14)
at Pages.ContactPage.<init>(ContactPage.java:14)
at Pages.ContactPage.<init>(ContactPage.java:14)
at Pages.ContactPage.<init>(ContactPage.java:14)
at Pages.ContactPage.<init>(ContactPage.java:14)
at Pages.ContactPage.<init>(ContactPage.java:14)
at Pages.ContactPage.<init>(ContactPage.java:14)
at Pages.ContactPage.<init>(ContactPage.java:14)
at Pages.ContactPage.<init>(ContactPage.java:14)
at Pages.ContactPage.<init>(ContactPage.java:14)
at Pages.ContactPage.<init>(ContactPage.java:14)
at Pages.ContactPage.<init>(ContactPage.java:14)
at Pages.ContactPage.<init>(ContactPage.java:14)
at Pages.ContactPage.<init>(ContactPage.java:14)
at Pages.ContactPage.<init>(ContactPage.java:14)
at Pages.ContactPage.<init>(ContactPage.java:14)
at Pages.ContactPage.<init>(ContactPage.java:14)
at Pages.ContactPage.<init>(ContactPage.java:14)
at Pages.ContactPage.<init>(ContactPage.java:14)
at Pages.ContactPage.<init>(ContactPage.java:14)
at Pages.ContactPage.<init>(ContactPage.java:14)
at Pages.ContactPage.<init>(ContactPage.java:14)
at Pages.ContactPage.<init>(ContactPage.java:14)
at Pages.ContactPage.<init>(ContactPage.java:14)
at Pages.ContactPage.<init>(ContactPage.java:14)
at Pages.ContactPage.<init>(ContactPage.java:14)
at Pages.ContactPage.<init>(ContactPage.java:14)
at Pages.ContactPage.<init>(ContactPage.java:14)
at Pages.ContactPage.<init>(ContactPage.java:14)
at Pages.ContactPage.<init>(ContactPage.java:14)
at Pages.ContactPage.<init>(ContactPage.java:14)
at Pages.ContactPage.<init>(ContactPage.java:14)
at Pages.ContactPage.<init>(ContactPage.java:14)
at Pages.ContactPage.<init>(ContactPage.java:14)
at Pages.ContactPage.<init>(ContactPage.java:14)
at Pages.ContactPage.<init>(ContactPage.java:14)
at Pages.ContactPage.<init>(ContactPage.java:14)
at Pages.ContactPage.<init>(ContactPage.java:14)
at Pages.ContactPage.<init>(ContactPage.java:14)
at Pages.ContactPage.<init>(ContactPage.java:14)
at Pages.ContactPage.<init>(ContactPage.java:14)
at Pages.ContactPage.<init>(ContactPage.java:14)
at Pages.ContactPage.<init>(ContactPage.java:14)
at Pages.ContactPage.<init>(ContactPage.java:14)
at Pages.ContactPage.<init>(ContactPage.java:14)
at Pages.ContactPage.<init>(ContactPage.java:14)
at Pages.ContactPage.<init>(ContactPage.java:14)
at Pages.ContactPage.<init>(ContactPage.java:14)
at Pages.ContactPage.<init>(ContactPage.java:14)
at Pages.ContactPage.<init>(ContactPage.java:14)
at Pages.ContactPage.<init>(ContactPage.java:14)
at Pages.ContactPage.<init>(ContactPage.java:14)
at Pages.ContactPage.<init>(ContactPage.java:14)
at Pages.ContactPage.<init>(ContactPage.java:14)
at Pages.ContactPage.<init>(ContactPage.java:14)
at Pages.ContactPage.<init>(ContactPage.java:14)
at Pages.ContactPage.<init>(ContactPage.java:14)
at Pages.ContactPage.<init>(ContactPage.java:14)
at Pages.ContactPage.<init>(ContactPage.java:14)
at Pages.ContactPage.<init>(ContactPage.java:14)
at Pages.ContactPage.<init>(ContactPage.java:14)
at Pages.ContactPage.<init>(ContactPage.java:14)
at Pages.ContactPage.<init>(ContactPage.java:14)
at Pages.ContactPage.<init>(ContactPage.java:14)
at Pages.ContactPage.<init>(ContactPage.java:14)
at Pages.ContactPage.<init>(ContactPage.java:14)
at Pages.ContactPage.<init>(ContactPage.java:14)
at Pages.ContactPage.<init>(ContactPage.java:14)
at Pages.ContactPage.<init>(ContactPage.java:14)
at Pages.ContactPage.<init>(ContactPage.java:14)
at Pages.ContactPage.<init>(ContactPage.java:14)
at Pages.ContactPage.<init>(ContactPage.java:14)
at Pages.ContactPage.<init>(ContactPage.java:14)
at Pages.ContactPage.<init>(ContactPage.java:14)
at Pages.ContactPage.<init>(ContactPage.java:14)
at Pages.ContactPage.<init>(ContactPage.java:14)
at Pages.ContactPage.<init>(ContactPage.java:14)
at Pages.ContactPage.<init>(ContactPage.java:14)
at Pages.ContactPage.<init>(ContactPage.java:14)
at Pages.ContactPage.<init>(ContactPage.java:14)
at Pages.ContactPage.<init>(ContactPage.java:14)
at Pages.ContactPage.<init>(ContactPage.java:14)
at Pages.ContactPage.<init>(ContactPage.java:14)
at Pages.ContactPage.<init>(ContactPage.java:14)
at Pages.ContactPage.<init>(ContactPage.java:14)
at Pages.ContactPage.<init>(ContactPage.java:14)
at Pages.ContactPage.<init>(ContactPage.java:14)
at Pages.ContactPage.<init>(ContactPage.java:14)
at Pages.ContactPage.<init>(ContactPage.java:14)
at Pages.ContactPage.<init>(ContactPage.java:14)
at Pages.ContactPage.<init>(ContactPage.java:14)
at Pages.ContactPage.<init>(ContactPage.java:14)
at Pages.ContactPage.<init>(ContactPage.java:14)
at Pages.ContactPage.<init>(ContactPage.java:14)
at Pages.ContactPage.<init>(ContactPage.java:14)
at Pages.ContactPage.<init>(ContactPage.java:14)
at Pages.ContactPage.<init>(ContactPage.java:14)
at Pages.ContactPage.<init>(ContactPage.java:14)
at Pages.ContactPage.<init>(ContactPage.java:14)
at Pages.ContactPage.<init>(ContactPage.java:14)
at Pages.ContactPage.<init>(ContactPage.java:14)
at Pages.ContactPage.<init>(ContactPage.java:14)
at Pages.ContactPage.<init>(ContactPage.java:14)
at Pages.ContactPage.<init>(ContactPage.java:14)
at Pages.ContactPage.<init>(ContactPage.java:14)
at Pages.ContactPage.<init>(ContactPage.java:14)
at Pages.ContactPage.<init>(ContactPage.java:14)
at Pages.ContactPage.<init>(ContactPage.java:14)
at Pages.ContactPage.<init>(ContactPage.java:14)
at Pages.ContactPage.<init>(ContactPage.java:14)
at Pages.ContactPage.<init>(ContactPage.java:14)
at Pages.ContactPage.<init>(ContactPage.java:14)
at Pages.ContactPage.<init>(ContactPage.java:14)
at Pages.ContactPage.<init>(ContactPage.java:14)
at Pages.ContactPage.<init>(ContactPage.java:14)
at Pages.ContactPage.<init>(ContactPage.java:14)
at Pages.ContactPage.<init>(ContactPage.java:14)
at Pages.ContactPage.<init>(ContactPage.java:14)
at Pages.ContactPage.<init>(ContactPage.java:14)
at Pages.ContactPage.<init>(ContactPage.java:14)
at Pages.ContactPage.<init>(ContactPage.java:14)
at Pages.ContactPage.<init>(ContactPage.java:14)
at Pages.ContactPage.<init>(ContactPage.java:14)
at Pages.ContactPage.<init>(ContactPage.java:14)
at Pages.ContactPage.<init>(ContactPage.java:14)
at Pages.ContactPage.<init>(ContactPage.java:14)
at Pages.ContactPage.<init>(ContactPage.java:14)
at Pages.ContactPage.<init>(ContactPage.java:14)
at Pages.ContactPage.<init>(ContactPage.java:14)
at Pages.ContactPage.<init>(ContactPage.java:14)
at Pages.ContactPage.<init>(ContactPage.java:14)
at Pages.ContactPage.<init>(ContactPage.java:14)
at Pages.ContactPage.<init>(ContactPage.java:14)
at Pages.ContactPage.<init>(ContactPage.java:14)
at Pages.ContactPage.<init>(ContactPage.java:14)
at Pages.ContactPage.<init>(ContactPage.java:14)
at Pages.ContactPage.<init>(ContactPage.java:14)
at Pages.ContactPage.<init>(ContactPage.java:14)
at Pages.ContactPage.<init>(ContactPage.java:14)
at Pages.ContactPage.<init>(ContactPage.java:14)
at Pages.ContactPage.<init>(ContactPage.java:14)
at Pages.ContactPage.<init>(ContactPage.java:14)
at Pages.ContactPage.<init>(ContactPage.java:14)
at Pages.ContactPage.<init>(ContactPage.java:14)
at Pages.ContactPage.<init>(ContactPage.java:14)
at Pages.ContactPage.<init>(ContactPage.java:14)
at Pages.ContactPage.<init>(ContactPage.java:14)
at Pages.ContactPage.<init>(ContactPage.java:14)
at Pages.ContactPage.<init>(ContactPage.java:14)
at Pages.ContactPage.<init>(ContactPage.java:14)
at Pages.ContactPage.<init>(ContactPage.java:14)
at Pages.ContactPage.<init>(ContactPage.java:14)
at Pages.ContactPage.<init>(ContactPage.java:14)
at Pages.ContactPage.<init>(ContactPage.java:14)
at Pages.ContactPage.<init>(ContactPage.java:14)
at Pages.ContactPage.<init>(ContactPage.java:14)
at Pages.ContactPage.<init>(ContactPage.java:14)
at Pages.ContactPage.<init>(ContactPage.java:14)
at Pages.ContactPage.<init>(ContactPage.java:14)
at Pages.ContactPage.<init>(ContactPage.java:14)
at Pages.ContactPage.<init>(ContactPage.java:14)
at Pages.ContactPage.<init>(ContactPage.java:14)
at Pages.ContactPage.<init>(ContactPage.java:14)
at Pages.ContactPage.<init>(ContactPage.java:14)
at Pages.ContactPage.<init>(ContactPage.java:14)
at Pages.ContactPage.<init>(ContactPage.java:14)
at Pages.ContactPage.<init>(ContactPage.java:14)
at Pages.ContactPage.<init>(ContactPage.java:14)
at Pages.ContactPage.<init>(ContactPage.java:14)
at Pages.ContactPage.<init>(ContactPage.java:14)
at Pages.ContactPage.<init>(ContactPage.java:14)
at Pages.ContactPage.<init>(ContactPage.java:14)
at Pages.ContactPage.<init>(ContactPage.java:14)
at Pages.ContactPage.<init>(ContactPage.java:14)
at Pages.ContactPage.<init>(ContactPage.java:14)
at Pages.ContactPage.<init>(ContactPage.java:14)
at Pages.ContactPage.<init>(ContactPage.java:14)
at Pages.ContactPage.<init>(ContactPage.java:14)
at Pages.ContactPage.<init>(ContactPage.java:14)
at Pages.ContactPage.<init>(ContactPage.java:14)
at Pages.ContactPage.<init>(ContactPage.java:14)
at Pages.ContactPage.<init>(ContactPage.java:14)
at Pages.ContactPage.<init>(ContactPage.java:14)
at Pages.ContactPage.<init>(ContactPage.java:14)
at Pages.ContactPage.<init>(ContactPage.java:14)
at Pages.ContactPage.<init>(ContactPage.java:14)
at Pages.ContactPage.<init>(ContactPage.java:14)
at Pages.ContactPage.<init>(ContactPage.java:14)
at Pages.ContactPage.<init>(ContactPage.java:14)
at Pages.ContactPage.<init>(ContactPage.java:14)
at Pages.ContactPage.<init>(ContactPage.java:14)
at Pages.ContactPage.<init>(ContactPage.java:14)
at Pages.ContactPage.<init>(ContactPage.java:14)
at Pages.ContactPage.<init>(ContactPage.java:14)
at Pages.ContactPage.<init>(ContactPage.java:14)
at Pages.ContactPage.<init>(ContactPage.java:14)
at Pages.ContactPage.<init>(ContactPage.java:14)
at Pages.ContactPage.<init>(ContactPage.java:14)
at Pages.ContactPage.<init>(ContactPage.java:14)
at Pages.ContactPage.<init>(ContactPage.java:14)
at Pages.ContactPage.<init>(ContactPage.java:14)
at Pages.ContactPage.<init>(ContactPage.java:14)
at Pages.ContactPage.<init>(ContactPage.java:14)
at Pages.ContactPage.<init>(ContactPage.java:14)
at Pages.ContactPage.<init>(ContactPage.java:14)
at Pages.ContactPage.<init>(ContactPage.java:14)
at Pages.ContactPage.<init>(ContactPage.java:14)
at Pages.ContactPage.<init>(ContactPage.java:14)
at Pages.ContactPage.<init>(ContactPage.java:14)
at Pages.ContactPage.<init>(ContactPage.java:14)
at Pages.ContactPage.<init>(ContactPage.java:14)
at Pages.ContactPage.<init>(ContactPage.java:14)
at Pages.ContactPage.<init>(ContactPage.java:14)
at Pages.ContactPage.<init>(ContactPage.java:14)
at Pages.ContactPage.<init>(ContactPage.java:14)
at Pages.ContactPage.<init>(ContactPage.java:14)
at Pages.ContactPage.<init>(ContactPage.java:14)
at Pages.ContactPage.<init>(ContactPage.java:14)
at Pages.ContactPage.<init>(ContactPage.java:14)
at Pages.ContactPage.<init>(ContactPage.java:14)
at Pages.ContactPage.<init>(ContactPage.java:14)
at Pages.ContactPage.<init>(ContactPage.java:14)
at Pages.ContactPage.<init>(ContactPage.java:14)
at Pages.ContactPage.<init>(ContactPage.java:14)
at Pages.ContactPage.<init>(ContactPage.java:14)
at Pages.ContactPage.<init>(ContactPage.java:14)
at Pages.ContactPage.<init>(ContactPage.java:14)
at Pages.ContactPage.<init>(ContactPage.java:14)
at Pages.ContactPage.<init>(ContactPage.java:14)
at Pages.ContactPage.<init>(ContactPage.java:14)
at Pages.ContactPage.<init>(ContactPage.java:14)
at Pages.ContactPage.<init>(ContactPage.java:14)
at Pages.ContactPage.<init>(ContactPage.java:14)
at Pages.ContactPage.<init>(ContactPage.java:14)
at Pages.ContactPage.<init>(ContactPage.java:14)
at Pages.ContactPage.<init>(ContactPage.java:14)
at Pages.ContactPage.<init>(ContactPage.java:14)
at Pages.ContactPage.<init>(ContactPage.java:14)
at Pages.ContactPage.<init>(ContactPage.java:14)
at Pages.ContactPage.<init>(ContactPage.java:14)
at Pages.ContactPage.<init>(ContactPage.java:14)
at Pages.ContactPage.<init>(ContactPage.java:14)
at Pages.ContactPage.<init>(ContactPage.java:14)
at Pages.ContactPage.<init>(ContactPage.java:14)
at Pages.ContactPage.<init>(ContactPage.java:14)
at Pages.ContactPage.<init>(ContactPage.java:14)
at Pages.ContactPage.<init>(ContactPage.java:14)
at Pages.ContactPage.<init>(ContactPage.java:14)
at Pages.ContactPage.<init>(ContactPage.java:14)
at Pages.ContactPage.<init>(ContactPage.java:14)
at Pages.ContactPage.<init>(ContactPage.java:14)
at Pages.ContactPage.<init>(ContactPage.java:14)
at Pages.ContactPage.<init>(ContactPage.java:14)
at Pages.ContactPage.<init>(ContactPage.java:14)
at Pages.ContactPage.<init>(ContactPage.java:14)
at Pages.ContactPage.<init>(ContactPage.java:14)
at Pages.ContactPage.<init>(ContactPage.java:14)
at Pages.ContactPage.<init>(ContactPage.java:14)
at Pages.ContactPage.<init>(ContactPage.java:14)
at Pages.ContactPage.<init>(ContactPage.java:14)
at Pages.ContactPage.<init>(ContactPage.java:14)
at Pages.ContactPage.<init>(ContactPage.java:14)
at Pages.ContactPage.<init>(ContactPage.java:14)
at Pages.ContactPage.<init>(ContactPage.java:14)
at Pages.ContactPage.<init>(ContactPage.java:14)
at Pages.ContactPage.<init>(ContactPage.java:14)
at Pages.ContactPage.<init>(ContactPage.java:14)
at Pages.ContactPage.<init>(ContactPage.java:14)
at Pages.ContactPage.<init>(ContactPage.java:14)
at Pages.ContactPage.<init>(ContactPage.java:14)
at Pages.ContactPage.<init>(ContactPage.java:14)
at Pages.ContactPage.<init>(ContactPage.java:14)
at Pages.ContactPage.<init>(ContactPage.java:14)
at Pages.ContactPage.<init>(ContactPage.java:14)
at Pages.ContactPage.<init>(ContactPage.java:14)
at Pages.ContactPage.<init>(ContactPage.java:14)
at Pages.ContactPage.<init>(ContactPage.java:14)
at Pages.ContactPage.<init>(ContactPage.java:14)
at Pages.ContactPage.<init>(ContactPage.java:14)
at Pages.ContactPage.<init>(ContactPage.java:14)
at Pages.ContactPage.<init>(ContactPage.java:14)
at Pages.ContactPage.<init>(ContactPage.java:14)
at Pages.ContactPage.<init>(ContactPage.java:14)
at Pages.ContactPage.<init>(ContactPage.java:14)
at Pages.ContactPage.<init>(ContactPage.java:14)
at Pages.ContactPage.<init>(ContactPage.java:14)
at Pages.ContactPage.<init>(ContactPage.java:14)
at Pages.ContactPage.<init>(ContactPage.java:14)
at Pages.ContactPage.<init>(ContactPage.java:14)
at Pages.ContactPage.<init>(ContactPage.java:14)
at Pages.ContactPage.<init>(ContactPage.java:14)
at Pages.ContactPage.<init>(ContactPage.java:14)
at Pages.ContactPage.<init>(ContactPage.java:14)
at Pages.ContactPage.<init>(ContactPage.java:14)
at Pages.ContactPage.<init>(ContactPage.java:14)
at Pages.ContactPage.<init>(ContactPage.java:14)
at Pages.ContactPage.<init>(ContactPage.java:14)
at Pages.ContactPage.<init>(ContactPage.java:14)
at Pages.ContactPage.<init>(ContactPage.java:14)
at Pages.ContactPage.<init>(ContactPage.java:14)
at Pages.ContactPage.<init>(ContactPage.java:14)
at Pages.ContactPage.<init>(ContactPage.java:14)
at Pages.ContactPage.<init>(ContactPage.java:14)
at Pages.ContactPage.<init>(ContactPage.java:14)
at Pages.ContactPage.<init>(ContactPage.java:14)
at Pages.ContactPage.<init>(ContactPage.java:14)
at Pages.ContactPage.<init>(ContactPage.java:14)
at Pages.ContactPage.<init>(ContactPage.java:14)
at Pages.ContactPage.<init>(ContactPage.java:14)
at Pages.ContactPage.<init>(ContactPage.java:14)
at Pages.ContactPage.<init>(ContactPage.java:14)
at Pages.ContactPage.<init>(ContactPage.java:14)
at Pages.ContactPage.<init>(ContactPage.java:14)
at Pages.ContactPage.<init>(ContactPage.java:14)
at Pages.ContactPage.<init>(ContactPage.java:14)
at Pages.ContactPage.<init>(ContactPage.java:14)
at Pages.ContactPage.<init>(ContactPage.java:14)
at Pages.ContactPage.<init>(ContactPage.java:14)
at Pages.ContactPage.<init>(ContactPage.java:14)
at Pages.ContactPage.<init>(ContactPage.java:14)
at Pages.ContactPage.<init>(ContactPage.java:14)
at Pages.ContactPage.<init>(ContactPage.java:14)
at Pages.ContactPage.<init>(ContactPage.java:14)
at Pages.ContactPage.<init>(ContactPage.java:14)
at Pages.ContactPage.<init>(ContactPage.java:14)
at Pages.ContactPage.<init>(ContactPage.java:14)
at Pages.ContactPage.<init>(ContactPage.java:14)
at Pages.ContactPage.<init>(ContactPage.java:14)
at Pages.ContactPage.<init>(ContactPage.java:14)
at Pages.ContactPage.<init>(ContactPage.java:14)
at Pages.ContactPage.<init>(ContactPage.java:14)
at Pages.ContactPage.<init>(ContactPage.java:14)
at Pages.ContactPage.<init>(ContactPage.java:14)
at Pages.ContactPage.<init>(ContactPage.java:14)
at Pages.ContactPage.<init>(ContactPage.java:14)
at Pages.ContactPage.<init>(ContactPage.java:14)
at Pages.ContactPage.<init>(ContactPage.java:14)
at Pages.ContactPage.<init>(ContactPage.java:14)
at Pages.ContactPage.<init>(ContactPage.java:14)
at Pages.ContactPage.<init>(ContactPage.java:14)
at Pages.ContactPage.<init>(ContactPage.java:14)
at Pages.ContactPage.<init>(ContactPage.java:14)
at Pages.ContactPage.<init>(ContactPage.java:14)
at Pages.ContactPage.<init>(ContactPage.java:14)
at Pages.ContactPage.<init>(ContactPage.java:14)
at Pages.ContactPage.<init>(ContactPage.java:14)
at Pages.ContactPage.<init>(ContactPage.java:14)
at Pages.ContactPage.<init>(ContactPage.java:14)
at Pages.ContactPage.<init>(ContactPage.java:14)
at Pages.ContactPage.<init>(ContactPage.java:14)
at Pages.ContactPage.<init>(ContactPage.java:14)
at Pages.ContactPage.<init>(ContactPage.java:14)
at Pages.ContactPage.<init>(ContactPage.java:14)
at Pages.ContactPage.<init>(ContactPage.java:14)
at Pages.ContactPage.<init>(ContactPage.java:14)
at Pages.ContactPage.<init>(ContactPage.java:14)
at Pages.ContactPage.<init>(ContactPage.java:14)
at Pages.ContactPage.<init>(ContactPage.java:14)
at Pages.ContactPage.<init>(ContactPage.java:14)
at Pages.ContactPage.<init>(ContactPage.java:14)
at Pages.ContactPage.<init>(ContactPage.java:14)
at Pages.ContactPage.<init>(ContactPage.java:14)
at Pages.ContactPage.<init>(ContactPage.java:14)
at Pages.ContactPage.<init>(ContactPage.java:14)
at Pages.ContactPage.<init>(ContactPage.java:14)
at Pages.ContactPage.<init>(ContactPage.java:14)
at Pages.ContactPage.<init>(ContactPage.java:14)
at Pages.ContactPage.<init>(ContactPage.java:14)
at Pages.ContactPage.<init>(ContactPage.java:14)
at Pages.ContactPage.<init>(ContactPage.java:14)
at Pages.ContactPage.<init>(ContactPage.java:14)
at Pages.ContactPage.<init>(ContactPage.java:14)
at Pages.ContactPage.<init>(ContactPage.java:14)
at Pages.ContactPage.<init>(ContactPage.java:14)
at Pages.ContactPage.<init>(ContactPage.java:14)
at Pages.ContactPage.<init>(ContactPage.java:14)
at Pages.ContactPage.<init>(ContactPage.java:14)
at Pages.ContactPage.<init>(ContactPage.java:14)
at Pages.ContactPage.<init>(ContactPage.java:14)
at Pages.ContactPage.<init>(ContactPage.java:14)
at Pages.ContactPage.<init>(ContactPage.java:14)
at Pages.ContactPage.<init>(ContactPage.java:14)
at Pages.ContactPage.<init>(ContactPage.java:14)
at Pages.ContactPage.<init>(ContactPage.java:14)
at Pages.ContactPage.<init>(ContactPage.java:14)
at Pages.ContactPage.<init>(ContactPage.java:14)
at Pages.ContactPage.<init>(ContactPage.java:14)
at Pages.ContactPage.<init>(ContactPage.java:14)
at Pages.ContactPage.<init>(ContactPage.java:14)
at Pages.ContactPage.<init>(ContactPage.java:14)
at Pages.ContactPage.<init>(ContactPage.java:14)
at Pages.ContactPage.<init>(ContactPage.java:14)
at Pages.ContactPage.<init>(ContactPage.java:14)
at Pages.ContactPage.<init>(ContactPage.java:14)
at Pages.ContactPage.<init>(ContactPage.java:14)
at Pages.ContactPage.<init>(ContactPage.java:14)
at Pages.ContactPage.<init>(ContactPage.java:14)
at Pages.ContactPage.<init>(ContactPage.java:14)
at Pages.ContactPage.<init>(ContactPage.java:14)
at Pages.ContactPage.<init>(ContactPage.java:14)
at Pages.ContactPage.<init>(ContactPage.java:14)
at Pages.ContactPage.<init>(ContactPage.java:14)
at Pages.ContactPage.<init>(ContactPage.java:14)
at Pages.ContactPage.<init>(ContactPage.java:14)
at Pages.ContactPage.<init>(ContactPage.java:14)
at Pages.ContactPage.<init>(ContactPage.java:14)
at Pages.ContactPage.<init>(ContactPage.java:14)
at Pages.ContactPage.<init>(ContactPage.java:14)
at Pages.ContactPage.<init>(ContactPage.java:14)
at Pages.ContactPage.<init>(ContactPage.java:14)
at Pages.ContactPage.<init>(ContactPage.java:14)
at Pages.ContactPage.<init>(ContactPage.java:14)
at Pages.ContactPage.<init>(ContactPage.java:14)
at Pages.ContactPage.<init>(ContactPage.java:14)
at Pages.ContactPage.<init>(ContactPage.java:14)
at Pages.ContactPage.<init>(ContactPage.java:14)
at Pages.ContactPage.<init>(ContactPage.java:14)
at Pages.ContactPage.<init>(ContactPage.java:14)
at Pages.ContactPage.<init>(ContactPage.java:14)
at Pages.ContactPage.<init>(ContactPage.java:14)
at Pages.ContactPage.<init>(ContactPage.java:14)
at Pages.ContactPage.<init>(ContactPage.java:14)
at Pages.ContactPage.<init>(ContactPage.java:14)
at Pages.ContactPage.<init>(ContactPage.java:14)
at Pages.ContactPage.<init>(ContactPage.java:14)
at Pages.ContactPage.<init>(ContactPage.java:14)
at Pages.ContactPage.<init>(ContactPage.java:14)
at Pages.ContactPage.<init>(ContactPage.java:14)
at Pages.ContactPage.<init>(ContactPage.java:14)
at Pages.ContactPage.<init>(ContactPage.java:14)
at Pages.ContactPage.<init>(ContactPage.java:14)
at Pages.ContactPage.<init>(ContactPage.java:14)
at Pages.ContactPage.<init>(ContactPage.java:14)
at Pages.ContactPage.<init>(ContactPage.java:14)
at Pages.ContactPage.<init>(ContactPage.java:14)
at Pages.ContactPage.<init>(ContactPage.java:14)
at Pages.ContactPage.<init>(ContactPage.java:14)
at Pages.ContactPage.<init>(ContactPage.java:14)
at Pages.ContactPage.<init>(ContactPage.java:14)
at Pages.ContactPage.<init>(ContactPage.java:14)
at Pages.ContactPage.<init>(ContactPage.java:14)
at Pages.ContactPage.<init>(ContactPage.java:14)
at Pages.ContactPage.<init>(ContactPage.java:14)
at Pages.ContactPage.<init>(ContactPage.java:14)
at Pages.ContactPage.<init>(ContactPage.java:14)
at Pages.ContactPage.<init>(ContactPage.java:14)
at Pages.ContactPage.<init>(ContactPage.java:14)
at Pages.ContactPage.<init>(ContactPage.java:14)
at Pages.ContactPage.<init>(ContactPage.java:14)
at Pages.ContactPage.<init>(ContactPage.java:14)
at Pages.ContactPage.<init>(ContactPage.java:14)
at Pages.ContactPage.<init>(ContactPage.java:14)
at Pages.ContactPage.<init>(ContactPage.java:14)
at Pages.ContactPage.<init>(ContactPage.java:14)
at Pages.ContactPage.<init>(ContactPage.java:14)
at Pages.ContactPage.<init>(ContactPage.java:14)
at Pages.ContactPage.<init>(ContactPage.java:14)
at Pages.ContactPage.<init>(ContactPage.java:14)
at Pages.ContactPage.<init>(ContactPage.java:14)
at Pages.ContactPage.<init>(ContactPage.java:14)
at Pages.ContactPage.<init>(ContactPage.java:14)
at Pages.ContactPage.<init>(ContactPage.java:14)
at Pages.ContactPage.<init>(ContactPage.java:14)
at Pages.ContactPage.<init>(ContactPage.java:14)
at Pages.ContactPage.<init>(ContactPage.java:14)
at Pages.ContactPage.<init>(ContactPage.java:14)
at Pages.ContactPage.<init>(ContactPage.java:14)
at Pages.ContactPage.<init>(ContactPage.java:14)
at Pages.ContactPage.<init>(ContactPage.java:14)
at Pages.ContactPage.<init>(ContactPage.java:14)
at Pages.ContactPage.<init>(ContactPage.java:14)
at Pages.ContactPage.<init>(ContactPage.java:14)
at Pages.ContactPage.<init>(ContactPage.java:14)
at Pages.ContactPage.<init>(ContactPage.java:14)
at Pages.ContactPage.<init>(ContactPage.java:14)
at Pages.ContactPage.<init>(ContactPage.java:14)
at Pages.ContactPage.<init>(ContactPage.java:14)
at Pages.ContactPage.<init>(ContactPage.java:14)
at Pages.ContactPage.<init>(ContactPage.java:14)
at Pages.ContactPage.<init>(ContactPage.java:14)
at Pages.ContactPage.<init>(ContactPage.java:14)
at Pages.ContactPage.<init>(ContactPage.java:14)
at Pages.ContactPage.<init>(ContactPage.java:14)
]]>
    </error>
  </testcase> <!-- fillalldetails -->
  <system-out/>
</testsuite> <!-- Testcases.New_ContactTest -->
