<?xml version="1.0" encoding="UTF-8"?>
<!-- Generated by org.testng.reporters.JUnitReportReporter -->
<testsuite hostname="DESKTOP-TTB3E54" failures="0" tests="3" name="Testcases.HomePageTest" time="47.648" errors="0" timestamp="2021-07-27T23:37:56 EDT" skipped="0">
  <testcase classname="Testcases.HomePageTest" name="ValidatedressesLink" time="16.611"/>
  <system-out/>
  <testcase classname="Testcases.HomePageTest" name="Validate_tshirtsLink" time="15.282"/>
  <system-out/>
  <testcase classname="Testcases.HomePageTest" name="Validatewomenlink" time="15.755"/>
  <system-out/>
</testsuite> <!-- Testcases.HomePageTest -->
