<?xml version="1.0" encoding="UTF-8"?>
<!-- Generated by org.testng.reporters.JUnitReportReporter -->
<testsuite hostname="DESKTOP-TTB3E54" failures="0" tests="2" name="Testcases.New_ContactTest" time="43.938" errors="0" timestamp="2021-07-27T02:18:44 EDT" skipped="0">
  <testcase classname="Testcases.New_ContactTest" name="verifyincompletedetails" time="22.009"/>
  <system-out/>
  <testcase classname="Testcases.New_ContactTest" name="fillalldetails" time="21.929"/>
  <system-out/>
</testsuite> <!-- Testcases.New_ContactTest -->
