<?xml version="1.0" encoding="UTF-8"?>
<!-- Generated by org.testng.reporters.JUnitReportReporter -->
<testsuite hostname="DESKTOP-TTB3E54" failures="0" tests="3" name="Testcases.HomePageTest" time="130.195" errors="0" timestamp="2021-10-19T10:37:02 EDT" skipped="0">
  <testcase classname="Testcases.HomePageTest" name="ValidatedressesLink" time="91.555"/>
  <system-out/>
  <testcase classname="Testcases.HomePageTest" name="Validatewomenlink" time="23.350"/>
  <system-out/>
  <testcase classname="Testcases.HomePageTest" name="Validate_tshirtsLink" time="15.290"/>
  <system-out/>
</testsuite> <!-- Testcases.HomePageTest -->
