<?xml version="1.0" encoding="UTF-8"?>
<!-- Generated by org.testng.reporters.JUnitReportReporter -->
<testsuite hostname="DESKTOP-TTB3E54" failures="0" tests="3" name="Testcases.HomePageTest" time="117.680" errors="0" timestamp="2021-07-27T02:18:44 EDT" skipped="0">
  <testcase classname="Testcases.HomePageTest" name="Validate_tshirtsLink" time="13.375"/>
  <system-out/>
  <testcase classname="Testcases.HomePageTest" name="ValidatedressesLink" time="15.110"/>
  <system-out/>
  <testcase classname="Testcases.HomePageTest" name="Validatewomenlink" time="89.195"/>
  <system-out/>
</testsuite> <!-- Testcases.HomePageTest -->
