<?xml version="1.0" encoding="UTF-8"?>
<!-- Generated by org.testng.reporters.JUnitReportReporter -->
<testsuite hostname="DESKTOP-TTB3E54" failures="0" tests="1" name="Testcases.Tests" time="14.577" errors="0" timestamp="2021-07-25T18:01:22 EDT" skipped="0">
  <testcase classname="Testcases.Tests" name="login" time="14.577"/>
  <system-out/>
</testsuite> <!-- Testcases.Tests -->
