<?xml version="1.0" encoding="UTF-8"?>
<!-- Generated by org.testng.reporters.JUnitReportReporter -->
<testsuite hostname="DESKTOP-TTB3E54" failures="0" tests="1" name="Testcases.New_ContactTest" time="0.000" errors="0" timestamp="2021-07-27T17:49:10 EDT" skipped="1">
  <testcase classname="Testcases.New_ContactTest" name="fillalldetails" time="0.000">
    <skipped/>
  </testcase> <!-- fillalldetails -->
  <system-out/>
</testsuite> <!-- Testcases.New_ContactTest -->
