<?xml version="1.0" encoding="UTF-8"?>
<!-- Generated by org.testng.reporters.JUnitReportReporter -->
<testsuite hostname="DESKTOP-TTB3E54" failures="0" tests="3" name="Testcases.NewTest" time="55.610" errors="0" timestamp="2021-07-27T02:18:44 EDT" skipped="0">
  <testcase classname="Testcases.NewTest" name="Validate_wrongemail" time="18.076"/>
  <system-out/>
  <testcase classname="Testcases.NewTest" name="login" time="21.220"/>
  <system-out/>
  <testcase classname="Testcases.NewTest" name="filldetails" time="16.314"/>
  <system-out/>
</testsuite> <!-- Testcases.NewTest -->
