<?xml version="1.0" encoding="UTF-8"?>
<!-- Generated by org.testng.reporters.JUnitReportReporter -->
<testsuite hostname="DESKTOP-TTB3E54" failures="0" tests="1" name="Testcases.NewTest" time="15.531" errors="0" timestamp="2021-07-25T18:34:22 EDT" skipped="0">
  <testcase classname="Testcases.NewTest" name="login" time="15.531"/>
  <system-out/>
</testsuite> <!-- Testcases.NewTest -->
